This file contains any messages produced by compilers while
running configure, to aid debugging if configure makes a mistake.

It was created by configure, which was
generated by GNU Autoconf 2.63.  Invocation command line was

  $ ./configure --target=arm-buildroot-linux-uclibcgnueabihf --host=arm-buildroot-linux-uclibcgnueabihf --build=x86_64-pc-linux-gnu --prefix=/usr --exec-prefix=/usr --sysconfdir=/etc --localstatedir=/var --program-prefix= --disable-gtk-doc --disable-gtk-doc-html --disable-doc --disable-docs --disable-documentation --with-xmlto=no --with-fop=no --disable-dependency-tracking --enable-ipv6 --disable-nls --disable-static --enable-shared

## --------- ##
## Platform. ##
## --------- ##

hostname = c37c58f94407
uname -m = x86_64
uname -r = 4.15.0-42-generic
uname -s = Linux
uname -v = #45~16.04.1-Ubuntu SMP Mon Nov 19 13:02:27 UTC 2018

/usr/bin/uname -p = unknown
/bin/uname -X     = unknown

/bin/arch              = unknown
/usr/bin/arch -k       = unknown
/usr/convex/getsysinfo = unknown
/usr/bin/hostinfo      = unknown
/bin/machine           = unknown
/usr/bin/oslevel       = unknown
/bin/universe          = unknown

PATH: /usr/src/output/host/bin
PATH: /usr/src/output/host/sbin
PATH: /usr/local/sbin
PATH: /usr/local/bin
PATH: /usr/sbin
PATH: /usr/bin
PATH: /sbin
PATH: /bin


## ----------- ##
## Core tests. ##
## ----------- ##

configure:1692: loading site script /dev/null
configure:1946: checking for arm-buildroot-linux-uclibcgnueabihf-gcc
configure:1973: result: /usr/src/output/host/bin/arm-buildroot-linux-uclibcgnueabihf-gcc
configure:2245: checking for C compiler version
configure:2253: /usr/src/output/host/bin/arm-buildroot-linux-uclibcgnueabihf-gcc --version >&5
arm-buildroot-linux-uclibcgnueabihf-gcc.br_real (Buildroot 2018.02.1-gba7f6ed-dirty) 6.4.0
Copyright (C) 2017 Free Software Foundation, Inc.
This is free software; see the source for copying conditions.  There is NO
warranty; not even for MERCHANTABILITY or FITNESS FOR A PARTICULAR PURPOSE.

configure:2257: $? = 0
configure:2264: /usr/src/output/host/bin/arm-buildroot-linux-uclibcgnueabihf-gcc -v >&5
Using built-in specs.
COLLECT_GCC=/usr/src/output/host/bin/arm-buildroot-linux-uclibcgnueabihf-gcc.br_real
COLLECT_LTO_WRAPPER=/usr/src/output/host/libexec/gcc/arm-buildroot-linux-uclibcgnueabihf/6.4.0/lto-wrapper
Target: arm-buildroot-linux-uclibcgnueabihf
Configured with: ./configure --prefix=/usr/src/output/host --sysconfdir=/usr/src/output/host/etc --enable-static --target=arm-buildroot-linux-uclibcgnueabihf --with-sysroot=/usr/src/output/host/arm-buildroot-linux-uclibcgnueabihf/sysroot --disable-__cxa_atexit --with-gnu-ld --disable-libssp --disable-multilib --with-gmp=/usr/src/output/host --with-mpc=/usr/src/output/host --with-mpfr=/usr/src/output/host --with-pkgversion='Buildroot 2018.02.1-gba7f6ed-dirty' --with-bugurl=http://bugs.buildroot.net/ --disable-libquadmath --disable-libsanitizer --enable-tls --disable-libmudflap --enable-threads --without-isl --without-cloog --disable-decimal-float --with-abi=aapcs-linux --with-cpu=cortex-a7 --with-fpu=neon-vfpv4 --with-float=hard --with-mode=arm --enable-languages=c,c++ --with-build-time-tools=/usr/src/output/host/arm-buildroot-linux-uclibcgnueabihf/bin --enable-shared --disable-libgomp
Thread model: posix
gcc version 6.4.0 (Buildroot 2018.02.1-gba7f6ed-dirty) 
configure:2268: $? = 0
configure:2275: /usr/src/output/host/bin/arm-buildroot-linux-uclibcgnueabihf-gcc -V >&5
arm-buildroot-linux-uclibcgnueabihf-gcc.br_real: error: unrecognized command line option '-V'
arm-buildroot-linux-uclibcgnueabihf-gcc.br_real: fatal error: no input files
compilation terminated.
configure:2279: $? = 1
configure:2302: checking for C compiler default output file name
configure:2324: /usr/src/output/host/bin/arm-buildroot-linux-uclibcgnueabihf-gcc -D_LARGEFILE_SOURCE -D_LARGEFILE64_SOURCE -D_FILE_OFFSET_BITS=64  -Os  -D_LARGEFILE_SOURCE -D_LARGEFILE64_SOURCE -D_FILE_OFFSET_BITS=64  conftest.c  >&5
configure:2328: $? = 0
configure:2366: result: a.out
configure:2385: checking whether the C compiler works
configure:2418: result: yes
configure:2425: checking whether we are cross compiling
configure:2427: result: yes
configure:2430: checking for suffix of executables
configure:2437: /usr/src/output/host/bin/arm-buildroot-linux-uclibcgnueabihf-gcc -o conftest -D_LARGEFILE_SOURCE -D_LARGEFILE64_SOURCE -D_FILE_OFFSET_BITS=64  -Os  -D_LARGEFILE_SOURCE -D_LARGEFILE64_SOURCE -D_FILE_OFFSET_BITS=64  conftest.c  >&5
configure:2441: $? = 0
configure:2467: result: 
configure:2473: checking for suffix of object files
configure:2499: /usr/src/output/host/bin/arm-buildroot-linux-uclibcgnueabihf-gcc -c -D_LARGEFILE_SOURCE -D_LARGEFILE64_SOURCE -D_FILE_OFFSET_BITS=64  -Os  -D_LARGEFILE_SOURCE -D_LARGEFILE64_SOURCE -D_FILE_OFFSET_BITS=64 conftest.c >&5
configure:2503: $? = 0
configure:2528: result: o
configure:2532: checking whether we are using the GNU C compiler
configure:2561: /usr/src/output/host/bin/arm-buildroot-linux-uclibcgnueabihf-gcc -c -D_LARGEFILE_SOURCE -D_LARGEFILE64_SOURCE -D_FILE_OFFSET_BITS=64  -Os  -D_LARGEFILE_SOURCE -D_LARGEFILE64_SOURCE -D_FILE_OFFSET_BITS=64 conftest.c >&5
configure:2568: $? = 0
configure:2585: result: yes
configure:2594: checking whether /usr/src/output/host/bin/arm-buildroot-linux-uclibcgnueabihf-gcc accepts -g
configure:2624: /usr/src/output/host/bin/arm-buildroot-linux-uclibcgnueabihf-gcc -c -g -D_LARGEFILE_SOURCE -D_LARGEFILE64_SOURCE -D_FILE_OFFSET_BITS=64 conftest.c >&5
configure:2631: $? = 0
configure:2732: result: yes
configure:2749: checking for /usr/src/output/host/bin/arm-buildroot-linux-uclibcgnueabihf-gcc option to accept ISO C89
configure:2823: /usr/src/output/host/bin/arm-buildroot-linux-uclibcgnueabihf-gcc  -c -D_LARGEFILE_SOURCE -D_LARGEFILE64_SOURCE -D_FILE_OFFSET_BITS=64  -Os  -D_LARGEFILE_SOURCE -D_LARGEFILE64_SOURCE -D_FILE_OFFSET_BITS=64 conftest.c >&5
configure:2830: $? = 0
configure:2853: result: none needed
configure:2885: checking for a BSD-compatible install
configure:2953: result: /usr/bin/install -c
configure:2964: checking whether make sets $(MAKE)
configure:2986: result: yes
configure:3002: checking how to run the C preprocessor
configure:3120: result: /usr/src/output/host/bin/arm-buildroot-linux-uclibcgnueabihf-cpp
configure:3149: /usr/src/output/host/bin/arm-buildroot-linux-uclibcgnueabihf-cpp -D_LARGEFILE_SOURCE -D_LARGEFILE64_SOURCE -D_FILE_OFFSET_BITS=64 conftest.c
configure:3156: $? = 0
configure:3187: /usr/src/output/host/bin/arm-buildroot-linux-uclibcgnueabihf-cpp -D_LARGEFILE_SOURCE -D_LARGEFILE64_SOURCE -D_FILE_OFFSET_BITS=64 conftest.c
conftest.c:11:28: fatal error: ac_nonexistent.h: No such file or directory
 #include <ac_nonexistent.h>
                            ^
compilation terminated.
configure:3194: $? = 1
configure: failed program was:
| /* confdefs.h.  */
| #define PACKAGE_NAME ""
| #define PACKAGE_TARNAME ""
| #define PACKAGE_VERSION ""
| #define PACKAGE_STRING ""
| #define PACKAGE_BUGREPORT ""
| #define PACKAGE "pv"
| #define PROGRAM_NAME "pv"
| #define VERSION "1.6.0"
| /* end confdefs.h.  */
| #include <ac_nonexistent.h>
configure:3234: checking for grep that handles long lines and -e
configure:3294: result: /bin/grep
configure:3299: checking for egrep
configure:3363: result: /bin/grep -E
configure:3772: checking for ANSI C header files
configure:3802: /usr/src/output/host/bin/arm-buildroot-linux-uclibcgnueabihf-gcc -c -D_LARGEFILE_SOURCE -D_LARGEFILE64_SOURCE -D_FILE_OFFSET_BITS=64  -Os  -D_LARGEFILE_SOURCE -D_LARGEFILE64_SOURCE -D_FILE_OFFSET_BITS=64 conftest.c >&5
configure:3809: $? = 0
configure:3940: result: yes
configure:3964: checking for sys/types.h
configure:3985: /usr/src/output/host/bin/arm-buildroot-linux-uclibcgnueabihf-gcc -c -D_LARGEFILE_SOURCE -D_LARGEFILE64_SOURCE -D_FILE_OFFSET_BITS=64  -Os  -D_LARGEFILE_SOURCE -D_LARGEFILE64_SOURCE -D_FILE_OFFSET_BITS=64 conftest.c >&5
configure:3992: $? = 0
configure:4009: result: yes
configure:3964: checking for sys/stat.h
configure:3985: /usr/src/output/host/bin/arm-buildroot-linux-uclibcgnueabihf-gcc -c -D_LARGEFILE_SOURCE -D_LARGEFILE64_SOURCE -D_FILE_OFFSET_BITS=64  -Os  -D_LARGEFILE_SOURCE -D_LARGEFILE64_SOURCE -D_FILE_OFFSET_BITS=64 conftest.c >&5
configure:3992: $? = 0
configure:4009: result: yes
configure:3964: checking for stdlib.h
configure:3985: /usr/src/output/host/bin/arm-buildroot-linux-uclibcgnueabihf-gcc -c -D_LARGEFILE_SOURCE -D_LARGEFILE64_SOURCE -D_FILE_OFFSET_BITS=64  -Os  -D_LARGEFILE_SOURCE -D_LARGEFILE64_SOURCE -D_FILE_OFFSET_BITS=64 conftest.c >&5
configure:3992: $? = 0
configure:4009: result: yes
configure:3964: checking for string.h
configure:3985: /usr/src/output/host/bin/arm-buildroot-linux-uclibcgnueabihf-gcc -c -D_LARGEFILE_SOURCE -D_LARGEFILE64_SOURCE -D_FILE_OFFSET_BITS=64  -Os  -D_LARGEFILE_SOURCE -D_LARGEFILE64_SOURCE -D_FILE_OFFSET_BITS=64 conftest.c >&5
configure:3992: $? = 0
configure:4009: result: yes
configure:3964: checking for memory.h
configure:3985: /usr/src/output/host/bin/arm-buildroot-linux-uclibcgnueabihf-gcc -c -D_LARGEFILE_SOURCE -D_LARGEFILE64_SOURCE -D_FILE_OFFSET_BITS=64  -Os  -D_LARGEFILE_SOURCE -D_LARGEFILE64_SOURCE -D_FILE_OFFSET_BITS=64 conftest.c >&5
configure:3992: $? = 0
configure:4009: result: yes
configure:3964: checking for strings.h
configure:3985: /usr/src/output/host/bin/arm-buildroot-linux-uclibcgnueabihf-gcc -c -D_LARGEFILE_SOURCE -D_LARGEFILE64_SOURCE -D_FILE_OFFSET_BITS=64  -Os  -D_LARGEFILE_SOURCE -D_LARGEFILE64_SOURCE -D_FILE_OFFSET_BITS=64 conftest.c >&5
configure:3992: $? = 0
configure:4009: result: yes
configure:3964: checking for inttypes.h
configure:3985: /usr/src/output/host/bin/arm-buildroot-linux-uclibcgnueabihf-gcc -c -D_LARGEFILE_SOURCE -D_LARGEFILE64_SOURCE -D_FILE_OFFSET_BITS=64  -Os  -D_LARGEFILE_SOURCE -D_LARGEFILE64_SOURCE -D_FILE_OFFSET_BITS=64 conftest.c >&5
configure:3992: $? = 0
configure:4009: result: yes
configure:3964: checking for stdint.h
configure:3985: /usr/src/output/host/bin/arm-buildroot-linux-uclibcgnueabihf-gcc -c -D_LARGEFILE_SOURCE -D_LARGEFILE64_SOURCE -D_FILE_OFFSET_BITS=64  -Os  -D_LARGEFILE_SOURCE -D_LARGEFILE64_SOURCE -D_FILE_OFFSET_BITS=64 conftest.c >&5
configure:3992: $? = 0
configure:4009: result: yes
configure:3964: checking for unistd.h
configure:3985: /usr/src/output/host/bin/arm-buildroot-linux-uclibcgnueabihf-gcc -c -D_LARGEFILE_SOURCE -D_LARGEFILE64_SOURCE -D_FILE_OFFSET_BITS=64  -Os  -D_LARGEFILE_SOURCE -D_LARGEFILE64_SOURCE -D_FILE_OFFSET_BITS=64 conftest.c >&5
configure:3992: $? = 0
configure:4009: result: yes
configure:4039: checking libintl.h usability
configure:4056: /usr/src/output/host/bin/arm-buildroot-linux-uclibcgnueabihf-gcc -c -D_LARGEFILE_SOURCE -D_LARGEFILE64_SOURCE -D_FILE_OFFSET_BITS=64  -Os  -D_LARGEFILE_SOURCE -D_LARGEFILE64_SOURCE -D_FILE_OFFSET_BITS=64 conftest.c >&5
configure:4063: $? = 0
configure:4077: result: yes
configure:4081: checking libintl.h presence
configure:4096: /usr/src/output/host/bin/arm-buildroot-linux-uclibcgnueabihf-cpp -D_LARGEFILE_SOURCE -D_LARGEFILE64_SOURCE -D_FILE_OFFSET_BITS=64 conftest.c
configure:4103: $? = 0
configure:4117: result: yes
configure:4145: checking for libintl.h
configure:4154: result: yes
configure:4185: checking locale.h usability
configure:4202: /usr/src/output/host/bin/arm-buildroot-linux-uclibcgnueabihf-gcc -c -D_LARGEFILE_SOURCE -D_LARGEFILE64_SOURCE -D_FILE_OFFSET_BITS=64  -Os  -D_LARGEFILE_SOURCE -D_LARGEFILE64_SOURCE -D_FILE_OFFSET_BITS=64 conftest.c >&5
configure:4209: $? = 0
configure:4223: result: yes
configure:4227: checking locale.h presence
configure:4242: /usr/src/output/host/bin/arm-buildroot-linux-uclibcgnueabihf-cpp -D_LARGEFILE_SOURCE -D_LARGEFILE64_SOURCE -D_FILE_OFFSET_BITS=64 conftest.c
configure:4249: $? = 0
configure:4263: result: yes
configure:4291: checking for locale.h
configure:4300: result: yes
configure:4330: checking for getopt_long
configure:4386: /usr/src/output/host/bin/arm-buildroot-linux-uclibcgnueabihf-gcc -o conftest -D_LARGEFILE_SOURCE -D_LARGEFILE64_SOURCE -D_FILE_OFFSET_BITS=64  -Os  -D_LARGEFILE_SOURCE -D_LARGEFILE64_SOURCE -D_FILE_OFFSET_BITS=64  conftest.c  >&5
configure:4393: $? = 0
configure:4415: result: yes
configure:4330: checking for getopt
configure:4386: /usr/src/output/host/bin/arm-buildroot-linux-uclibcgnueabihf-gcc -o conftest -D_LARGEFILE_SOURCE -D_LARGEFILE64_SOURCE -D_FILE_OFFSET_BITS=64  -Os  -D_LARGEFILE_SOURCE -D_LARGEFILE64_SOURCE -D_FILE_OFFSET_BITS=64  conftest.c  >&5
configure:4393: $? = 0
configure:4415: result: yes
configure:4443: checking getopt.h usability
configure:4460: /usr/src/output/host/bin/arm-buildroot-linux-uclibcgnueabihf-gcc -c -D_LARGEFILE_SOURCE -D_LARGEFILE64_SOURCE -D_FILE_OFFSET_BITS=64  -Os  -D_LARGEFILE_SOURCE -D_LARGEFILE64_SOURCE -D_FILE_OFFSET_BITS=64 conftest.c >&5
configure:4467: $? = 0
configure:4481: result: yes
configure:4485: checking getopt.h presence
configure:4500: /usr/src/output/host/bin/arm-buildroot-linux-uclibcgnueabihf-cpp -D_LARGEFILE_SOURCE -D_LARGEFILE64_SOURCE -D_FILE_OFFSET_BITS=64 conftest.c
configure:4507: $? = 0
configure:4521: result: yes
configure:4549: checking for getopt.h
configure:4558: result: yes
configure:4579: checking for open64
configure:4635: /usr/src/output/host/bin/arm-buildroot-linux-uclibcgnueabihf-gcc -o conftest -D_LARGEFILE_SOURCE -D_LARGEFILE64_SOURCE -D_FILE_OFFSET_BITS=64  -Os  -D_LARGEFILE_SOURCE -D_LARGEFILE64_SOURCE -D_FILE_OFFSET_BITS=64  conftest.c  >&5
configure:4642: $? = 0
configure:4664: result: yes
configure:4685: checking for ANSI C header files
configure:4853: result: yes
configure:4870: checking for memcpy
configure:4926: /usr/src/output/host/bin/arm-buildroot-linux-uclibcgnueabihf-gcc -o conftest -D_LARGEFILE_SOURCE -D_LARGEFILE64_SOURCE -D_FILE_OFFSET_BITS=64  -Os  -D_LARGEFILE_SOURCE -D_LARGEFILE64_SOURCE -D_FILE_OFFSET_BITS=64  conftest.c  >&5
conftest.c:53:6: warning: conflicting types for built-in function 'memcpy'
 char memcpy ();
      ^~~~~~
configure:4933: $? = 0
configure:4955: result: yes
configure:4870: checking for basename
configure:4926: /usr/src/output/host/bin/arm-buildroot-linux-uclibcgnueabihf-gcc -o conftest -D_LARGEFILE_SOURCE -D_LARGEFILE64_SOURCE -D_FILE_OFFSET_BITS=64  -Os  -D_LARGEFILE_SOURCE -D_LARGEFILE64_SOURCE -D_FILE_OFFSET_BITS=64  conftest.c  >&5
configure:4933: $? = 0
configure:4955: result: yes
configure:4870: checking for snprintf
configure:4926: /usr/src/output/host/bin/arm-buildroot-linux-uclibcgnueabihf-gcc -o conftest -D_LARGEFILE_SOURCE -D_LARGEFILE64_SOURCE -D_FILE_OFFSET_BITS=64  -Os  -D_LARGEFILE_SOURCE -D_LARGEFILE64_SOURCE -D_FILE_OFFSET_BITS=64  conftest.c  >&5
conftest.c:55:6: warning: conflicting types for built-in function 'snprintf'
 char snprintf ();
      ^~~~~~~~
configure:4933: $? = 0
configure:4955: result: yes
configure:4870: checking for stat64
configure:4926: /usr/src/output/host/bin/arm-buildroot-linux-uclibcgnueabihf-gcc -o conftest -D_LARGEFILE_SOURCE -D_LARGEFILE64_SOURCE -D_FILE_OFFSET_BITS=64  -Os  -D_LARGEFILE_SOURCE -D_LARGEFILE64_SOURCE -D_FILE_OFFSET_BITS=64  conftest.c  >&5
configure:4933: $? = 0
configure:4955: result: yes
configure:4983: checking limits.h usability
configure:5000: /usr/src/output/host/bin/arm-buildroot-linux-uclibcgnueabihf-gcc -c -D_LARGEFILE_SOURCE -D_LARGEFILE64_SOURCE -D_FILE_OFFSET_BITS=64  -Os  -D_LARGEFILE_SOURCE -D_LARGEFILE64_SOURCE -D_FILE_OFFSET_BITS=64 conftest.c >&5
configure:5007: $? = 0
configure:5021: result: yes
configure:5025: checking limits.h presence
configure:5040: /usr/src/output/host/bin/arm-buildroot-linux-uclibcgnueabihf-cpp -D_LARGEFILE_SOURCE -D_LARGEFILE64_SOURCE -D_FILE_OFFSET_BITS=64 conftest.c
configure:5047: $? = 0
configure:5061: result: yes
configure:5089: checking for limits.h
configure:5098: result: yes
configure:5133: checking sys/ipc.h usability
configure:5150: /usr/src/output/host/bin/arm-buildroot-linux-uclibcgnueabihf-gcc -c -D_LARGEFILE_SOURCE -D_LARGEFILE64_SOURCE -D_FILE_OFFSET_BITS=64  -Os  -D_LARGEFILE_SOURCE -D_LARGEFILE64_SOURCE -D_FILE_OFFSET_BITS=64 conftest.c >&5
configure:5157: $? = 0
configure:5171: result: yes
configure:5175: checking sys/ipc.h presence
configure:5190: /usr/src/output/host/bin/arm-buildroot-linux-uclibcgnueabihf-cpp -D_LARGEFILE_SOURCE -D_LARGEFILE64_SOURCE -D_FILE_OFFSET_BITS=64 conftest.c
configure:5197: $? = 0
configure:5211: result: yes
configure:5239: checking for sys/ipc.h
configure:5248: result: yes
configure:5133: checking sys/param.h usability
configure:5150: /usr/src/output/host/bin/arm-buildroot-linux-uclibcgnueabihf-gcc -c -D_LARGEFILE_SOURCE -D_LARGEFILE64_SOURCE -D_FILE_OFFSET_BITS=64  -Os  -D_LARGEFILE_SOURCE -D_LARGEFILE64_SOURCE -D_FILE_OFFSET_BITS=64 conftest.c >&5
configure:5157: $? = 0
configure:5171: result: yes
configure:5175: checking sys/param.h presence
configure:5190: /usr/src/output/host/bin/arm-buildroot-linux-uclibcgnueabihf-cpp -D_LARGEFILE_SOURCE -D_LARGEFILE64_SOURCE -D_FILE_OFFSET_BITS=64 conftest.c
configure:5197: $? = 0
configure:5211: result: yes
configure:5239: checking for sys/param.h
configure:5248: result: yes
configure:5133: checking libgen.h usability
configure:5150: /usr/src/output/host/bin/arm-buildroot-linux-uclibcgnueabihf-gcc -c -D_LARGEFILE_SOURCE -D_LARGEFILE64_SOURCE -D_FILE_OFFSET_BITS=64  -Os  -D_LARGEFILE_SOURCE -D_LARGEFILE64_SOURCE -D_FILE_OFFSET_BITS=64 conftest.c >&5
configure:5157: $? = 0
configure:5171: result: yes
configure:5175: checking libgen.h presence
configure:5190: /usr/src/output/host/bin/arm-buildroot-linux-uclibcgnueabihf-cpp -D_LARGEFILE_SOURCE -D_LARGEFILE64_SOURCE -D_FILE_OFFSET_BITS=64 conftest.c
configure:5197: $? = 0
configure:5211: result: yes
configure:5239: checking for libgen.h
configure:5248: result: yes
configure:5270: checking for splice
configure:5326: /usr/src/output/host/bin/arm-buildroot-linux-uclibcgnueabihf-gcc -o conftest -D_LARGEFILE_SOURCE -D_LARGEFILE64_SOURCE -D_FILE_OFFSET_BITS=64  -Os  -D_LARGEFILE_SOURCE -D_LARGEFILE64_SOURCE -D_FILE_OFFSET_BITS=64  conftest.c  >&5
configure:5333: $? = 0
configure:5355: result: yes
configure:5489: creating ./config.status

## ---------------------- ##
## Running config.status. ##
## ---------------------- ##

This file was extended by config.status, which was
generated by GNU Autoconf 2.63.  Invocation command line was

  CONFIG_FILES    = 
  CONFIG_HEADERS  = 
  CONFIG_LINKS    = 
  CONFIG_COMMANDS = 
  $ ./config.status 

on c37c58f94407

config.status:6364: creating Makefile
config.status:6514: WARNING:  'autoconf/Makefile.in' 'autoconf/make/vars.mk' 'autoconf/make/package.mk' 'autoconf/make/filelist.mk~' 'autoconf/make/unreal.mk' 'autoconf/make/modules.mk~' 'autoconf/make/rules.mk' 'autoconf/make/link.mk' 'autoconf/make/depend.mk~' seems to ignore the --datarootdir setting
config.status:6364: creating doc/lsm
config.status:6364: creating doc/quickref.1
config.status:6364: creating doc/pv.spec
config.status:6364: creating src/.dummy
config.status:6364: creating src/include/config.h
config.status:6604: executing default commands
configure:6653: WARNING: unrecognized options: --disable-gtk-doc, --disable-gtk-doc-html, --disable-doc, --disable-docs, --disable-documentation, --with-xmlto, --with-fop, --disable-dependency-tracking, --enable-ipv6, --disable-static, --enable-shared

## ---------------- ##
## Cache variables. ##
## ---------------- ##

ac_cv_c_bigendian='no'
ac_cv_c_compiler_gnu='yes'
ac_cv_env_CC_set='set'
ac_cv_env_CC_value='/usr/src/output/host/bin/arm-buildroot-linux-uclibcgnueabihf-gcc'
ac_cv_env_CFLAGS_set='set'
ac_cv_env_CFLAGS_value='-D_LARGEFILE_SOURCE -D_LARGEFILE64_SOURCE -D_FILE_OFFSET_BITS=64  -Os '
ac_cv_env_CPPFLAGS_set='set'
ac_cv_env_CPPFLAGS_value='-D_LARGEFILE_SOURCE -D_LARGEFILE64_SOURCE -D_FILE_OFFSET_BITS=64'
ac_cv_env_CPP_set='set'
ac_cv_env_CPP_value='/usr/src/output/host/bin/arm-buildroot-linux-uclibcgnueabihf-cpp'
ac_cv_env_LDFLAGS_set='set'
ac_cv_env_LDFLAGS_value=''
ac_cv_env_LIBS_set=''
ac_cv_env_LIBS_value=''
ac_cv_env_build_alias_set='set'
ac_cv_env_build_alias_value='x86_64-pc-linux-gnu'
ac_cv_env_host_alias_set='set'
ac_cv_env_host_alias_value='arm-buildroot-linux-uclibcgnueabihf'
ac_cv_env_target_alias_set='set'
ac_cv_env_target_alias_value='arm-buildroot-linux-uclibcgnueabihf'
ac_cv_func_basename='yes'
ac_cv_func_calloc_0_nonnull='yes'
ac_cv_func_getopt='yes'
ac_cv_func_getopt_long='yes'
ac_cv_func_malloc_0_nonnull='yes'
ac_cv_func_memcmp_working='yes'
ac_cv_func_memcpy='yes'
ac_cv_func_mmap_fixed_mapped='yes'
ac_cv_func_open64='yes'
ac_cv_func_realloc_0_nonnull='yes'
ac_cv_func_snprintf='yes'
ac_cv_func_splice='yes'
ac_cv_func_stat64='yes'
ac_cv_have_decl_malloc='yes'
ac_cv_header_getopt_h='yes'
ac_cv_header_inttypes_h='yes'
ac_cv_header_libgen_h='yes'
ac_cv_header_libintl_h='yes'
ac_cv_header_limits_h='yes'
ac_cv_header_locale_h='yes'
ac_cv_header_memory_h='yes'
ac_cv_header_stdc='yes'
ac_cv_header_stdint_h='yes'
ac_cv_header_stdlib_h='yes'
ac_cv_header_string_h='yes'
ac_cv_header_strings_h='yes'
ac_cv_header_sys_ipc_h='yes'
ac_cv_header_sys_param_h='yes'
ac_cv_header_sys_stat_h='yes'
ac_cv_header_sys_types_h='yes'
ac_cv_header_unistd_h='yes'
ac_cv_lbl_unaligned_fail='yes'
ac_cv_objext='o'
ac_cv_path_EGREP='/bin/grep -E'
ac_cv_path_GREP='/bin/grep'
ac_cv_path_install='/usr/bin/install -c'
ac_cv_prog_CC='/usr/src/output/host/bin/arm-buildroot-linux-uclibcgnueabihf-gcc'
ac_cv_prog_CPP='/usr/src/output/host/bin/arm-buildroot-linux-uclibcgnueabihf-cpp'
ac_cv_prog_cc_c89=''
ac_cv_prog_cc_g='yes'
ac_cv_prog_make_make_set='yes'
gl_cv_func_malloc_0_nonnull='yes'
lt_cv_sys_lib_search_path_spec=''

## ----------------- ##
## Output variables. ##
## ----------------- ##

CATALOGS=''
CATOBJEXT=''
CC='/usr/src/output/host/bin/arm-buildroot-linux-uclibcgnueabihf-gcc'
CFLAGS='-D_LARGEFILE_SOURCE -D_LARGEFILE64_SOURCE -D_FILE_OFFSET_BITS=64  -Os '
CPP='/usr/src/output/host/bin/arm-buildroot-linux-uclibcgnueabihf-cpp'
CPPFLAGS='-D_LARGEFILE_SOURCE -D_LARGEFILE64_SOURCE -D_FILE_OFFSET_BITS=64'
DEFS='-DHAVE_CONFIG_H'
ECHO_C=''
ECHO_N='-n'
ECHO_T=''
EGREP='/bin/grep -E'
EXEEXT=''
GMOFILES=''
GMSGFMT=''
GREP='/bin/grep'
INSTALL_DATA='${INSTALL} -m 644'
INSTALL_PROGRAM='${INSTALL}'
INSTALL_SCRIPT='${INSTALL}'
INSTOBJEXT=''
LDFLAGS=''
LIBOBJS=''
LIBS=''
LTLIBOBJS=''
MSGFMT=''
NLSOBJ=''
OBJEXT='o'
PACKAGE='pv'
PACKAGE_BUGREPORT=''
PACKAGE_NAME=''
PACKAGE_STRING=''
PACKAGE_TARNAME=''
PACKAGE_VERSION=''
PATH_SEPARATOR=':'
POFILES=''
SET_MAKE=''
SHELL='/bin/bash'
UCPACKAGE='PV'
VERSION='1.6.0'
XGETTEXT=''
ac_ct_CC=''
bindir='${exec_prefix}/bin'
build_alias='x86_64-pc-linux-gnu'
datadir='${datarootdir}'
datarootdir='${prefix}/share'
docdir='${datarootdir}/doc/${PACKAGE}'
dvidir='${docdir}'
exec_prefix='/usr'
host_alias='arm-buildroot-linux-uclibcgnueabihf'
htmldir='${docdir}'
includedir='${prefix}/include'
infodir='${datarootdir}/info'
libdir='${exec_prefix}/lib'
libexecdir='${exec_prefix}/libexec'
localedir='${datarootdir}/locale'
localstatedir='/var'
mandir='${datarootdir}/man'
oldincludedir='/usr/include'
pdfdir='${docdir}'
prefix='/usr'
program_transform_name='s,x,x,'
psdir='${docdir}'
sbindir='${exec_prefix}/sbin'
sharedstatedir='${prefix}/com'
sysconfdir='/etc'
target_alias='arm-buildroot-linux-uclibcgnueabihf'

## ----------- ##
## confdefs.h. ##
## ----------- ##

#define PACKAGE_NAME ""
#define PACKAGE_TARNAME ""
#define PACKAGE_VERSION ""
#define PACKAGE_STRING ""
#define PACKAGE_BUGREPORT ""
#define PACKAGE "pv"
#define PROGRAM_NAME "pv"
#define VERSION "1.6.0"
#define STDC_HEADERS 1
#define HAVE_SYS_TYPES_H 1
#define HAVE_SYS_STAT_H 1
#define HAVE_STDLIB_H 1
#define HAVE_STRING_H 1
#define HAVE_MEMORY_H 1
#define HAVE_STRINGS_H 1
#define HAVE_INTTYPES_H 1
#define HAVE_STDINT_H 1
#define HAVE_UNISTD_H 1
#define HAVE_LIBINTL_H 1
#define HAVE_LOCALE_H 1
#define HAVE_GETOPT_LONG 1
#define HAVE_GETOPT 1
#define HAVE_GETOPT_H 1
#define HAVE_OPEN64 1
#define ENABLE_LARGEFILE 1
#define HAVE_CONFIG_H 1
#define STDC_HEADERS 1
#define HAVE_MEMCPY 1
#define HAVE_BASENAME 1
#define HAVE_SNPRINTF 1
#define HAVE_STAT64 1
#define HAVE_LIMITS_H 1
#define HAVE_SYS_IPC_H 1
#define HAVE_SYS_PARAM_H 1
#define HAVE_LIBGEN_H 1
#define HAVE_SPLICE 1

configure: exit 0
