This file contains any messages produced by compilers while
running configure, to aid debugging if configure makes a mistake.

It was created by jq configure 1.5, which was
generated by GNU Autoconf 2.69.  Invocation command line was

  $ ./configure --target=arm-buildroot-linux-uclibcgnueabihf --host=arm-buildroot-linux-uclibcgnueabihf --build=x86_64-pc-linux-gnu --prefix=/usr --exec-prefix=/usr --sysconfdir=/etc --localstatedir=/var --program-prefix= --disable-gtk-doc --disable-gtk-doc-html --disable-doc --disable-docs --disable-documentation --with-xmlto=no --with-fop=no --disable-dependency-tracking --enable-ipv6 --disable-nls --disable-static --enable-shared --disable-maintainer-mode

## --------- ##
## Platform. ##
## --------- ##

hostname = c37c58f94407
uname -m = x86_64
uname -r = 4.15.0-42-generic
uname -s = Linux
uname -v = #45~16.04.1-Ubuntu SMP Mon Nov 19 13:02:27 UTC 2018

/usr/bin/uname -p = unknown
/bin/uname -X     = unknown

/bin/arch              = unknown
/usr/bin/arch -k       = unknown
/usr/convex/getsysinfo = unknown
/usr/bin/hostinfo      = unknown
/bin/machine           = unknown
/usr/bin/oslevel       = unknown
/bin/universe          = unknown

PATH: /usr/src/output/host/bin
PATH: /usr/src/output/host/sbin
PATH: /usr/local/sbin
PATH: /usr/local/bin
PATH: /usr/sbin
PATH: /usr/bin
PATH: /sbin
PATH: /bin


## ----------- ##
## Core tests. ##
## ----------- ##

configure:2581: checking for a BSD-compatible install
configure:2649: result: /usr/bin/install -c
configure:2660: checking whether build environment is sane
configure:2715: result: yes
configure:2774: checking for arm-buildroot-linux-uclibcgnueabihf-strip
configure:2801: result: /usr/src/output/host/bin/arm-buildroot-linux-uclibcgnueabihf-strip
configure:2866: checking for a thread-safe mkdir -p
configure:2905: result: /bin/mkdir -p
configure:2912: checking for gawk
configure:2942: result: no
configure:2912: checking for mawk
configure:2928: found /usr/bin/mawk
configure:2939: result: mawk
configure:2950: checking whether make sets $(MAKE)
configure:2972: result: yes
configure:3001: checking whether make supports nested variables
configure:3018: result: yes
configure:3154: checking whether make supports nested variables
configure:3171: result: yes
configure:3194: checking for style of include used by make
configure:3222: result: GNU
configure:3253: checking for arm-buildroot-linux-uclibcgnueabihf-gcc
configure:3280: result: /usr/src/output/host/bin/arm-buildroot-linux-uclibcgnueabihf-gcc
configure:3549: checking for C compiler version
configure:3558: /usr/src/output/host/bin/arm-buildroot-linux-uclibcgnueabihf-gcc --version >&5
arm-buildroot-linux-uclibcgnueabihf-gcc.br_real (Buildroot 2018.02.1-gba7f6ed-dirty) 6.4.0
Copyright (C) 2017 Free Software Foundation, Inc.
This is free software; see the source for copying conditions.  There is NO
warranty; not even for MERCHANTABILITY or FITNESS FOR A PARTICULAR PURPOSE.

configure:3569: $? = 0
configure:3558: /usr/src/output/host/bin/arm-buildroot-linux-uclibcgnueabihf-gcc -v >&5
Using built-in specs.
COLLECT_GCC=/usr/src/output/host/bin/arm-buildroot-linux-uclibcgnueabihf-gcc.br_real
COLLECT_LTO_WRAPPER=/usr/src/output/host/libexec/gcc/arm-buildroot-linux-uclibcgnueabihf/6.4.0/lto-wrapper
Target: arm-buildroot-linux-uclibcgnueabihf
Configured with: ./configure --prefix=/usr/src/output/host --sysconfdir=/usr/src/output/host/etc --enable-static --target=arm-buildroot-linux-uclibcgnueabihf --with-sysroot=/usr/src/output/host/arm-buildroot-linux-uclibcgnueabihf/sysroot --disable-__cxa_atexit --with-gnu-ld --disable-libssp --disable-multilib --with-gmp=/usr/src/output/host --with-mpc=/usr/src/output/host --with-mpfr=/usr/src/output/host --with-pkgversion='Buildroot 2018.02.1-gba7f6ed-dirty' --with-bugurl=http://bugs.buildroot.net/ --disable-libquadmath --disable-libsanitizer --enable-tls --disable-libmudflap --enable-threads --without-isl --without-cloog --disable-decimal-float --with-abi=aapcs-linux --with-cpu=cortex-a7 --with-fpu=neon-vfpv4 --with-float=hard --with-mode=arm --enable-languages=c,c++ --with-build-time-tools=/usr/src/output/host/arm-buildroot-linux-uclibcgnueabihf/bin --enable-shared --disable-libgomp
Thread model: posix
gcc version 6.4.0 (Buildroot 2018.02.1-gba7f6ed-dirty) 
configure:3569: $? = 0
configure:3558: /usr/src/output/host/bin/arm-buildroot-linux-uclibcgnueabihf-gcc -V >&5
arm-buildroot-linux-uclibcgnueabihf-gcc.br_real: error: unrecognized command line option '-V'
arm-buildroot-linux-uclibcgnueabihf-gcc.br_real: fatal error: no input files
compilation terminated.
configure:3569: $? = 1
configure:3558: /usr/src/output/host/bin/arm-buildroot-linux-uclibcgnueabihf-gcc -qversion >&5
arm-buildroot-linux-uclibcgnueabihf-gcc.br_real: error: unrecognized command line option '-qversion'; did you mean '--version'?
arm-buildroot-linux-uclibcgnueabihf-gcc.br_real: fatal error: no input files
compilation terminated.
configure:3569: $? = 1
configure:3589: checking whether the C compiler works
configure:3611: /usr/src/output/host/bin/arm-buildroot-linux-uclibcgnueabihf-gcc -D_LARGEFILE_SOURCE -D_LARGEFILE64_SOURCE -D_FILE_OFFSET_BITS=64  -Os  -std=c99 -D_GNU_SOURCE -D_LARGEFILE_SOURCE -D_LARGEFILE64_SOURCE -D_FILE_OFFSET_BITS=64  conftest.c  >&5
configure:3615: $? = 0
configure:3663: result: yes
configure:3666: checking for C compiler default output file name
configure:3668: result: a.out
configure:3674: checking for suffix of executables
configure:3681: /usr/src/output/host/bin/arm-buildroot-linux-uclibcgnueabihf-gcc -o conftest -D_LARGEFILE_SOURCE -D_LARGEFILE64_SOURCE -D_FILE_OFFSET_BITS=64  -Os  -std=c99 -D_GNU_SOURCE -D_LARGEFILE_SOURCE -D_LARGEFILE64_SOURCE -D_FILE_OFFSET_BITS=64  conftest.c  >&5
configure:3685: $? = 0
configure:3707: result: 
configure:3729: checking whether we are cross compiling
configure:3767: result: yes
configure:3772: checking for suffix of object files
configure:3794: /usr/src/output/host/bin/arm-buildroot-linux-uclibcgnueabihf-gcc -c -D_LARGEFILE_SOURCE -D_LARGEFILE64_SOURCE -D_FILE_OFFSET_BITS=64  -Os  -std=c99 -D_GNU_SOURCE -D_LARGEFILE_SOURCE -D_LARGEFILE64_SOURCE -D_FILE_OFFSET_BITS=64 conftest.c >&5
configure:3798: $? = 0
configure:3819: result: o
configure:3823: checking whether we are using the GNU C compiler
configure:3842: /usr/src/output/host/bin/arm-buildroot-linux-uclibcgnueabihf-gcc -c -D_LARGEFILE_SOURCE -D_LARGEFILE64_SOURCE -D_FILE_OFFSET_BITS=64  -Os  -std=c99 -D_GNU_SOURCE -D_LARGEFILE_SOURCE -D_LARGEFILE64_SOURCE -D_FILE_OFFSET_BITS=64 conftest.c >&5
configure:3842: $? = 0
configure:3851: result: yes
configure:3860: checking whether /usr/src/output/host/bin/arm-buildroot-linux-uclibcgnueabihf-gcc accepts -g
configure:3880: /usr/src/output/host/bin/arm-buildroot-linux-uclibcgnueabihf-gcc -c -g -D_LARGEFILE_SOURCE -D_LARGEFILE64_SOURCE -D_FILE_OFFSET_BITS=64 conftest.c >&5
configure:3880: $? = 0
configure:3921: result: yes
configure:3938: checking for /usr/src/output/host/bin/arm-buildroot-linux-uclibcgnueabihf-gcc option to accept ISO C89
configure:4001: /usr/src/output/host/bin/arm-buildroot-linux-uclibcgnueabihf-gcc  -c -D_LARGEFILE_SOURCE -D_LARGEFILE64_SOURCE -D_FILE_OFFSET_BITS=64  -Os  -std=c99 -D_GNU_SOURCE -D_LARGEFILE_SOURCE -D_LARGEFILE64_SOURCE -D_FILE_OFFSET_BITS=64 conftest.c >&5
configure:4001: $? = 0
configure:4014: result: none needed
configure:4039: checking whether /usr/src/output/host/bin/arm-buildroot-linux-uclibcgnueabihf-gcc understands -c and -o together
configure:4061: /usr/src/output/host/bin/arm-buildroot-linux-uclibcgnueabihf-gcc -c conftest.c -o conftest2.o
configure:4064: $? = 0
configure:4061: /usr/src/output/host/bin/arm-buildroot-linux-uclibcgnueabihf-gcc -c conftest.c -o conftest2.o
configure:4064: $? = 0
configure:4076: result: yes
configure:4095: checking dependency style of /usr/src/output/host/bin/arm-buildroot-linux-uclibcgnueabihf-gcc
configure:4206: result: none
configure:4227: checking for arm-buildroot-linux-uclibcgnueabihf-ar
configure:4254: result: /usr/src/output/host/bin/arm-buildroot-linux-uclibcgnueabihf-ar
configure:4324: checking the archiver (/usr/src/output/host/bin/arm-buildroot-linux-uclibcgnueabihf-ar) interface
configure:4340: /usr/src/output/host/bin/arm-buildroot-linux-uclibcgnueabihf-gcc -c -D_LARGEFILE_SOURCE -D_LARGEFILE64_SOURCE -D_FILE_OFFSET_BITS=64  -Os  -std=c99 -D_GNU_SOURCE -D_LARGEFILE_SOURCE -D_LARGEFILE64_SOURCE -D_FILE_OFFSET_BITS=64 conftest.c >&5
configure:4340: $? = 0
configure:4342: /usr/src/output/host/bin/arm-buildroot-linux-uclibcgnueabihf-ar cru libconftest.a conftest.o >&5
configure:4345: $? = 0
configure:4373: result: ar
configure:4394: checking whether to enable maintainer-specific portions of Makefiles
configure:4403: result: no
configure:4424: checking for arm-buildroot-linux-uclibcgnueabihf-gcc
configure:4451: result: /usr/src/output/host/bin/arm-buildroot-linux-uclibcgnueabihf-gcc
configure:4720: checking for C compiler version
configure:4729: /usr/src/output/host/bin/arm-buildroot-linux-uclibcgnueabihf-gcc --version >&5
arm-buildroot-linux-uclibcgnueabihf-gcc.br_real (Buildroot 2018.02.1-gba7f6ed-dirty) 6.4.0
Copyright (C) 2017 Free Software Foundation, Inc.
This is free software; see the source for copying conditions.  There is NO
warranty; not even for MERCHANTABILITY or FITNESS FOR A PARTICULAR PURPOSE.

configure:4740: $? = 0
configure:4729: /usr/src/output/host/bin/arm-buildroot-linux-uclibcgnueabihf-gcc -v >&5
Using built-in specs.
COLLECT_GCC=/usr/src/output/host/bin/arm-buildroot-linux-uclibcgnueabihf-gcc.br_real
COLLECT_LTO_WRAPPER=/usr/src/output/host/libexec/gcc/arm-buildroot-linux-uclibcgnueabihf/6.4.0/lto-wrapper
Target: arm-buildroot-linux-uclibcgnueabihf
Configured with: ./configure --prefix=/usr/src/output/host --sysconfdir=/usr/src/output/host/etc --enable-static --target=arm-buildroot-linux-uclibcgnueabihf --with-sysroot=/usr/src/output/host/arm-buildroot-linux-uclibcgnueabihf/sysroot --disable-__cxa_atexit --with-gnu-ld --disable-libssp --disable-multilib --with-gmp=/usr/src/output/host --with-mpc=/usr/src/output/host --with-mpfr=/usr/src/output/host --with-pkgversion='Buildroot 2018.02.1-gba7f6ed-dirty' --with-bugurl=http://bugs.buildroot.net/ --disable-libquadmath --disable-libsanitizer --enable-tls --disable-libmudflap --enable-threads --without-isl --without-cloog --disable-decimal-float --with-abi=aapcs-linux --with-cpu=cortex-a7 --with-fpu=neon-vfpv4 --with-float=hard --with-mode=arm --enable-languages=c,c++ --with-build-time-tools=/usr/src/output/host/arm-buildroot-linux-uclibcgnueabihf/bin --enable-shared --disable-libgomp
Thread model: posix
gcc version 6.4.0 (Buildroot 2018.02.1-gba7f6ed-dirty) 
configure:4740: $? = 0
configure:4729: /usr/src/output/host/bin/arm-buildroot-linux-uclibcgnueabihf-gcc -V >&5
arm-buildroot-linux-uclibcgnueabihf-gcc.br_real: error: unrecognized command line option '-V'
arm-buildroot-linux-uclibcgnueabihf-gcc.br_real: fatal error: no input files
compilation terminated.
configure:4740: $? = 1
configure:4729: /usr/src/output/host/bin/arm-buildroot-linux-uclibcgnueabihf-gcc -qversion >&5
arm-buildroot-linux-uclibcgnueabihf-gcc.br_real: error: unrecognized command line option '-qversion'; did you mean '--version'?
arm-buildroot-linux-uclibcgnueabihf-gcc.br_real: fatal error: no input files
compilation terminated.
configure:4740: $? = 1
configure:4744: checking whether we are using the GNU C compiler
configure:4772: result: yes
configure:4781: checking whether /usr/src/output/host/bin/arm-buildroot-linux-uclibcgnueabihf-gcc accepts -g
configure:4842: result: yes
configure:4859: checking for /usr/src/output/host/bin/arm-buildroot-linux-uclibcgnueabihf-gcc option to accept ISO C89
configure:4935: result: none needed
configure:4960: checking whether /usr/src/output/host/bin/arm-buildroot-linux-uclibcgnueabihf-gcc understands -c and -o together
configure:4997: result: yes
configure:5016: checking dependency style of /usr/src/output/host/bin/arm-buildroot-linux-uclibcgnueabihf-gcc
configure:5127: result: none
configure:5146: checking for /usr/src/output/host/bin/arm-buildroot-linux-uclibcgnueabihf-gcc option to accept ISO C99
configure:5295: /usr/src/output/host/bin/arm-buildroot-linux-uclibcgnueabihf-gcc  -c -D_LARGEFILE_SOURCE -D_LARGEFILE64_SOURCE -D_FILE_OFFSET_BITS=64  -Os  -std=c99 -D_GNU_SOURCE -D_LARGEFILE_SOURCE -D_LARGEFILE64_SOURCE -D_FILE_OFFSET_BITS=64 conftest.c >&5
conftest.c:54:9: error: unknown type name 'wchar_t'
   const wchar_t *name;
         ^~~~~~~
configure:5295: $? = 1
configure: failed program was:
| /* confdefs.h */
| #define PACKAGE_NAME "jq"
| #define PACKAGE_TARNAME "jq"
| #define PACKAGE_VERSION "1.5"
| #define PACKAGE_STRING "jq 1.5"
| #define PACKAGE_BUGREPORT "https://github.com/stedolan/jq/issues"
| #define PACKAGE_URL "https://stedolan.github.io/jq"
| #define PACKAGE "jq"
| #define VERSION "1.5"
| /* end confdefs.h.  */
| #include <stdarg.h>
| #include <stdbool.h>
| #include <stdlib.h>
| #include <wchar.h>
| #include <stdio.h>
| 
| // Check varargs macros.  These examples are taken from C99 6.10.3.5.
| #define debug(...) fprintf (stderr, __VA_ARGS__)
| #define showlist(...) puts (#__VA_ARGS__)
| #define report(test,...) ((test) ? puts (#test) : printf (__VA_ARGS__))
| static void
| test_varargs_macros (void)
| {
|   int x = 1234;
|   int y = 5678;
|   debug ("Flag");
|   debug ("X = %d\n", x);
|   showlist (The first, second, and third items.);
|   report (x>y, "x is %d but y is %d", x, y);
| }
| 
| // Check long long types.
| #define BIG64 18446744073709551615ull
| #define BIG32 4294967295ul
| #define BIG_OK (BIG64 / BIG32 == 4294967297ull && BIG64 % BIG32 == 0)
| #if !BIG_OK
|   your preprocessor is broken;
| #endif
| #if BIG_OK
| #else
|   your preprocessor is broken;
| #endif
| static long long int bignum = -9223372036854775807LL;
| static unsigned long long int ubignum = BIG64;
| 
| struct incomplete_array
| {
|   int datasize;
|   double data[];
| };
| 
| struct named_init {
|   int number;
|   const wchar_t *name;
|   double average;
| };
| 
| typedef const char *ccp;
| 
| static inline int
| test_restrict (ccp restrict text)
| {
|   // See if C++-style comments work.
|   // Iterate through items via the restricted pointer.
|   // Also check for declarations in for loops.
|   for (unsigned int i = 0; *(text+i) != '\0'; ++i)
|     continue;
|   return 0;
| }
| 
| // Check varargs and va_copy.
| static void
| test_varargs (const char *format, ...)
| {
|   va_list args;
|   va_start (args, format);
|   va_list args_copy;
|   va_copy (args_copy, args);
| 
|   const char *str;
|   int number;
|   float fnumber;
| 
|   while (*format)
|     {
|       switch (*format++)
| 	{
| 	case 's': // string
| 	  str = va_arg (args_copy, const char *);
| 	  break;
| 	case 'd': // int
| 	  number = va_arg (args_copy, int);
| 	  break;
| 	case 'f': // float
| 	  fnumber = va_arg (args_copy, double);
| 	  break;
| 	default:
| 	  break;
| 	}
|     }
|   va_end (args_copy);
|   va_end (args);
| }
| 
| int
| main ()
| {
| 
|   // Check bool.
|   _Bool success = false;
| 
|   // Check restrict.
|   if (test_restrict ("String literal") == 0)
|     success = true;
|   char *restrict newvar = "Another string";
| 
|   // Check varargs.
|   test_varargs ("s, d' f .", "string", 65, 34.234);
|   test_varargs_macros ();
| 
|   // Check flexible array members.
|   struct incomplete_array *ia =
|     malloc (sizeof (struct incomplete_array) + (sizeof (double) * 10));
|   ia->datasize = 10;
|   for (int i = 0; i < ia->datasize; ++i)
|     ia->data[i] = i * 1.234;
| 
|   // Check named initializers.
|   struct named_init ni = {
|     .number = 34,
|     .name = L"Test wide string",
|     .average = 543.34343,
|   };
| 
|   ni.number = 58;
| 
|   int dynamic_array[ni.number];
|   dynamic_array[ni.number - 1] = 543;
| 
|   // work around unused variable warnings
|   return (!success || bignum == 0LL || ubignum == 0uLL || newvar[0] == 'x'
| 	  || dynamic_array[ni.number - 1] != 543);
| 
|   ;
|   return 0;
| }
configure:5295: /usr/src/output/host/bin/arm-buildroot-linux-uclibcgnueabihf-gcc -std=gnu99 -c -D_LARGEFILE_SOURCE -D_LARGEFILE64_SOURCE -D_FILE_OFFSET_BITS=64  -Os  -std=c99 -D_GNU_SOURCE -D_LARGEFILE_SOURCE -D_LARGEFILE64_SOURCE -D_FILE_OFFSET_BITS=64 conftest.c >&5
conftest.c:54:9: error: unknown type name 'wchar_t'
   const wchar_t *name;
         ^~~~~~~
configure:5295: $? = 1
configure: failed program was:
| /* confdefs.h */
| #define PACKAGE_NAME "jq"
| #define PACKAGE_TARNAME "jq"
| #define PACKAGE_VERSION "1.5"
| #define PACKAGE_STRING "jq 1.5"
| #define PACKAGE_BUGREPORT "https://github.com/stedolan/jq/issues"
| #define PACKAGE_URL "https://stedolan.github.io/jq"
| #define PACKAGE "jq"
| #define VERSION "1.5"
| /* end confdefs.h.  */
| #include <stdarg.h>
| #include <stdbool.h>
| #include <stdlib.h>
| #include <wchar.h>
| #include <stdio.h>
| 
| // Check varargs macros.  These examples are taken from C99 6.10.3.5.
| #define debug(...) fprintf (stderr, __VA_ARGS__)
| #define showlist(...) puts (#__VA_ARGS__)
| #define report(test,...) ((test) ? puts (#test) : printf (__VA_ARGS__))
| static void
| test_varargs_macros (void)
| {
|   int x = 1234;
|   int y = 5678;
|   debug ("Flag");
|   debug ("X = %d\n", x);
|   showlist (The first, second, and third items.);
|   report (x>y, "x is %d but y is %d", x, y);
| }
| 
| // Check long long types.
| #define BIG64 18446744073709551615ull
| #define BIG32 4294967295ul
| #define BIG_OK (BIG64 / BIG32 == 4294967297ull && BIG64 % BIG32 == 0)
| #if !BIG_OK
|   your preprocessor is broken;
| #endif
| #if BIG_OK
| #else
|   your preprocessor is broken;
| #endif
| static long long int bignum = -9223372036854775807LL;
| static unsigned long long int ubignum = BIG64;
| 
| struct incomplete_array
| {
|   int datasize;
|   double data[];
| };
| 
| struct named_init {
|   int number;
|   const wchar_t *name;
|   double average;
| };
| 
| typedef const char *ccp;
| 
| static inline int
| test_restrict (ccp restrict text)
| {
|   // See if C++-style comments work.
|   // Iterate through items via the restricted pointer.
|   // Also check for declarations in for loops.
|   for (unsigned int i = 0; *(text+i) != '\0'; ++i)
|     continue;
|   return 0;
| }
| 
| // Check varargs and va_copy.
| static void
| test_varargs (const char *format, ...)
| {
|   va_list args;
|   va_start (args, format);
|   va_list args_copy;
|   va_copy (args_copy, args);
| 
|   const char *str;
|   int number;
|   float fnumber;
| 
|   while (*format)
|     {
|       switch (*format++)
| 	{
| 	case 's': // string
| 	  str = va_arg (args_copy, const char *);
| 	  break;
| 	case 'd': // int
| 	  number = va_arg (args_copy, int);
| 	  break;
| 	case 'f': // float
| 	  fnumber = va_arg (args_copy, double);
| 	  break;
| 	default:
| 	  break;
| 	}
|     }
|   va_end (args_copy);
|   va_end (args);
| }
| 
| int
| main ()
| {
| 
|   // Check bool.
|   _Bool success = false;
| 
|   // Check restrict.
|   if (test_restrict ("String literal") == 0)
|     success = true;
|   char *restrict newvar = "Another string";
| 
|   // Check varargs.
|   test_varargs ("s, d' f .", "string", 65, 34.234);
|   test_varargs_macros ();
| 
|   // Check flexible array members.
|   struct incomplete_array *ia =
|     malloc (sizeof (struct incomplete_array) + (sizeof (double) * 10));
|   ia->datasize = 10;
|   for (int i = 0; i < ia->datasize; ++i)
|     ia->data[i] = i * 1.234;
| 
|   // Check named initializers.
|   struct named_init ni = {
|     .number = 34,
|     .name = L"Test wide string",
|     .average = 543.34343,
|   };
| 
|   ni.number = 58;
| 
|   int dynamic_array[ni.number];
|   dynamic_array[ni.number - 1] = 543;
| 
|   // work around unused variable warnings
|   return (!success || bignum == 0LL || ubignum == 0uLL || newvar[0] == 'x'
| 	  || dynamic_array[ni.number - 1] != 543);
| 
|   ;
|   return 0;
| }
configure:5295: /usr/src/output/host/bin/arm-buildroot-linux-uclibcgnueabihf-gcc -std=c99 -c -D_LARGEFILE_SOURCE -D_LARGEFILE64_SOURCE -D_FILE_OFFSET_BITS=64  -Os  -std=c99 -D_GNU_SOURCE -D_LARGEFILE_SOURCE -D_LARGEFILE64_SOURCE -D_FILE_OFFSET_BITS=64 conftest.c >&5
conftest.c:54:9: error: unknown type name 'wchar_t'
   const wchar_t *name;
         ^~~~~~~
configure:5295: $? = 1
configure: failed program was:
| /* confdefs.h */
| #define PACKAGE_NAME "jq"
| #define PACKAGE_TARNAME "jq"
| #define PACKAGE_VERSION "1.5"
| #define PACKAGE_STRING "jq 1.5"
| #define PACKAGE_BUGREPORT "https://github.com/stedolan/jq/issues"
| #define PACKAGE_URL "https://stedolan.github.io/jq"
| #define PACKAGE "jq"
| #define VERSION "1.5"
| /* end confdefs.h.  */
| #include <stdarg.h>
| #include <stdbool.h>
| #include <stdlib.h>
| #include <wchar.h>
| #include <stdio.h>
| 
| // Check varargs macros.  These examples are taken from C99 6.10.3.5.
| #define debug(...) fprintf (stderr, __VA_ARGS__)
| #define showlist(...) puts (#__VA_ARGS__)
| #define report(test,...) ((test) ? puts (#test) : printf (__VA_ARGS__))
| static void
| test_varargs_macros (void)
| {
|   int x = 1234;
|   int y = 5678;
|   debug ("Flag");
|   debug ("X = %d\n", x);
|   showlist (The first, second, and third items.);
|   report (x>y, "x is %d but y is %d", x, y);
| }
| 
| // Check long long types.
| #define BIG64 18446744073709551615ull
| #define BIG32 4294967295ul
| #define BIG_OK (BIG64 / BIG32 == 4294967297ull && BIG64 % BIG32 == 0)
| #if !BIG_OK
|   your preprocessor is broken;
| #endif
| #if BIG_OK
| #else
|   your preprocessor is broken;
| #endif
| static long long int bignum = -9223372036854775807LL;
| static unsigned long long int ubignum = BIG64;
| 
| struct incomplete_array
| {
|   int datasize;
|   double data[];
| };
| 
| struct named_init {
|   int number;
|   const wchar_t *name;
|   double average;
| };
| 
| typedef const char *ccp;
| 
| static inline int
| test_restrict (ccp restrict text)
| {
|   // See if C++-style comments work.
|   // Iterate through items via the restricted pointer.
|   // Also check for declarations in for loops.
|   for (unsigned int i = 0; *(text+i) != '\0'; ++i)
|     continue;
|   return 0;
| }
| 
| // Check varargs and va_copy.
| static void
| test_varargs (const char *format, ...)
| {
|   va_list args;
|   va_start (args, format);
|   va_list args_copy;
|   va_copy (args_copy, args);
| 
|   const char *str;
|   int number;
|   float fnumber;
| 
|   while (*format)
|     {
|       switch (*format++)
| 	{
| 	case 's': // string
| 	  str = va_arg (args_copy, const char *);
| 	  break;
| 	case 'd': // int
| 	  number = va_arg (args_copy, int);
| 	  break;
| 	case 'f': // float
| 	  fnumber = va_arg (args_copy, double);
| 	  break;
| 	default:
| 	  break;
| 	}
|     }
|   va_end (args_copy);
|   va_end (args);
| }
| 
| int
| main ()
| {
| 
|   // Check bool.
|   _Bool success = false;
| 
|   // Check restrict.
|   if (test_restrict ("String literal") == 0)
|     success = true;
|   char *restrict newvar = "Another string";
| 
|   // Check varargs.
|   test_varargs ("s, d' f .", "string", 65, 34.234);
|   test_varargs_macros ();
| 
|   // Check flexible array members.
|   struct incomplete_array *ia =
|     malloc (sizeof (struct incomplete_array) + (sizeof (double) * 10));
|   ia->datasize = 10;
|   for (int i = 0; i < ia->datasize; ++i)
|     ia->data[i] = i * 1.234;
| 
|   // Check named initializers.
|   struct named_init ni = {
|     .number = 34,
|     .name = L"Test wide string",
|     .average = 543.34343,
|   };
| 
|   ni.number = 58;
| 
|   int dynamic_array[ni.number];
|   dynamic_array[ni.number - 1] = 543;
| 
|   // work around unused variable warnings
|   return (!success || bignum == 0LL || ubignum == 0uLL || newvar[0] == 'x'
| 	  || dynamic_array[ni.number - 1] != 543);
| 
|   ;
|   return 0;
| }
configure:5295: /usr/src/output/host/bin/arm-buildroot-linux-uclibcgnueabihf-gcc -c99 -c -D_LARGEFILE_SOURCE -D_LARGEFILE64_SOURCE -D_FILE_OFFSET_BITS=64  -Os  -std=c99 -D_GNU_SOURCE -D_LARGEFILE_SOURCE -D_LARGEFILE64_SOURCE -D_FILE_OFFSET_BITS=64 conftest.c >&5
arm-buildroot-linux-uclibcgnueabihf-gcc.br_real: error: unrecognized command line option '-c99'
configure:5295: $? = 1
configure: failed program was:
| /* confdefs.h */
| #define PACKAGE_NAME "jq"
| #define PACKAGE_TARNAME "jq"
| #define PACKAGE_VERSION "1.5"
| #define PACKAGE_STRING "jq 1.5"
| #define PACKAGE_BUGREPORT "https://github.com/stedolan/jq/issues"
| #define PACKAGE_URL "https://stedolan.github.io/jq"
| #define PACKAGE "jq"
| #define VERSION "1.5"
| /* end confdefs.h.  */
| #include <stdarg.h>
| #include <stdbool.h>
| #include <stdlib.h>
| #include <wchar.h>
| #include <stdio.h>
| 
| // Check varargs macros.  These examples are taken from C99 6.10.3.5.
| #define debug(...) fprintf (stderr, __VA_ARGS__)
| #define showlist(...) puts (#__VA_ARGS__)
| #define report(test,...) ((test) ? puts (#test) : printf (__VA_ARGS__))
| static void
| test_varargs_macros (void)
| {
|   int x = 1234;
|   int y = 5678;
|   debug ("Flag");
|   debug ("X = %d\n", x);
|   showlist (The first, second, and third items.);
|   report (x>y, "x is %d but y is %d", x, y);
| }
| 
| // Check long long types.
| #define BIG64 18446744073709551615ull
| #define BIG32 4294967295ul
| #define BIG_OK (BIG64 / BIG32 == 4294967297ull && BIG64 % BIG32 == 0)
| #if !BIG_OK
|   your preprocessor is broken;
| #endif
| #if BIG_OK
| #else
|   your preprocessor is broken;
| #endif
| static long long int bignum = -9223372036854775807LL;
| static unsigned long long int ubignum = BIG64;
| 
| struct incomplete_array
| {
|   int datasize;
|   double data[];
| };
| 
| struct named_init {
|   int number;
|   const wchar_t *name;
|   double average;
| };
| 
| typedef const char *ccp;
| 
| static inline int
| test_restrict (ccp restrict text)
| {
|   // See if C++-style comments work.
|   // Iterate through items via the restricted pointer.
|   // Also check for declarations in for loops.
|   for (unsigned int i = 0; *(text+i) != '\0'; ++i)
|     continue;
|   return 0;
| }
| 
| // Check varargs and va_copy.
| static void
| test_varargs (const char *format, ...)
| {
|   va_list args;
|   va_start (args, format);
|   va_list args_copy;
|   va_copy (args_copy, args);
| 
|   const char *str;
|   int number;
|   float fnumber;
| 
|   while (*format)
|     {
|       switch (*format++)
| 	{
| 	case 's': // string
| 	  str = va_arg (args_copy, const char *);
| 	  break;
| 	case 'd': // int
| 	  number = va_arg (args_copy, int);
| 	  break;
| 	case 'f': // float
| 	  fnumber = va_arg (args_copy, double);
| 	  break;
| 	default:
| 	  break;
| 	}
|     }
|   va_end (args_copy);
|   va_end (args);
| }
| 
| int
| main ()
| {
| 
|   // Check bool.
|   _Bool success = false;
| 
|   // Check restrict.
|   if (test_restrict ("String literal") == 0)
|     success = true;
|   char *restrict newvar = "Another string";
| 
|   // Check varargs.
|   test_varargs ("s, d' f .", "string", 65, 34.234);
|   test_varargs_macros ();
| 
|   // Check flexible array members.
|   struct incomplete_array *ia =
|     malloc (sizeof (struct incomplete_array) + (sizeof (double) * 10));
|   ia->datasize = 10;
|   for (int i = 0; i < ia->datasize; ++i)
|     ia->data[i] = i * 1.234;
| 
|   // Check named initializers.
|   struct named_init ni = {
|     .number = 34,
|     .name = L"Test wide string",
|     .average = 543.34343,
|   };
| 
|   ni.number = 58;
| 
|   int dynamic_array[ni.number];
|   dynamic_array[ni.number - 1] = 543;
| 
|   // work around unused variable warnings
|   return (!success || bignum == 0LL || ubignum == 0uLL || newvar[0] == 'x'
| 	  || dynamic_array[ni.number - 1] != 543);
| 
|   ;
|   return 0;
| }
configure:5295: /usr/src/output/host/bin/arm-buildroot-linux-uclibcgnueabihf-gcc -AC99 -c -D_LARGEFILE_SOURCE -D_LARGEFILE64_SOURCE -D_FILE_OFFSET_BITS=64  -Os  -std=c99 -D_GNU_SOURCE -D_LARGEFILE_SOURCE -D_LARGEFILE64_SOURCE -D_FILE_OFFSET_BITS=64 conftest.c >&5
<command-line>:0:1: error: missing '(' after predicate
conftest.c:54:9: error: unknown type name 'wchar_t'
   const wchar_t *name;
         ^~~~~~~
configure:5295: $? = 1
configure: failed program was:
| /* confdefs.h */
| #define PACKAGE_NAME "jq"
| #define PACKAGE_TARNAME "jq"
| #define PACKAGE_VERSION "1.5"
| #define PACKAGE_STRING "jq 1.5"
| #define PACKAGE_BUGREPORT "https://github.com/stedolan/jq/issues"
| #define PACKAGE_URL "https://stedolan.github.io/jq"
| #define PACKAGE "jq"
| #define VERSION "1.5"
| /* end confdefs.h.  */
| #include <stdarg.h>
| #include <stdbool.h>
| #include <stdlib.h>
| #include <wchar.h>
| #include <stdio.h>
| 
| // Check varargs macros.  These examples are taken from C99 6.10.3.5.
| #define debug(...) fprintf (stderr, __VA_ARGS__)
| #define showlist(...) puts (#__VA_ARGS__)
| #define report(test,...) ((test) ? puts (#test) : printf (__VA_ARGS__))
| static void
| test_varargs_macros (void)
| {
|   int x = 1234;
|   int y = 5678;
|   debug ("Flag");
|   debug ("X = %d\n", x);
|   showlist (The first, second, and third items.);
|   report (x>y, "x is %d but y is %d", x, y);
| }
| 
| // Check long long types.
| #define BIG64 18446744073709551615ull
| #define BIG32 4294967295ul
| #define BIG_OK (BIG64 / BIG32 == 4294967297ull && BIG64 % BIG32 == 0)
| #if !BIG_OK
|   your preprocessor is broken;
| #endif
| #if BIG_OK
| #else
|   your preprocessor is broken;
| #endif
| static long long int bignum = -9223372036854775807LL;
| static unsigned long long int ubignum = BIG64;
| 
| struct incomplete_array
| {
|   int datasize;
|   double data[];
| };
| 
| struct named_init {
|   int number;
|   const wchar_t *name;
|   double average;
| };
| 
| typedef const char *ccp;
| 
| static inline int
| test_restrict (ccp restrict text)
| {
|   // See if C++-style comments work.
|   // Iterate through items via the restricted pointer.
|   // Also check for declarations in for loops.
|   for (unsigned int i = 0; *(text+i) != '\0'; ++i)
|     continue;
|   return 0;
| }
| 
| // Check varargs and va_copy.
| static void
| test_varargs (const char *format, ...)
| {
|   va_list args;
|   va_start (args, format);
|   va_list args_copy;
|   va_copy (args_copy, args);
| 
|   const char *str;
|   int number;
|   float fnumber;
| 
|   while (*format)
|     {
|       switch (*format++)
| 	{
| 	case 's': // string
| 	  str = va_arg (args_copy, const char *);
| 	  break;
| 	case 'd': // int
| 	  number = va_arg (args_copy, int);
| 	  break;
| 	case 'f': // float
| 	  fnumber = va_arg (args_copy, double);
| 	  break;
| 	default:
| 	  break;
| 	}
|     }
|   va_end (args_copy);
|   va_end (args);
| }
| 
| int
| main ()
| {
| 
|   // Check bool.
|   _Bool success = false;
| 
|   // Check restrict.
|   if (test_restrict ("String literal") == 0)
|     success = true;
|   char *restrict newvar = "Another string";
| 
|   // Check varargs.
|   test_varargs ("s, d' f .", "string", 65, 34.234);
|   test_varargs_macros ();
| 
|   // Check flexible array members.
|   struct incomplete_array *ia =
|     malloc (sizeof (struct incomplete_array) + (sizeof (double) * 10));
|   ia->datasize = 10;
|   for (int i = 0; i < ia->datasize; ++i)
|     ia->data[i] = i * 1.234;
| 
|   // Check named initializers.
|   struct named_init ni = {
|     .number = 34,
|     .name = L"Test wide string",
|     .average = 543.34343,
|   };
| 
|   ni.number = 58;
| 
|   int dynamic_array[ni.number];
|   dynamic_array[ni.number - 1] = 543;
| 
|   // work around unused variable warnings
|   return (!success || bignum == 0LL || ubignum == 0uLL || newvar[0] == 'x'
| 	  || dynamic_array[ni.number - 1] != 543);
| 
|   ;
|   return 0;
| }
configure:5295: /usr/src/output/host/bin/arm-buildroot-linux-uclibcgnueabihf-gcc -D_STDC_C99= -c -D_LARGEFILE_SOURCE -D_LARGEFILE64_SOURCE -D_FILE_OFFSET_BITS=64  -Os  -std=c99 -D_GNU_SOURCE -D_LARGEFILE_SOURCE -D_LARGEFILE64_SOURCE -D_FILE_OFFSET_BITS=64 conftest.c >&5
conftest.c:54:9: error: unknown type name 'wchar_t'
   const wchar_t *name;
         ^~~~~~~
configure:5295: $? = 1
configure: failed program was:
| /* confdefs.h */
| #define PACKAGE_NAME "jq"
| #define PACKAGE_TARNAME "jq"
| #define PACKAGE_VERSION "1.5"
| #define PACKAGE_STRING "jq 1.5"
| #define PACKAGE_BUGREPORT "https://github.com/stedolan/jq/issues"
| #define PACKAGE_URL "https://stedolan.github.io/jq"
| #define PACKAGE "jq"
| #define VERSION "1.5"
| /* end confdefs.h.  */
| #include <stdarg.h>
| #include <stdbool.h>
| #include <stdlib.h>
| #include <wchar.h>
| #include <stdio.h>
| 
| // Check varargs macros.  These examples are taken from C99 6.10.3.5.
| #define debug(...) fprintf (stderr, __VA_ARGS__)
| #define showlist(...) puts (#__VA_ARGS__)
| #define report(test,...) ((test) ? puts (#test) : printf (__VA_ARGS__))
| static void
| test_varargs_macros (void)
| {
|   int x = 1234;
|   int y = 5678;
|   debug ("Flag");
|   debug ("X = %d\n", x);
|   showlist (The first, second, and third items.);
|   report (x>y, "x is %d but y is %d", x, y);
| }
| 
| // Check long long types.
| #define BIG64 18446744073709551615ull
| #define BIG32 4294967295ul
| #define BIG_OK (BIG64 / BIG32 == 4294967297ull && BIG64 % BIG32 == 0)
| #if !BIG_OK
|   your preprocessor is broken;
| #endif
| #if BIG_OK
| #else
|   your preprocessor is broken;
| #endif
| static long long int bignum = -9223372036854775807LL;
| static unsigned long long int ubignum = BIG64;
| 
| struct incomplete_array
| {
|   int datasize;
|   double data[];
| };
| 
| struct named_init {
|   int number;
|   const wchar_t *name;
|   double average;
| };
| 
| typedef const char *ccp;
| 
| static inline int
| test_restrict (ccp restrict text)
| {
|   // See if C++-style comments work.
|   // Iterate through items via the restricted pointer.
|   // Also check for declarations in for loops.
|   for (unsigned int i = 0; *(text+i) != '\0'; ++i)
|     continue;
|   return 0;
| }
| 
| // Check varargs and va_copy.
| static void
| test_varargs (const char *format, ...)
| {
|   va_list args;
|   va_start (args, format);
|   va_list args_copy;
|   va_copy (args_copy, args);
| 
|   const char *str;
|   int number;
|   float fnumber;
| 
|   while (*format)
|     {
|       switch (*format++)
| 	{
| 	case 's': // string
| 	  str = va_arg (args_copy, const char *);
| 	  break;
| 	case 'd': // int
| 	  number = va_arg (args_copy, int);
| 	  break;
| 	case 'f': // float
| 	  fnumber = va_arg (args_copy, double);
| 	  break;
| 	default:
| 	  break;
| 	}
|     }
|   va_end (args_copy);
|   va_end (args);
| }
| 
| int
| main ()
| {
| 
|   // Check bool.
|   _Bool success = false;
| 
|   // Check restrict.
|   if (test_restrict ("String literal") == 0)
|     success = true;
|   char *restrict newvar = "Another string";
| 
|   // Check varargs.
|   test_varargs ("s, d' f .", "string", 65, 34.234);
|   test_varargs_macros ();
| 
|   // Check flexible array members.
|   struct incomplete_array *ia =
|     malloc (sizeof (struct incomplete_array) + (sizeof (double) * 10));
|   ia->datasize = 10;
|   for (int i = 0; i < ia->datasize; ++i)
|     ia->data[i] = i * 1.234;
| 
|   // Check named initializers.
|   struct named_init ni = {
|     .number = 34,
|     .name = L"Test wide string",
|     .average = 543.34343,
|   };
| 
|   ni.number = 58;
| 
|   int dynamic_array[ni.number];
|   dynamic_array[ni.number - 1] = 543;
| 
|   // work around unused variable warnings
|   return (!success || bignum == 0LL || ubignum == 0uLL || newvar[0] == 'x'
| 	  || dynamic_array[ni.number - 1] != 543);
| 
|   ;
|   return 0;
| }
configure:5295: /usr/src/output/host/bin/arm-buildroot-linux-uclibcgnueabihf-gcc -qlanglvl=extc99 -c -D_LARGEFILE_SOURCE -D_LARGEFILE64_SOURCE -D_FILE_OFFSET_BITS=64  -Os  -std=c99 -D_GNU_SOURCE -D_LARGEFILE_SOURCE -D_LARGEFILE64_SOURCE -D_FILE_OFFSET_BITS=64 conftest.c >&5
arm-buildroot-linux-uclibcgnueabihf-gcc.br_real: error: unrecognized command line option '-qlanglvl=extc99'
configure:5295: $? = 1
configure: failed program was:
| /* confdefs.h */
| #define PACKAGE_NAME "jq"
| #define PACKAGE_TARNAME "jq"
| #define PACKAGE_VERSION "1.5"
| #define PACKAGE_STRING "jq 1.5"
| #define PACKAGE_BUGREPORT "https://github.com/stedolan/jq/issues"
| #define PACKAGE_URL "https://stedolan.github.io/jq"
| #define PACKAGE "jq"
| #define VERSION "1.5"
| /* end confdefs.h.  */
| #include <stdarg.h>
| #include <stdbool.h>
| #include <stdlib.h>
| #include <wchar.h>
| #include <stdio.h>
| 
| // Check varargs macros.  These examples are taken from C99 6.10.3.5.
| #define debug(...) fprintf (stderr, __VA_ARGS__)
| #define showlist(...) puts (#__VA_ARGS__)
| #define report(test,...) ((test) ? puts (#test) : printf (__VA_ARGS__))
| static void
| test_varargs_macros (void)
| {
|   int x = 1234;
|   int y = 5678;
|   debug ("Flag");
|   debug ("X = %d\n", x);
|   showlist (The first, second, and third items.);
|   report (x>y, "x is %d but y is %d", x, y);
| }
| 
| // Check long long types.
| #define BIG64 18446744073709551615ull
| #define BIG32 4294967295ul
| #define BIG_OK (BIG64 / BIG32 == 4294967297ull && BIG64 % BIG32 == 0)
| #if !BIG_OK
|   your preprocessor is broken;
| #endif
| #if BIG_OK
| #else
|   your preprocessor is broken;
| #endif
| static long long int bignum = -9223372036854775807LL;
| static unsigned long long int ubignum = BIG64;
| 
| struct incomplete_array
| {
|   int datasize;
|   double data[];
| };
| 
| struct named_init {
|   int number;
|   const wchar_t *name;
|   double average;
| };
| 
| typedef const char *ccp;
| 
| static inline int
| test_restrict (ccp restrict text)
| {
|   // See if C++-style comments work.
|   // Iterate through items via the restricted pointer.
|   // Also check for declarations in for loops.
|   for (unsigned int i = 0; *(text+i) != '\0'; ++i)
|     continue;
|   return 0;
| }
| 
| // Check varargs and va_copy.
| static void
| test_varargs (const char *format, ...)
| {
|   va_list args;
|   va_start (args, format);
|   va_list args_copy;
|   va_copy (args_copy, args);
| 
|   const char *str;
|   int number;
|   float fnumber;
| 
|   while (*format)
|     {
|       switch (*format++)
| 	{
| 	case 's': // string
| 	  str = va_arg (args_copy, const char *);
| 	  break;
| 	case 'd': // int
| 	  number = va_arg (args_copy, int);
| 	  break;
| 	case 'f': // float
| 	  fnumber = va_arg (args_copy, double);
| 	  break;
| 	default:
| 	  break;
| 	}
|     }
|   va_end (args_copy);
|   va_end (args);
| }
| 
| int
| main ()
| {
| 
|   // Check bool.
|   _Bool success = false;
| 
|   // Check restrict.
|   if (test_restrict ("String literal") == 0)
|     success = true;
|   char *restrict newvar = "Another string";
| 
|   // Check varargs.
|   test_varargs ("s, d' f .", "string", 65, 34.234);
|   test_varargs_macros ();
| 
|   // Check flexible array members.
|   struct incomplete_array *ia =
|     malloc (sizeof (struct incomplete_array) + (sizeof (double) * 10));
|   ia->datasize = 10;
|   for (int i = 0; i < ia->datasize; ++i)
|     ia->data[i] = i * 1.234;
| 
|   // Check named initializers.
|   struct named_init ni = {
|     .number = 34,
|     .name = L"Test wide string",
|     .average = 543.34343,
|   };
| 
|   ni.number = 58;
| 
|   int dynamic_array[ni.number];
|   dynamic_array[ni.number - 1] = 543;
| 
|   // work around unused variable warnings
|   return (!success || bignum == 0LL || ubignum == 0uLL || newvar[0] == 'x'
| 	  || dynamic_array[ni.number - 1] != 543);
| 
|   ;
|   return 0;
| }
configure:5311: result: unsupported
configure:5321: checking for /usr/src/output/host/bin/arm-buildroot-linux-uclibcgnueabihf-gcc option to accept ISO C89
configure:5397: result: none needed
configure:5416: checking for /usr/src/output/host/bin/arm-buildroot-linux-uclibcgnueabihf-gcc option to accept ISO Standard C
configure:5427: result: none needed
configure:5439: checking how to run the C preprocessor
configure:5509: result: /usr/src/output/host/bin/arm-buildroot-linux-uclibcgnueabihf-cpp
configure:5529: /usr/src/output/host/bin/arm-buildroot-linux-uclibcgnueabihf-cpp -D_LARGEFILE_SOURCE -D_LARGEFILE64_SOURCE -D_FILE_OFFSET_BITS=64 conftest.c
configure:5529: $? = 0
configure:5543: /usr/src/output/host/bin/arm-buildroot-linux-uclibcgnueabihf-cpp -D_LARGEFILE_SOURCE -D_LARGEFILE64_SOURCE -D_FILE_OFFSET_BITS=64 conftest.c
conftest.c:11:28: fatal error: ac_nonexistent.h: No such file or directory
 #include <ac_nonexistent.h>
                            ^
compilation terminated.
configure:5543: $? = 1
configure: failed program was:
| /* confdefs.h */
| #define PACKAGE_NAME "jq"
| #define PACKAGE_TARNAME "jq"
| #define PACKAGE_VERSION "1.5"
| #define PACKAGE_STRING "jq 1.5"
| #define PACKAGE_BUGREPORT "https://github.com/stedolan/jq/issues"
| #define PACKAGE_URL "https://stedolan.github.io/jq"
| #define PACKAGE "jq"
| #define VERSION "1.5"
| /* end confdefs.h.  */
| #include <ac_nonexistent.h>
configure:5576: checking for bison
configure:5606: result: no
configure:5576: checking for byacc
configure:5606: result: no
configure:5646: checking build system type
configure:5660: result: x86_64-pc-linux-gnu
configure:5680: checking host system type
configure:5693: result: arm-buildroot-linux-uclibcgnueabihf
configure:5734: checking how to print strings
configure:5761: result: printf
configure:5782: checking for a sed that does not truncate output
configure:5846: result: /bin/sed
configure:5864: checking for grep that handles long lines and -e
configure:5922: result: /bin/grep
configure:5927: checking for egrep
configure:5989: result: /bin/grep -E
configure:5994: checking for fgrep
configure:6056: result: /bin/grep -F
configure:6091: checking for ld used by /usr/src/output/host/bin/arm-buildroot-linux-uclibcgnueabihf-gcc
configure:6158: result: /usr/src/output/host/bin/arm-buildroot-linux-uclibcgnueabihf-ld
configure:6165: checking if the linker (/usr/src/output/host/bin/arm-buildroot-linux-uclibcgnueabihf-ld) is GNU ld
configure:6180: result: yes
configure:6192: checking for BSD- or MS-compatible name lister (nm)
configure:6241: result: /usr/src/output/host/bin/arm-buildroot-linux-uclibcgnueabihf-nm
configure:6371: checking the name lister (/usr/src/output/host/bin/arm-buildroot-linux-uclibcgnueabihf-nm) interface
configure:6378: /usr/src/output/host/bin/arm-buildroot-linux-uclibcgnueabihf-gcc -c -D_LARGEFILE_SOURCE -D_LARGEFILE64_SOURCE -D_FILE_OFFSET_BITS=64  -Os  -std=c99 -D_GNU_SOURCE -D_LARGEFILE_SOURCE -D_LARGEFILE64_SOURCE -D_FILE_OFFSET_BITS=64 conftest.c >&5
configure:6381: /usr/src/output/host/bin/arm-buildroot-linux-uclibcgnueabihf-nm "conftest.o"
configure:6384: output
00000000 B some_variable
configure:6391: result: BSD nm
configure:6394: checking whether ln -s works
configure:6398: result: yes
configure:6406: checking the maximum length of command line arguments
configure:6537: result: 1572864
configure:6554: checking whether the shell understands some XSI constructs
configure:6564: result: yes
configure:6568: checking whether the shell understands "+="
configure:6574: result: yes
configure:6609: checking how to convert x86_64-pc-linux-gnu file names to arm-buildroot-linux-uclibcgnueabihf format
configure:6649: result: func_convert_file_noop
configure:6656: checking how to convert x86_64-pc-linux-gnu file names to toolchain format
configure:6676: result: func_convert_file_noop
configure:6683: checking for /usr/src/output/host/bin/arm-buildroot-linux-uclibcgnueabihf-ld option to reload object files
configure:6690: result: -r
configure:6724: checking for arm-buildroot-linux-uclibcgnueabihf-objdump
configure:6751: result: /usr/src/output/host/bin/arm-buildroot-linux-uclibcgnueabihf-objdump
configure:6820: checking how to recognize dependent libraries
configure:7018: result: pass_all
configure:7063: checking for arm-buildroot-linux-uclibcgnueabihf-dlltool
configure:7093: result: no
configure:7103: checking for dlltool
configure:7133: result: no
configure:7160: checking how to associate runtime and link libraries
configure:7187: result: printf %s\n
configure:7203: checking for arm-buildroot-linux-uclibcgnueabihf-ar
configure:7230: result: /usr/src/output/host/bin/arm-buildroot-linux-uclibcgnueabihf-ar
configure:7311: checking for archiver @FILE support
configure:7328: /usr/src/output/host/bin/arm-buildroot-linux-uclibcgnueabihf-gcc -c -D_LARGEFILE_SOURCE -D_LARGEFILE64_SOURCE -D_FILE_OFFSET_BITS=64  -Os  -std=c99 -D_GNU_SOURCE -D_LARGEFILE_SOURCE -D_LARGEFILE64_SOURCE -D_FILE_OFFSET_BITS=64 conftest.c >&5
configure:7328: $? = 0
configure:7331: /usr/src/output/host/bin/arm-buildroot-linux-uclibcgnueabihf-ar cru libconftest.a @conftest.lst >&5
configure:7334: $? = 0
configure:7339: /usr/src/output/host/bin/arm-buildroot-linux-uclibcgnueabihf-ar cru libconftest.a @conftest.lst >&5
/usr/src/output/host/bin/arm-buildroot-linux-uclibcgnueabihf-ar: conftest.o: No such file or directory
configure:7342: $? = 1
configure:7354: result: @
configure:7372: checking for arm-buildroot-linux-uclibcgnueabihf-strip
configure:7399: result: /usr/src/output/host/bin/arm-buildroot-linux-uclibcgnueabihf-strip
configure:7471: checking for arm-buildroot-linux-uclibcgnueabihf-ranlib
configure:7498: result: /usr/src/output/host/bin/arm-buildroot-linux-uclibcgnueabihf-ranlib
configure:7640: checking command to parse /usr/src/output/host/bin/arm-buildroot-linux-uclibcgnueabihf-nm output from /usr/src/output/host/bin/arm-buildroot-linux-uclibcgnueabihf-gcc object
configure:7760: /usr/src/output/host/bin/arm-buildroot-linux-uclibcgnueabihf-gcc -c -D_LARGEFILE_SOURCE -D_LARGEFILE64_SOURCE -D_FILE_OFFSET_BITS=64  -Os  -std=c99 -D_GNU_SOURCE -D_LARGEFILE_SOURCE -D_LARGEFILE64_SOURCE -D_FILE_OFFSET_BITS=64 conftest.c >&5
configure:7763: $? = 0
configure:7767: /usr/src/output/host/bin/arm-buildroot-linux-uclibcgnueabihf-nm conftest.o \| sed -n -e 's/^.*[ ]\([ABCDGIRSTW][ABCDGIRSTW]*\)[ ][ ]*\([_A-Za-z][_A-Za-z0-9]*\)$/\1 \2 \2/p' | sed '/ __gnu_lto/d' \> conftest.nm
configure:7770: $? = 0
configure:7836: /usr/src/output/host/bin/arm-buildroot-linux-uclibcgnueabihf-gcc -o conftest -D_LARGEFILE_SOURCE -D_LARGEFILE64_SOURCE -D_FILE_OFFSET_BITS=64  -Os  -std=c99 -D_GNU_SOURCE -D_LARGEFILE_SOURCE -D_LARGEFILE64_SOURCE -D_FILE_OFFSET_BITS=64  conftest.c conftstm.o >&5
configure:7839: $? = 0
configure:7877: result: ok
configure:7914: checking for sysroot
configure:7944: result: no
configure:8173: checking for arm-buildroot-linux-uclibcgnueabihf-mt
configure:8203: result: no
configure:8213: checking for mt
configure:8229: found /bin/mt
configure:8240: result: mt
configure:8252: WARNING: using cross tools not prefixed with host triplet
configure:8263: checking if mt is a manifest tool
configure:8269: mt '-?'
configure:8277: result: no
configure:8915: checking for ANSI C header files
configure:8935: /usr/src/output/host/bin/arm-buildroot-linux-uclibcgnueabihf-gcc -c -D_LARGEFILE_SOURCE -D_LARGEFILE64_SOURCE -D_FILE_OFFSET_BITS=64  -Os  -std=c99 -D_GNU_SOURCE -D_LARGEFILE_SOURCE -D_LARGEFILE64_SOURCE -D_FILE_OFFSET_BITS=64 conftest.c >&5
configure:8935: $? = 0
configure:9019: result: yes
configure:9032: checking for sys/types.h
configure:9032: /usr/src/output/host/bin/arm-buildroot-linux-uclibcgnueabihf-gcc -c -D_LARGEFILE_SOURCE -D_LARGEFILE64_SOURCE -D_FILE_OFFSET_BITS=64  -Os  -std=c99 -D_GNU_SOURCE -D_LARGEFILE_SOURCE -D_LARGEFILE64_SOURCE -D_FILE_OFFSET_BITS=64 conftest.c >&5
configure:9032: $? = 0
configure:9032: result: yes
configure:9032: checking for sys/stat.h
configure:9032: /usr/src/output/host/bin/arm-buildroot-linux-uclibcgnueabihf-gcc -c -D_LARGEFILE_SOURCE -D_LARGEFILE64_SOURCE -D_FILE_OFFSET_BITS=64  -Os  -std=c99 -D_GNU_SOURCE -D_LARGEFILE_SOURCE -D_LARGEFILE64_SOURCE -D_FILE_OFFSET_BITS=64 conftest.c >&5
configure:9032: $? = 0
configure:9032: result: yes
configure:9032: checking for stdlib.h
configure:9032: /usr/src/output/host/bin/arm-buildroot-linux-uclibcgnueabihf-gcc -c -D_LARGEFILE_SOURCE -D_LARGEFILE64_SOURCE -D_FILE_OFFSET_BITS=64  -Os  -std=c99 -D_GNU_SOURCE -D_LARGEFILE_SOURCE -D_LARGEFILE64_SOURCE -D_FILE_OFFSET_BITS=64 conftest.c >&5
configure:9032: $? = 0
configure:9032: result: yes
configure:9032: checking for string.h
configure:9032: /usr/src/output/host/bin/arm-buildroot-linux-uclibcgnueabihf-gcc -c -D_LARGEFILE_SOURCE -D_LARGEFILE64_SOURCE -D_FILE_OFFSET_BITS=64  -Os  -std=c99 -D_GNU_SOURCE -D_LARGEFILE_SOURCE -D_LARGEFILE64_SOURCE -D_FILE_OFFSET_BITS=64 conftest.c >&5
configure:9032: $? = 0
configure:9032: result: yes
configure:9032: checking for memory.h
configure:9032: /usr/src/output/host/bin/arm-buildroot-linux-uclibcgnueabihf-gcc -c -D_LARGEFILE_SOURCE -D_LARGEFILE64_SOURCE -D_FILE_OFFSET_BITS=64  -Os  -std=c99 -D_GNU_SOURCE -D_LARGEFILE_SOURCE -D_LARGEFILE64_SOURCE -D_FILE_OFFSET_BITS=64 conftest.c >&5
configure:9032: $? = 0
configure:9032: result: yes
configure:9032: checking for strings.h
configure:9032: /usr/src/output/host/bin/arm-buildroot-linux-uclibcgnueabihf-gcc -c -D_LARGEFILE_SOURCE -D_LARGEFILE64_SOURCE -D_FILE_OFFSET_BITS=64  -Os  -std=c99 -D_GNU_SOURCE -D_LARGEFILE_SOURCE -D_LARGEFILE64_SOURCE -D_FILE_OFFSET_BITS=64 conftest.c >&5
configure:9032: $? = 0
configure:9032: result: yes
configure:9032: checking for inttypes.h
configure:9032: /usr/src/output/host/bin/arm-buildroot-linux-uclibcgnueabihf-gcc -c -D_LARGEFILE_SOURCE -D_LARGEFILE64_SOURCE -D_FILE_OFFSET_BITS=64  -Os  -std=c99 -D_GNU_SOURCE -D_LARGEFILE_SOURCE -D_LARGEFILE64_SOURCE -D_FILE_OFFSET_BITS=64 conftest.c >&5
configure:9032: $? = 0
configure:9032: result: yes
configure:9032: checking for stdint.h
configure:9032: /usr/src/output/host/bin/arm-buildroot-linux-uclibcgnueabihf-gcc -c -D_LARGEFILE_SOURCE -D_LARGEFILE64_SOURCE -D_FILE_OFFSET_BITS=64  -Os  -std=c99 -D_GNU_SOURCE -D_LARGEFILE_SOURCE -D_LARGEFILE64_SOURCE -D_FILE_OFFSET_BITS=64 conftest.c >&5
configure:9032: $? = 0
configure:9032: result: yes
configure:9032: checking for unistd.h
configure:9032: /usr/src/output/host/bin/arm-buildroot-linux-uclibcgnueabihf-gcc -c -D_LARGEFILE_SOURCE -D_LARGEFILE64_SOURCE -D_FILE_OFFSET_BITS=64  -Os  -std=c99 -D_GNU_SOURCE -D_LARGEFILE_SOURCE -D_LARGEFILE64_SOURCE -D_FILE_OFFSET_BITS=64 conftest.c >&5
configure:9032: $? = 0
configure:9032: result: yes
configure:9046: checking for dlfcn.h
configure:9046: /usr/src/output/host/bin/arm-buildroot-linux-uclibcgnueabihf-gcc -c -D_LARGEFILE_SOURCE -D_LARGEFILE64_SOURCE -D_FILE_OFFSET_BITS=64  -Os  -std=c99 -D_GNU_SOURCE -D_LARGEFILE_SOURCE -D_LARGEFILE64_SOURCE -D_FILE_OFFSET_BITS=64 conftest.c >&5
configure:9046: $? = 0
configure:9046: result: yes
configure:9548: checking for objdir
configure:9563: result: .libs
configure:9834: checking if /usr/src/output/host/bin/arm-buildroot-linux-uclibcgnueabihf-gcc supports -fno-rtti -fno-exceptions
configure:9852: /usr/src/output/host/bin/arm-buildroot-linux-uclibcgnueabihf-gcc -c -D_LARGEFILE_SOURCE -D_LARGEFILE64_SOURCE -D_FILE_OFFSET_BITS=64  -Os  -std=c99 -D_GNU_SOURCE -D_LARGEFILE_SOURCE -D_LARGEFILE64_SOURCE -D_FILE_OFFSET_BITS=64 -fno-rtti -fno-exceptions conftest.c >&5
cc1: warning: command line option '-fno-rtti' is valid for C++/ObjC++ but not for C
configure:9856: $? = 0
configure:9869: result: no
configure:10196: checking for /usr/src/output/host/bin/arm-buildroot-linux-uclibcgnueabihf-gcc option to produce PIC
configure:10203: result: -fPIC -DPIC
configure:10211: checking if /usr/src/output/host/bin/arm-buildroot-linux-uclibcgnueabihf-gcc PIC flag -fPIC -DPIC works
configure:10229: /usr/src/output/host/bin/arm-buildroot-linux-uclibcgnueabihf-gcc -c -D_LARGEFILE_SOURCE -D_LARGEFILE64_SOURCE -D_FILE_OFFSET_BITS=64  -Os  -std=c99 -D_GNU_SOURCE -D_LARGEFILE_SOURCE -D_LARGEFILE64_SOURCE -D_FILE_OFFSET_BITS=64 -fPIC -DPIC -DPIC conftest.c >&5
configure:10233: $? = 0
configure:10246: result: yes
configure:10275: checking if /usr/src/output/host/bin/arm-buildroot-linux-uclibcgnueabihf-gcc static flag -static works
configure:10303: result: yes
configure:10318: checking if /usr/src/output/host/bin/arm-buildroot-linux-uclibcgnueabihf-gcc supports -c -o file.o
configure:10339: /usr/src/output/host/bin/arm-buildroot-linux-uclibcgnueabihf-gcc -c -D_LARGEFILE_SOURCE -D_LARGEFILE64_SOURCE -D_FILE_OFFSET_BITS=64  -Os  -std=c99 -D_GNU_SOURCE -D_LARGEFILE_SOURCE -D_LARGEFILE64_SOURCE -D_FILE_OFFSET_BITS=64 -o out/conftest2.o conftest.c >&5
configure:10343: $? = 0
configure:10365: result: yes
configure:10373: checking if /usr/src/output/host/bin/arm-buildroot-linux-uclibcgnueabihf-gcc supports -c -o file.o
configure:10420: result: yes
configure:10453: checking whether the /usr/src/output/host/bin/arm-buildroot-linux-uclibcgnueabihf-gcc linker (/usr/src/output/host/bin/arm-buildroot-linux-uclibcgnueabihf-ld) supports shared libraries
configure:11610: result: yes
configure:11647: checking whether -lc should be explicitly linked in
configure:11655: /usr/src/output/host/bin/arm-buildroot-linux-uclibcgnueabihf-gcc -c -D_LARGEFILE_SOURCE -D_LARGEFILE64_SOURCE -D_FILE_OFFSET_BITS=64  -Os  -std=c99 -D_GNU_SOURCE -D_LARGEFILE_SOURCE -D_LARGEFILE64_SOURCE -D_FILE_OFFSET_BITS=64 conftest.c >&5
configure:11658: $? = 0
configure:11673: /usr/src/output/host/bin/arm-buildroot-linux-uclibcgnueabihf-gcc -shared  -fPIC -DPIC conftest.o  -v -Wl,-soname -Wl,conftest -o conftest 2\>\&1 \| /bin/grep  -lc  \>/dev/null 2\>\&1
configure:11676: $? = 0
configure:11690: result: no
configure:11850: checking dynamic linker characteristics
configure:12350: /usr/src/output/host/bin/arm-buildroot-linux-uclibcgnueabihf-gcc -o conftest -D_LARGEFILE_SOURCE -D_LARGEFILE64_SOURCE -D_FILE_OFFSET_BITS=64  -Os  -std=c99 -D_GNU_SOURCE -D_LARGEFILE_SOURCE -D_LARGEFILE64_SOURCE -D_FILE_OFFSET_BITS=64  -Wl,-rpath -Wl,/foo conftest.c  >&5
configure:12350: $? = 0
configure:12584: result: GNU/Linux ld.so
configure:12691: checking how to hardcode library paths into programs
configure:12716: result: immediate
configure:13256: checking whether stripping libraries is possible
configure:13261: result: yes
configure:13296: checking if libtool supports shared libraries
configure:13298: result: yes
configure:13301: checking whether to build shared libraries
configure:13322: result: yes
configure:13325: checking whether to build static libraries
configure:13329: result: no
configure:13638: checking oniguruma.h usability
configure:13638: /usr/src/output/host/bin/arm-buildroot-linux-uclibcgnueabihf-gcc -c -D_LARGEFILE_SOURCE -D_LARGEFILE64_SOURCE -D_FILE_OFFSET_BITS=64  -Os  -std=c99 -D_GNU_SOURCE -D_LARGEFILE_SOURCE -D_LARGEFILE64_SOURCE -D_FILE_OFFSET_BITS=64 conftest.c >&5
conftest.c:56:23: fatal error: oniguruma.h: No such file or directory
 #include <oniguruma.h>
                       ^
compilation terminated.
configure:13638: $? = 1
configure: failed program was:
| /* confdefs.h */
| #define PACKAGE_NAME "jq"
| #define PACKAGE_TARNAME "jq"
| #define PACKAGE_VERSION "1.5"
| #define PACKAGE_STRING "jq 1.5"
| #define PACKAGE_BUGREPORT "https://github.com/stedolan/jq/issues"
| #define PACKAGE_URL "https://stedolan.github.io/jq"
| #define PACKAGE "jq"
| #define VERSION "1.5"
| #define STDC_HEADERS 1
| #define HAVE_SYS_TYPES_H 1
| #define HAVE_SYS_STAT_H 1
| #define HAVE_STDLIB_H 1
| #define HAVE_STRING_H 1
| #define HAVE_MEMORY_H 1
| #define HAVE_STRINGS_H 1
| #define HAVE_INTTYPES_H 1
| #define HAVE_STDINT_H 1
| #define HAVE_UNISTD_H 1
| #define HAVE_DLFCN_H 1
| #define LT_OBJDIR ".libs/"
| /* end confdefs.h.  */
| #include <stdio.h>
| #ifdef HAVE_SYS_TYPES_H
| # include <sys/types.h>
| #endif
| #ifdef HAVE_SYS_STAT_H
| # include <sys/stat.h>
| #endif
| #ifdef STDC_HEADERS
| # include <stdlib.h>
| # include <stddef.h>
| #else
| # ifdef HAVE_STDLIB_H
| #  include <stdlib.h>
| # endif
| #endif
| #ifdef HAVE_STRING_H
| # if !defined STDC_HEADERS && defined HAVE_MEMORY_H
| #  include <memory.h>
| # endif
| # include <string.h>
| #endif
| #ifdef HAVE_STRINGS_H
| # include <strings.h>
| #endif
| #ifdef HAVE_INTTYPES_H
| # include <inttypes.h>
| #endif
| #ifdef HAVE_STDINT_H
| # include <stdint.h>
| #endif
| #ifdef HAVE_UNISTD_H
| # include <unistd.h>
| #endif
| #include <oniguruma.h>
configure:13638: result: no
configure:13638: checking oniguruma.h presence
configure:13638: /usr/src/output/host/bin/arm-buildroot-linux-uclibcgnueabihf-cpp -D_LARGEFILE_SOURCE -D_LARGEFILE64_SOURCE -D_FILE_OFFSET_BITS=64 conftest.c
conftest.c:23:23: fatal error: oniguruma.h: No such file or directory
 #include <oniguruma.h>
                       ^
compilation terminated.
configure:13638: $? = 1
configure: failed program was:
| /* confdefs.h */
| #define PACKAGE_NAME "jq"
| #define PACKAGE_TARNAME "jq"
| #define PACKAGE_VERSION "1.5"
| #define PACKAGE_STRING "jq 1.5"
| #define PACKAGE_BUGREPORT "https://github.com/stedolan/jq/issues"
| #define PACKAGE_URL "https://stedolan.github.io/jq"
| #define PACKAGE "jq"
| #define VERSION "1.5"
| #define STDC_HEADERS 1
| #define HAVE_SYS_TYPES_H 1
| #define HAVE_SYS_STAT_H 1
| #define HAVE_STDLIB_H 1
| #define HAVE_STRING_H 1
| #define HAVE_MEMORY_H 1
| #define HAVE_STRINGS_H 1
| #define HAVE_INTTYPES_H 1
| #define HAVE_STDINT_H 1
| #define HAVE_UNISTD_H 1
| #define HAVE_DLFCN_H 1
| #define LT_OBJDIR ".libs/"
| /* end confdefs.h.  */
| #include <oniguruma.h>
configure:13638: result: no
configure:13638: checking for oniguruma.h
configure:13638: result: no
configure:13686: Oniguruma was not found.
configure:13688:  Try setting the location using '--with-oniguruma=PREFIX' 
configure:13701: checking for valgrind
configure:13731: result: no
configure:13740: WARNING: valgrind is required to test jq.
configure:13745: checking for memmem
configure:13745: /usr/src/output/host/bin/arm-buildroot-linux-uclibcgnueabihf-gcc -o conftest -D_LARGEFILE_SOURCE -D_LARGEFILE64_SOURCE -D_FILE_OFFSET_BITS=64  -Os  -std=c99 -D_GNU_SOURCE -D_LARGEFILE_SOURCE -D_LARGEFILE64_SOURCE -D_FILE_OFFSET_BITS=64  conftest.c  >&5
configure:13745: $? = 0
configure:13745: result: yes
configure:13756: checking for mkstemp
configure:13756: /usr/src/output/host/bin/arm-buildroot-linux-uclibcgnueabihf-gcc -o conftest -D_LARGEFILE_SOURCE -D_LARGEFILE64_SOURCE -D_FILE_OFFSET_BITS=64  -Os  -std=c99 -D_GNU_SOURCE -D_LARGEFILE_SOURCE -D_LARGEFILE64_SOURCE -D_FILE_OFFSET_BITS=64  conftest.c  >&5
configure:13756: $? = 0
configure:13756: result: yes
configure:13915: checking for size_t
configure:13915: /usr/src/output/host/bin/arm-buildroot-linux-uclibcgnueabihf-gcc -c -D_LARGEFILE_SOURCE -D_LARGEFILE64_SOURCE -D_FILE_OFFSET_BITS=64  -Os  -std=c99 -D_GNU_SOURCE -D_LARGEFILE_SOURCE -D_LARGEFILE64_SOURCE -D_FILE_OFFSET_BITS=64 conftest.c >&5
configure:13915: $? = 0
configure:13915: /usr/src/output/host/bin/arm-buildroot-linux-uclibcgnueabihf-gcc -c -D_LARGEFILE_SOURCE -D_LARGEFILE64_SOURCE -D_FILE_OFFSET_BITS=64  -Os  -std=c99 -D_GNU_SOURCE -D_LARGEFILE_SOURCE -D_LARGEFILE64_SOURCE -D_FILE_OFFSET_BITS=64 conftest.c >&5
conftest.c: In function 'main':
conftest.c:61:21: error: expected expression before ')' token
 if (sizeof ((size_t)))
                     ^
configure:13915: $? = 1
configure: failed program was:
| /* confdefs.h */
| #define PACKAGE_NAME "jq"
| #define PACKAGE_TARNAME "jq"
| #define PACKAGE_VERSION "1.5"
| #define PACKAGE_STRING "jq 1.5"
| #define PACKAGE_BUGREPORT "https://github.com/stedolan/jq/issues"
| #define PACKAGE_URL "https://stedolan.github.io/jq"
| #define PACKAGE "jq"
| #define VERSION "1.5"
| #define STDC_HEADERS 1
| #define HAVE_SYS_TYPES_H 1
| #define HAVE_SYS_STAT_H 1
| #define HAVE_STDLIB_H 1
| #define HAVE_STRING_H 1
| #define HAVE_MEMORY_H 1
| #define HAVE_STRINGS_H 1
| #define HAVE_INTTYPES_H 1
| #define HAVE_STDINT_H 1
| #define HAVE_UNISTD_H 1
| #define HAVE_DLFCN_H 1
| #define LT_OBJDIR ".libs/"
| #define HAVE_MEMMEM 1
| #define HAVE_MKSTEMP 1
| /* end confdefs.h.  */
| #include <stdio.h>
| #ifdef HAVE_SYS_TYPES_H
| # include <sys/types.h>
| #endif
| #ifdef HAVE_SYS_STAT_H
| # include <sys/stat.h>
| #endif
| #ifdef STDC_HEADERS
| # include <stdlib.h>
| # include <stddef.h>
| #else
| # ifdef HAVE_STDLIB_H
| #  include <stdlib.h>
| # endif
| #endif
| #ifdef HAVE_STRING_H
| # if !defined STDC_HEADERS && defined HAVE_MEMORY_H
| #  include <memory.h>
| # endif
| # include <string.h>
| #endif
| #ifdef HAVE_STRINGS_H
| # include <strings.h>
| #endif
| #ifdef HAVE_INTTYPES_H
| # include <inttypes.h>
| #endif
| #ifdef HAVE_STDINT_H
| # include <stdint.h>
| #endif
| #ifdef HAVE_UNISTD_H
| # include <unistd.h>
| #endif
| int
| main ()
| {
| if (sizeof ((size_t)))
| 	    return 0;
|   ;
|   return 0;
| }
configure:13915: result: yes
configure:13928: checking for working alloca.h
configure:13945: /usr/src/output/host/bin/arm-buildroot-linux-uclibcgnueabihf-gcc -o conftest -D_LARGEFILE_SOURCE -D_LARGEFILE64_SOURCE -D_FILE_OFFSET_BITS=64  -Os  -std=c99 -D_GNU_SOURCE -D_LARGEFILE_SOURCE -D_LARGEFILE64_SOURCE -D_FILE_OFFSET_BITS=64  conftest.c  >&5
configure:13945: $? = 0
configure:13953: result: yes
configure:13961: checking for alloca
configure:13998: /usr/src/output/host/bin/arm-buildroot-linux-uclibcgnueabihf-gcc -o conftest -D_LARGEFILE_SOURCE -D_LARGEFILE64_SOURCE -D_FILE_OFFSET_BITS=64  -Os  -std=c99 -D_GNU_SOURCE -D_LARGEFILE_SOURCE -D_LARGEFILE64_SOURCE -D_FILE_OFFSET_BITS=64  conftest.c  >&5
configure:13998: $? = 0
configure:14006: result: yes
configure:14117: checking for isatty
configure:14145: /usr/src/output/host/bin/arm-buildroot-linux-uclibcgnueabihf-gcc -o conftest -D_LARGEFILE_SOURCE -D_LARGEFILE64_SOURCE -D_FILE_OFFSET_BITS=64  -Os  -std=c99 -D_GNU_SOURCE -D_LARGEFILE_SOURCE -D_LARGEFILE64_SOURCE -D_FILE_OFFSET_BITS=64  conftest.c     >&5
configure:14145: $? = 0
configure:14186: result: yes
configure:14220: checking for _isatty
configure:14248: /usr/src/output/host/bin/arm-buildroot-linux-uclibcgnueabihf-gcc -o conftest -D_LARGEFILE_SOURCE -D_LARGEFILE64_SOURCE -D_FILE_OFFSET_BITS=64  -Os  -std=c99 -D_GNU_SOURCE -D_LARGEFILE_SOURCE -D_LARGEFILE64_SOURCE -D_FILE_OFFSET_BITS=64  conftest.c     >&5
conftest.c:28:16: fatal error: io.h: No such file or directory
 #include <io.h>
                ^
compilation terminated.
configure:14248: $? = 1
configure: failed program was:
| /* confdefs.h */
| #define PACKAGE_NAME "jq"
| #define PACKAGE_TARNAME "jq"
| #define PACKAGE_VERSION "1.5"
| #define PACKAGE_STRING "jq 1.5"
| #define PACKAGE_BUGREPORT "https://github.com/stedolan/jq/issues"
| #define PACKAGE_URL "https://stedolan.github.io/jq"
| #define PACKAGE "jq"
| #define VERSION "1.5"
| #define STDC_HEADERS 1
| #define HAVE_SYS_TYPES_H 1
| #define HAVE_SYS_STAT_H 1
| #define HAVE_STDLIB_H 1
| #define HAVE_STRING_H 1
| #define HAVE_MEMORY_H 1
| #define HAVE_STRINGS_H 1
| #define HAVE_INTTYPES_H 1
| #define HAVE_STDINT_H 1
| #define HAVE_UNISTD_H 1
| #define HAVE_DLFCN_H 1
| #define LT_OBJDIR ".libs/"
| #define HAVE_MEMMEM 1
| #define HAVE_MKSTEMP 1
| #define HAVE_ALLOCA_H 1
| #define HAVE_ALLOCA 1
| #define HAVE_ISATTY 1
| /* end confdefs.h.  */
| #include <io.h>
| int
| main ()
| {
| _isatty(0)
|   ;
|   return 0;
| }
configure:14248: /usr/src/output/host/bin/arm-buildroot-linux-uclibcgnueabihf-gcc -o conftest -D_LARGEFILE_SOURCE -D_LARGEFILE64_SOURCE -D_FILE_OFFSET_BITS=64  -Os  -std=c99 -D_GNU_SOURCE -D_LARGEFILE_SOURCE -D_LARGEFILE64_SOURCE -D_FILE_OFFSET_BITS=64  conftest.c  -lc   >&5
conftest.c:28:16: fatal error: io.h: No such file or directory
 #include <io.h>
                ^
compilation terminated.
configure:14248: $? = 1
configure: failed program was:
| /* confdefs.h */
| #define PACKAGE_NAME "jq"
| #define PACKAGE_TARNAME "jq"
| #define PACKAGE_VERSION "1.5"
| #define PACKAGE_STRING "jq 1.5"
| #define PACKAGE_BUGREPORT "https://github.com/stedolan/jq/issues"
| #define PACKAGE_URL "https://stedolan.github.io/jq"
| #define PACKAGE "jq"
| #define VERSION "1.5"
| #define STDC_HEADERS 1
| #define HAVE_SYS_TYPES_H 1
| #define HAVE_SYS_STAT_H 1
| #define HAVE_STDLIB_H 1
| #define HAVE_STRING_H 1
| #define HAVE_MEMORY_H 1
| #define HAVE_STRINGS_H 1
| #define HAVE_INTTYPES_H 1
| #define HAVE_STDINT_H 1
| #define HAVE_UNISTD_H 1
| #define HAVE_DLFCN_H 1
| #define LT_OBJDIR ".libs/"
| #define HAVE_MEMMEM 1
| #define HAVE_MKSTEMP 1
| #define HAVE_ALLOCA_H 1
| #define HAVE_ALLOCA 1
| #define HAVE_ISATTY 1
| /* end confdefs.h.  */
| #include <io.h>
| int
| main ()
| {
| _isatty(0)
|   ;
|   return 0;
| }
configure:14295: result: no
configure:14323: checking for strptime
configure:14351: /usr/src/output/host/bin/arm-buildroot-linux-uclibcgnueabihf-gcc -o conftest -D_LARGEFILE_SOURCE -D_LARGEFILE64_SOURCE -D_FILE_OFFSET_BITS=64  -Os  -std=c99 -D_GNU_SOURCE -D_LARGEFILE_SOURCE -D_LARGEFILE64_SOURCE -D_FILE_OFFSET_BITS=64  conftest.c     >&5
configure:14351: $? = 0
configure:14392: result: yes
configure:14426: checking for strftime
configure:14454: /usr/src/output/host/bin/arm-buildroot-linux-uclibcgnueabihf-gcc -o conftest -D_LARGEFILE_SOURCE -D_LARGEFILE64_SOURCE -D_FILE_OFFSET_BITS=64  -Os  -std=c99 -D_GNU_SOURCE -D_LARGEFILE_SOURCE -D_LARGEFILE64_SOURCE -D_FILE_OFFSET_BITS=64  conftest.c     >&5
configure:14454: $? = 0
configure:14495: result: yes
configure:14529: checking for timegm
configure:14557: /usr/src/output/host/bin/arm-buildroot-linux-uclibcgnueabihf-gcc -o conftest -D_LARGEFILE_SOURCE -D_LARGEFILE64_SOURCE -D_FILE_OFFSET_BITS=64  -Os  -std=c99 -D_GNU_SOURCE -D_LARGEFILE_SOURCE -D_LARGEFILE64_SOURCE -D_FILE_OFFSET_BITS=64  conftest.c     >&5
configure:14557: $? = 0
configure:14598: result: yes
configure:14632: checking for gmtime_r
configure:14660: /usr/src/output/host/bin/arm-buildroot-linux-uclibcgnueabihf-gcc -o conftest -D_LARGEFILE_SOURCE -D_LARGEFILE64_SOURCE -D_FILE_OFFSET_BITS=64  -Os  -std=c99 -D_GNU_SOURCE -D_LARGEFILE_SOURCE -D_LARGEFILE64_SOURCE -D_FILE_OFFSET_BITS=64  conftest.c     >&5
configure:14660: $? = 0
configure:14701: result: yes
configure:14735: checking for gmtime
configure:14763: /usr/src/output/host/bin/arm-buildroot-linux-uclibcgnueabihf-gcc -o conftest -D_LARGEFILE_SOURCE -D_LARGEFILE64_SOURCE -D_FILE_OFFSET_BITS=64  -Os  -std=c99 -D_GNU_SOURCE -D_LARGEFILE_SOURCE -D_LARGEFILE64_SOURCE -D_FILE_OFFSET_BITS=64  conftest.c     >&5
configure:14763: $? = 0
configure:14804: result: yes
configure:14838: checking for gettimeofday
configure:14866: /usr/src/output/host/bin/arm-buildroot-linux-uclibcgnueabihf-gcc -o conftest -D_LARGEFILE_SOURCE -D_LARGEFILE64_SOURCE -D_FILE_OFFSET_BITS=64  -Os  -std=c99 -D_GNU_SOURCE -D_LARGEFILE_SOURCE -D_LARGEFILE64_SOURCE -D_FILE_OFFSET_BITS=64  conftest.c     >&5
conftest.c: In function 'main':
conftest.c:37:1: warning: implicit declaration of function 'gettimeofday' [-Wimplicit-function-declaration]
 gettimeofday(0, 0)
 ^~~~~~~~~~~~
configure:14866: $? = 0
configure:14907: result: yes
configure:14937: checking for struct tm.tm_gmtoff
configure:14937: /usr/src/output/host/bin/arm-buildroot-linux-uclibcgnueabihf-gcc -c -D_LARGEFILE_SOURCE -D_LARGEFILE64_SOURCE -D_FILE_OFFSET_BITS=64  -Os  -std=c99 -D_GNU_SOURCE -D_LARGEFILE_SOURCE -D_LARGEFILE64_SOURCE -D_FILE_OFFSET_BITS=64 conftest.c >&5
configure:14937: $? = 0
configure:14937: result: yes
configure:14945: checking for struct tm.__tm_gmtoff
configure:14945: /usr/src/output/host/bin/arm-buildroot-linux-uclibcgnueabihf-gcc -c -D_LARGEFILE_SOURCE -D_LARGEFILE64_SOURCE -D_FILE_OFFSET_BITS=64  -Os  -std=c99 -D_GNU_SOURCE -D_LARGEFILE_SOURCE -D_LARGEFILE64_SOURCE -D_FILE_OFFSET_BITS=64 conftest.c >&5
conftest.c: In function 'main':
conftest.c:41:12: error: 'struct tm' has no member named '__tm_gmtoff'; did you mean 'tm_gmtoff'?
 if (ac_aggr.__tm_gmtoff)
            ^
configure:14945: $? = 1
configure: failed program was:
| /* confdefs.h */
| #define PACKAGE_NAME "jq"
| #define PACKAGE_TARNAME "jq"
| #define PACKAGE_VERSION "1.5"
| #define PACKAGE_STRING "jq 1.5"
| #define PACKAGE_BUGREPORT "https://github.com/stedolan/jq/issues"
| #define PACKAGE_URL "https://stedolan.github.io/jq"
| #define PACKAGE "jq"
| #define VERSION "1.5"
| #define STDC_HEADERS 1
| #define HAVE_SYS_TYPES_H 1
| #define HAVE_SYS_STAT_H 1
| #define HAVE_STDLIB_H 1
| #define HAVE_STRING_H 1
| #define HAVE_MEMORY_H 1
| #define HAVE_STRINGS_H 1
| #define HAVE_INTTYPES_H 1
| #define HAVE_STDINT_H 1
| #define HAVE_UNISTD_H 1
| #define HAVE_DLFCN_H 1
| #define LT_OBJDIR ".libs/"
| #define HAVE_MEMMEM 1
| #define HAVE_MKSTEMP 1
| #define HAVE_ALLOCA_H 1
| #define HAVE_ALLOCA 1
| #define HAVE_ISATTY 1
| #define HAVE_STRPTIME 1
| #define HAVE_STRFTIME 1
| #define HAVE_TIMEGM 1
| #define HAVE_GMTIME_R 1
| #define HAVE_GMTIME 1
| #define HAVE_GETTIMEOFDAY 1
| #define HAVE_TM_TM_GMT_OFF 1
| /* end confdefs.h.  */
| #include <time.h>
| 
| int
| main ()
| {
| static struct tm ac_aggr;
| if (ac_aggr.__tm_gmtoff)
| return 0;
|   ;
|   return 0;
| }
configure:14945: /usr/src/output/host/bin/arm-buildroot-linux-uclibcgnueabihf-gcc -c -D_LARGEFILE_SOURCE -D_LARGEFILE64_SOURCE -D_FILE_OFFSET_BITS=64  -Os  -std=c99 -D_GNU_SOURCE -D_LARGEFILE_SOURCE -D_LARGEFILE64_SOURCE -D_FILE_OFFSET_BITS=64 conftest.c >&5
conftest.c: In function 'main':
conftest.c:41:19: error: 'struct tm' has no member named '__tm_gmtoff'; did you mean 'tm_gmtoff'?
 if (sizeof ac_aggr.__tm_gmtoff)
                   ^
configure:14945: $? = 1
configure: failed program was:
| /* confdefs.h */
| #define PACKAGE_NAME "jq"
| #define PACKAGE_TARNAME "jq"
| #define PACKAGE_VERSION "1.5"
| #define PACKAGE_STRING "jq 1.5"
| #define PACKAGE_BUGREPORT "https://github.com/stedolan/jq/issues"
| #define PACKAGE_URL "https://stedolan.github.io/jq"
| #define PACKAGE "jq"
| #define VERSION "1.5"
| #define STDC_HEADERS 1
| #define HAVE_SYS_TYPES_H 1
| #define HAVE_SYS_STAT_H 1
| #define HAVE_STDLIB_H 1
| #define HAVE_STRING_H 1
| #define HAVE_MEMORY_H 1
| #define HAVE_STRINGS_H 1
| #define HAVE_INTTYPES_H 1
| #define HAVE_STDINT_H 1
| #define HAVE_UNISTD_H 1
| #define HAVE_DLFCN_H 1
| #define LT_OBJDIR ".libs/"
| #define HAVE_MEMMEM 1
| #define HAVE_MKSTEMP 1
| #define HAVE_ALLOCA_H 1
| #define HAVE_ALLOCA 1
| #define HAVE_ISATTY 1
| #define HAVE_STRPTIME 1
| #define HAVE_STRFTIME 1
| #define HAVE_TIMEGM 1
| #define HAVE_GMTIME_R 1
| #define HAVE_GMTIME 1
| #define HAVE_GETTIMEOFDAY 1
| #define HAVE_TM_TM_GMT_OFF 1
| /* end confdefs.h.  */
| #include <time.h>
| 
| int
| main ()
| {
| static struct tm ac_aggr;
| if (sizeof ac_aggr.__tm_gmtoff)
| return 0;
|   ;
|   return 0;
| }
configure:14945: result: no
configure:15278: checking for acos
configure:15306: /usr/src/output/host/bin/arm-buildroot-linux-uclibcgnueabihf-gcc -o conftest -D_LARGEFILE_SOURCE -D_LARGEFILE64_SOURCE -D_FILE_OFFSET_BITS=64  -Os  -std=c99 -D_GNU_SOURCE -D_LARGEFILE_SOURCE -D_LARGEFILE64_SOURCE -D_FILE_OFFSET_BITS=64  conftest.c     >&5
configure:15306: $? = 0
configure:15347: result: yes
configure:15378: checking for acosh
configure:15406: /usr/src/output/host/bin/arm-buildroot-linux-uclibcgnueabihf-gcc -o conftest -D_LARGEFILE_SOURCE -D_LARGEFILE64_SOURCE -D_FILE_OFFSET_BITS=64  -Os  -std=c99 -D_GNU_SOURCE -D_LARGEFILE_SOURCE -D_LARGEFILE64_SOURCE -D_FILE_OFFSET_BITS=64  conftest.c     >&5
configure:15406: $? = 0
configure:15447: result: yes
configure:15478: checking for asin
configure:15506: /usr/src/output/host/bin/arm-buildroot-linux-uclibcgnueabihf-gcc -o conftest -D_LARGEFILE_SOURCE -D_LARGEFILE64_SOURCE -D_FILE_OFFSET_BITS=64  -Os  -std=c99 -D_GNU_SOURCE -D_LARGEFILE_SOURCE -D_LARGEFILE64_SOURCE -D_FILE_OFFSET_BITS=64  conftest.c     >&5
configure:15506: $? = 0
configure:15547: result: yes
configure:15578: checking for asinh
configure:15606: /usr/src/output/host/bin/arm-buildroot-linux-uclibcgnueabihf-gcc -o conftest -D_LARGEFILE_SOURCE -D_LARGEFILE64_SOURCE -D_FILE_OFFSET_BITS=64  -Os  -std=c99 -D_GNU_SOURCE -D_LARGEFILE_SOURCE -D_LARGEFILE64_SOURCE -D_FILE_OFFSET_BITS=64  conftest.c     >&5
configure:15606: $? = 0
configure:15647: result: yes
configure:15678: checking for atan
configure:15706: /usr/src/output/host/bin/arm-buildroot-linux-uclibcgnueabihf-gcc -o conftest -D_LARGEFILE_SOURCE -D_LARGEFILE64_SOURCE -D_FILE_OFFSET_BITS=64  -Os  -std=c99 -D_GNU_SOURCE -D_LARGEFILE_SOURCE -D_LARGEFILE64_SOURCE -D_FILE_OFFSET_BITS=64  conftest.c     >&5
configure:15706: $? = 0
configure:15747: result: yes
configure:15778: checking for atanh
configure:15806: /usr/src/output/host/bin/arm-buildroot-linux-uclibcgnueabihf-gcc -o conftest -D_LARGEFILE_SOURCE -D_LARGEFILE64_SOURCE -D_FILE_OFFSET_BITS=64  -Os  -std=c99 -D_GNU_SOURCE -D_LARGEFILE_SOURCE -D_LARGEFILE64_SOURCE -D_FILE_OFFSET_BITS=64  conftest.c     >&5
configure:15806: $? = 0
configure:15847: result: yes
configure:15878: checking for cbrt
configure:15906: /usr/src/output/host/bin/arm-buildroot-linux-uclibcgnueabihf-gcc -o conftest -D_LARGEFILE_SOURCE -D_LARGEFILE64_SOURCE -D_FILE_OFFSET_BITS=64  -Os  -std=c99 -D_GNU_SOURCE -D_LARGEFILE_SOURCE -D_LARGEFILE64_SOURCE -D_FILE_OFFSET_BITS=64  conftest.c     >&5
configure:15906: $? = 0
configure:15947: result: yes
configure:15978: checking for cos
configure:16006: /usr/src/output/host/bin/arm-buildroot-linux-uclibcgnueabihf-gcc -o conftest -D_LARGEFILE_SOURCE -D_LARGEFILE64_SOURCE -D_FILE_OFFSET_BITS=64  -Os  -std=c99 -D_GNU_SOURCE -D_LARGEFILE_SOURCE -D_LARGEFILE64_SOURCE -D_FILE_OFFSET_BITS=64  conftest.c     >&5
configure:16006: $? = 0
configure:16047: result: yes
configure:16078: checking for cosh
configure:16106: /usr/src/output/host/bin/arm-buildroot-linux-uclibcgnueabihf-gcc -o conftest -D_LARGEFILE_SOURCE -D_LARGEFILE64_SOURCE -D_FILE_OFFSET_BITS=64  -Os  -std=c99 -D_GNU_SOURCE -D_LARGEFILE_SOURCE -D_LARGEFILE64_SOURCE -D_FILE_OFFSET_BITS=64  conftest.c     >&5
configure:16106: $? = 0
configure:16147: result: yes
configure:16178: checking for exp2
configure:16206: /usr/src/output/host/bin/arm-buildroot-linux-uclibcgnueabihf-gcc -o conftest -D_LARGEFILE_SOURCE -D_LARGEFILE64_SOURCE -D_FILE_OFFSET_BITS=64  -Os  -std=c99 -D_GNU_SOURCE -D_LARGEFILE_SOURCE -D_LARGEFILE64_SOURCE -D_FILE_OFFSET_BITS=64  conftest.c     >&5
configure:16206: $? = 0
configure:16247: result: yes
configure:16278: checking for exp
configure:16306: /usr/src/output/host/bin/arm-buildroot-linux-uclibcgnueabihf-gcc -o conftest -D_LARGEFILE_SOURCE -D_LARGEFILE64_SOURCE -D_FILE_OFFSET_BITS=64  -Os  -std=c99 -D_GNU_SOURCE -D_LARGEFILE_SOURCE -D_LARGEFILE64_SOURCE -D_FILE_OFFSET_BITS=64  conftest.c     >&5
configure:16306: $? = 0
configure:16347: result: yes
configure:16378: checking for floor
configure:16406: /usr/src/output/host/bin/arm-buildroot-linux-uclibcgnueabihf-gcc -o conftest -D_LARGEFILE_SOURCE -D_LARGEFILE64_SOURCE -D_FILE_OFFSET_BITS=64  -Os  -std=c99 -D_GNU_SOURCE -D_LARGEFILE_SOURCE -D_LARGEFILE64_SOURCE -D_FILE_OFFSET_BITS=64  conftest.c     >&5
configure:16406: $? = 0
configure:16447: result: yes
configure:16478: checking for j0
configure:16506: /usr/src/output/host/bin/arm-buildroot-linux-uclibcgnueabihf-gcc -o conftest -D_LARGEFILE_SOURCE -D_LARGEFILE64_SOURCE -D_FILE_OFFSET_BITS=64  -Os  -std=c99 -D_GNU_SOURCE -D_LARGEFILE_SOURCE -D_LARGEFILE64_SOURCE -D_FILE_OFFSET_BITS=64  conftest.c     >&5
configure:16506: $? = 0
configure:16547: result: yes
configure:16578: checking for j1
configure:16606: /usr/src/output/host/bin/arm-buildroot-linux-uclibcgnueabihf-gcc -o conftest -D_LARGEFILE_SOURCE -D_LARGEFILE64_SOURCE -D_FILE_OFFSET_BITS=64  -Os  -std=c99 -D_GNU_SOURCE -D_LARGEFILE_SOURCE -D_LARGEFILE64_SOURCE -D_FILE_OFFSET_BITS=64  conftest.c     >&5
configure:16606: $? = 0
configure:16647: result: yes
configure:16678: checking for log10
configure:16706: /usr/src/output/host/bin/arm-buildroot-linux-uclibcgnueabihf-gcc -o conftest -D_LARGEFILE_SOURCE -D_LARGEFILE64_SOURCE -D_FILE_OFFSET_BITS=64  -Os  -std=c99 -D_GNU_SOURCE -D_LARGEFILE_SOURCE -D_LARGEFILE64_SOURCE -D_FILE_OFFSET_BITS=64  conftest.c     >&5
configure:16706: $? = 0
configure:16747: result: yes
configure:16778: checking for log2
configure:16806: /usr/src/output/host/bin/arm-buildroot-linux-uclibcgnueabihf-gcc -o conftest -D_LARGEFILE_SOURCE -D_LARGEFILE64_SOURCE -D_FILE_OFFSET_BITS=64  -Os  -std=c99 -D_GNU_SOURCE -D_LARGEFILE_SOURCE -D_LARGEFILE64_SOURCE -D_FILE_OFFSET_BITS=64  conftest.c     >&5
configure:16806: $? = 0
configure:16847: result: yes
configure:16878: checking for log
configure:16906: /usr/src/output/host/bin/arm-buildroot-linux-uclibcgnueabihf-gcc -o conftest -D_LARGEFILE_SOURCE -D_LARGEFILE64_SOURCE -D_FILE_OFFSET_BITS=64  -Os  -std=c99 -D_GNU_SOURCE -D_LARGEFILE_SOURCE -D_LARGEFILE64_SOURCE -D_FILE_OFFSET_BITS=64  conftest.c     >&5
configure:16906: $? = 0
configure:16947: result: yes
configure:16978: checking for sin
configure:17006: /usr/src/output/host/bin/arm-buildroot-linux-uclibcgnueabihf-gcc -o conftest -D_LARGEFILE_SOURCE -D_LARGEFILE64_SOURCE -D_FILE_OFFSET_BITS=64  -Os  -std=c99 -D_GNU_SOURCE -D_LARGEFILE_SOURCE -D_LARGEFILE64_SOURCE -D_FILE_OFFSET_BITS=64  conftest.c     >&5
configure:17006: $? = 0
configure:17047: result: yes
configure:17078: checking for sinh
configure:17106: /usr/src/output/host/bin/arm-buildroot-linux-uclibcgnueabihf-gcc -o conftest -D_LARGEFILE_SOURCE -D_LARGEFILE64_SOURCE -D_FILE_OFFSET_BITS=64  -Os  -std=c99 -D_GNU_SOURCE -D_LARGEFILE_SOURCE -D_LARGEFILE64_SOURCE -D_FILE_OFFSET_BITS=64  conftest.c     >&5
configure:17106: $? = 0
configure:17147: result: yes
configure:17178: checking for sqrt
configure:17206: /usr/src/output/host/bin/arm-buildroot-linux-uclibcgnueabihf-gcc -o conftest -D_LARGEFILE_SOURCE -D_LARGEFILE64_SOURCE -D_FILE_OFFSET_BITS=64  -Os  -std=c99 -D_GNU_SOURCE -D_LARGEFILE_SOURCE -D_LARGEFILE64_SOURCE -D_FILE_OFFSET_BITS=64  conftest.c     >&5
configure:17206: $? = 0
configure:17247: result: yes
configure:17278: checking for tan
configure:17306: /usr/src/output/host/bin/arm-buildroot-linux-uclibcgnueabihf-gcc -o conftest -D_LARGEFILE_SOURCE -D_LARGEFILE64_SOURCE -D_FILE_OFFSET_BITS=64  -Os  -std=c99 -D_GNU_SOURCE -D_LARGEFILE_SOURCE -D_LARGEFILE64_SOURCE -D_FILE_OFFSET_BITS=64  conftest.c     >&5
configure:17306: $? = 0
configure:17347: result: yes
configure:17378: checking for tanh
configure:17406: /usr/src/output/host/bin/arm-buildroot-linux-uclibcgnueabihf-gcc -o conftest -D_LARGEFILE_SOURCE -D_LARGEFILE64_SOURCE -D_FILE_OFFSET_BITS=64  -Os  -std=c99 -D_GNU_SOURCE -D_LARGEFILE_SOURCE -D_LARGEFILE64_SOURCE -D_FILE_OFFSET_BITS=64  conftest.c     >&5
configure:17406: $? = 0
configure:17447: result: yes
configure:17478: checking for tgamma
configure:17506: /usr/src/output/host/bin/arm-buildroot-linux-uclibcgnueabihf-gcc -o conftest -D_LARGEFILE_SOURCE -D_LARGEFILE64_SOURCE -D_FILE_OFFSET_BITS=64  -Os  -std=c99 -D_GNU_SOURCE -D_LARGEFILE_SOURCE -D_LARGEFILE64_SOURCE -D_FILE_OFFSET_BITS=64  conftest.c     >&5
configure:17506: $? = 0
configure:17547: result: yes
configure:17578: checking for y0
configure:17606: /usr/src/output/host/bin/arm-buildroot-linux-uclibcgnueabihf-gcc -o conftest -D_LARGEFILE_SOURCE -D_LARGEFILE64_SOURCE -D_FILE_OFFSET_BITS=64  -Os  -std=c99 -D_GNU_SOURCE -D_LARGEFILE_SOURCE -D_LARGEFILE64_SOURCE -D_FILE_OFFSET_BITS=64  conftest.c     >&5
configure:17606: $? = 0
configure:17647: result: yes
configure:17678: checking for y1
configure:17706: /usr/src/output/host/bin/arm-buildroot-linux-uclibcgnueabihf-gcc -o conftest -D_LARGEFILE_SOURCE -D_LARGEFILE64_SOURCE -D_FILE_OFFSET_BITS=64  -Os  -std=c99 -D_GNU_SOURCE -D_LARGEFILE_SOURCE -D_LARGEFILE64_SOURCE -D_FILE_OFFSET_BITS=64  conftest.c     >&5
configure:17706: $? = 0
configure:17747: result: yes
configure:17778: checking for pow
configure:17806: /usr/src/output/host/bin/arm-buildroot-linux-uclibcgnueabihf-gcc -o conftest -D_LARGEFILE_SOURCE -D_LARGEFILE64_SOURCE -D_FILE_OFFSET_BITS=64  -Os  -std=c99 -D_GNU_SOURCE -D_LARGEFILE_SOURCE -D_LARGEFILE64_SOURCE -D_FILE_OFFSET_BITS=64  conftest.c     >&5
configure:17806: $? = 0
configure:17847: result: yes
configure:17878: checking for atan2
configure:17906: /usr/src/output/host/bin/arm-buildroot-linux-uclibcgnueabihf-gcc -o conftest -D_LARGEFILE_SOURCE -D_LARGEFILE64_SOURCE -D_FILE_OFFSET_BITS=64  -Os  -std=c99 -D_GNU_SOURCE -D_LARGEFILE_SOURCE -D_LARGEFILE64_SOURCE -D_FILE_OFFSET_BITS=64  conftest.c     >&5
configure:17906: $? = 0
configure:17947: result: yes
configure:17978: checking for hypot
configure:18006: /usr/src/output/host/bin/arm-buildroot-linux-uclibcgnueabihf-gcc -o conftest -D_LARGEFILE_SOURCE -D_LARGEFILE64_SOURCE -D_FILE_OFFSET_BITS=64  -Os  -std=c99 -D_GNU_SOURCE -D_LARGEFILE_SOURCE -D_LARGEFILE64_SOURCE -D_FILE_OFFSET_BITS=64  conftest.c     >&5
configure:18006: $? = 0
configure:18047: result: yes
configure:18078: checking for remainder
configure:18106: /usr/src/output/host/bin/arm-buildroot-linux-uclibcgnueabihf-gcc -o conftest -D_LARGEFILE_SOURCE -D_LARGEFILE64_SOURCE -D_FILE_OFFSET_BITS=64  -Os  -std=c99 -D_GNU_SOURCE -D_LARGEFILE_SOURCE -D_LARGEFILE64_SOURCE -D_FILE_OFFSET_BITS=64  conftest.c     >&5
configure:18106: $? = 0
configure:18147: result: yes
configure:18176: checking for thread-local storage
configure:18185: /usr/src/output/host/bin/arm-buildroot-linux-uclibcgnueabihf-gcc -o conftest -D_LARGEFILE_SOURCE -D_LARGEFILE64_SOURCE -D_FILE_OFFSET_BITS=64  -Os  -std=c99 -D_GNU_SOURCE -D_LARGEFILE_SOURCE -D_LARGEFILE64_SOURCE -D_FILE_OFFSET_BITS=64  conftest.c  >&5
configure:18185: $? = 0
configure:18195: result: yes
configure:18198: checking whether byte ordering is bigendian
configure:18404: result: no
configure:18575: checking that generated files are newer than configure
configure:18581: result: done
configure:18632: creating ./config.status

## ---------------------- ##
## Running config.status. ##
## ---------------------- ##

This file was extended by jq config.status 1.5, which was
generated by GNU Autoconf 2.69.  Invocation command line was

  CONFIG_FILES    = 
  CONFIG_HEADERS  = 
  CONFIG_LINKS    = 
  CONFIG_COMMANDS = 
  $ ./config.status 

on c37c58f94407

config.status:1073: creating Makefile
config.status:1245: executing depfiles commands
config.status:1245: executing libtool commands
configure:20671: WARNING: unrecognized options: --disable-gtk-doc, --disable-gtk-doc-html, --disable-doc, --disable-documentation, --with-xmlto, --with-fop, --enable-ipv6, --disable-nls

## ---------------- ##
## Cache variables. ##
## ---------------- ##

ac_cv_build=x86_64-pc-linux-gnu
ac_cv_c_bigendian=no
ac_cv_c_compiler_gnu=yes
ac_cv_env_CC_set=set
ac_cv_env_CC_value=/usr/src/output/host/bin/arm-buildroot-linux-uclibcgnueabihf-gcc
ac_cv_env_CFLAGS_set=set
ac_cv_env_CFLAGS_value='-D_LARGEFILE_SOURCE -D_LARGEFILE64_SOURCE -D_FILE_OFFSET_BITS=64  -Os  -std=c99 -D_GNU_SOURCE'
ac_cv_env_CPPFLAGS_set=set
ac_cv_env_CPPFLAGS_value='-D_LARGEFILE_SOURCE -D_LARGEFILE64_SOURCE -D_FILE_OFFSET_BITS=64'
ac_cv_env_CPP_set=set
ac_cv_env_CPP_value=/usr/src/output/host/bin/arm-buildroot-linux-uclibcgnueabihf-cpp
ac_cv_env_LDFLAGS_set=set
ac_cv_env_LDFLAGS_value=
ac_cv_env_LIBS_set=
ac_cv_env_LIBS_value=
ac_cv_env_YACC_set=
ac_cv_env_YACC_value=
ac_cv_env_YFLAGS_set=
ac_cv_env_YFLAGS_value=
ac_cv_env_build_alias_set=set
ac_cv_env_build_alias_value=x86_64-pc-linux-gnu
ac_cv_env_host_alias_set=set
ac_cv_env_host_alias_value=arm-buildroot-linux-uclibcgnueabihf
ac_cv_env_target_alias_set=set
ac_cv_env_target_alias_value=arm-buildroot-linux-uclibcgnueabihf
ac_cv_func__isatty=no
ac_cv_func_acos=yes
ac_cv_func_acosh=yes
ac_cv_func_alloca_works=yes
ac_cv_func_asin=yes
ac_cv_func_asinh=yes
ac_cv_func_atan2=yes
ac_cv_func_atan=yes
ac_cv_func_atanh=yes
ac_cv_func_calloc_0_nonnull=yes
ac_cv_func_cbrt=yes
ac_cv_func_cos=yes
ac_cv_func_cosh=yes
ac_cv_func_exp2=yes
ac_cv_func_exp=yes
ac_cv_func_floor=yes
ac_cv_func_gettimeofday=yes
ac_cv_func_gmtime=yes
ac_cv_func_gmtime_r=yes
ac_cv_func_hypot=yes
ac_cv_func_isatty=yes
ac_cv_func_j0=yes
ac_cv_func_j1=yes
ac_cv_func_log10=yes
ac_cv_func_log2=yes
ac_cv_func_log=yes
ac_cv_func_malloc_0_nonnull=yes
ac_cv_func_memcmp_working=yes
ac_cv_func_memmem=yes
ac_cv_func_mkstemp=yes
ac_cv_func_mmap_fixed_mapped=yes
ac_cv_func_pow=yes
ac_cv_func_realloc_0_nonnull=yes
ac_cv_func_remainder=yes
ac_cv_func_sin=yes
ac_cv_func_sinh=yes
ac_cv_func_sqrt=yes
ac_cv_func_strftime=yes
ac_cv_func_strptime=yes
ac_cv_func_tan=yes
ac_cv_func_tanh=yes
ac_cv_func_tgamma=yes
ac_cv_func_timegm=yes
ac_cv_func_y0=yes
ac_cv_func_y1=yes
ac_cv_funclib__isatty=no
ac_cv_funclib_acos=yes
ac_cv_funclib_acosh=yes
ac_cv_funclib_asin=yes
ac_cv_funclib_asinh=yes
ac_cv_funclib_atan2=yes
ac_cv_funclib_atan=yes
ac_cv_funclib_atanh=yes
ac_cv_funclib_cbrt=yes
ac_cv_funclib_cos=yes
ac_cv_funclib_cosh=yes
ac_cv_funclib_exp2=yes
ac_cv_funclib_exp=yes
ac_cv_funclib_floor=yes
ac_cv_funclib_gettimeofday=yes
ac_cv_funclib_gmtime=yes
ac_cv_funclib_gmtime_r=yes
ac_cv_funclib_hypot=yes
ac_cv_funclib_isatty=yes
ac_cv_funclib_j0=yes
ac_cv_funclib_j1=yes
ac_cv_funclib_log10=yes
ac_cv_funclib_log2=yes
ac_cv_funclib_log=yes
ac_cv_funclib_pow=yes
ac_cv_funclib_remainder=yes
ac_cv_funclib_sin=yes
ac_cv_funclib_sinh=yes
ac_cv_funclib_sqrt=yes
ac_cv_funclib_strftime=yes
ac_cv_funclib_strptime=yes
ac_cv_funclib_tan=yes
ac_cv_funclib_tanh=yes
ac_cv_funclib_tgamma=yes
ac_cv_funclib_timegm=yes
ac_cv_funclib_y0=yes
ac_cv_funclib_y1=yes
ac_cv_have_decl_malloc=yes
ac_cv_header_dlfcn_h=yes
ac_cv_header_inttypes_h=yes
ac_cv_header_memory_h=yes
ac_cv_header_oniguruma_h=no
ac_cv_header_stdc=yes
ac_cv_header_stdint_h=yes
ac_cv_header_stdlib_h=yes
ac_cv_header_string_h=yes
ac_cv_header_strings_h=yes
ac_cv_header_sys_stat_h=yes
ac_cv_header_sys_types_h=yes
ac_cv_header_unistd_h=yes
ac_cv_host=arm-buildroot-linux-uclibcgnueabihf
ac_cv_lbl_unaligned_fail=yes
ac_cv_member_struct_tm___tm_gmtoff=no
ac_cv_member_struct_tm_tm_gmtoff=yes
ac_cv_objext=o
ac_cv_path_EGREP='/bin/grep -E'
ac_cv_path_FGREP='/bin/grep -F'
ac_cv_path_GREP=/bin/grep
ac_cv_path_SED=/bin/sed
ac_cv_path_install='/usr/bin/install -c'
ac_cv_path_mkdir=/bin/mkdir
ac_cv_prog_AR=/usr/src/output/host/bin/arm-buildroot-linux-uclibcgnueabihf-ar
ac_cv_prog_AWK=mawk
ac_cv_prog_CC=/usr/src/output/host/bin/arm-buildroot-linux-uclibcgnueabihf-gcc
ac_cv_prog_CPP=/usr/src/output/host/bin/arm-buildroot-linux-uclibcgnueabihf-cpp
ac_cv_prog_OBJDUMP=/usr/src/output/host/bin/arm-buildroot-linux-uclibcgnueabihf-objdump
ac_cv_prog_RANLIB=/usr/src/output/host/bin/arm-buildroot-linux-uclibcgnueabihf-ranlib
ac_cv_prog_STRIP=/usr/src/output/host/bin/arm-buildroot-linux-uclibcgnueabihf-strip
ac_cv_prog_ac_ct_MANIFEST_TOOL=mt
ac_cv_prog_cc_c89=
ac_cv_prog_cc_c99=no
ac_cv_prog_cc_g=yes
ac_cv_prog_cc_stdc=
ac_cv_prog_make_make_set=yes
ac_cv_type_size_t=yes
ac_cv_working_alloca_h=yes
am_cv_CC_dependencies_compiler_type=none
am_cv_ar_interface=ar
am_cv_make_support_nested_variables=yes
am_cv_prog_cc_c_o=yes
gl_cv_func_malloc_0_nonnull=yes
lt_cv_ar_at_file=@
lt_cv_archive_cmds_need_lc=no
lt_cv_deplibs_check_method=pass_all
lt_cv_file_magic_cmd='$MAGIC_CMD'
lt_cv_file_magic_test_file=
lt_cv_ld_reload_flag=-r
lt_cv_nm_interface='BSD nm'
lt_cv_objdir=.libs
lt_cv_path_LD=/usr/src/output/host/bin/arm-buildroot-linux-uclibcgnueabihf-ld
lt_cv_path_NM=/usr/src/output/host/bin/arm-buildroot-linux-uclibcgnueabihf-nm
lt_cv_path_mainfest_tool=no
lt_cv_prog_compiler_c_o=yes
lt_cv_prog_compiler_pic='-fPIC -DPIC'
lt_cv_prog_compiler_pic_works=yes
lt_cv_prog_compiler_rtti_exceptions=no
lt_cv_prog_compiler_static_works=yes
lt_cv_prog_gnu_ld=yes
lt_cv_sharedlib_from_linklib_cmd='printf %s\n'
lt_cv_shlibpath_overrides_runpath=no
lt_cv_sys_global_symbol_pipe='sed -n -e '\''s/^.*[	 ]\([ABCDGIRSTW][ABCDGIRSTW]*\)[	 ][	 ]*\([_A-Za-z][_A-Za-z0-9]*\)$/\1 \2 \2/p'\'' | sed '\''/ __gnu_lto/d'\'''
lt_cv_sys_global_symbol_to_c_name_address='sed -n -e '\''s/^: \([^ ]*\)[ ]*$/  {\"\1\", (void *) 0},/p'\'' -e '\''s/^[ABCDGIRSTW]* \([^ ]*\) \([^ ]*\)$/  {"\2", (void *) \&\2},/p'\'''
lt_cv_sys_global_symbol_to_c_name_address_lib_prefix='sed -n -e '\''s/^: \([^ ]*\)[ ]*$/  {\"\1\", (void *) 0},/p'\'' -e '\''s/^[ABCDGIRSTW]* \([^ ]*\) \(lib[^ ]*\)$/  {"\2", (void *) \&\2},/p'\'' -e '\''s/^[ABCDGIRSTW]* \([^ ]*\) \([^ ]*\)$/  {"lib\2", (void *) \&\2},/p'\'''
lt_cv_sys_global_symbol_to_cdecl='sed -n -e '\''s/^T .* \(.*\)$/extern int \1();/p'\'' -e '\''s/^[ABCDGIRSTW]* .* \(.*\)$/extern char \1;/p'\'''
lt_cv_sys_lib_search_path_spec=
lt_cv_sys_max_cmd_len=1572864
lt_cv_to_host_file_cmd=func_convert_file_noop
lt_cv_to_tool_file_cmd=func_convert_file_noop

## ----------------- ##
## Output variables. ##
## ----------------- ##

ACLOCAL='${SHELL} /usr/src/output/build/jq-1.5/config/missing aclocal-1.14'
ALLOCA=''
AMDEPBACKSLASH=''
AMDEP_FALSE=''
AMDEP_TRUE='#'
AMTAR='$${TAR-tar}'
AM_BACKSLASH='\'
AM_DEFAULT_V='$(AM_DEFAULT_VERBOSITY)'
AM_DEFAULT_VERBOSITY='0'
AM_V='$(V)'
AR='/usr/src/output/host/bin/arm-buildroot-linux-uclibcgnueabihf-ar'
AS='/usr/src/output/host/bin/arm-buildroot-linux-uclibcgnueabihf-as'
AUTOCONF='${SHELL} /usr/src/output/build/jq-1.5/config/missing autoconf'
AUTOHEADER='${SHELL} /usr/src/output/build/jq-1.5/config/missing autoheader'
AUTOMAKE='${SHELL} /usr/src/output/build/jq-1.5/config/missing automake-1.14'
AWK='mawk'
BISON_VERSION=''
BUNDLER=''
CC='/usr/src/output/host/bin/arm-buildroot-linux-uclibcgnueabihf-gcc'
CCDEPMODE='depmode=none'
CFLAGS='-D_LARGEFILE_SOURCE -D_LARGEFILE64_SOURCE -D_FILE_OFFSET_BITS=64  -Os  -std=c99 -D_GNU_SOURCE'
CPP='/usr/src/output/host/bin/arm-buildroot-linux-uclibcgnueabihf-cpp'
CPPFLAGS='-D_LARGEFILE_SOURCE -D_LARGEFILE64_SOURCE -D_FILE_OFFSET_BITS=64'
CYGPATH_W='echo'
DEFS='-DPACKAGE_NAME=\"jq\" -DPACKAGE_TARNAME=\"jq\" -DPACKAGE_VERSION=\"1.5\" -DPACKAGE_STRING=\"jq\ 1.5\" -DPACKAGE_BUGREPORT=\"https://github.com/stedolan/jq/issues\" -DPACKAGE_URL=\"https://stedolan.github.io/jq\" -DPACKAGE=\"jq\" -DVERSION=\"1.5\" -DSTDC_HEADERS=1 -DHAVE_SYS_TYPES_H=1 -DHAVE_SYS_STAT_H=1 -DHAVE_STDLIB_H=1 -DHAVE_STRING_H=1 -DHAVE_MEMORY_H=1 -DHAVE_STRINGS_H=1 -DHAVE_INTTYPES_H=1 -DHAVE_STDINT_H=1 -DHAVE_UNISTD_H=1 -DHAVE_DLFCN_H=1 -DLT_OBJDIR=\".libs/\" -DHAVE_MEMMEM=1 -DHAVE_MKSTEMP=1 -DHAVE_ALLOCA_H=1 -DHAVE_ALLOCA=1 -DHAVE_ISATTY=1 -DHAVE_STRPTIME=1 -DHAVE_STRFTIME=1 -DHAVE_TIMEGM=1 -DHAVE_GMTIME_R=1 -DHAVE_GMTIME=1 -DHAVE_GETTIMEOFDAY=1 -DHAVE_TM_TM_GMT_OFF=1 -DHAVE_ACOS=1 -DHAVE_ACOSH=1 -DHAVE_ASIN=1 -DHAVE_ASINH=1 -DHAVE_ATAN=1 -DHAVE_ATANH=1 -DHAVE_CBRT=1 -DHAVE_COS=1 -DHAVE_COSH=1 -DHAVE_EXP2=1 -DHAVE_EXP=1 -DHAVE_FLOOR=1 -DHAVE_J0=1 -DHAVE_J1=1 -DHAVE_LOG10=1 -DHAVE_LOG2=1 -DHAVE_LOG=1 -DHAVE_SIN=1 -DHAVE_SINH=1 -DHAVE_SQRT=1 -DHAVE_TAN=1 -DHAVE_TANH=1 -DHAVE_TGAMMA=1 -DHAVE_Y0=1 -DHAVE_Y1=1 -DHAVE_POW=1 -DHAVE_ATAN2=1 -DHAVE_HYPOT=1 -DHAVE_REMAINDER=1 -DHAVE___THREAD=1 -DIEEE_8087=1'
DEPDIR='.deps'
DLLTOOL='false'
DSYMUTIL=''
DUMPBIN=''
ECHO_C=''
ECHO_N='-n'
ECHO_T=''
EGREP='/bin/grep -E'
ENABLE_ALL_STATIC_FALSE=''
ENABLE_ALL_STATIC_TRUE='#'
ENABLE_DOCS_FALSE=''
ENABLE_DOCS_TRUE='#'
ENABLE_ERROR_INJECTION_FALSE=''
ENABLE_ERROR_INJECTION_TRUE='#'
ENABLE_GCOV_FALSE=''
ENABLE_GCOV_TRUE='#'
ENABLE_VALGRIND_FALSE='#'
ENABLE_VALGRIND_TRUE=''
EXEEXT=''
FGREP='/bin/grep -F'
GREP='/bin/grep'
INSTALL_DATA='${INSTALL} -m 644'
INSTALL_PROGRAM='${INSTALL}'
INSTALL_SCRIPT='${INSTALL}'
INSTALL_STRIP_PROGRAM='$(install_sh) -c -s'
LD='/usr/src/output/host/bin/arm-buildroot-linux-uclibcgnueabihf-ld'
LDFLAGS=''
LEX=''
LEXLIB=''
LEX_OUTPUT_ROOT=''
LIBOBJS=''
LIBS=''
LIBTOOL='$(SHELL) $(top_builddir)/libtool'
LIB__isatty=''
LIB_acos=''
LIB_acosh=''
LIB_asin=''
LIB_asinh=''
LIB_atan2=''
LIB_atan=''
LIB_atanh=''
LIB_atexit=''
LIB_cbrt=''
LIB_cos=''
LIB_cosh=''
LIB_exp2=''
LIB_exp=''
LIB_floor=''
LIB_gettimeofday=''
LIB_gmtime=''
LIB_gmtime_r=''
LIB_hypot=''
LIB_isatty=''
LIB_j0=''
LIB_j1=''
LIB_log10=''
LIB_log2=''
LIB_log=''
LIB_pow=''
LIB_pthread_key_create=''
LIB_pthread_once=''
LIB_remainder=''
LIB_sin=''
LIB_sinh=''
LIB_sqrt=''
LIB_strftime=''
LIB_strptime=''
LIB_tan=''
LIB_tanh=''
LIB_tgamma=''
LIB_timegm=''
LIB_y0=''
LIB_y1=''
LIPO=''
LN_S='ln -s'
LTLIBOBJS=''
MAINT='#'
MAINTAINER_MODE_FALSE=''
MAINTAINER_MODE_TRUE='#'
MAKEINFO='${SHELL} /usr/src/output/build/jq-1.5/config/missing makeinfo'
MANIFEST_TOOL=':'
MKDIR_P='/bin/mkdir -p'
NM='/usr/src/output/host/bin/arm-buildroot-linux-uclibcgnueabihf-nm'
NMEDIT=''
OBJDUMP='/usr/src/output/host/bin/arm-buildroot-linux-uclibcgnueabihf-objdump'
OBJEXT='o'
OTOOL64=''
OTOOL=''
PACKAGE='jq'
PACKAGE_BUGREPORT='https://github.com/stedolan/jq/issues'
PACKAGE_NAME='jq'
PACKAGE_STRING='jq 1.5'
PACKAGE_TARNAME='jq'
PACKAGE_URL='https://stedolan.github.io/jq'
PACKAGE_VERSION='1.5'
PATH_SEPARATOR=':'
RANLIB='/usr/src/output/host/bin/arm-buildroot-linux-uclibcgnueabihf-ranlib'
SED='/bin/sed'
SET_MAKE=''
SHELL='/bin/bash'
STRIP='/usr/src/output/host/bin/arm-buildroot-linux-uclibcgnueabihf-strip'
VERSION='1.5'
YACC='yacc'
YFLAGS=''
ac_ct_AR=''
ac_ct_CC=''
ac_ct_DUMPBIN=''
am__EXEEXT_FALSE=''
am__EXEEXT_TRUE='#'
am__fastdepCC_FALSE=''
am__fastdepCC_TRUE='#'
am__include='include'
am__isrc=''
am__leading_dot='.'
am__nodep=''
am__quote=''
am__tar='$${TAR-tar} chof - "$$tardir"'
am__untar='$${TAR-tar} xf -'
bindir='${exec_prefix}/bin'
build='x86_64-pc-linux-gnu'
build_alias='x86_64-pc-linux-gnu'
build_cpu='x86_64'
build_os='linux-gnu'
build_vendor='pc'
bundle_cmd=''
datadir='${datarootdir}'
datarootdir='${prefix}/share'
docdir='${datarootdir}/doc/${PACKAGE_TARNAME}'
dvidir='${docdir}'
exec_prefix='/usr'
host='arm-buildroot-linux-uclibcgnueabihf'
host_alias='arm-buildroot-linux-uclibcgnueabihf'
host_cpu='arm'
host_os='linux-uclibcgnueabihf'
host_vendor='buildroot'
htmldir='${docdir}'
includedir='${prefix}/include'
infodir='${datarootdir}/info'
install_sh='${SHELL} /usr/src/output/build/jq-1.5/config/install-sh'
libdir='${exec_prefix}/lib'
libexecdir='${exec_prefix}/libexec'
localedir='${datarootdir}/locale'
localstatedir='/var'
mandir='${datarootdir}/man'
mkdir_p='$(MKDIR_P)'
oldincludedir='/usr/include'
pdfdir='${docdir}'
prefix='/usr'
program_transform_name='s&^&&'
psdir='${docdir}'
sbindir='${exec_prefix}/sbin'
sharedstatedir='${prefix}/com'
sysconfdir='/etc'
target_alias='arm-buildroot-linux-uclibcgnueabihf'
valgrind_cmd=''

## ----------- ##
## confdefs.h. ##
## ----------- ##

/* confdefs.h */
#define PACKAGE_NAME "jq"
#define PACKAGE_TARNAME "jq"
#define PACKAGE_VERSION "1.5"
#define PACKAGE_STRING "jq 1.5"
#define PACKAGE_BUGREPORT "https://github.com/stedolan/jq/issues"
#define PACKAGE_URL "https://stedolan.github.io/jq"
#define PACKAGE "jq"
#define VERSION "1.5"
#define STDC_HEADERS 1
#define HAVE_SYS_TYPES_H 1
#define HAVE_SYS_STAT_H 1
#define HAVE_STDLIB_H 1
#define HAVE_STRING_H 1
#define HAVE_MEMORY_H 1
#define HAVE_STRINGS_H 1
#define HAVE_INTTYPES_H 1
#define HAVE_STDINT_H 1
#define HAVE_UNISTD_H 1
#define HAVE_DLFCN_H 1
#define LT_OBJDIR ".libs/"
#define HAVE_MEMMEM 1
#define HAVE_MKSTEMP 1
#define HAVE_ALLOCA_H 1
#define HAVE_ALLOCA 1
#define HAVE_ISATTY 1
#define HAVE_STRPTIME 1
#define HAVE_STRFTIME 1
#define HAVE_TIMEGM 1
#define HAVE_GMTIME_R 1
#define HAVE_GMTIME 1
#define HAVE_GETTIMEOFDAY 1
#define HAVE_TM_TM_GMT_OFF 1
#define HAVE_ACOS 1
#define HAVE_ACOSH 1
#define HAVE_ASIN 1
#define HAVE_ASINH 1
#define HAVE_ATAN 1
#define HAVE_ATANH 1
#define HAVE_CBRT 1
#define HAVE_COS 1
#define HAVE_COSH 1
#define HAVE_EXP2 1
#define HAVE_EXP 1
#define HAVE_FLOOR 1
#define HAVE_J0 1
#define HAVE_J1 1
#define HAVE_LOG10 1
#define HAVE_LOG2 1
#define HAVE_LOG 1
#define HAVE_SIN 1
#define HAVE_SINH 1
#define HAVE_SQRT 1
#define HAVE_TAN 1
#define HAVE_TANH 1
#define HAVE_TGAMMA 1
#define HAVE_Y0 1
#define HAVE_Y1 1
#define HAVE_POW 1
#define HAVE_ATAN2 1
#define HAVE_HYPOT 1
#define HAVE_REMAINDER 1
#define HAVE___THREAD 1
#define IEEE_8087 1

configure: exit 0
