This file contains any messages produced by compilers while
running configure, to aid debugging if configure makes a mistake.

It was created by dosfstools configure 4.1, which was
generated by GNU Autoconf 2.69.  Invocation command line was

  $ ./configure --prefix=/usr/src/output/host --sysconfdir=/usr/src/output/host/etc --localstatedir=/usr/src/output/host/var --enable-shared --disable-static --disable-gtk-doc --disable-gtk-doc-html --disable-doc --disable-docs --disable-documentation --disable-debug --with-xmlto=no --with-fop=no --disable-dependency-tracking --enable-compat-symlinks

## --------- ##
## Platform. ##
## --------- ##

hostname = c37c58f94407
uname -m = x86_64
uname -r = 4.15.0-42-generic
uname -s = Linux
uname -v = #45~16.04.1-Ubuntu SMP Mon Nov 19 13:02:27 UTC 2018

/usr/bin/uname -p = unknown
/bin/uname -X     = unknown

/bin/arch              = unknown
/usr/bin/arch -k       = unknown
/usr/convex/getsysinfo = unknown
/usr/bin/hostinfo      = unknown
/bin/machine           = unknown
/usr/bin/oslevel       = unknown
/bin/universe          = unknown

PATH: /usr/src/output/host/bin
PATH: /usr/src/output/host/sbin
PATH: /usr/local/sbin
PATH: /usr/local/bin
PATH: /usr/sbin
PATH: /usr/bin
PATH: /sbin
PATH: /bin


## ----------- ##
## Core tests. ##
## ----------- ##

configure:2208: checking for a BSD-compatible install
configure:2276: result: /usr/bin/install -c
configure:2287: checking whether build environment is sane
configure:2342: result: yes
configure:2493: checking for a thread-safe mkdir -p
configure:2532: result: /bin/mkdir -p
configure:2539: checking for gawk
configure:2569: result: no
configure:2539: checking for mawk
configure:2555: found /usr/bin/mawk
configure:2566: result: mawk
configure:2577: checking whether make sets $(MAKE)
configure:2599: result: yes
configure:2628: checking whether make supports nested variables
configure:2645: result: yes
configure:2841: checking for gcc
configure:2868: result: /usr/bin/gcc
configure:3097: checking for C compiler version
configure:3106: /usr/bin/gcc --version >&5
gcc (Debian 6.3.0-18+deb9u1) 6.3.0 20170516
Copyright (C) 2016 Free Software Foundation, Inc.
This is free software; see the source for copying conditions.  There is NO
warranty; not even for MERCHANTABILITY or FITNESS FOR A PARTICULAR PURPOSE.

configure:3117: $? = 0
configure:3106: /usr/bin/gcc -v >&5
Using built-in specs.
COLLECT_GCC=/usr/bin/gcc
COLLECT_LTO_WRAPPER=/usr/lib/gcc/x86_64-linux-gnu/6/lto-wrapper
Target: x86_64-linux-gnu
Configured with: ../src/configure -v --with-pkgversion='Debian 6.3.0-18+deb9u1' --with-bugurl=file:///usr/share/doc/gcc-6/README.Bugs --enable-languages=c,ada,c++,java,go,d,fortran,objc,obj-c++ --prefix=/usr --program-suffix=-6 --program-prefix=x86_64-linux-gnu- --enable-shared --enable-linker-build-id --libexecdir=/usr/lib --without-included-gettext --enable-threads=posix --libdir=/usr/lib --enable-nls --with-sysroot=/ --enable-clocale=gnu --enable-libstdcxx-debug --enable-libstdcxx-time=yes --with-default-libstdcxx-abi=new --enable-gnu-unique-object --disable-vtable-verify --enable-libmpx --enable-plugin --enable-default-pie --with-system-zlib --disable-browser-plugin --enable-java-awt=gtk --enable-gtk-cairo --with-java-home=/usr/lib/jvm/java-1.5.0-gcj-6-amd64/jre --enable-java-home --with-jvm-root-dir=/usr/lib/jvm/java-1.5.0-gcj-6-amd64 --with-jvm-jar-dir=/usr/lib/jvm-exports/java-1.5.0-gcj-6-amd64 --with-arch-directory=amd64 --with-ecj-jar=/usr/share/java/eclipse-ecj.jar --with-target-system-zlib --enable-objc-gc=auto --enable-multiarch --with-arch-32=i686 --with-abi=m64 --with-multilib-list=m32,m64,mx32 --enable-multilib --with-tune=generic --enable-checking=release --build=x86_64-linux-gnu --host=x86_64-linux-gnu --target=x86_64-linux-gnu
Thread model: posix
gcc version 6.3.0 20170516 (Debian 6.3.0-18+deb9u1) 
configure:3117: $? = 0
configure:3106: /usr/bin/gcc -V >&5
gcc: error: unrecognized command line option '-V'
gcc: fatal error: no input files
compilation terminated.
configure:3117: $? = 1
configure:3106: /usr/bin/gcc -qversion >&5
gcc: error: unrecognized command line option '-qversion'; did you mean '--version'?
gcc: fatal error: no input files
compilation terminated.
configure:3117: $? = 1
configure:3137: checking whether the C compiler works
configure:3159: /usr/bin/gcc -O2 -I/usr/src/output/host/include -I/usr/src/output/host/include -L/usr/src/output/host/lib -Wl,-rpath,/usr/src/output/host/lib conftest.c  >&5
configure:3163: $? = 0
configure:3211: result: yes
configure:3214: checking for C compiler default output file name
configure:3216: result: a.out
configure:3222: checking for suffix of executables
configure:3229: /usr/bin/gcc -o conftest -O2 -I/usr/src/output/host/include -I/usr/src/output/host/include -L/usr/src/output/host/lib -Wl,-rpath,/usr/src/output/host/lib conftest.c  >&5
configure:3233: $? = 0
configure:3255: result: 
configure:3277: checking whether we are cross compiling
configure:3285: /usr/bin/gcc -o conftest -O2 -I/usr/src/output/host/include -I/usr/src/output/host/include -L/usr/src/output/host/lib -Wl,-rpath,/usr/src/output/host/lib conftest.c  >&5
configure:3289: $? = 0
configure:3296: ./conftest
configure:3300: $? = 0
configure:3315: result: no
configure:3320: checking for suffix of object files
configure:3342: /usr/bin/gcc -c -O2 -I/usr/src/output/host/include -I/usr/src/output/host/include conftest.c >&5
configure:3346: $? = 0
configure:3367: result: o
configure:3371: checking whether we are using the GNU C compiler
configure:3390: /usr/bin/gcc -c -O2 -I/usr/src/output/host/include -I/usr/src/output/host/include conftest.c >&5
configure:3390: $? = 0
configure:3399: result: yes
configure:3408: checking whether /usr/bin/gcc accepts -g
configure:3428: /usr/bin/gcc -c -g -I/usr/src/output/host/include conftest.c >&5
configure:3428: $? = 0
configure:3469: result: yes
configure:3486: checking for /usr/bin/gcc option to accept ISO C89
configure:3549: /usr/bin/gcc  -c -O2 -I/usr/src/output/host/include -I/usr/src/output/host/include conftest.c >&5
configure:3549: $? = 0
configure:3562: result: none needed
configure:3587: checking whether /usr/bin/gcc understands -c and -o together
configure:3609: /usr/bin/gcc -c conftest.c -o conftest2.o
configure:3612: $? = 0
configure:3609: /usr/bin/gcc -c conftest.c -o conftest2.o
configure:3612: $? = 0
configure:3624: result: yes
configure:3652: checking for style of include used by make
configure:3680: result: GNU
configure:3706: checking dependency style of /usr/bin/gcc
configure:3817: result: none
configure:3832: checking whether ln -s works
configure:3836: result: yes
configure:3852: checking for special C compiler options needed for large files
configure:3897: result: no
configure:3903: checking for _FILE_OFFSET_BITS value needed for large files
configure:3928: /usr/bin/gcc -c -O2 -I/usr/src/output/host/include -I/usr/src/output/host/include conftest.c >&5
configure:3928: $? = 0
configure:3960: result: no
configure:4051: checking how to run the C preprocessor
configure:4121: result: /usr/bin/cpp
configure:4141: /usr/bin/cpp -I/usr/src/output/host/include conftest.c
configure:4141: $? = 0
configure:4155: /usr/bin/cpp -I/usr/src/output/host/include conftest.c
conftest.c:11:28: fatal error: ac_nonexistent.h: No such file or directory
 #include <ac_nonexistent.h>
                            ^
compilation terminated.
configure:4155: $? = 1
configure: failed program was:
| /* confdefs.h */
| #define PACKAGE_NAME "dosfstools"
| #define PACKAGE_TARNAME "dosfstools"
| #define PACKAGE_VERSION "4.1"
| #define PACKAGE_STRING "dosfstools 4.1"
| #define PACKAGE_BUGREPORT ""
| #define PACKAGE_URL ""
| #define PACKAGE "dosfstools"
| #define VERSION "4.1"
| /* end confdefs.h.  */
| #include <ac_nonexistent.h>
configure:4184: checking for grep that handles long lines and -e
configure:4242: result: /bin/grep
configure:4247: checking for egrep
configure:4309: result: /bin/grep -E
configure:4314: checking for ANSI C header files
configure:4334: /usr/bin/gcc -c -O2 -I/usr/src/output/host/include -I/usr/src/output/host/include conftest.c >&5
configure:4334: $? = 0
configure:4407: /usr/bin/gcc -o conftest -O2 -I/usr/src/output/host/include -I/usr/src/output/host/include -L/usr/src/output/host/lib -Wl,-rpath,/usr/src/output/host/lib conftest.c  >&5
configure:4407: $? = 0
configure:4407: ./conftest
configure:4407: $? = 0
configure:4418: result: yes
configure:4431: checking for sys/types.h
configure:4431: /usr/bin/gcc -c -O2 -I/usr/src/output/host/include -I/usr/src/output/host/include conftest.c >&5
configure:4431: $? = 0
configure:4431: result: yes
configure:4431: checking for sys/stat.h
configure:4431: /usr/bin/gcc -c -O2 -I/usr/src/output/host/include -I/usr/src/output/host/include conftest.c >&5
configure:4431: $? = 0
configure:4431: result: yes
configure:4431: checking for stdlib.h
configure:4431: /usr/bin/gcc -c -O2 -I/usr/src/output/host/include -I/usr/src/output/host/include conftest.c >&5
configure:4431: $? = 0
configure:4431: result: yes
configure:4431: checking for string.h
configure:4431: /usr/bin/gcc -c -O2 -I/usr/src/output/host/include -I/usr/src/output/host/include conftest.c >&5
configure:4431: $? = 0
configure:4431: result: yes
configure:4431: checking for memory.h
configure:4431: /usr/bin/gcc -c -O2 -I/usr/src/output/host/include -I/usr/src/output/host/include conftest.c >&5
configure:4431: $? = 0
configure:4431: result: yes
configure:4431: checking for strings.h
configure:4431: /usr/bin/gcc -c -O2 -I/usr/src/output/host/include -I/usr/src/output/host/include conftest.c >&5
configure:4431: $? = 0
configure:4431: result: yes
configure:4431: checking for inttypes.h
configure:4431: /usr/bin/gcc -c -O2 -I/usr/src/output/host/include -I/usr/src/output/host/include conftest.c >&5
configure:4431: $? = 0
configure:4431: result: yes
configure:4431: checking for stdint.h
configure:4431: /usr/bin/gcc -c -O2 -I/usr/src/output/host/include -I/usr/src/output/host/include conftest.c >&5
configure:4431: $? = 0
configure:4431: result: yes
configure:4431: checking for unistd.h
configure:4431: /usr/bin/gcc -c -O2 -I/usr/src/output/host/include -I/usr/src/output/host/include conftest.c >&5
configure:4431: $? = 0
configure:4431: result: yes
configure:4456: checking err.h usability
configure:4456: /usr/bin/gcc -c -O2 -I/usr/src/output/host/include -I/usr/src/output/host/include conftest.c >&5
configure:4456: $? = 0
configure:4456: result: yes
configure:4456: checking err.h presence
configure:4456: /usr/bin/cpp -I/usr/src/output/host/include conftest.c
configure:4456: $? = 0
configure:4456: result: yes
configure:4456: checking for err.h
configure:4456: result: yes
configure:4456: checking linux/fd.h usability
configure:4456: /usr/bin/gcc -c -O2 -I/usr/src/output/host/include -I/usr/src/output/host/include conftest.c >&5
configure:4456: $? = 0
configure:4456: result: yes
configure:4456: checking linux/fd.h presence
configure:4456: /usr/bin/cpp -I/usr/src/output/host/include conftest.c
configure:4456: $? = 0
configure:4456: result: yes
configure:4456: checking for linux/fd.h
configure:4456: result: yes
configure:4456: checking linux/hdreg.h usability
configure:4456: /usr/bin/gcc -c -O2 -I/usr/src/output/host/include -I/usr/src/output/host/include conftest.c >&5
configure:4456: $? = 0
configure:4456: result: yes
configure:4456: checking linux/hdreg.h presence
configure:4456: /usr/bin/cpp -I/usr/src/output/host/include conftest.c
configure:4456: $? = 0
configure:4456: result: yes
configure:4456: checking for linux/hdreg.h
configure:4456: result: yes
configure:4456: checking linux/version.h usability
configure:4456: /usr/bin/gcc -c -O2 -I/usr/src/output/host/include -I/usr/src/output/host/include conftest.c >&5
configure:4456: $? = 0
configure:4456: result: yes
configure:4456: checking linux/version.h presence
configure:4456: /usr/bin/cpp -I/usr/src/output/host/include conftest.c
configure:4456: $? = 0
configure:4456: result: yes
configure:4456: checking for linux/version.h
configure:4456: result: yes
configure:4456: checking sys/disk.h usability
configure:4456: /usr/bin/gcc -c -O2 -I/usr/src/output/host/include -I/usr/src/output/host/include conftest.c >&5
conftest.c:58:22: fatal error: sys/disk.h: No such file or directory
 #include <sys/disk.h>
                      ^
compilation terminated.
configure:4456: $? = 1
configure: failed program was:
| /* confdefs.h */
| #define PACKAGE_NAME "dosfstools"
| #define PACKAGE_TARNAME "dosfstools"
| #define PACKAGE_VERSION "4.1"
| #define PACKAGE_STRING "dosfstools 4.1"
| #define PACKAGE_BUGREPORT ""
| #define PACKAGE_URL ""
| #define PACKAGE "dosfstools"
| #define VERSION "4.1"
| #define STDC_HEADERS 1
| #define HAVE_SYS_TYPES_H 1
| #define HAVE_SYS_STAT_H 1
| #define HAVE_STDLIB_H 1
| #define HAVE_STRING_H 1
| #define HAVE_MEMORY_H 1
| #define HAVE_STRINGS_H 1
| #define HAVE_INTTYPES_H 1
| #define HAVE_STDINT_H 1
| #define HAVE_UNISTD_H 1
| #define HAVE_ERR_H 1
| #define HAVE_LINUX_FD_H 1
| #define HAVE_LINUX_HDREG_H 1
| #define HAVE_LINUX_VERSION_H 1
| /* end confdefs.h.  */
| #include <stdio.h>
| #ifdef HAVE_SYS_TYPES_H
| # include <sys/types.h>
| #endif
| #ifdef HAVE_SYS_STAT_H
| # include <sys/stat.h>
| #endif
| #ifdef STDC_HEADERS
| # include <stdlib.h>
| # include <stddef.h>
| #else
| # ifdef HAVE_STDLIB_H
| #  include <stdlib.h>
| # endif
| #endif
| #ifdef HAVE_STRING_H
| # if !defined STDC_HEADERS && defined HAVE_MEMORY_H
| #  include <memory.h>
| # endif
| # include <string.h>
| #endif
| #ifdef HAVE_STRINGS_H
| # include <strings.h>
| #endif
| #ifdef HAVE_INTTYPES_H
| # include <inttypes.h>
| #endif
| #ifdef HAVE_STDINT_H
| # include <stdint.h>
| #endif
| #ifdef HAVE_UNISTD_H
| # include <unistd.h>
| #endif
| #include <sys/disk.h>
configure:4456: result: no
configure:4456: checking sys/disk.h presence
configure:4456: /usr/bin/cpp -I/usr/src/output/host/include conftest.c
conftest.c:25:22: fatal error: sys/disk.h: No such file or directory
 #include <sys/disk.h>
                      ^
compilation terminated.
configure:4456: $? = 1
configure: failed program was:
| /* confdefs.h */
| #define PACKAGE_NAME "dosfstools"
| #define PACKAGE_TARNAME "dosfstools"
| #define PACKAGE_VERSION "4.1"
| #define PACKAGE_STRING "dosfstools 4.1"
| #define PACKAGE_BUGREPORT ""
| #define PACKAGE_URL ""
| #define PACKAGE "dosfstools"
| #define VERSION "4.1"
| #define STDC_HEADERS 1
| #define HAVE_SYS_TYPES_H 1
| #define HAVE_SYS_STAT_H 1
| #define HAVE_STDLIB_H 1
| #define HAVE_STRING_H 1
| #define HAVE_MEMORY_H 1
| #define HAVE_STRINGS_H 1
| #define HAVE_INTTYPES_H 1
| #define HAVE_STDINT_H 1
| #define HAVE_UNISTD_H 1
| #define HAVE_ERR_H 1
| #define HAVE_LINUX_FD_H 1
| #define HAVE_LINUX_HDREG_H 1
| #define HAVE_LINUX_VERSION_H 1
| /* end confdefs.h.  */
| #include <sys/disk.h>
configure:4456: result: no
configure:4456: checking for sys/disk.h
configure:4456: result: no
configure:4456: checking sys/disklabel.h usability
configure:4456: /usr/bin/gcc -c -O2 -I/usr/src/output/host/include -I/usr/src/output/host/include conftest.c >&5
conftest.c:58:27: fatal error: sys/disklabel.h: No such file or directory
 #include <sys/disklabel.h>
                           ^
compilation terminated.
configure:4456: $? = 1
configure: failed program was:
| /* confdefs.h */
| #define PACKAGE_NAME "dosfstools"
| #define PACKAGE_TARNAME "dosfstools"
| #define PACKAGE_VERSION "4.1"
| #define PACKAGE_STRING "dosfstools 4.1"
| #define PACKAGE_BUGREPORT ""
| #define PACKAGE_URL ""
| #define PACKAGE "dosfstools"
| #define VERSION "4.1"
| #define STDC_HEADERS 1
| #define HAVE_SYS_TYPES_H 1
| #define HAVE_SYS_STAT_H 1
| #define HAVE_STDLIB_H 1
| #define HAVE_STRING_H 1
| #define HAVE_MEMORY_H 1
| #define HAVE_STRINGS_H 1
| #define HAVE_INTTYPES_H 1
| #define HAVE_STDINT_H 1
| #define HAVE_UNISTD_H 1
| #define HAVE_ERR_H 1
| #define HAVE_LINUX_FD_H 1
| #define HAVE_LINUX_HDREG_H 1
| #define HAVE_LINUX_VERSION_H 1
| /* end confdefs.h.  */
| #include <stdio.h>
| #ifdef HAVE_SYS_TYPES_H
| # include <sys/types.h>
| #endif
| #ifdef HAVE_SYS_STAT_H
| # include <sys/stat.h>
| #endif
| #ifdef STDC_HEADERS
| # include <stdlib.h>
| # include <stddef.h>
| #else
| # ifdef HAVE_STDLIB_H
| #  include <stdlib.h>
| # endif
| #endif
| #ifdef HAVE_STRING_H
| # if !defined STDC_HEADERS && defined HAVE_MEMORY_H
| #  include <memory.h>
| # endif
| # include <string.h>
| #endif
| #ifdef HAVE_STRINGS_H
| # include <strings.h>
| #endif
| #ifdef HAVE_INTTYPES_H
| # include <inttypes.h>
| #endif
| #ifdef HAVE_STDINT_H
| # include <stdint.h>
| #endif
| #ifdef HAVE_UNISTD_H
| # include <unistd.h>
| #endif
| #include <sys/disklabel.h>
configure:4456: result: no
configure:4456: checking sys/disklabel.h presence
configure:4456: /usr/bin/cpp -I/usr/src/output/host/include conftest.c
conftest.c:25:27: fatal error: sys/disklabel.h: No such file or directory
 #include <sys/disklabel.h>
                           ^
compilation terminated.
configure:4456: $? = 1
configure: failed program was:
| /* confdefs.h */
| #define PACKAGE_NAME "dosfstools"
| #define PACKAGE_TARNAME "dosfstools"
| #define PACKAGE_VERSION "4.1"
| #define PACKAGE_STRING "dosfstools 4.1"
| #define PACKAGE_BUGREPORT ""
| #define PACKAGE_URL ""
| #define PACKAGE "dosfstools"
| #define VERSION "4.1"
| #define STDC_HEADERS 1
| #define HAVE_SYS_TYPES_H 1
| #define HAVE_SYS_STAT_H 1
| #define HAVE_STDLIB_H 1
| #define HAVE_STRING_H 1
| #define HAVE_MEMORY_H 1
| #define HAVE_STRINGS_H 1
| #define HAVE_INTTYPES_H 1
| #define HAVE_STDINT_H 1
| #define HAVE_UNISTD_H 1
| #define HAVE_ERR_H 1
| #define HAVE_LINUX_FD_H 1
| #define HAVE_LINUX_HDREG_H 1
| #define HAVE_LINUX_VERSION_H 1
| /* end confdefs.h.  */
| #include <sys/disklabel.h>
configure:4456: result: no
configure:4456: checking for sys/disklabel.h
configure:4456: result: no
configure:4456: checking sys/ioccom.h usability
configure:4456: /usr/bin/gcc -c -O2 -I/usr/src/output/host/include -I/usr/src/output/host/include conftest.c >&5
conftest.c:58:24: fatal error: sys/ioccom.h: No such file or directory
 #include <sys/ioccom.h>
                        ^
compilation terminated.
configure:4456: $? = 1
configure: failed program was:
| /* confdefs.h */
| #define PACKAGE_NAME "dosfstools"
| #define PACKAGE_TARNAME "dosfstools"
| #define PACKAGE_VERSION "4.1"
| #define PACKAGE_STRING "dosfstools 4.1"
| #define PACKAGE_BUGREPORT ""
| #define PACKAGE_URL ""
| #define PACKAGE "dosfstools"
| #define VERSION "4.1"
| #define STDC_HEADERS 1
| #define HAVE_SYS_TYPES_H 1
| #define HAVE_SYS_STAT_H 1
| #define HAVE_STDLIB_H 1
| #define HAVE_STRING_H 1
| #define HAVE_MEMORY_H 1
| #define HAVE_STRINGS_H 1
| #define HAVE_INTTYPES_H 1
| #define HAVE_STDINT_H 1
| #define HAVE_UNISTD_H 1
| #define HAVE_ERR_H 1
| #define HAVE_LINUX_FD_H 1
| #define HAVE_LINUX_HDREG_H 1
| #define HAVE_LINUX_VERSION_H 1
| /* end confdefs.h.  */
| #include <stdio.h>
| #ifdef HAVE_SYS_TYPES_H
| # include <sys/types.h>
| #endif
| #ifdef HAVE_SYS_STAT_H
| # include <sys/stat.h>
| #endif
| #ifdef STDC_HEADERS
| # include <stdlib.h>
| # include <stddef.h>
| #else
| # ifdef HAVE_STDLIB_H
| #  include <stdlib.h>
| # endif
| #endif
| #ifdef HAVE_STRING_H
| # if !defined STDC_HEADERS && defined HAVE_MEMORY_H
| #  include <memory.h>
| # endif
| # include <string.h>
| #endif
| #ifdef HAVE_STRINGS_H
| # include <strings.h>
| #endif
| #ifdef HAVE_INTTYPES_H
| # include <inttypes.h>
| #endif
| #ifdef HAVE_STDINT_H
| # include <stdint.h>
| #endif
| #ifdef HAVE_UNISTD_H
| # include <unistd.h>
| #endif
| #include <sys/ioccom.h>
configure:4456: result: no
configure:4456: checking sys/ioccom.h presence
configure:4456: /usr/bin/cpp -I/usr/src/output/host/include conftest.c
conftest.c:25:24: fatal error: sys/ioccom.h: No such file or directory
 #include <sys/ioccom.h>
                        ^
compilation terminated.
configure:4456: $? = 1
configure: failed program was:
| /* confdefs.h */
| #define PACKAGE_NAME "dosfstools"
| #define PACKAGE_TARNAME "dosfstools"
| #define PACKAGE_VERSION "4.1"
| #define PACKAGE_STRING "dosfstools 4.1"
| #define PACKAGE_BUGREPORT ""
| #define PACKAGE_URL ""
| #define PACKAGE "dosfstools"
| #define VERSION "4.1"
| #define STDC_HEADERS 1
| #define HAVE_SYS_TYPES_H 1
| #define HAVE_SYS_STAT_H 1
| #define HAVE_STDLIB_H 1
| #define HAVE_STRING_H 1
| #define HAVE_MEMORY_H 1
| #define HAVE_STRINGS_H 1
| #define HAVE_INTTYPES_H 1
| #define HAVE_STDINT_H 1
| #define HAVE_UNISTD_H 1
| #define HAVE_ERR_H 1
| #define HAVE_LINUX_FD_H 1
| #define HAVE_LINUX_HDREG_H 1
| #define HAVE_LINUX_VERSION_H 1
| /* end confdefs.h.  */
| #include <sys/ioccom.h>
configure:4456: result: no
configure:4456: checking for sys/ioccom.h
configure:4456: result: no
configure:4456: checking sys/mkdev.h usability
configure:4456: /usr/bin/gcc -c -O2 -I/usr/src/output/host/include -I/usr/src/output/host/include conftest.c >&5
conftest.c:58:23: fatal error: sys/mkdev.h: No such file or directory
 #include <sys/mkdev.h>
                       ^
compilation terminated.
configure:4456: $? = 1
configure: failed program was:
| /* confdefs.h */
| #define PACKAGE_NAME "dosfstools"
| #define PACKAGE_TARNAME "dosfstools"
| #define PACKAGE_VERSION "4.1"
| #define PACKAGE_STRING "dosfstools 4.1"
| #define PACKAGE_BUGREPORT ""
| #define PACKAGE_URL ""
| #define PACKAGE "dosfstools"
| #define VERSION "4.1"
| #define STDC_HEADERS 1
| #define HAVE_SYS_TYPES_H 1
| #define HAVE_SYS_STAT_H 1
| #define HAVE_STDLIB_H 1
| #define HAVE_STRING_H 1
| #define HAVE_MEMORY_H 1
| #define HAVE_STRINGS_H 1
| #define HAVE_INTTYPES_H 1
| #define HAVE_STDINT_H 1
| #define HAVE_UNISTD_H 1
| #define HAVE_ERR_H 1
| #define HAVE_LINUX_FD_H 1
| #define HAVE_LINUX_HDREG_H 1
| #define HAVE_LINUX_VERSION_H 1
| /* end confdefs.h.  */
| #include <stdio.h>
| #ifdef HAVE_SYS_TYPES_H
| # include <sys/types.h>
| #endif
| #ifdef HAVE_SYS_STAT_H
| # include <sys/stat.h>
| #endif
| #ifdef STDC_HEADERS
| # include <stdlib.h>
| # include <stddef.h>
| #else
| # ifdef HAVE_STDLIB_H
| #  include <stdlib.h>
| # endif
| #endif
| #ifdef HAVE_STRING_H
| # if !defined STDC_HEADERS && defined HAVE_MEMORY_H
| #  include <memory.h>
| # endif
| # include <string.h>
| #endif
| #ifdef HAVE_STRINGS_H
| # include <strings.h>
| #endif
| #ifdef HAVE_INTTYPES_H
| # include <inttypes.h>
| #endif
| #ifdef HAVE_STDINT_H
| # include <stdint.h>
| #endif
| #ifdef HAVE_UNISTD_H
| # include <unistd.h>
| #endif
| #include <sys/mkdev.h>
configure:4456: result: no
configure:4456: checking sys/mkdev.h presence
configure:4456: /usr/bin/cpp -I/usr/src/output/host/include conftest.c
conftest.c:25:23: fatal error: sys/mkdev.h: No such file or directory
 #include <sys/mkdev.h>
                       ^
compilation terminated.
configure:4456: $? = 1
configure: failed program was:
| /* confdefs.h */
| #define PACKAGE_NAME "dosfstools"
| #define PACKAGE_TARNAME "dosfstools"
| #define PACKAGE_VERSION "4.1"
| #define PACKAGE_STRING "dosfstools 4.1"
| #define PACKAGE_BUGREPORT ""
| #define PACKAGE_URL ""
| #define PACKAGE "dosfstools"
| #define VERSION "4.1"
| #define STDC_HEADERS 1
| #define HAVE_SYS_TYPES_H 1
| #define HAVE_SYS_STAT_H 1
| #define HAVE_STDLIB_H 1
| #define HAVE_STRING_H 1
| #define HAVE_MEMORY_H 1
| #define HAVE_STRINGS_H 1
| #define HAVE_INTTYPES_H 1
| #define HAVE_STDINT_H 1
| #define HAVE_UNISTD_H 1
| #define HAVE_ERR_H 1
| #define HAVE_LINUX_FD_H 1
| #define HAVE_LINUX_HDREG_H 1
| #define HAVE_LINUX_VERSION_H 1
| /* end confdefs.h.  */
| #include <sys/mkdev.h>
configure:4456: result: no
configure:4456: checking for sys/mkdev.h
configure:4456: result: no
configure:4456: checking sys/queue.h usability
configure:4456: /usr/bin/gcc -c -O2 -I/usr/src/output/host/include -I/usr/src/output/host/include conftest.c >&5
configure:4456: $? = 0
configure:4456: result: yes
configure:4456: checking sys/queue.h presence
configure:4456: /usr/bin/cpp -I/usr/src/output/host/include conftest.c
configure:4456: $? = 0
configure:4456: result: yes
configure:4456: checking for sys/queue.h
configure:4456: result: yes
configure:4470: checking endian.h usability
configure:4470: /usr/bin/gcc -c -O2 -I/usr/src/output/host/include -I/usr/src/output/host/include conftest.c >&5
configure:4470: $? = 0
configure:4470: result: yes
configure:4470: checking endian.h presence
configure:4470: /usr/bin/cpp -I/usr/src/output/host/include conftest.c
configure:4470: $? = 0
configure:4470: result: yes
configure:4470: checking for endian.h
configure:4470: result: yes
configure:4470: checking sys/endian.h usability
configure:4470: /usr/bin/gcc -c -O2 -I/usr/src/output/host/include -I/usr/src/output/host/include conftest.c >&5
conftest.c:60:24: fatal error: sys/endian.h: No such file or directory
 #include <sys/endian.h>
                        ^
compilation terminated.
configure:4470: $? = 1
configure: failed program was:
| /* confdefs.h */
| #define PACKAGE_NAME "dosfstools"
| #define PACKAGE_TARNAME "dosfstools"
| #define PACKAGE_VERSION "4.1"
| #define PACKAGE_STRING "dosfstools 4.1"
| #define PACKAGE_BUGREPORT ""
| #define PACKAGE_URL ""
| #define PACKAGE "dosfstools"
| #define VERSION "4.1"
| #define STDC_HEADERS 1
| #define HAVE_SYS_TYPES_H 1
| #define HAVE_SYS_STAT_H 1
| #define HAVE_STDLIB_H 1
| #define HAVE_STRING_H 1
| #define HAVE_MEMORY_H 1
| #define HAVE_STRINGS_H 1
| #define HAVE_INTTYPES_H 1
| #define HAVE_STDINT_H 1
| #define HAVE_UNISTD_H 1
| #define HAVE_ERR_H 1
| #define HAVE_LINUX_FD_H 1
| #define HAVE_LINUX_HDREG_H 1
| #define HAVE_LINUX_VERSION_H 1
| #define HAVE_SYS_QUEUE_H 1
| #define HAVE_ENDIAN_H 1
| /* end confdefs.h.  */
| #include <stdio.h>
| #ifdef HAVE_SYS_TYPES_H
| # include <sys/types.h>
| #endif
| #ifdef HAVE_SYS_STAT_H
| # include <sys/stat.h>
| #endif
| #ifdef STDC_HEADERS
| # include <stdlib.h>
| # include <stddef.h>
| #else
| # ifdef HAVE_STDLIB_H
| #  include <stdlib.h>
| # endif
| #endif
| #ifdef HAVE_STRING_H
| # if !defined STDC_HEADERS && defined HAVE_MEMORY_H
| #  include <memory.h>
| # endif
| # include <string.h>
| #endif
| #ifdef HAVE_STRINGS_H
| # include <strings.h>
| #endif
| #ifdef HAVE_INTTYPES_H
| # include <inttypes.h>
| #endif
| #ifdef HAVE_STDINT_H
| # include <stdint.h>
| #endif
| #ifdef HAVE_UNISTD_H
| # include <unistd.h>
| #endif
| #include <sys/endian.h>
configure:4470: result: no
configure:4470: checking sys/endian.h presence
configure:4470: /usr/bin/cpp -I/usr/src/output/host/include conftest.c
conftest.c:27:24: fatal error: sys/endian.h: No such file or directory
 #include <sys/endian.h>
                        ^
compilation terminated.
configure:4470: $? = 1
configure: failed program was:
| /* confdefs.h */
| #define PACKAGE_NAME "dosfstools"
| #define PACKAGE_TARNAME "dosfstools"
| #define PACKAGE_VERSION "4.1"
| #define PACKAGE_STRING "dosfstools 4.1"
| #define PACKAGE_BUGREPORT ""
| #define PACKAGE_URL ""
| #define PACKAGE "dosfstools"
| #define VERSION "4.1"
| #define STDC_HEADERS 1
| #define HAVE_SYS_TYPES_H 1
| #define HAVE_SYS_STAT_H 1
| #define HAVE_STDLIB_H 1
| #define HAVE_STRING_H 1
| #define HAVE_MEMORY_H 1
| #define HAVE_STRINGS_H 1
| #define HAVE_INTTYPES_H 1
| #define HAVE_STDINT_H 1
| #define HAVE_UNISTD_H 1
| #define HAVE_ERR_H 1
| #define HAVE_LINUX_FD_H 1
| #define HAVE_LINUX_HDREG_H 1
| #define HAVE_LINUX_VERSION_H 1
| #define HAVE_SYS_QUEUE_H 1
| #define HAVE_ENDIAN_H 1
| /* end confdefs.h.  */
| #include <sys/endian.h>
configure:4470: result: no
configure:4470: checking for sys/endian.h
configure:4470: result: no
configure:4470: checking libkern/OSByteOrder.h usability
configure:4470: /usr/bin/gcc -c -O2 -I/usr/src/output/host/include -I/usr/src/output/host/include conftest.c >&5
conftest.c:60:33: fatal error: libkern/OSByteOrder.h: No such file or directory
 #include <libkern/OSByteOrder.h>
                                 ^
compilation terminated.
configure:4470: $? = 1
configure: failed program was:
| /* confdefs.h */
| #define PACKAGE_NAME "dosfstools"
| #define PACKAGE_TARNAME "dosfstools"
| #define PACKAGE_VERSION "4.1"
| #define PACKAGE_STRING "dosfstools 4.1"
| #define PACKAGE_BUGREPORT ""
| #define PACKAGE_URL ""
| #define PACKAGE "dosfstools"
| #define VERSION "4.1"
| #define STDC_HEADERS 1
| #define HAVE_SYS_TYPES_H 1
| #define HAVE_SYS_STAT_H 1
| #define HAVE_STDLIB_H 1
| #define HAVE_STRING_H 1
| #define HAVE_MEMORY_H 1
| #define HAVE_STRINGS_H 1
| #define HAVE_INTTYPES_H 1
| #define HAVE_STDINT_H 1
| #define HAVE_UNISTD_H 1
| #define HAVE_ERR_H 1
| #define HAVE_LINUX_FD_H 1
| #define HAVE_LINUX_HDREG_H 1
| #define HAVE_LINUX_VERSION_H 1
| #define HAVE_SYS_QUEUE_H 1
| #define HAVE_ENDIAN_H 1
| /* end confdefs.h.  */
| #include <stdio.h>
| #ifdef HAVE_SYS_TYPES_H
| # include <sys/types.h>
| #endif
| #ifdef HAVE_SYS_STAT_H
| # include <sys/stat.h>
| #endif
| #ifdef STDC_HEADERS
| # include <stdlib.h>
| # include <stddef.h>
| #else
| # ifdef HAVE_STDLIB_H
| #  include <stdlib.h>
| # endif
| #endif
| #ifdef HAVE_STRING_H
| # if !defined STDC_HEADERS && defined HAVE_MEMORY_H
| #  include <memory.h>
| # endif
| # include <string.h>
| #endif
| #ifdef HAVE_STRINGS_H
| # include <strings.h>
| #endif
| #ifdef HAVE_INTTYPES_H
| # include <inttypes.h>
| #endif
| #ifdef HAVE_STDINT_H
| # include <stdint.h>
| #endif
| #ifdef HAVE_UNISTD_H
| # include <unistd.h>
| #endif
| #include <libkern/OSByteOrder.h>
configure:4470: result: no
configure:4470: checking libkern/OSByteOrder.h presence
configure:4470: /usr/bin/cpp -I/usr/src/output/host/include conftest.c
conftest.c:27:33: fatal error: libkern/OSByteOrder.h: No such file or directory
 #include <libkern/OSByteOrder.h>
                                 ^
compilation terminated.
configure:4470: $? = 1
configure: failed program was:
| /* confdefs.h */
| #define PACKAGE_NAME "dosfstools"
| #define PACKAGE_TARNAME "dosfstools"
| #define PACKAGE_VERSION "4.1"
| #define PACKAGE_STRING "dosfstools 4.1"
| #define PACKAGE_BUGREPORT ""
| #define PACKAGE_URL ""
| #define PACKAGE "dosfstools"
| #define VERSION "4.1"
| #define STDC_HEADERS 1
| #define HAVE_SYS_TYPES_H 1
| #define HAVE_SYS_STAT_H 1
| #define HAVE_STDLIB_H 1
| #define HAVE_STRING_H 1
| #define HAVE_MEMORY_H 1
| #define HAVE_STRINGS_H 1
| #define HAVE_INTTYPES_H 1
| #define HAVE_STDINT_H 1
| #define HAVE_UNISTD_H 1
| #define HAVE_ERR_H 1
| #define HAVE_LINUX_FD_H 1
| #define HAVE_LINUX_HDREG_H 1
| #define HAVE_LINUX_VERSION_H 1
| #define HAVE_SYS_QUEUE_H 1
| #define HAVE_ENDIAN_H 1
| /* end confdefs.h.  */
| #include <libkern/OSByteOrder.h>
configure:4470: result: no
configure:4470: checking for libkern/OSByteOrder.h
configure:4470: result: no
configure:4481: checking whether getmntent is declared
configure:4481: /usr/bin/gcc -c -O2 -I/usr/src/output/host/include -I/usr/src/output/host/include conftest.c >&5
configure:4481: $? = 0
configure:4481: result: yes
configure:4493: checking whether getmntinfo is declared
configure:4493: /usr/bin/gcc -c -O2 -I/usr/src/output/host/include -I/usr/src/output/host/include conftest.c >&5
conftest.c: In function 'main':
conftest.c:37:10: error: 'getmntinfo' undeclared (first use in this function)
   (void) getmntinfo;
          ^~~~~~~~~~
conftest.c:37:10: note: each undeclared identifier is reported only once for each function it appears in
configure:4493: $? = 1
configure: failed program was:
| /* confdefs.h */
| #define PACKAGE_NAME "dosfstools"
| #define PACKAGE_TARNAME "dosfstools"
| #define PACKAGE_VERSION "4.1"
| #define PACKAGE_STRING "dosfstools 4.1"
| #define PACKAGE_BUGREPORT ""
| #define PACKAGE_URL ""
| #define PACKAGE "dosfstools"
| #define VERSION "4.1"
| #define STDC_HEADERS 1
| #define HAVE_SYS_TYPES_H 1
| #define HAVE_SYS_STAT_H 1
| #define HAVE_STDLIB_H 1
| #define HAVE_STRING_H 1
| #define HAVE_MEMORY_H 1
| #define HAVE_STRINGS_H 1
| #define HAVE_INTTYPES_H 1
| #define HAVE_STDINT_H 1
| #define HAVE_UNISTD_H 1
| #define HAVE_ERR_H 1
| #define HAVE_LINUX_FD_H 1
| #define HAVE_LINUX_HDREG_H 1
| #define HAVE_LINUX_VERSION_H 1
| #define HAVE_SYS_QUEUE_H 1
| #define HAVE_ENDIAN_H 1
| #define HAVE_DECL_GETMNTENT 1
| /* end confdefs.h.  */
| #include <sys/mount.h>
| 
| int
| main ()
| {
| #ifndef getmntinfo
| #ifdef __cplusplus
|   (void) getmntinfo;
| #else
|   (void) getmntinfo;
| #endif
| #endif
| 
|   ;
|   return 0;
| }
configure:4493: result: no
configure:4622: checking pkg-config is at least version 0.9.0
configure:4625: result: yes
configure:4635: checking for UDEV
configure:4642: $PKG_CONFIG --exists --print-errors "libudev"
Package libudev was not found in the pkg-config search path.
Perhaps you should add the directory containing `libudev.pc'
to the PKG_CONFIG_PATH environment variable
Package 'libudev', required by 'world', not found
configure:4645: $? = 1
configure:4659: $PKG_CONFIG --exists --print-errors "libudev"
Package libudev was not found in the pkg-config search path.
Perhaps you should add the directory containing `libudev.pc'
to the PKG_CONFIG_PATH environment variable
Package 'libudev', required by 'world', not found
configure:4662: $? = 1
configure:4676: result: no
Package libudev was not found in the pkg-config search path.
Perhaps you should add the directory containing `libudev.pc'
to the PKG_CONFIG_PATH environment variable
Package 'libudev', required by 'world', not found
configure:4707: checking for library containing iconv_open
configure:4738: /usr/bin/gcc -o conftest -O2 -I/usr/src/output/host/include -I/usr/src/output/host/include -L/usr/src/output/host/lib -Wl,-rpath,/usr/src/output/host/lib conftest.c  >&5
configure:4738: $? = 0
configure:4755: result: none required
configure:4767: checking for xxd
configure:4797: result: no
configure:4961: checking that generated files are newer than configure
configure:4967: result: done
configure:4998: creating ./config.status

## ---------------------- ##
## Running config.status. ##
## ---------------------- ##

This file was extended by dosfstools config.status 4.1, which was
generated by GNU Autoconf 2.69.  Invocation command line was

  CONFIG_FILES    = 
  CONFIG_HEADERS  = 
  CONFIG_LINKS    = 
  CONFIG_COMMANDS = 
  $ ./config.status 

on c37c58f94407

config.status:797: creating Makefile
config.status:797: creating src/Makefile
config.status:797: creating src/version.h
config.status:797: creating manpages/Makefile
config.status:797: creating manpages/mkfs.fat.8
config.status:797: creating manpages/fsck.fat.8
config.status:797: creating manpages/fatlabel.8
config.status:797: creating tests/Makefile
config.status:969: executing depfiles commands
configure:6130: WARNING: unrecognized options: --enable-shared, --disable-static, --disable-gtk-doc, --disable-gtk-doc-html, --disable-doc, --disable-docs, --disable-documentation, --disable-debug, --with-xmlto, --with-fop

## ---------------- ##
## Cache variables. ##
## ---------------- ##

ac_cv_c_compiler_gnu=yes
ac_cv_env_CC_set=set
ac_cv_env_CC_value=/usr/bin/gcc
ac_cv_env_CFLAGS_set=set
ac_cv_env_CFLAGS_value='-O2 -I/usr/src/output/host/include'
ac_cv_env_CPPFLAGS_set=set
ac_cv_env_CPPFLAGS_value=-I/usr/src/output/host/include
ac_cv_env_CPP_set=set
ac_cv_env_CPP_value=/usr/bin/cpp
ac_cv_env_LDFLAGS_set=set
ac_cv_env_LDFLAGS_value='-L/usr/src/output/host/lib -Wl,-rpath,/usr/src/output/host/lib'
ac_cv_env_LIBS_set=
ac_cv_env_LIBS_value=
ac_cv_env_PKG_CONFIG_LIBDIR_set=set
ac_cv_env_PKG_CONFIG_LIBDIR_value=/usr/src/output/host/lib/pkgconfig:/usr/src/output/host/share/pkgconfig
ac_cv_env_PKG_CONFIG_PATH_set=
ac_cv_env_PKG_CONFIG_PATH_value=
ac_cv_env_PKG_CONFIG_set=set
ac_cv_env_PKG_CONFIG_value=/usr/src/output/host/bin/pkg-config
ac_cv_env_UDEV_CFLAGS_set=
ac_cv_env_UDEV_CFLAGS_value=
ac_cv_env_UDEV_LIBS_set=
ac_cv_env_UDEV_LIBS_value=
ac_cv_env_build_alias_set=
ac_cv_env_build_alias_value=
ac_cv_env_host_alias_set=
ac_cv_env_host_alias_value=
ac_cv_env_target_alias_set=
ac_cv_env_target_alias_value=
ac_cv_have_decl_getmntent=yes
ac_cv_have_decl_getmntinfo=no
ac_cv_header_endian_h=yes
ac_cv_header_err_h=yes
ac_cv_header_inttypes_h=yes
ac_cv_header_libkern_OSByteOrder_h=no
ac_cv_header_linux_fd_h=yes
ac_cv_header_linux_hdreg_h=yes
ac_cv_header_linux_version_h=yes
ac_cv_header_memory_h=yes
ac_cv_header_stdc=yes
ac_cv_header_stdint_h=yes
ac_cv_header_stdlib_h=yes
ac_cv_header_string_h=yes
ac_cv_header_strings_h=yes
ac_cv_header_sys_disk_h=no
ac_cv_header_sys_disklabel_h=no
ac_cv_header_sys_endian_h=no
ac_cv_header_sys_ioccom_h=no
ac_cv_header_sys_mkdev_h=no
ac_cv_header_sys_queue_h=yes
ac_cv_header_sys_stat_h=yes
ac_cv_header_sys_types_h=yes
ac_cv_header_unistd_h=yes
ac_cv_objext=o
ac_cv_path_EGREP='/bin/grep -E'
ac_cv_path_GREP=/bin/grep
ac_cv_path_install='/usr/bin/install -c'
ac_cv_path_mkdir=/bin/mkdir
ac_cv_prog_AWK=mawk
ac_cv_prog_CPP=/usr/bin/cpp
ac_cv_prog_ac_ct_CC=/usr/bin/gcc
ac_cv_prog_cc_c89=
ac_cv_prog_cc_g=yes
ac_cv_prog_make_make_set=yes
ac_cv_search_iconv_open='none required'
ac_cv_sys_file_offset_bits=no
ac_cv_sys_largefile_CC=no
am_cv_CC_dependencies_compiler_type=none
am_cv_make_support_nested_variables=yes
am_cv_prog_cc_c_o=yes

## ----------------- ##
## Output variables. ##
## ----------------- ##

ACLOCAL='${SHELL} /usr/src/output/build/host-dosfstools-4.1/missing aclocal-1.15'
AMDEPBACKSLASH=''
AMDEP_FALSE=''
AMDEP_TRUE='#'
AMTAR='$${TAR-tar}'
AM_BACKSLASH='\'
AM_DEFAULT_V='$(AM_DEFAULT_VERBOSITY)'
AM_DEFAULT_VERBOSITY='1'
AM_V='$(V)'
AUTOCONF='${SHELL} /usr/src/output/build/host-dosfstools-4.1/missing autoconf'
AUTOHEADER='${SHELL} /usr/src/output/build/host-dosfstools-4.1/missing autoheader'
AUTOMAKE='${SHELL} /usr/src/output/build/host-dosfstools-4.1/missing automake-1.15'
AUTOMAKE_TEST_COMPAT_FALSE=''
AUTOMAKE_TEST_COMPAT_TRUE='#'
AWK='mawk'
CC='/usr/bin/gcc'
CCDEPMODE='depmode=none'
CFLAGS='-O2 -I/usr/src/output/host/include'
COMPAT_SYMLINKS_FALSE='#'
COMPAT_SYMLINKS_TRUE=''
CPP='/usr/bin/cpp'
CPPFLAGS='-I/usr/src/output/host/include'
CYGPATH_W='echo'
DEFS='-DPACKAGE_NAME=\"dosfstools\" -DPACKAGE_TARNAME=\"dosfstools\" -DPACKAGE_VERSION=\"4.1\" -DPACKAGE_STRING=\"dosfstools\ 4.1\" -DPACKAGE_BUGREPORT=\"\" -DPACKAGE_URL=\"\" -DPACKAGE=\"dosfstools\" -DVERSION=\"4.1\" -DSTDC_HEADERS=1 -DHAVE_SYS_TYPES_H=1 -DHAVE_SYS_STAT_H=1 -DHAVE_STDLIB_H=1 -DHAVE_STRING_H=1 -DHAVE_MEMORY_H=1 -DHAVE_STRINGS_H=1 -DHAVE_INTTYPES_H=1 -DHAVE_STDINT_H=1 -DHAVE_UNISTD_H=1 -DHAVE_ERR_H=1 -DHAVE_LINUX_FD_H=1 -DHAVE_LINUX_HDREG_H=1 -DHAVE_LINUX_VERSION_H=1 -DHAVE_SYS_QUEUE_H=1 -DHAVE_ENDIAN_H=1 -DHAVE_DECL_GETMNTENT=1 -DHAVE_DECL_GETMNTINFO=0'
DEPDIR='.deps'
ECHO_C=''
ECHO_N='-n'
ECHO_T=''
EGREP='/bin/grep -E'
EXEEXT=''
GREP='/bin/grep'
INSTALL_DATA='${INSTALL} -m 644'
INSTALL_PROGRAM='${INSTALL}'
INSTALL_SCRIPT='${INSTALL}'
INSTALL_STRIP_PROGRAM='$(install_sh) -c -s'
LDFLAGS='-L/usr/src/output/host/lib -Wl,-rpath,/usr/src/output/host/lib'
LIBOBJS=''
LIBS=''
LN_S='ln -s'
LTLIBOBJS=''
MAKEINFO='${SHELL} /usr/src/output/build/host-dosfstools-4.1/missing makeinfo'
MKDIR_P='/bin/mkdir -p'
OBJEXT='o'
PACKAGE='dosfstools'
PACKAGE_BUGREPORT=''
PACKAGE_NAME='dosfstools'
PACKAGE_STRING='dosfstools 4.1'
PACKAGE_TARNAME='dosfstools'
PACKAGE_URL=''
PACKAGE_VERSION='4.1'
PATH_SEPARATOR=':'
PKG_CONFIG='/usr/src/output/host/bin/pkg-config'
PKG_CONFIG_LIBDIR='/usr/src/output/host/lib/pkgconfig:/usr/src/output/host/share/pkgconfig'
PKG_CONFIG_PATH=''
RELEASE_DATE='2017-01-24'
SET_MAKE=''
SHELL='/bin/bash'
STRIP=''
UDEV_CFLAGS=''
UDEV_LIBS=''
VERSION='4.1'
XXD_FOUND=''
ac_ct_CC='/usr/bin/gcc'
am__EXEEXT_FALSE=''
am__EXEEXT_TRUE='#'
am__fastdepCC_FALSE=''
am__fastdepCC_TRUE='#'
am__include='include'
am__isrc=''
am__leading_dot='.'
am__nodep=''
am__quote=''
am__tar='$${TAR-tar} chof - "$$tardir"'
am__untar='$${TAR-tar} xf -'
bindir='${exec_prefix}/bin'
build_alias=''
datadir='${datarootdir}'
datarootdir='${prefix}/share'
docdir='${datarootdir}/doc/${PACKAGE_TARNAME}'
dvidir='${docdir}'
exec_prefix='${prefix}'
host_alias=''
htmldir='${docdir}'
includedir='${prefix}/include'
infodir='${datarootdir}/info'
install_sh='${SHELL} /usr/src/output/build/host-dosfstools-4.1/install-sh'
libdir='${exec_prefix}/lib'
libexecdir='${exec_prefix}/libexec'
localedir='${datarootdir}/locale'
localstatedir='/usr/src/output/host/var'
mandir='${datarootdir}/man'
mkdir_p='$(MKDIR_P)'
oldincludedir='/usr/include'
pdfdir='${docdir}'
prefix='/usr/src/output/host'
program_transform_name='s,x,x,'
psdir='${docdir}'
runstatedir='${localstatedir}/run'
sbindir='${exec_prefix}/sbin'
sharedstatedir='${prefix}/com'
sysconfdir='/usr/src/output/host/etc'
target_alias=''

## ----------- ##
## confdefs.h. ##
## ----------- ##

/* confdefs.h */
#define PACKAGE_NAME "dosfstools"
#define PACKAGE_TARNAME "dosfstools"
#define PACKAGE_VERSION "4.1"
#define PACKAGE_STRING "dosfstools 4.1"
#define PACKAGE_BUGREPORT ""
#define PACKAGE_URL ""
#define PACKAGE "dosfstools"
#define VERSION "4.1"
#define STDC_HEADERS 1
#define HAVE_SYS_TYPES_H 1
#define HAVE_SYS_STAT_H 1
#define HAVE_STDLIB_H 1
#define HAVE_STRING_H 1
#define HAVE_MEMORY_H 1
#define HAVE_STRINGS_H 1
#define HAVE_INTTYPES_H 1
#define HAVE_STDINT_H 1
#define HAVE_UNISTD_H 1
#define HAVE_ERR_H 1
#define HAVE_LINUX_FD_H 1
#define HAVE_LINUX_HDREG_H 1
#define HAVE_LINUX_VERSION_H 1
#define HAVE_SYS_QUEUE_H 1
#define HAVE_ENDIAN_H 1
#define HAVE_DECL_GETMNTENT 1
#define HAVE_DECL_GETMNTINFO 0

configure: exit 0
