This file contains any messages produced by compilers while
running configure, to aid debugging if configure makes a mistake.

It was created by kmod configure 24, which was
generated by GNU Autoconf 2.69.  Invocation command line was

  $ ./configure --prefix=/usr/src/output/host --sysconfdir=/usr/src/output/host/etc --localstatedir=/usr/src/output/host/var --enable-shared --disable-static --disable-gtk-doc --disable-gtk-doc-html --disable-doc --disable-docs --disable-documentation --disable-debug --with-xmlto=no --with-fop=no --disable-dependency-tracking --disable-manpages

## --------- ##
## Platform. ##
## --------- ##

hostname = c37c58f94407
uname -m = x86_64
uname -r = 4.15.0-42-generic
uname -s = Linux
uname -v = #45~16.04.1-Ubuntu SMP Mon Nov 19 13:02:27 UTC 2018

/usr/bin/uname -p = unknown
/bin/uname -X     = unknown

/bin/arch              = unknown
/usr/bin/arch -k       = unknown
/usr/convex/getsysinfo = unknown
/usr/bin/hostinfo      = unknown
/bin/machine           = unknown
/usr/bin/oslevel       = unknown
/bin/universe          = unknown

PATH: /usr/src/output/host/bin
PATH: /usr/src/output/host/sbin
PATH: /usr/local/sbin
PATH: /usr/local/bin
PATH: /usr/sbin
PATH: /usr/bin
PATH: /sbin
PATH: /bin


## ----------- ##
## Core tests. ##
## ----------- ##

configure:2548: checking for gcc
configure:2575: result: /usr/bin/gcc
configure:2804: checking for C compiler version
configure:2813: /usr/bin/gcc --version >&5
gcc (Debian 6.3.0-18+deb9u1) 6.3.0 20170516
Copyright (C) 2016 Free Software Foundation, Inc.
This is free software; see the source for copying conditions.  There is NO
warranty; not even for MERCHANTABILITY or FITNESS FOR A PARTICULAR PURPOSE.

configure:2824: $? = 0
configure:2813: /usr/bin/gcc -v >&5
Using built-in specs.
COLLECT_GCC=/usr/bin/gcc
COLLECT_LTO_WRAPPER=/usr/lib/gcc/x86_64-linux-gnu/6/lto-wrapper
Target: x86_64-linux-gnu
Configured with: ../src/configure -v --with-pkgversion='Debian 6.3.0-18+deb9u1' --with-bugurl=file:///usr/share/doc/gcc-6/README.Bugs --enable-languages=c,ada,c++,java,go,d,fortran,objc,obj-c++ --prefix=/usr --program-suffix=-6 --program-prefix=x86_64-linux-gnu- --enable-shared --enable-linker-build-id --libexecdir=/usr/lib --without-included-gettext --enable-threads=posix --libdir=/usr/lib --enable-nls --with-sysroot=/ --enable-clocale=gnu --enable-libstdcxx-debug --enable-libstdcxx-time=yes --with-default-libstdcxx-abi=new --enable-gnu-unique-object --disable-vtable-verify --enable-libmpx --enable-plugin --enable-default-pie --with-system-zlib --disable-browser-plugin --enable-java-awt=gtk --enable-gtk-cairo --with-java-home=/usr/lib/jvm/java-1.5.0-gcj-6-amd64/jre --enable-java-home --with-jvm-root-dir=/usr/lib/jvm/java-1.5.0-gcj-6-amd64 --with-jvm-jar-dir=/usr/lib/jvm-exports/java-1.5.0-gcj-6-amd64 --with-arch-directory=amd64 --with-ecj-jar=/usr/share/java/eclipse-ecj.jar --with-target-system-zlib --enable-objc-gc=auto --enable-multiarch --with-arch-32=i686 --with-abi=m64 --with-multilib-list=m32,m64,mx32 --enable-multilib --with-tune=generic --enable-checking=release --build=x86_64-linux-gnu --host=x86_64-linux-gnu --target=x86_64-linux-gnu
Thread model: posix
gcc version 6.3.0 20170516 (Debian 6.3.0-18+deb9u1) 
configure:2824: $? = 0
configure:2813: /usr/bin/gcc -V >&5
gcc: error: unrecognized command line option '-V'
gcc: fatal error: no input files
compilation terminated.
configure:2824: $? = 1
configure:2813: /usr/bin/gcc -qversion >&5
gcc: error: unrecognized command line option '-qversion'; did you mean '--version'?
gcc: fatal error: no input files
compilation terminated.
configure:2824: $? = 1
configure:2844: checking whether the C compiler works
configure:2866: /usr/bin/gcc -O2 -I/usr/src/output/host/include -I/usr/src/output/host/include -L/usr/src/output/host/lib -Wl,-rpath,/usr/src/output/host/lib conftest.c  >&5
configure:2870: $? = 0
configure:2918: result: yes
configure:2921: checking for C compiler default output file name
configure:2923: result: a.out
configure:2929: checking for suffix of executables
configure:2936: /usr/bin/gcc -o conftest -O2 -I/usr/src/output/host/include -I/usr/src/output/host/include -L/usr/src/output/host/lib -Wl,-rpath,/usr/src/output/host/lib conftest.c  >&5
configure:2940: $? = 0
configure:2962: result: 
configure:2984: checking whether we are cross compiling
configure:2992: /usr/bin/gcc -o conftest -O2 -I/usr/src/output/host/include -I/usr/src/output/host/include -L/usr/src/output/host/lib -Wl,-rpath,/usr/src/output/host/lib conftest.c  >&5
configure:2996: $? = 0
configure:3003: ./conftest
configure:3007: $? = 0
configure:3022: result: no
configure:3027: checking for suffix of object files
configure:3049: /usr/bin/gcc -c -O2 -I/usr/src/output/host/include -I/usr/src/output/host/include conftest.c >&5
configure:3053: $? = 0
configure:3074: result: o
configure:3078: checking whether we are using the GNU C compiler
configure:3097: /usr/bin/gcc -c -O2 -I/usr/src/output/host/include -I/usr/src/output/host/include conftest.c >&5
configure:3097: $? = 0
configure:3106: result: yes
configure:3115: checking whether /usr/bin/gcc accepts -g
configure:3135: /usr/bin/gcc -c -g -I/usr/src/output/host/include conftest.c >&5
configure:3135: $? = 0
configure:3176: result: yes
configure:3193: checking for /usr/bin/gcc option to accept ISO C89
configure:3256: /usr/bin/gcc  -c -O2 -I/usr/src/output/host/include -I/usr/src/output/host/include conftest.c >&5
configure:3256: $? = 0
configure:3269: result: none needed
configure:3294: checking whether /usr/bin/gcc understands -c and -o together
configure:3316: /usr/bin/gcc -c conftest.c -o conftest2.o
configure:3319: $? = 0
configure:3316: /usr/bin/gcc -c conftest.c -o conftest2.o
configure:3319: $? = 0
configure:3331: result: yes
configure:3354: checking how to run the C preprocessor
configure:3424: result: /usr/bin/cpp
configure:3444: /usr/bin/cpp -I/usr/src/output/host/include conftest.c
configure:3444: $? = 0
configure:3458: /usr/bin/cpp -I/usr/src/output/host/include conftest.c
conftest.c:9:28: fatal error: ac_nonexistent.h: No such file or directory
 #include <ac_nonexistent.h>
                            ^
compilation terminated.
configure:3458: $? = 1
configure: failed program was:
| /* confdefs.h */
| #define PACKAGE_NAME "kmod"
| #define PACKAGE_TARNAME "kmod"
| #define PACKAGE_VERSION "24"
| #define PACKAGE_STRING "kmod 24"
| #define PACKAGE_BUGREPORT "linux-modules@vger.kernel.org"
| #define PACKAGE_URL "http://git.kernel.org/?p=utils/kernel/kmod/kmod.git"
| /* end confdefs.h.  */
| #include <ac_nonexistent.h>
configure:3487: checking for grep that handles long lines and -e
configure:3545: result: /bin/grep
configure:3550: checking for egrep
configure:3612: result: /bin/grep -E
configure:3617: checking for ANSI C header files
configure:3637: /usr/bin/gcc -c -O2 -I/usr/src/output/host/include -I/usr/src/output/host/include conftest.c >&5
configure:3637: $? = 0
configure:3710: /usr/bin/gcc -o conftest -O2 -I/usr/src/output/host/include -I/usr/src/output/host/include -L/usr/src/output/host/lib -Wl,-rpath,/usr/src/output/host/lib conftest.c  >&5
configure:3710: $? = 0
configure:3710: ./conftest
configure:3710: $? = 0
configure:3721: result: yes
configure:3734: checking for sys/types.h
configure:3734: /usr/bin/gcc -c -O2 -I/usr/src/output/host/include -I/usr/src/output/host/include conftest.c >&5
configure:3734: $? = 0
configure:3734: result: yes
configure:3734: checking for sys/stat.h
configure:3734: /usr/bin/gcc -c -O2 -I/usr/src/output/host/include -I/usr/src/output/host/include conftest.c >&5
configure:3734: $? = 0
configure:3734: result: yes
configure:3734: checking for stdlib.h
configure:3734: /usr/bin/gcc -c -O2 -I/usr/src/output/host/include -I/usr/src/output/host/include conftest.c >&5
configure:3734: $? = 0
configure:3734: result: yes
configure:3734: checking for string.h
configure:3734: /usr/bin/gcc -c -O2 -I/usr/src/output/host/include -I/usr/src/output/host/include conftest.c >&5
configure:3734: $? = 0
configure:3734: result: yes
configure:3734: checking for memory.h
configure:3734: /usr/bin/gcc -c -O2 -I/usr/src/output/host/include -I/usr/src/output/host/include conftest.c >&5
configure:3734: $? = 0
configure:3734: result: yes
configure:3734: checking for strings.h
configure:3734: /usr/bin/gcc -c -O2 -I/usr/src/output/host/include -I/usr/src/output/host/include conftest.c >&5
configure:3734: $? = 0
configure:3734: result: yes
configure:3734: checking for inttypes.h
configure:3734: /usr/bin/gcc -c -O2 -I/usr/src/output/host/include -I/usr/src/output/host/include conftest.c >&5
configure:3734: $? = 0
configure:3734: result: yes
configure:3734: checking for stdint.h
configure:3734: /usr/bin/gcc -c -O2 -I/usr/src/output/host/include -I/usr/src/output/host/include conftest.c >&5
configure:3734: $? = 0
configure:3734: result: yes
configure:3734: checking for unistd.h
configure:3734: /usr/bin/gcc -c -O2 -I/usr/src/output/host/include -I/usr/src/output/host/include conftest.c >&5
configure:3734: $? = 0
configure:3734: result: yes
configure:3747: checking minix/config.h usability
configure:3747: /usr/bin/gcc -c -O2 -I/usr/src/output/host/include -I/usr/src/output/host/include conftest.c >&5
conftest.c:52:26: fatal error: minix/config.h: No such file or directory
 #include <minix/config.h>
                          ^
compilation terminated.
configure:3747: $? = 1
configure: failed program was:
| /* confdefs.h */
| #define PACKAGE_NAME "kmod"
| #define PACKAGE_TARNAME "kmod"
| #define PACKAGE_VERSION "24"
| #define PACKAGE_STRING "kmod 24"
| #define PACKAGE_BUGREPORT "linux-modules@vger.kernel.org"
| #define PACKAGE_URL "http://git.kernel.org/?p=utils/kernel/kmod/kmod.git"
| #define STDC_HEADERS 1
| #define HAVE_SYS_TYPES_H 1
| #define HAVE_SYS_STAT_H 1
| #define HAVE_STDLIB_H 1
| #define HAVE_STRING_H 1
| #define HAVE_MEMORY_H 1
| #define HAVE_STRINGS_H 1
| #define HAVE_INTTYPES_H 1
| #define HAVE_STDINT_H 1
| #define HAVE_UNISTD_H 1
| /* end confdefs.h.  */
| #include <stdio.h>
| #ifdef HAVE_SYS_TYPES_H
| # include <sys/types.h>
| #endif
| #ifdef HAVE_SYS_STAT_H
| # include <sys/stat.h>
| #endif
| #ifdef STDC_HEADERS
| # include <stdlib.h>
| # include <stddef.h>
| #else
| # ifdef HAVE_STDLIB_H
| #  include <stdlib.h>
| # endif
| #endif
| #ifdef HAVE_STRING_H
| # if !defined STDC_HEADERS && defined HAVE_MEMORY_H
| #  include <memory.h>
| # endif
| # include <string.h>
| #endif
| #ifdef HAVE_STRINGS_H
| # include <strings.h>
| #endif
| #ifdef HAVE_INTTYPES_H
| # include <inttypes.h>
| #endif
| #ifdef HAVE_STDINT_H
| # include <stdint.h>
| #endif
| #ifdef HAVE_UNISTD_H
| # include <unistd.h>
| #endif
| #include <minix/config.h>
configure:3747: result: no
configure:3747: checking minix/config.h presence
configure:3747: /usr/bin/cpp -I/usr/src/output/host/include conftest.c
conftest.c:19:26: fatal error: minix/config.h: No such file or directory
 #include <minix/config.h>
                          ^
compilation terminated.
configure:3747: $? = 1
configure: failed program was:
| /* confdefs.h */
| #define PACKAGE_NAME "kmod"
| #define PACKAGE_TARNAME "kmod"
| #define PACKAGE_VERSION "24"
| #define PACKAGE_STRING "kmod 24"
| #define PACKAGE_BUGREPORT "linux-modules@vger.kernel.org"
| #define PACKAGE_URL "http://git.kernel.org/?p=utils/kernel/kmod/kmod.git"
| #define STDC_HEADERS 1
| #define HAVE_SYS_TYPES_H 1
| #define HAVE_SYS_STAT_H 1
| #define HAVE_STDLIB_H 1
| #define HAVE_STRING_H 1
| #define HAVE_MEMORY_H 1
| #define HAVE_STRINGS_H 1
| #define HAVE_INTTYPES_H 1
| #define HAVE_STDINT_H 1
| #define HAVE_UNISTD_H 1
| /* end confdefs.h.  */
| #include <minix/config.h>
configure:3747: result: no
configure:3747: checking for minix/config.h
configure:3747: result: no
configure:3768: checking whether it is safe to define __EXTENSIONS__
configure:3786: /usr/bin/gcc -c -O2 -I/usr/src/output/host/include -I/usr/src/output/host/include conftest.c >&5
configure:3786: $? = 0
configure:3793: result: yes
configure:3814: checking for special C compiler options needed for large files
configure:3859: result: no
configure:3865: checking for _FILE_OFFSET_BITS value needed for large files
configure:3890: /usr/bin/gcc -c -O2 -I/usr/src/output/host/include -I/usr/src/output/host/include conftest.c >&5
configure:3890: $? = 0
configure:3922: result: no
configure:4009: checking whether to enable maintainer-specific portions of Makefiles
configure:4018: result: yes
configure:4047: checking for a BSD-compatible install
configure:4115: result: /usr/bin/install -c
configure:4126: checking whether build environment is sane
configure:4181: result: yes
configure:4329: checking for a thread-safe mkdir -p
configure:4368: result: /bin/mkdir -p
configure:4375: checking for gawk
configure:4405: result: no
configure:4375: checking for mawk
configure:4391: found /usr/bin/mawk
configure:4402: result: mawk
configure:4413: checking whether make sets $(MAKE)
configure:4435: result: yes
configure:4465: checking for style of include used by make
configure:4493: result: GNU
configure:4527: checking whether make supports nested variables
configure:4544: result: yes
configure:4623: checking how to create a pax tar archive
configure:4634: tar --version
tar (GNU tar) 1.29
Copyright (C) 2015 Free Software Foundation, Inc.
License GPLv3+: GNU GPL version 3 or later <http://gnu.org/licenses/gpl.html>.
This is free software: you are free to change and redistribute it.
There is NO WARRANTY, to the extent permitted by law.

Written by John Gilmore and Jay Fenlason.
configure:4637: $? = 0
configure:4677: tardir=conftest.dir && eval tar --format=posix -chf - "$tardir" >conftest.tar
configure:4680: $? = 0
configure:4684: tar -xf - <conftest.tar
configure:4687: $? = 0
configure:4689: cat conftest.dir/file
GrepMe
configure:4692: $? = 0
configure:4705: result: gnutar
configure:4714: checking dependency style of /usr/bin/gcc
configure:4825: result: none
configure:4894: checking whether make supports nested variables
configure:4911: result: yes
configure:4951: checking build system type
configure:4965: result: x86_64-pc-linux-gnu
configure:4985: checking host system type
configure:4998: result: x86_64-pc-linux-gnu
configure:5039: checking how to print strings
configure:5066: result: printf
configure:5087: checking for a sed that does not truncate output
configure:5151: result: /bin/sed
configure:5169: checking for fgrep
configure:5231: result: /bin/grep -F
configure:5266: checking for ld used by /usr/bin/gcc
configure:5333: result: /usr/bin/ld
configure:5340: checking if the linker (/usr/bin/ld) is GNU ld
configure:5355: result: yes
configure:5367: checking for BSD- or MS-compatible name lister (nm)
configure:5421: result: /usr/bin/nm
configure:5551: checking the name lister (/usr/bin/nm) interface
configure:5558: /usr/bin/gcc -c -O2 -I/usr/src/output/host/include -I/usr/src/output/host/include conftest.c >&5
configure:5561: /usr/bin/nm "conftest.o"
configure:5564: output
0000000000000000 B some_variable
configure:5571: result: BSD nm
configure:5574: checking whether ln -s works
configure:5578: result: yes
configure:5586: checking the maximum length of command line arguments
configure:5717: result: 1572864
configure:5765: checking how to convert x86_64-pc-linux-gnu file names to x86_64-pc-linux-gnu format
configure:5805: result: func_convert_file_noop
configure:5812: checking how to convert x86_64-pc-linux-gnu file names to toolchain format
configure:5832: result: func_convert_file_noop
configure:5839: checking for /usr/bin/ld option to reload object files
configure:5846: result: -r
configure:5920: checking for objdump
configure:5936: found /usr/bin/objdump
configure:5947: result: objdump
configure:5979: checking how to recognize dependent libraries
configure:6179: result: pass_all
configure:6264: checking for dlltool
configure:6294: result: no
configure:6324: checking how to associate runtime and link libraries
configure:6351: result: printf %s\n
configure:6475: checking for archiver @FILE support
configure:6492: /usr/bin/gcc -c -O2 -I/usr/src/output/host/include -I/usr/src/output/host/include conftest.c >&5
configure:6492: $? = 0
configure:6495: /usr/bin/ar cru libconftest.a @conftest.lst >&5
/usr/bin/ar: `u' modifier ignored since `D' is the default (see `U')
configure:6498: $? = 0
configure:6503: /usr/bin/ar cru libconftest.a @conftest.lst >&5
/usr/bin/ar: `u' modifier ignored since `D' is the default (see `U')
/usr/bin/ar: conftest.o: No such file or directory
configure:6506: $? = 1
configure:6518: result: @
configure:6576: checking for strip
configure:6592: found /usr/bin/strip
configure:6603: result: strip
configure:6675: checking for ranlib
configure:6702: result: /usr/bin/ranlib
configure:6804: checking command to parse /usr/bin/nm output from /usr/bin/gcc object
configure:6957: /usr/bin/gcc -c -O2 -I/usr/src/output/host/include -I/usr/src/output/host/include conftest.c >&5
configure:6960: $? = 0
configure:6964: /usr/bin/nm conftest.o \| sed -n -e 's/^.*[ ]\([ABCDGIRSTW][ABCDGIRSTW]*\)[ ][ ]*\([_A-Za-z][_A-Za-z0-9]*\)$/\1 \2 \2/p' | sed '/ __gnu_lto/d' \> conftest.nm
configure:6967: $? = 0
configure:7033: /usr/bin/gcc -o conftest -O2 -I/usr/src/output/host/include -I/usr/src/output/host/include -L/usr/src/output/host/lib -Wl,-rpath,/usr/src/output/host/lib conftest.c conftstm.o >&5
configure:7036: $? = 0
configure:7074: result: ok
configure:7121: checking for sysroot
configure:7151: result: no
configure:7158: checking for a working dd
configure:7196: result: /bin/dd
configure:7200: checking how to truncate binary pipes
configure:7215: result: /bin/dd bs=4096 count=1
configure:7351: /usr/bin/gcc -c -O2 -I/usr/src/output/host/include -I/usr/src/output/host/include conftest.c >&5
configure:7354: $? = 0
configure:7544: checking for mt
configure:7560: found /bin/mt
configure:7571: result: mt
configure:7594: checking if mt is a manifest tool
configure:7600: mt '-?'
configure:7608: result: no
configure:8282: checking for dlfcn.h
configure:8282: /usr/bin/gcc -c -O2 -I/usr/src/output/host/include -I/usr/src/output/host/include conftest.c >&5
configure:8282: $? = 0
configure:8282: result: yes
configure:8536: checking for objdir
configure:8551: result: .libs
configure:8815: checking if /usr/bin/gcc supports -fno-rtti -fno-exceptions
configure:8833: /usr/bin/gcc -c -O2 -I/usr/src/output/host/include -I/usr/src/output/host/include -fno-rtti -fno-exceptions conftest.c >&5
cc1: warning: command line option '-fno-rtti' is valid for C++/ObjC++ but not for C
configure:8837: $? = 0
configure:8850: result: no
configure:9208: checking for /usr/bin/gcc option to produce PIC
configure:9215: result: -fPIC -DPIC
configure:9223: checking if /usr/bin/gcc PIC flag -fPIC -DPIC works
configure:9241: /usr/bin/gcc -c -O2 -I/usr/src/output/host/include -I/usr/src/output/host/include -fPIC -DPIC -DPIC conftest.c >&5
configure:9245: $? = 0
configure:9258: result: yes
configure:9287: checking if /usr/bin/gcc static flag -static works
configure:9315: result: yes
configure:9330: checking if /usr/bin/gcc supports -c -o file.o
configure:9351: /usr/bin/gcc -c -O2 -I/usr/src/output/host/include -I/usr/src/output/host/include -o out/conftest2.o conftest.c >&5
configure:9355: $? = 0
configure:9377: result: yes
configure:9385: checking if /usr/bin/gcc supports -c -o file.o
configure:9432: result: yes
configure:9465: checking whether the /usr/bin/gcc linker (/usr/bin/ld -m elf_x86_64) supports shared libraries
configure:10724: result: yes
configure:10761: checking whether -lc should be explicitly linked in
configure:10769: /usr/bin/gcc -c -O2 -I/usr/src/output/host/include -I/usr/src/output/host/include conftest.c >&5
configure:10772: $? = 0
configure:10787: /usr/bin/gcc -shared  -fPIC -DPIC conftest.o  -v -Wl,-soname -Wl,conftest -o conftest 2\>\&1 \| /bin/grep  -lc  \>/dev/null 2\>\&1
configure:10790: $? = 0
configure:10804: result: no
configure:10964: checking dynamic linker characteristics
configure:11545: /usr/bin/gcc -o conftest -O2 -I/usr/src/output/host/include -I/usr/src/output/host/include -L/usr/src/output/host/lib -Wl,-rpath,/usr/src/output/host/lib -Wl,-rpath -Wl,/foo conftest.c  >&5
configure:11545: $? = 0
configure:11785: result: GNU/Linux ld.so
configure:11907: checking how to hardcode library paths into programs
configure:11932: result: immediate
configure:12480: checking whether stripping libraries is possible
configure:12485: result: yes
configure:12520: checking if libtool supports shared libraries
configure:12522: result: yes
configure:12525: checking whether to build shared libraries
configure:12550: result: yes
configure:12553: checking whether to build static libraries
configure:12557: result: no
configure:12600: checking for bash
configure:12618: found /bin/bash
configure:12630: result: /bin/bash
configure:12638: checking if dolt supports this host
configure:12670: result: yes, replacing libtool
configure:12821: checking for a sed that does not truncate output
configure:12885: result: /bin/sed
configure:12891: checking whether ln -s works
configure:12895: result: yes
configure:13011: checking pkg-config is at least version 0.9.0
configure:13014: result: yes
configure:13024: checking for xsltproc
configure:13057: result: no
configure:13063: checking for /usr/bin/gcc option to accept ISO C99
configure:13212: /usr/bin/gcc  -c -O2 -I/usr/src/output/host/include -I/usr/src/output/host/include conftest.c >&5
configure:13212: $? = 0
configure:13225: result: none needed
configure:13251: checking for __xstat
configure:13251: /usr/bin/gcc -o conftest -O2 -I/usr/src/output/host/include -I/usr/src/output/host/include -L/usr/src/output/host/lib -Wl,-rpath,/usr/src/output/host/lib conftest.c  >&5
configure:13251: $? = 0
configure:13251: result: yes
configure:13251: checking for __secure_getenv
configure:13251: /usr/bin/gcc -o conftest -O2 -I/usr/src/output/host/include -I/usr/src/output/host/include -L/usr/src/output/host/lib -Wl,-rpath,/usr/src/output/host/lib conftest.c  >&5
/tmp/ccHeSXrw.o: In function `main':
conftest.c:(.text.startup+0x7): undefined reference to `__secure_getenv'
collect2: error: ld returned 1 exit status
configure:13251: $? = 1
configure: failed program was:
| /* confdefs.h */
| #define PACKAGE_NAME "kmod"
| #define PACKAGE_TARNAME "kmod"
| #define PACKAGE_VERSION "24"
| #define PACKAGE_STRING "kmod 24"
| #define PACKAGE_BUGREPORT "linux-modules@vger.kernel.org"
| #define PACKAGE_URL "http://git.kernel.org/?p=utils/kernel/kmod/kmod.git"
| #define STDC_HEADERS 1
| #define HAVE_SYS_TYPES_H 1
| #define HAVE_SYS_STAT_H 1
| #define HAVE_STDLIB_H 1
| #define HAVE_STRING_H 1
| #define HAVE_MEMORY_H 1
| #define HAVE_STRINGS_H 1
| #define HAVE_INTTYPES_H 1
| #define HAVE_STDINT_H 1
| #define HAVE_UNISTD_H 1
| #define __EXTENSIONS__ 1
| #define _ALL_SOURCE 1
| #define _GNU_SOURCE 1
| #define _POSIX_PTHREAD_SEMANTICS 1
| #define _TANDEM_SOURCE 1
| #define PACKAGE "kmod"
| #define VERSION "24"
| #define HAVE_DLFCN_H 1
| #define LT_OBJDIR ".libs/"
| #define HAVE___XSTAT 1
| /* end confdefs.h.  */
| /* Define __secure_getenv to an innocuous variant, in case <limits.h> declares __secure_getenv.
|    For example, HP-UX 11i <limits.h> declares gettimeofday.  */
| #define __secure_getenv innocuous___secure_getenv
| 
| /* System header to define __stub macros and hopefully few prototypes,
|     which can conflict with char __secure_getenv (); below.
|     Prefer <limits.h> to <assert.h> if __STDC__ is defined, since
|     <limits.h> exists even on freestanding compilers.  */
| 
| #ifdef __STDC__
| # include <limits.h>
| #else
| # include <assert.h>
| #endif
| 
| #undef __secure_getenv
| 
| /* Override any GCC internal prototype to avoid an error.
|    Use char because int might match the return type of a GCC
|    builtin and then its argument prototype would still apply.  */
| #ifdef __cplusplus
| extern "C"
| #endif
| char __secure_getenv ();
| /* The GNU C library defines this for functions which it implements
|     to always fail with ENOSYS.  Some functions are actually named
|     something starting with __ and the normal name is an alias.  */
| #if defined __stub___secure_getenv || defined __stub_____secure_getenv
| choke me
| #endif
| 
| int
| main ()
| {
| return __secure_getenv ();
|   ;
|   return 0;
| }
configure:13251: result: no
configure:13251: checking for secure_getenv
configure:13251: /usr/bin/gcc -o conftest -O2 -I/usr/src/output/host/include -I/usr/src/output/host/include -L/usr/src/output/host/lib -Wl,-rpath,/usr/src/output/host/lib conftest.c  >&5
configure:13251: $? = 0
configure:13251: result: yes
configure:13251: checking for finit_module
configure:13251: /usr/bin/gcc -o conftest -O2 -I/usr/src/output/host/include -I/usr/src/output/host/include -L/usr/src/output/host/lib -Wl,-rpath,/usr/src/output/host/lib conftest.c  >&5
/tmp/ccpWB1MD.o: In function `main':
conftest.c:(.text.startup+0x7): undefined reference to `finit_module'
collect2: error: ld returned 1 exit status
configure:13251: $? = 1
configure: failed program was:
| /* confdefs.h */
| #define PACKAGE_NAME "kmod"
| #define PACKAGE_TARNAME "kmod"
| #define PACKAGE_VERSION "24"
| #define PACKAGE_STRING "kmod 24"
| #define PACKAGE_BUGREPORT "linux-modules@vger.kernel.org"
| #define PACKAGE_URL "http://git.kernel.org/?p=utils/kernel/kmod/kmod.git"
| #define STDC_HEADERS 1
| #define HAVE_SYS_TYPES_H 1
| #define HAVE_SYS_STAT_H 1
| #define HAVE_STDLIB_H 1
| #define HAVE_STRING_H 1
| #define HAVE_MEMORY_H 1
| #define HAVE_STRINGS_H 1
| #define HAVE_INTTYPES_H 1
| #define HAVE_STDINT_H 1
| #define HAVE_UNISTD_H 1
| #define __EXTENSIONS__ 1
| #define _ALL_SOURCE 1
| #define _GNU_SOURCE 1
| #define _POSIX_PTHREAD_SEMANTICS 1
| #define _TANDEM_SOURCE 1
| #define PACKAGE "kmod"
| #define VERSION "24"
| #define HAVE_DLFCN_H 1
| #define LT_OBJDIR ".libs/"
| #define HAVE___XSTAT 1
| #define HAVE_SECURE_GETENV 1
| /* end confdefs.h.  */
| /* Define finit_module to an innocuous variant, in case <limits.h> declares finit_module.
|    For example, HP-UX 11i <limits.h> declares gettimeofday.  */
| #define finit_module innocuous_finit_module
| 
| /* System header to define __stub macros and hopefully few prototypes,
|     which can conflict with char finit_module (); below.
|     Prefer <limits.h> to <assert.h> if __STDC__ is defined, since
|     <limits.h> exists even on freestanding compilers.  */
| 
| #ifdef __STDC__
| # include <limits.h>
| #else
| # include <assert.h>
| #endif
| 
| #undef finit_module
| 
| /* Override any GCC internal prototype to avoid an error.
|    Use char because int might match the return type of a GCC
|    builtin and then its argument prototype would still apply.  */
| #ifdef __cplusplus
| extern "C"
| #endif
| char finit_module ();
| /* The GNU C library defines this for functions which it implements
|     to always fail with ENOSYS.  Some functions are actually named
|     something starting with __ and the normal name is an alias.  */
| #if defined __stub_finit_module || defined __stub___finit_module
| choke me
| #endif
| 
| int
| main ()
| {
| return finit_module ();
|   ;
|   return 0;
| }
configure:13251: result: no
configure:13274: checking if compiler has __builtin_clz builtin function
configure:13291: /usr/bin/gcc -o conftest -O2 -I/usr/src/output/host/include -I/usr/src/output/host/include -L/usr/src/output/host/lib -Wl,-rpath,/usr/src/output/host/lib conftest.c  >&5
configure:13291: $? = 0
configure:13299: result: yes
configure:13321: checking if compiler has __builtin_types_compatible_p builtin function
configure:13338: /usr/bin/gcc -o conftest -O2 -I/usr/src/output/host/include -I/usr/src/output/host/include -L/usr/src/output/host/lib -Wl,-rpath,/usr/src/output/host/lib conftest.c  >&5
configure:13338: $? = 0
configure:13346: result: yes
configure:13368: checking if compiler has __builtin_uaddl_overflow builtin function
configure:13385: /usr/bin/gcc -o conftest -O2 -I/usr/src/output/host/include -I/usr/src/output/host/include -L/usr/src/output/host/lib -Wl,-rpath,/usr/src/output/host/lib conftest.c  >&5
configure:13385: $? = 0
configure:13393: result: yes
configure:13415: checking if compiler has __builtin_uaddll_overflow builtin function
configure:13432: /usr/bin/gcc -o conftest -O2 -I/usr/src/output/host/include -I/usr/src/output/host/include -L/usr/src/output/host/lib -Wl,-rpath,/usr/src/output/host/lib conftest.c  >&5
configure:13432: $? = 0
configure:13440: result: yes
configure:13462: checking for struct stat.st_mtim
configure:13462: /usr/bin/gcc -c -O2 -I/usr/src/output/host/include -I/usr/src/output/host/include conftest.c >&5
conftest.c: In function 'main':
conftest.c:40:5: error: used struct type value where scalar is required
 if (ac_aggr.st_mtim)
     ^~~~~~~
configure:13462: $? = 1
configure: failed program was:
| /* confdefs.h */
| #define PACKAGE_NAME "kmod"
| #define PACKAGE_TARNAME "kmod"
| #define PACKAGE_VERSION "24"
| #define PACKAGE_STRING "kmod 24"
| #define PACKAGE_BUGREPORT "linux-modules@vger.kernel.org"
| #define PACKAGE_URL "http://git.kernel.org/?p=utils/kernel/kmod/kmod.git"
| #define STDC_HEADERS 1
| #define HAVE_SYS_TYPES_H 1
| #define HAVE_SYS_STAT_H 1
| #define HAVE_STDLIB_H 1
| #define HAVE_STRING_H 1
| #define HAVE_MEMORY_H 1
| #define HAVE_STRINGS_H 1
| #define HAVE_INTTYPES_H 1
| #define HAVE_STDINT_H 1
| #define HAVE_UNISTD_H 1
| #define __EXTENSIONS__ 1
| #define _ALL_SOURCE 1
| #define _GNU_SOURCE 1
| #define _POSIX_PTHREAD_SEMANTICS 1
| #define _TANDEM_SOURCE 1
| #define PACKAGE "kmod"
| #define VERSION "24"
| #define HAVE_DLFCN_H 1
| #define LT_OBJDIR ".libs/"
| #define HAVE___XSTAT 1
| #define HAVE_SECURE_GETENV 1
| #define HAVE___BUILTIN_CLZ 1
| #define HAVE___BUILTIN_TYPES_COMPATIBLE_P 1
| #define HAVE___BUILTIN_UADDL_OVERFLOW 1
| #define HAVE___BUILTIN_UADDLL_OVERFLOW 1
| /* end confdefs.h.  */
| #include <sys/stat.h>
| 
| int
| main ()
| {
| static struct stat ac_aggr;
| if (ac_aggr.st_mtim)
| return 0;
|   ;
|   return 0;
| }
configure:13462: /usr/bin/gcc -c -O2 -I/usr/src/output/host/include -I/usr/src/output/host/include conftest.c >&5
configure:13462: $? = 0
configure:13462: result: yes
configure:13475: checking whether strndupa is declared
configure:13475: /usr/bin/gcc -c -O2 -I/usr/src/output/host/include -I/usr/src/output/host/include conftest.c >&5
configure:13475: $? = 0
configure:13475: result: yes
configure:13489: checking whether be32toh is declared
configure:13489: /usr/bin/gcc -c -O2 -I/usr/src/output/host/include -I/usr/src/output/host/include conftest.c >&5
configure:13489: $? = 0
configure:13489: result: yes
configure:13509: checking for linux/module.h
configure:13509: /usr/bin/gcc -c -O2 -I/usr/src/output/host/include -I/usr/src/output/host/include conftest.c >&5
conftest.c:71:26: fatal error: linux/module.h: No such file or directory
 #include <linux/module.h>
                          ^
compilation terminated.
configure:13509: $? = 1
configure: failed program was:
| /* confdefs.h */
| #define PACKAGE_NAME "kmod"
| #define PACKAGE_TARNAME "kmod"
| #define PACKAGE_VERSION "24"
| #define PACKAGE_STRING "kmod 24"
| #define PACKAGE_BUGREPORT "linux-modules@vger.kernel.org"
| #define PACKAGE_URL "http://git.kernel.org/?p=utils/kernel/kmod/kmod.git"
| #define STDC_HEADERS 1
| #define HAVE_SYS_TYPES_H 1
| #define HAVE_SYS_STAT_H 1
| #define HAVE_STDLIB_H 1
| #define HAVE_STRING_H 1
| #define HAVE_MEMORY_H 1
| #define HAVE_STRINGS_H 1
| #define HAVE_INTTYPES_H 1
| #define HAVE_STDINT_H 1
| #define HAVE_UNISTD_H 1
| #define __EXTENSIONS__ 1
| #define _ALL_SOURCE 1
| #define _GNU_SOURCE 1
| #define _POSIX_PTHREAD_SEMANTICS 1
| #define _TANDEM_SOURCE 1
| #define PACKAGE "kmod"
| #define VERSION "24"
| #define HAVE_DLFCN_H 1
| #define LT_OBJDIR ".libs/"
| #define HAVE___XSTAT 1
| #define HAVE_SECURE_GETENV 1
| #define HAVE___BUILTIN_CLZ 1
| #define HAVE___BUILTIN_TYPES_COMPATIBLE_P 1
| #define HAVE___BUILTIN_UADDL_OVERFLOW 1
| #define HAVE___BUILTIN_UADDLL_OVERFLOW 1
| #define HAVE_STRUCT_STAT_ST_MTIM 1
| #define HAVE_DECL_STRNDUPA 1
| #define HAVE_DECL_BE32TOH 1
| /* end confdefs.h.  */
| #include <stdio.h>
| #ifdef HAVE_SYS_TYPES_H
| # include <sys/types.h>
| #endif
| #ifdef HAVE_SYS_STAT_H
| # include <sys/stat.h>
| #endif
| #ifdef STDC_HEADERS
| # include <stdlib.h>
| # include <stddef.h>
| #else
| # ifdef HAVE_STDLIB_H
| #  include <stdlib.h>
| # endif
| #endif
| #ifdef HAVE_STRING_H
| # if !defined STDC_HEADERS && defined HAVE_MEMORY_H
| #  include <memory.h>
| # endif
| # include <string.h>
| #endif
| #ifdef HAVE_STRINGS_H
| # include <strings.h>
| #endif
| #ifdef HAVE_INTTYPES_H
| # include <inttypes.h>
| #endif
| #ifdef HAVE_STDINT_H
| # include <stdint.h>
| #endif
| #ifdef HAVE_UNISTD_H
| # include <unistd.h>
| #endif
| 
| #include <linux/module.h>
configure:13509: result: no
configure:13524: checking whether _Static_assert() is supported
configure:13530: /usr/bin/gcc -c -O2 -I/usr/src/output/host/include -I/usr/src/output/host/include conftest.c >&5
configure:13530: $? = 0
configure:13534: result: yes
configure:13542: checking whether _Noreturn is supported
configure:13548: /usr/bin/gcc -c -O2 -I/usr/src/output/host/include -I/usr/src/output/host/include conftest.c >&5
conftest.c: In function 'foo':
conftest.c:38:27: warning: implicit declaration of function 'exit' [-Wimplicit-function-declaration]
 _Noreturn int foo(void) { exit(0); }
                           ^~~~
conftest.c:38:27: warning: incompatible implicit declaration of built-in function 'exit'
conftest.c:38:27: note: include '<stdlib.h>' or provide a declaration of 'exit'
configure:13548: $? = 0
configure:13552: result: yes
configure:13683: Xz support not requested
configure:13819: zlib support not requested
configure:14597: checking for gtk-doc
configure:14600: $PKG_CONFIG --exists --print-errors "$gtk_doc_requires"
Package gtk-doc was not found in the pkg-config search path.
Perhaps you should add the directory containing `gtk-doc.pc'
to the PKG_CONFIG_PATH environment variable
Package 'gtk-doc', required by 'world', not found
configure:14603: $? = 1
configure:14609: result: no
configure:14615: WARNING:
  You will not be able to create source packages with 'make dist'
  because gtk-doc >= 1.14 is not found.
configure:14623: checking for gtkdoc-check
configure:14653: result: no
configure:14660: checking for gtkdoc-check
configure:14693: result: no
configure:14702: checking for gtkdoc-rebase
configure:14735: result: no
configure:14746: checking for gtkdoc-mkpdf
configure:14779: result: no
configure:14804: checking whether to build gtk-doc documentation
configure:14806: result: no
configure:14819: checking for GTKDOC_DEPS
configure:14826: $PKG_CONFIG --exists --print-errors "glib-2.0 >= 2.10.0 gobject-2.0  >= 2.10.0"
Package glib-2.0 was not found in the pkg-config search path.
Perhaps you should add the directory containing `glib-2.0.pc'
to the PKG_CONFIG_PATH environment variable
Package 'glib-2.0', required by 'world', not found
Package 'gobject-2.0', required by 'world', not found
configure:14829: $? = 1
configure:14843: $PKG_CONFIG --exists --print-errors "glib-2.0 >= 2.10.0 gobject-2.0  >= 2.10.0"
Package glib-2.0 was not found in the pkg-config search path.
Perhaps you should add the directory containing `glib-2.0.pc'
to the PKG_CONFIG_PATH environment variable
Package 'glib-2.0', required by 'world', not found
Package 'gobject-2.0', required by 'world', not found
configure:14846: $? = 1
configure:14860: result: no
Package glib-2.0 was not found in the pkg-config search path.
Perhaps you should add the directory containing `glib-2.0.pc'
to the PKG_CONFIG_PATH environment variable
Package 'glib-2.0', required by 'world', not found
Package 'gobject-2.0', required by 'world', not found
configure:15015: checking if /usr/bin/gcc supports flag -pipe in envvar CFLAGS
configure:15026: /usr/bin/gcc -o conftest -Werror -pipe -I/usr/src/output/host/include -L/usr/src/output/host/lib -Wl,-rpath,/usr/src/output/host/lib conftest.c  >&5
configure:15026: $? = 0
configure:15036: result: yes
configure:15015: checking if /usr/bin/gcc supports flag -DANOTHER_BRICK_IN_THE in envvar CFLAGS
configure:15026: /usr/bin/gcc -o conftest -Werror -DANOTHER_BRICK_IN_THE -I/usr/src/output/host/include -L/usr/src/output/host/lib -Wl,-rpath,/usr/src/output/host/lib conftest.c  >&5
configure:15026: $? = 0
configure:15036: result: yes
configure:15015: checking if /usr/bin/gcc supports flag -Wall in envvar CFLAGS
configure:15026: /usr/bin/gcc -o conftest -Werror -Wall -I/usr/src/output/host/include -L/usr/src/output/host/lib -Wl,-rpath,/usr/src/output/host/lib conftest.c  >&5
configure:15026: $? = 0
configure:15036: result: yes
configure:15015: checking if /usr/bin/gcc supports flag -W in envvar CFLAGS
configure:15026: /usr/bin/gcc -o conftest -Werror -W -I/usr/src/output/host/include -L/usr/src/output/host/lib -Wl,-rpath,/usr/src/output/host/lib conftest.c  >&5
configure:15026: $? = 0
configure:15036: result: yes
configure:15015: checking if /usr/bin/gcc supports flag -Wextra in envvar CFLAGS
configure:15026: /usr/bin/gcc -o conftest -Werror -Wextra -I/usr/src/output/host/include -L/usr/src/output/host/lib -Wl,-rpath,/usr/src/output/host/lib conftest.c  >&5
configure:15026: $? = 0
configure:15036: result: yes
configure:15015: checking if /usr/bin/gcc supports flag -Wno-inline in envvar CFLAGS
configure:15026: /usr/bin/gcc -o conftest -Werror -Winline -I/usr/src/output/host/include -L/usr/src/output/host/lib -Wl,-rpath,/usr/src/output/host/lib conftest.c  >&5
configure:15026: $? = 0
configure:15036: result: yes
configure:15015: checking if /usr/bin/gcc supports flag -Wvla in envvar CFLAGS
configure:15026: /usr/bin/gcc -o conftest -Werror -Wvla -I/usr/src/output/host/include -L/usr/src/output/host/lib -Wl,-rpath,/usr/src/output/host/lib conftest.c  >&5
configure:15026: $? = 0
configure:15036: result: yes
configure:15015: checking if /usr/bin/gcc supports flag -Wundef in envvar CFLAGS
configure:15026: /usr/bin/gcc -o conftest -Werror -Wundef -I/usr/src/output/host/include -L/usr/src/output/host/lib -Wl,-rpath,/usr/src/output/host/lib conftest.c  >&5
configure:15026: $? = 0
configure:15036: result: yes
configure:15015: checking if /usr/bin/gcc supports flag -Wformat=2 in envvar CFLAGS
configure:15026: /usr/bin/gcc -o conftest -Werror -Wformat=2 -I/usr/src/output/host/include -L/usr/src/output/host/lib -Wl,-rpath,/usr/src/output/host/lib conftest.c  >&5
configure:15026: $? = 0
configure:15036: result: yes
configure:15015: checking if /usr/bin/gcc supports flag -Wlogical-op in envvar CFLAGS
configure:15026: /usr/bin/gcc -o conftest -Werror -Wlogical-op -I/usr/src/output/host/include -L/usr/src/output/host/lib -Wl,-rpath,/usr/src/output/host/lib conftest.c  >&5
configure:15026: $? = 0
configure:15036: result: yes
configure:15015: checking if /usr/bin/gcc supports flag -Wsign-compare in envvar CFLAGS
configure:15026: /usr/bin/gcc -o conftest -Werror -Wsign-compare -I/usr/src/output/host/include -L/usr/src/output/host/lib -Wl,-rpath,/usr/src/output/host/lib conftest.c  >&5
configure:15026: $? = 0
configure:15036: result: yes
configure:15015: checking if /usr/bin/gcc supports flag -Wformat-security in envvar CFLAGS
configure:15026: /usr/bin/gcc -o conftest -Werror -Wformat-security -I/usr/src/output/host/include -L/usr/src/output/host/lib -Wl,-rpath,/usr/src/output/host/lib conftest.c  >&5
cc1: error: -Wformat-security ignored without -Wformat [-Werror=format-security]
cc1: all warnings being treated as errors
configure:15026: $? = 1
configure: failed program was:
| /* confdefs.h */
| #define PACKAGE_NAME "kmod"
| #define PACKAGE_TARNAME "kmod"
| #define PACKAGE_VERSION "24"
| #define PACKAGE_STRING "kmod 24"
| #define PACKAGE_BUGREPORT "linux-modules@vger.kernel.org"
| #define PACKAGE_URL "http://git.kernel.org/?p=utils/kernel/kmod/kmod.git"
| #define STDC_HEADERS 1
| #define HAVE_SYS_TYPES_H 1
| #define HAVE_SYS_STAT_H 1
| #define HAVE_STDLIB_H 1
| #define HAVE_STRING_H 1
| #define HAVE_MEMORY_H 1
| #define HAVE_STRINGS_H 1
| #define HAVE_INTTYPES_H 1
| #define HAVE_STDINT_H 1
| #define HAVE_UNISTD_H 1
| #define __EXTENSIONS__ 1
| #define _ALL_SOURCE 1
| #define _GNU_SOURCE 1
| #define _POSIX_PTHREAD_SEMANTICS 1
| #define _TANDEM_SOURCE 1
| #define PACKAGE "kmod"
| #define VERSION "24"
| #define HAVE_DLFCN_H 1
| #define LT_OBJDIR ".libs/"
| #define HAVE___XSTAT 1
| #define HAVE_SECURE_GETENV 1
| #define HAVE___BUILTIN_CLZ 1
| #define HAVE___BUILTIN_TYPES_COMPATIBLE_P 1
| #define HAVE___BUILTIN_UADDL_OVERFLOW 1
| #define HAVE___BUILTIN_UADDLL_OVERFLOW 1
| #define HAVE_STRUCT_STAT_ST_MTIM 1
| #define HAVE_DECL_STRNDUPA 1
| #define HAVE_DECL_BE32TOH 1
| #define HAVE_STATIC_ASSERT 1
| #define HAVE_NORETURN 1
| #define ENABLE_LOGGING 1
| /* end confdefs.h.  */
| int main(void) { return 0; }
configure:15036: result: no
configure:15015: checking if /usr/bin/gcc supports flag -Wmissing-include-dirs in envvar CFLAGS
configure:15026: /usr/bin/gcc -o conftest -Werror -Wmissing-include-dirs -I/usr/src/output/host/include -L/usr/src/output/host/lib -Wl,-rpath,/usr/src/output/host/lib conftest.c  >&5
configure:15026: $? = 0
configure:15036: result: yes
configure:15015: checking if /usr/bin/gcc supports flag -Wformat-nonliteral in envvar CFLAGS
configure:15026: /usr/bin/gcc -o conftest -Werror -Wformat-nonliteral -I/usr/src/output/host/include -L/usr/src/output/host/lib -Wl,-rpath,/usr/src/output/host/lib conftest.c  >&5
cc1: error: -Wformat-nonliteral ignored without -Wformat [-Werror=format-nonliteral]
cc1: all warnings being treated as errors
configure:15026: $? = 1
configure: failed program was:
| /* confdefs.h */
| #define PACKAGE_NAME "kmod"
| #define PACKAGE_TARNAME "kmod"
| #define PACKAGE_VERSION "24"
| #define PACKAGE_STRING "kmod 24"
| #define PACKAGE_BUGREPORT "linux-modules@vger.kernel.org"
| #define PACKAGE_URL "http://git.kernel.org/?p=utils/kernel/kmod/kmod.git"
| #define STDC_HEADERS 1
| #define HAVE_SYS_TYPES_H 1
| #define HAVE_SYS_STAT_H 1
| #define HAVE_STDLIB_H 1
| #define HAVE_STRING_H 1
| #define HAVE_MEMORY_H 1
| #define HAVE_STRINGS_H 1
| #define HAVE_INTTYPES_H 1
| #define HAVE_STDINT_H 1
| #define HAVE_UNISTD_H 1
| #define __EXTENSIONS__ 1
| #define _ALL_SOURCE 1
| #define _GNU_SOURCE 1
| #define _POSIX_PTHREAD_SEMANTICS 1
| #define _TANDEM_SOURCE 1
| #define PACKAGE "kmod"
| #define VERSION "24"
| #define HAVE_DLFCN_H 1
| #define LT_OBJDIR ".libs/"
| #define HAVE___XSTAT 1
| #define HAVE_SECURE_GETENV 1
| #define HAVE___BUILTIN_CLZ 1
| #define HAVE___BUILTIN_TYPES_COMPATIBLE_P 1
| #define HAVE___BUILTIN_UADDL_OVERFLOW 1
| #define HAVE___BUILTIN_UADDLL_OVERFLOW 1
| #define HAVE_STRUCT_STAT_ST_MTIM 1
| #define HAVE_DECL_STRNDUPA 1
| #define HAVE_DECL_BE32TOH 1
| #define HAVE_STATIC_ASSERT 1
| #define HAVE_NORETURN 1
| #define ENABLE_LOGGING 1
| /* end confdefs.h.  */
| int main(void) { return 0; }
configure:15036: result: no
configure:15015: checking if /usr/bin/gcc supports flag -Wold-style-definition in envvar CFLAGS
configure:15026: /usr/bin/gcc -o conftest -Werror -Wold-style-definition -I/usr/src/output/host/include -L/usr/src/output/host/lib -Wl,-rpath,/usr/src/output/host/lib conftest.c  >&5
configure:15026: $? = 0
configure:15036: result: yes
configure:15015: checking if /usr/bin/gcc supports flag -Wpointer-arith in envvar CFLAGS
configure:15026: /usr/bin/gcc -o conftest -Werror -Wpointer-arith -I/usr/src/output/host/include -L/usr/src/output/host/lib -Wl,-rpath,/usr/src/output/host/lib conftest.c  >&5
configure:15026: $? = 0
configure:15036: result: yes
configure:15015: checking if /usr/bin/gcc supports flag -Winit-self in envvar CFLAGS
configure:15026: /usr/bin/gcc -o conftest -Werror -Winit-self -I/usr/src/output/host/include -L/usr/src/output/host/lib -Wl,-rpath,/usr/src/output/host/lib conftest.c  >&5
configure:15026: $? = 0
configure:15036: result: yes
configure:15015: checking if /usr/bin/gcc supports flag -Wdeclaration-after-statement in envvar CFLAGS
configure:15026: /usr/bin/gcc -o conftest -Werror -Wdeclaration-after-statement -I/usr/src/output/host/include -L/usr/src/output/host/lib -Wl,-rpath,/usr/src/output/host/lib conftest.c  >&5
configure:15026: $? = 0
configure:15036: result: yes
configure:15015: checking if /usr/bin/gcc supports flag -Wfloat-equal in envvar CFLAGS
configure:15026: /usr/bin/gcc -o conftest -Werror -Wfloat-equal -I/usr/src/output/host/include -L/usr/src/output/host/lib -Wl,-rpath,/usr/src/output/host/lib conftest.c  >&5
configure:15026: $? = 0
configure:15036: result: yes
configure:15015: checking if /usr/bin/gcc supports flag -Wmissing-prototypes in envvar CFLAGS
configure:15026: /usr/bin/gcc -o conftest -Werror -Wmissing-prototypes -I/usr/src/output/host/include -L/usr/src/output/host/lib -Wl,-rpath,/usr/src/output/host/lib conftest.c  >&5
configure:15026: $? = 0
configure:15036: result: yes
configure:15015: checking if /usr/bin/gcc supports flag -Wstrict-prototypes in envvar CFLAGS
configure:15026: /usr/bin/gcc -o conftest -Werror -Wstrict-prototypes -I/usr/src/output/host/include -L/usr/src/output/host/lib -Wl,-rpath,/usr/src/output/host/lib conftest.c  >&5
configure:15026: $? = 0
configure:15036: result: yes
configure:15015: checking if /usr/bin/gcc supports flag -Wredundant-decls in envvar CFLAGS
configure:15026: /usr/bin/gcc -o conftest -Werror -Wredundant-decls -I/usr/src/output/host/include -L/usr/src/output/host/lib -Wl,-rpath,/usr/src/output/host/lib conftest.c  >&5
configure:15026: $? = 0
configure:15036: result: yes
configure:15015: checking if /usr/bin/gcc supports flag -Wmissing-declarations in envvar CFLAGS
configure:15026: /usr/bin/gcc -o conftest -Werror -Wmissing-declarations -I/usr/src/output/host/include -L/usr/src/output/host/lib -Wl,-rpath,/usr/src/output/host/lib conftest.c  >&5
configure:15026: $? = 0
configure:15036: result: yes
configure:15015: checking if /usr/bin/gcc supports flag -Wmissing-noreturn in envvar CFLAGS
configure:15026: /usr/bin/gcc -o conftest -Werror -Wmissing-noreturn -I/usr/src/output/host/include -L/usr/src/output/host/lib -Wl,-rpath,/usr/src/output/host/lib conftest.c  >&5
configure:15026: $? = 0
configure:15036: result: yes
configure:15015: checking if /usr/bin/gcc supports flag -Wshadow in envvar CFLAGS
configure:15026: /usr/bin/gcc -o conftest -Werror -Wshadow -I/usr/src/output/host/include -L/usr/src/output/host/lib -Wl,-rpath,/usr/src/output/host/lib conftest.c  >&5
configure:15026: $? = 0
configure:15036: result: yes
configure:15015: checking if /usr/bin/gcc supports flag -Wendif-labels in envvar CFLAGS
configure:15026: /usr/bin/gcc -o conftest -Werror -Wendif-labels -I/usr/src/output/host/include -L/usr/src/output/host/lib -Wl,-rpath,/usr/src/output/host/lib conftest.c  >&5
configure:15026: $? = 0
configure:15036: result: yes
configure:15015: checking if /usr/bin/gcc supports flag -Wstrict-aliasing=3 in envvar CFLAGS
configure:15026: /usr/bin/gcc -o conftest -Werror -Wstrict-aliasing=3 -I/usr/src/output/host/include -L/usr/src/output/host/lib -Wl,-rpath,/usr/src/output/host/lib conftest.c  >&5
configure:15026: $? = 0
configure:15036: result: yes
configure:15015: checking if /usr/bin/gcc supports flag -Wwrite-strings in envvar CFLAGS
configure:15026: /usr/bin/gcc -o conftest -Werror -Wwrite-strings -I/usr/src/output/host/include -L/usr/src/output/host/lib -Wl,-rpath,/usr/src/output/host/lib conftest.c  >&5
configure:15026: $? = 0
configure:15036: result: yes
configure:15015: checking if /usr/bin/gcc supports flag -Wno-long-long in envvar CFLAGS
configure:15026: /usr/bin/gcc -o conftest -Werror -Wlong-long -I/usr/src/output/host/include -L/usr/src/output/host/lib -Wl,-rpath,/usr/src/output/host/lib conftest.c  >&5
configure:15026: $? = 0
configure:15036: result: yes
configure:15015: checking if /usr/bin/gcc supports flag -Wno-overlength-strings in envvar CFLAGS
configure:15026: /usr/bin/gcc -o conftest -Werror -Woverlength-strings -I/usr/src/output/host/include -L/usr/src/output/host/lib -Wl,-rpath,/usr/src/output/host/lib conftest.c  >&5
configure:15026: $? = 0
configure:15036: result: yes
configure:15015: checking if /usr/bin/gcc supports flag -Wno-unused-parameter in envvar CFLAGS
configure:15026: /usr/bin/gcc -o conftest -Werror -Wunused-parameter -I/usr/src/output/host/include -L/usr/src/output/host/lib -Wl,-rpath,/usr/src/output/host/lib conftest.c  >&5
configure:15026: $? = 0
configure:15036: result: yes
configure:15015: checking if /usr/bin/gcc supports flag -Wno-missing-field-initializers in envvar CFLAGS
configure:15026: /usr/bin/gcc -o conftest -Werror -Wmissing-field-initializers -I/usr/src/output/host/include -L/usr/src/output/host/lib -Wl,-rpath,/usr/src/output/host/lib conftest.c  >&5
configure:15026: $? = 0
configure:15036: result: yes
configure:15015: checking if /usr/bin/gcc supports flag -Wno-unused-result in envvar CFLAGS
configure:15026: /usr/bin/gcc -o conftest -Werror -Wunused-result -I/usr/src/output/host/include -L/usr/src/output/host/lib -Wl,-rpath,/usr/src/output/host/lib conftest.c  >&5
configure:15026: $? = 0
configure:15036: result: yes
configure:15015: checking if /usr/bin/gcc supports flag -Wnested-externs in envvar CFLAGS
configure:15026: /usr/bin/gcc -o conftest -Werror -Wnested-externs -I/usr/src/output/host/include -L/usr/src/output/host/lib -Wl,-rpath,/usr/src/output/host/lib conftest.c  >&5
configure:15026: $? = 0
configure:15036: result: yes
configure:15015: checking if /usr/bin/gcc supports flag -Wchar-subscripts in envvar CFLAGS
configure:15026: /usr/bin/gcc -o conftest -Werror -Wchar-subscripts -I/usr/src/output/host/include -L/usr/src/output/host/lib -Wl,-rpath,/usr/src/output/host/lib conftest.c  >&5
configure:15026: $? = 0
configure:15036: result: yes
configure:15015: checking if /usr/bin/gcc supports flag -Wtype-limits in envvar CFLAGS
configure:15026: /usr/bin/gcc -o conftest -Werror -Wtype-limits -I/usr/src/output/host/include -L/usr/src/output/host/lib -Wl,-rpath,/usr/src/output/host/lib conftest.c  >&5
configure:15026: $? = 0
configure:15036: result: yes
configure:15015: checking if /usr/bin/gcc supports flag -Wuninitialized in envvar CFLAGS
configure:15026: /usr/bin/gcc -o conftest -Werror -Wuninitialized -I/usr/src/output/host/include -L/usr/src/output/host/lib -Wl,-rpath,/usr/src/output/host/lib conftest.c  >&5
configure:15026: $? = 0
configure:15036: result: yes
configure:15015: checking if /usr/bin/gcc supports flag -fno-common in envvar CFLAGS
configure:15026: /usr/bin/gcc -o conftest -Werror -fno-common -I/usr/src/output/host/include -L/usr/src/output/host/lib -Wl,-rpath,/usr/src/output/host/lib conftest.c  >&5
configure:15026: $? = 0
configure:15036: result: yes
configure:15015: checking if /usr/bin/gcc supports flag -fdiagnostics-show-option in envvar CFLAGS
configure:15026: /usr/bin/gcc -o conftest -Werror -fdiagnostics-show-option -I/usr/src/output/host/include -L/usr/src/output/host/lib -Wl,-rpath,/usr/src/output/host/lib conftest.c  >&5
configure:15026: $? = 0
configure:15036: result: yes
configure:15015: checking if /usr/bin/gcc supports flag -fvisibility=hidden in envvar CFLAGS
configure:15026: /usr/bin/gcc -o conftest -Werror -fvisibility=hidden -I/usr/src/output/host/include -L/usr/src/output/host/lib -Wl,-rpath,/usr/src/output/host/lib conftest.c  >&5
configure:15026: $? = 0
configure:15036: result: yes
configure:15015: checking if /usr/bin/gcc supports flag -ffunction-sections in envvar CFLAGS
configure:15026: /usr/bin/gcc -o conftest -Werror -ffunction-sections -I/usr/src/output/host/include -L/usr/src/output/host/lib -Wl,-rpath,/usr/src/output/host/lib conftest.c  >&5
configure:15026: $? = 0
configure:15036: result: yes
configure:15015: checking if /usr/bin/gcc supports flag -fdata-sections in envvar CFLAGS
configure:15026: /usr/bin/gcc -o conftest -Werror -fdata-sections -I/usr/src/output/host/include -L/usr/src/output/host/lib -Wl,-rpath,/usr/src/output/host/lib conftest.c  >&5
configure:15026: $? = 0
configure:15036: result: yes
configure:15055: checking if /usr/bin/gcc supports flag -Wl,--as-needed in envvar LDFLAGS
configure:15066: /usr/bin/gcc -o conftest -O2 -I/usr/src/output/host/include -I/usr/src/output/host/include -Werror -Wl,--as-needed conftest.c  >&5
configure:15066: $? = 0
configure:15076: result: yes
configure:15055: checking if /usr/bin/gcc supports flag -Wl,--no-undefined in envvar LDFLAGS
configure:15066: /usr/bin/gcc -o conftest -O2 -I/usr/src/output/host/include -I/usr/src/output/host/include -Werror -Wl,--no-undefined conftest.c  >&5
configure:15066: $? = 0
configure:15076: result: yes
configure:15055: checking if /usr/bin/gcc supports flag -Wl,--gc-sections in envvar LDFLAGS
configure:15066: /usr/bin/gcc -o conftest -O2 -I/usr/src/output/host/include -I/usr/src/output/host/include -Werror -Wl,--gc-sections conftest.c  >&5
configure:15066: $? = 0
configure:15076: result: yes
configure:15217: checking that generated files are newer than configure
configure:15223: result: done
configure:15294: creating ./config.status

## ---------------------- ##
## Running config.status. ##
## ---------------------- ##

This file was extended by kmod config.status 24, which was
generated by GNU Autoconf 2.69.  Invocation command line was

  CONFIG_FILES    = 
  CONFIG_HEADERS  = 
  CONFIG_LINKS    = 
  CONFIG_COMMANDS = 
  $ ./config.status 

on c37c58f94407

config.status:1172: creating Makefile
config.status:1172: creating man/Makefile
config.status:1172: creating libkmod/docs/Makefile
config.status:1172: creating libkmod/docs/version.xml
config.status:1172: creating config.h
config.status:1401: executing depfiles commands
config.status:1401: executing libtool commands
configure:17437: WARNING: unrecognized options: --disable-doc, --disable-docs, --disable-documentation, --with-xmlto, --with-fop
configure:17469: result:
	kmod 24
	=======

	prefix:			/usr/src/output/host
	sysconfdir:		/usr/src/output/host/etc
	libdir:			${exec_prefix}/lib
	rootlibdir:		${exec_prefix}/lib
	includedir:		${prefix}/include
	bindir:			${exec_prefix}/bin
	Bash completions dir:   ${datarootdir}/bash-completion/completions

	compiler:		/usr/bin/gcc
	cflags:			 -pipe -DANOTHER_BRICK_IN_THE -Wall -W -Wextra -Wno-inline -Wvla -Wundef -Wformat=2 -Wlogical-op -Wsign-compare -Wmissing-include-dirs -Wold-style-definition -Wpointer-arith -Winit-self -Wdeclaration-after-statement -Wfloat-equal -Wmissing-prototypes -Wstrict-prototypes -Wredundant-decls -Wmissing-declarations -Wmissing-noreturn -Wshadow -Wendif-labels -Wstrict-aliasing=3 -Wwrite-strings -Wno-long-long -Wno-overlength-strings -Wno-unused-parameter -Wno-missing-field-initializers -Wno-unused-result -Wnested-externs -Wchar-subscripts -Wtype-limits -Wuninitialized -fno-common -fdiagnostics-show-option -fvisibility=hidden -ffunction-sections -fdata-sections -O2 -I/usr/src/output/host/include
	ldflags:		 -Wl,--as-needed -Wl,--no-undefined -Wl,--gc-sections -L/usr/src/output/host/lib -Wl,-rpath,/usr/src/output/host/lib

	experimental features:  no
	tools:			yes
	python bindings:	no
	logging:		yes
	compression:		xz=no  zlib=no
	debug:			no
	coverage:		no
	doc:			no
	man:			no
	test-modules:           yes

	features:               -XZ -ZLIB -EXPERIMENTAL


## ---------------- ##
## Cache variables. ##
## ---------------- ##

ac_cv_build=x86_64-pc-linux-gnu
ac_cv_c_compiler_gnu=yes
ac_cv_env_CC_set=set
ac_cv_env_CC_value=/usr/bin/gcc
ac_cv_env_CFLAGS_set=set
ac_cv_env_CFLAGS_value='-O2 -I/usr/src/output/host/include'
ac_cv_env_CPPFLAGS_set=set
ac_cv_env_CPPFLAGS_value=-I/usr/src/output/host/include
ac_cv_env_CPP_set=set
ac_cv_env_CPP_value=/usr/bin/cpp
ac_cv_env_GTKDOC_DEPS_CFLAGS_set=
ac_cv_env_GTKDOC_DEPS_CFLAGS_value=
ac_cv_env_GTKDOC_DEPS_LIBS_set=
ac_cv_env_GTKDOC_DEPS_LIBS_value=
ac_cv_env_LDFLAGS_set=set
ac_cv_env_LDFLAGS_value='-L/usr/src/output/host/lib -Wl,-rpath,/usr/src/output/host/lib'
ac_cv_env_LIBS_set=
ac_cv_env_LIBS_value=
ac_cv_env_LT_SYS_LIBRARY_PATH_set=
ac_cv_env_LT_SYS_LIBRARY_PATH_value=
ac_cv_env_PKG_CONFIG_LIBDIR_set=set
ac_cv_env_PKG_CONFIG_LIBDIR_value=/usr/src/output/host/lib/pkgconfig:/usr/src/output/host/share/pkgconfig
ac_cv_env_PKG_CONFIG_PATH_set=
ac_cv_env_PKG_CONFIG_PATH_value=
ac_cv_env_PKG_CONFIG_set=set
ac_cv_env_PKG_CONFIG_value=/usr/src/output/host/bin/pkg-config
ac_cv_env_PYTHON_CFLAGS_set=
ac_cv_env_PYTHON_CFLAGS_value=
ac_cv_env_PYTHON_LIBS_set=
ac_cv_env_PYTHON_LIBS_value=
ac_cv_env_PYTHON_set=
ac_cv_env_PYTHON_value=
ac_cv_env_build_alias_set=
ac_cv_env_build_alias_value=
ac_cv_env_host_alias_set=
ac_cv_env_host_alias_value=
ac_cv_env_liblzma_CFLAGS_set=
ac_cv_env_liblzma_CFLAGS_value=
ac_cv_env_liblzma_LIBS_set=
ac_cv_env_liblzma_LIBS_value=
ac_cv_env_target_alias_set=
ac_cv_env_target_alias_value=
ac_cv_env_zlib_CFLAGS_set=
ac_cv_env_zlib_CFLAGS_value=
ac_cv_env_zlib_LIBS_set=
ac_cv_env_zlib_LIBS_value=
ac_cv_func___secure_getenv=no
ac_cv_func___xstat=yes
ac_cv_func_finit_module=no
ac_cv_func_secure_getenv=yes
ac_cv_have_decl_be32toh=yes
ac_cv_have_decl_strndupa=yes
ac_cv_header_dlfcn_h=yes
ac_cv_header_inttypes_h=yes
ac_cv_header_linux_module_h=no
ac_cv_header_memory_h=yes
ac_cv_header_minix_config_h=no
ac_cv_header_stdc=yes
ac_cv_header_stdint_h=yes
ac_cv_header_stdlib_h=yes
ac_cv_header_string_h=yes
ac_cv_header_strings_h=yes
ac_cv_header_sys_stat_h=yes
ac_cv_header_sys_types_h=yes
ac_cv_header_unistd_h=yes
ac_cv_host=x86_64-pc-linux-gnu
ac_cv_member_struct_stat_st_mtim=yes
ac_cv_objext=o
ac_cv_path_DOLT_BASH=/bin/bash
ac_cv_path_EGREP='/bin/grep -E'
ac_cv_path_FGREP='/bin/grep -F'
ac_cv_path_GREP=/bin/grep
ac_cv_path_SED=/bin/sed
ac_cv_path_install='/usr/bin/install -c'
ac_cv_path_lt_DD=/bin/dd
ac_cv_path_mkdir=/bin/mkdir
ac_cv_prog_AWK=mawk
ac_cv_prog_CPP=/usr/bin/cpp
ac_cv_prog_ac_ct_CC=/usr/bin/gcc
ac_cv_prog_ac_ct_MANIFEST_TOOL=mt
ac_cv_prog_ac_ct_OBJDUMP=objdump
ac_cv_prog_ac_ct_RANLIB=/usr/bin/ranlib
ac_cv_prog_ac_ct_STRIP=strip
ac_cv_prog_cc_c89=
ac_cv_prog_cc_c99=
ac_cv_prog_cc_g=yes
ac_cv_prog_make_make_set=yes
ac_cv_safe_to_define___extensions__=yes
ac_cv_sys_file_offset_bits=no
ac_cv_sys_largefile_CC=no
am_cv_CC_dependencies_compiler_type=none
am_cv_make_support_nested_variables=yes
am_cv_prog_cc_c_o=yes
am_cv_prog_tar_pax=gnutar
cc_cv_CFLAGS__DANOTHER_BRICK_IN_THE=yes
cc_cv_CFLAGS__W=yes
cc_cv_CFLAGS__Wall=yes
cc_cv_CFLAGS__Wchar_subscripts=yes
cc_cv_CFLAGS__Wdeclaration_after_statement=yes
cc_cv_CFLAGS__Wendif_labels=yes
cc_cv_CFLAGS__Wextra=yes
cc_cv_CFLAGS__Wfloat_equal=yes
cc_cv_CFLAGS__Wformat_2=yes
cc_cv_CFLAGS__Wformat_nonliteral=no
cc_cv_CFLAGS__Wformat_security=no
cc_cv_CFLAGS__Winit_self=yes
cc_cv_CFLAGS__Wlogical_op=yes
cc_cv_CFLAGS__Wmissing_declarations=yes
cc_cv_CFLAGS__Wmissing_include_dirs=yes
cc_cv_CFLAGS__Wmissing_noreturn=yes
cc_cv_CFLAGS__Wmissing_prototypes=yes
cc_cv_CFLAGS__Wnested_externs=yes
cc_cv_CFLAGS__Wno_inline=yes
cc_cv_CFLAGS__Wno_long_long=yes
cc_cv_CFLAGS__Wno_missing_field_initializers=yes
cc_cv_CFLAGS__Wno_overlength_strings=yes
cc_cv_CFLAGS__Wno_unused_parameter=yes
cc_cv_CFLAGS__Wno_unused_result=yes
cc_cv_CFLAGS__Wold_style_definition=yes
cc_cv_CFLAGS__Wpointer_arith=yes
cc_cv_CFLAGS__Wredundant_decls=yes
cc_cv_CFLAGS__Wshadow=yes
cc_cv_CFLAGS__Wsign_compare=yes
cc_cv_CFLAGS__Wstrict_aliasing_3=yes
cc_cv_CFLAGS__Wstrict_prototypes=yes
cc_cv_CFLAGS__Wtype_limits=yes
cc_cv_CFLAGS__Wundef=yes
cc_cv_CFLAGS__Wuninitialized=yes
cc_cv_CFLAGS__Wvla=yes
cc_cv_CFLAGS__Wwrite_strings=yes
cc_cv_CFLAGS__fdata_sections=yes
cc_cv_CFLAGS__fdiagnostics_show_option=yes
cc_cv_CFLAGS__ffunction_sections=yes
cc_cv_CFLAGS__fno_common=yes
cc_cv_CFLAGS__fvisibility_hidden=yes
cc_cv_CFLAGS__pipe=yes
cc_cv_LDFLAGS__Wl___as_needed=yes
cc_cv_LDFLAGS__Wl___gc_sections=yes
cc_cv_LDFLAGS__Wl___no_undefined=yes
cc_cv_have___builtin_clz=yes
cc_cv_have___builtin_types_compatible_p=yes
cc_cv_have___builtin_uaddl_overflow=yes
cc_cv_have___builtin_uaddll_overflow=yes
lt_cv_ar_at_file=@
lt_cv_archive_cmds_need_lc=no
lt_cv_deplibs_check_method=pass_all
lt_cv_file_magic_cmd='$MAGIC_CMD'
lt_cv_file_magic_test_file=
lt_cv_ld_reload_flag=-r
lt_cv_nm_interface='BSD nm'
lt_cv_objdir=.libs
lt_cv_path_LD=/usr/bin/ld
lt_cv_path_NM=/usr/bin/nm
lt_cv_path_mainfest_tool=no
lt_cv_prog_compiler_c_o=yes
lt_cv_prog_compiler_pic='-fPIC -DPIC'
lt_cv_prog_compiler_pic_works=yes
lt_cv_prog_compiler_rtti_exceptions=no
lt_cv_prog_compiler_static_works=yes
lt_cv_prog_gnu_ld=yes
lt_cv_sharedlib_from_linklib_cmd='printf %s\n'
lt_cv_shlibpath_overrides_runpath=yes
lt_cv_sys_global_symbol_pipe='sed -n -e '\''s/^.*[	 ]\([ABCDGIRSTW][ABCDGIRSTW]*\)[	 ][	 ]*\([_A-Za-z][_A-Za-z0-9]*\)$/\1 \2 \2/p'\'' | sed '\''/ __gnu_lto/d'\'''
lt_cv_sys_global_symbol_to_c_name_address='sed -n -e '\''s/^: \(.*\) .*$/  {"\1", (void *) 0},/p'\'' -e '\''s/^[ABCDGIRSTW][ABCDGIRSTW]* .* \(.*\)$/  {"\1", (void *) \&\1},/p'\'''
lt_cv_sys_global_symbol_to_c_name_address_lib_prefix='sed -n -e '\''s/^: \(.*\) .*$/  {"\1", (void *) 0},/p'\'' -e '\''s/^[ABCDGIRSTW][ABCDGIRSTW]* .* \(lib.*\)$/  {"\1", (void *) \&\1},/p'\'' -e '\''s/^[ABCDGIRSTW][ABCDGIRSTW]* .* \(.*\)$/  {"lib\1", (void *) \&\1},/p'\'''
lt_cv_sys_global_symbol_to_cdecl='sed -n -e '\''s/^T .* \(.*\)$/extern int \1();/p'\'' -e '\''s/^[ABCDGIRSTW][ABCDGIRSTW]* .* \(.*\)$/extern char \1;/p'\'''
lt_cv_sys_global_symbol_to_import=
lt_cv_sys_max_cmd_len=1572864
lt_cv_to_host_file_cmd=func_convert_file_noop
lt_cv_to_tool_file_cmd=func_convert_file_noop
lt_cv_truncate_bin='/bin/dd bs=4096 count=1'

## ----------------- ##
## Output variables. ##
## ----------------- ##

ACLOCAL='${SHELL} /usr/src/output/build/host-kmod-24/build-aux/missing aclocal-1.15'
AMDEPBACKSLASH=''
AMDEP_FALSE=''
AMDEP_TRUE='#'
AMTAR='$${TAR-tar}'
AM_BACKSLASH='\'
AM_DEFAULT_V='$(AM_DEFAULT_VERBOSITY)'
AM_DEFAULT_VERBOSITY='0'
AM_V='$(V)'
AR='/usr/bin/ar'
AUTOCONF='${SHELL} /usr/src/output/build/host-kmod-24/build-aux/missing autoconf'
AUTOHEADER='${SHELL} /usr/src/output/build/host-kmod-24/build-aux/missing autoheader'
AUTOMAKE='${SHELL} /usr/src/output/build/host-kmod-24/build-aux/missing automake-1.15'
AWK='mawk'
BUILD_EXPERIMENTAL_FALSE=''
BUILD_EXPERIMENTAL_TRUE='#'
BUILD_MANPAGES_FALSE=''
BUILD_MANPAGES_TRUE='#'
BUILD_MODULES_FALSE='#'
BUILD_MODULES_TRUE=''
BUILD_PYTHON_FALSE=''
BUILD_PYTHON_TRUE='#'
BUILD_TOOLS_FALSE='#'
BUILD_TOOLS_TRUE=''
CC='/usr/bin/gcc'
CCDEPMODE='depmode=none'
CFLAGS='-O2 -I/usr/src/output/host/include'
CPP='/usr/bin/cpp'
CPPFLAGS='-I/usr/src/output/host/include'
CYGPATH_W='echo'
CYTHON=''
DEFS='-DHAVE_CONFIG_H'
DEPDIR='.deps'
DLLTOOL='false'
DOLT_BASH='/bin/bash'
DOLT_CLEANFILES='doltlibtool doltcompile'
DSYMUTIL=''
DUMPBIN=''
ECHO_C=''
ECHO_N='-n'
ECHO_T=''
EGREP='/bin/grep -E'
ENABLE_COVERAGE_FALSE=''
ENABLE_COVERAGE_TRUE='#'
ENABLE_GTK_DOC_FALSE=''
ENABLE_GTK_DOC_TRUE='#'
EXEEXT=''
FGREP='/bin/grep -F'
GREP='/bin/grep'
GTKDOC_CHECK=''
GTKDOC_CHECK_PATH=''
GTKDOC_DEPS_CFLAGS=''
GTKDOC_DEPS_LIBS=''
GTKDOC_MKPDF=''
GTKDOC_REBASE='true'
GTK_DOC_BUILD_HTML_FALSE=''
GTK_DOC_BUILD_HTML_TRUE='#'
GTK_DOC_BUILD_PDF_FALSE=''
GTK_DOC_BUILD_PDF_TRUE='#'
GTK_DOC_USE_LIBTOOL_FALSE='#'
GTK_DOC_USE_LIBTOOL_TRUE=''
GTK_DOC_USE_REBASE_FALSE='#'
GTK_DOC_USE_REBASE_TRUE=''
HAVE_GTK_DOC_FALSE=''
HAVE_GTK_DOC_TRUE='#'
HTML_DIR='${datadir}/gtk-doc/html'
INSTALL_DATA='${INSTALL} -m 644'
INSTALL_PROGRAM='${INSTALL}'
INSTALL_SCRIPT='${INSTALL}'
INSTALL_STRIP_PROGRAM='$(install_sh) -c -s'
LD='/usr/bin/ld -m elf_x86_64'
LDFLAGS='-L/usr/src/output/host/lib -Wl,-rpath,/usr/src/output/host/lib'
LIBOBJS=''
LIBS=''
LIBTOOL='$(top_builddir)/doltlibtool'
LIPO=''
LN_S='ln -s'
LTCOMPILE='$(top_builddir)/doltcompile $(COMPILE)'
LTCXXCOMPILE='$(top_builddir)/doltcompile $(CXXCOMPILE)'
LTLIBOBJS=''
LT_SYS_LIBRARY_PATH=''
MAINT=''
MAINTAINER_MODE_FALSE='#'
MAINTAINER_MODE_TRUE=''
MAKEINFO='${SHELL} /usr/src/output/build/host-kmod-24/build-aux/missing makeinfo'
MANIFEST_TOOL=':'
MKDIR_P='/bin/mkdir -p'
NM='/usr/bin/nm'
NMEDIT=''
OBJDUMP='objdump'
OBJEXT='o'
OTOOL64=''
OTOOL=''
OUR_CFLAGS=' -pipe -DANOTHER_BRICK_IN_THE -Wall -W -Wextra -Wno-inline -Wvla -Wundef -Wformat=2 -Wlogical-op -Wsign-compare -Wmissing-include-dirs -Wold-style-definition -Wpointer-arith -Winit-self -Wdeclaration-after-statement -Wfloat-equal -Wmissing-prototypes -Wstrict-prototypes -Wredundant-decls -Wmissing-declarations -Wmissing-noreturn -Wshadow -Wendif-labels -Wstrict-aliasing=3 -Wwrite-strings -Wno-long-long -Wno-overlength-strings -Wno-unused-parameter -Wno-missing-field-initializers -Wno-unused-result -Wnested-externs -Wchar-subscripts -Wtype-limits -Wuninitialized -fno-common -fdiagnostics-show-option -fvisibility=hidden -ffunction-sections -fdata-sections '
OUR_LDFLAGS=' -Wl,--as-needed -Wl,--no-undefined -Wl,--gc-sections'
PACKAGE='kmod'
PACKAGE_BUGREPORT='linux-modules@vger.kernel.org'
PACKAGE_NAME='kmod'
PACKAGE_STRING='kmod 24'
PACKAGE_TARNAME='kmod'
PACKAGE_URL='http://git.kernel.org/?p=utils/kernel/kmod/kmod.git'
PACKAGE_VERSION='24'
PATH_SEPARATOR=':'
PKG_CONFIG='/usr/src/output/host/bin/pkg-config'
PKG_CONFIG_LIBDIR='/usr/src/output/host/lib/pkgconfig:/usr/src/output/host/share/pkgconfig'
PKG_CONFIG_PATH=''
PYTHON=''
PYTHON_CFLAGS=''
PYTHON_EXEC_PREFIX=''
PYTHON_LIBS=''
PYTHON_PLATFORM=''
PYTHON_PREFIX=''
PYTHON_VERSION=''
RANLIB='/usr/bin/ranlib'
SED='/bin/sed'
SET_MAKE=''
SHELL='/bin/bash'
STRIP='strip'
VERSION='24'
XSLTPROC=''
ac_ct_AR=''
ac_ct_CC='/usr/bin/gcc'
ac_ct_DUMPBIN=''
am__EXEEXT_FALSE=''
am__EXEEXT_TRUE='#'
am__fastdepCC_FALSE=''
am__fastdepCC_TRUE='#'
am__include='include'
am__isrc=''
am__leading_dot='.'
am__nodep=''
am__quote=''
am__tar='tar --format=posix -chf - "$$tardir"'
am__untar='tar -xf -'
bashcompletiondir='${datarootdir}/bash-completion/completions'
bindir='${exec_prefix}/bin'
build='x86_64-pc-linux-gnu'
build_alias=''
build_cpu='x86_64'
build_os='linux-gnu'
build_vendor='pc'
datadir='${datarootdir}'
datarootdir='${prefix}/share'
docdir='${datarootdir}/doc/${PACKAGE_TARNAME}'
dvidir='${docdir}'
exec_prefix='${prefix}'
have_coverage=''
host='x86_64-pc-linux-gnu'
host_alias=''
host_cpu='x86_64'
host_os='linux-gnu'
host_vendor='pc'
htmldir='${docdir}'
includedir='${prefix}/include'
infodir='${datarootdir}/info'
install_sh='${SHELL} /usr/src/output/build/host-kmod-24/build-aux/install-sh'
libdir='${exec_prefix}/lib'
libexecdir='${exec_prefix}/libexec'
liblzma_CFLAGS=''
liblzma_LIBS=''
localedir='${datarootdir}/locale'
localstatedir='/usr/src/output/host/var'
mandir='${datarootdir}/man'
mkdir_p='$(MKDIR_P)'
oldincludedir='/usr/include'
pdfdir='${docdir}'
pkgpyexecdir=''
pkgpythondir=''
prefix='/usr/src/output/host'
program_transform_name='s,x,x,'
psdir='${docdir}'
pyexecdir=''
pythondir=''
rootlibdir='${exec_prefix}/lib'
sbindir='${exec_prefix}/sbin'
sharedstatedir='${prefix}/com'
sysconfdir='/usr/src/output/host/etc'
target_alias=''
zlib_CFLAGS=''
zlib_LIBS=''

## ----------- ##
## confdefs.h. ##
## ----------- ##

/* confdefs.h */
#define PACKAGE_NAME "kmod"
#define PACKAGE_TARNAME "kmod"
#define PACKAGE_VERSION "24"
#define PACKAGE_STRING "kmod 24"
#define PACKAGE_BUGREPORT "linux-modules@vger.kernel.org"
#define PACKAGE_URL "http://git.kernel.org/?p=utils/kernel/kmod/kmod.git"
#define STDC_HEADERS 1
#define HAVE_SYS_TYPES_H 1
#define HAVE_SYS_STAT_H 1
#define HAVE_STDLIB_H 1
#define HAVE_STRING_H 1
#define HAVE_MEMORY_H 1
#define HAVE_STRINGS_H 1
#define HAVE_INTTYPES_H 1
#define HAVE_STDINT_H 1
#define HAVE_UNISTD_H 1
#define __EXTENSIONS__ 1
#define _ALL_SOURCE 1
#define _GNU_SOURCE 1
#define _POSIX_PTHREAD_SEMANTICS 1
#define _TANDEM_SOURCE 1
#define PACKAGE "kmod"
#define VERSION "24"
#define HAVE_DLFCN_H 1
#define LT_OBJDIR ".libs/"
#define HAVE___XSTAT 1
#define HAVE_SECURE_GETENV 1
#define HAVE___BUILTIN_CLZ 1
#define HAVE___BUILTIN_TYPES_COMPATIBLE_P 1
#define HAVE___BUILTIN_UADDL_OVERFLOW 1
#define HAVE___BUILTIN_UADDLL_OVERFLOW 1
#define HAVE_STRUCT_STAT_ST_MTIM 1
#define HAVE_DECL_STRNDUPA 1
#define HAVE_DECL_BE32TOH 1
#define HAVE_STATIC_ASSERT 1
#define HAVE_NORETURN 1
#define ENABLE_LOGGING 1
#define KMOD_FEATURES "-XZ -ZLIB -EXPERIMENTAL"

configure: exit 0
