This file contains any messages produced by compilers while
running configure, to aid debugging if configure makes a mistake.

It was created by gsl configure 2.3, which was
generated by GNU Autoconf 2.69.  Invocation command line was

  $ ./configure --target=arm-buildroot-linux-uclibcgnueabihf --host=arm-buildroot-linux-uclibcgnueabihf --build=x86_64-pc-linux-gnu --prefix=/usr --exec-prefix=/usr --sysconfdir=/etc --localstatedir=/var --program-prefix= --disable-gtk-doc --disable-gtk-doc-html --disable-doc --disable-docs --disable-documentation --with-xmlto=no --with-fop=no --disable-dependency-tracking --enable-ipv6 --disable-nls --disable-static --enable-shared

## --------- ##
## Platform. ##
## --------- ##

hostname = c37c58f94407
uname -m = x86_64
uname -r = 4.15.0-42-generic
uname -s = Linux
uname -v = #45~16.04.1-Ubuntu SMP Mon Nov 19 13:02:27 UTC 2018

/usr/bin/uname -p = unknown
/bin/uname -X     = unknown

/bin/arch              = unknown
/usr/bin/arch -k       = unknown
/usr/convex/getsysinfo = unknown
/usr/bin/hostinfo      = unknown
/bin/machine           = unknown
/usr/bin/oslevel       = unknown
/bin/universe          = unknown

PATH: /usr/src/output/host/bin
PATH: /usr/src/output/host/sbin
PATH: /usr/local/sbin
PATH: /usr/local/bin
PATH: /usr/sbin
PATH: /usr/bin
PATH: /sbin
PATH: /bin


## ----------- ##
## Core tests. ##
## ----------- ##

configure:2381: checking for a BSD-compatible install
configure:2449: result: /usr/bin/install -c
configure:2460: checking whether build environment is sane
configure:2515: result: yes
configure:2574: checking for arm-buildroot-linux-uclibcgnueabihf-strip
configure:2601: result: /usr/src/output/host/bin/arm-buildroot-linux-uclibcgnueabihf-strip
configure:2666: checking for a thread-safe mkdir -p
configure:2705: result: /bin/mkdir -p
configure:2712: checking for gawk
configure:2742: result: no
configure:2712: checking for mawk
configure:2728: found /usr/bin/mawk
configure:2739: result: mawk
configure:2750: checking whether make sets $(MAKE)
configure:2772: result: yes
configure:2801: checking whether make supports nested variables
configure:2818: result: yes
configure:2905: checking whether to enable maintainer-specific portions of Makefiles
configure:2914: result: no
configure:2952: checking for a sed that does not truncate output
configure:3016: result: /bin/sed
configure:3026: checking whether make sets $(MAKE)
configure:3048: result: yes
configure:3062: checking build system type
configure:3076: result: x86_64-pc-linux-gnu
configure:3096: checking host system type
configure:3109: result: arm-buildroot-linux-uclibcgnueabihf
configure:3144: checking for arm-buildroot-linux-uclibcgnueabihf-gcc
configure:3171: result: /usr/src/output/host/bin/arm-buildroot-linux-uclibcgnueabihf-gcc
configure:3440: checking for C compiler version
configure:3449: /usr/src/output/host/bin/arm-buildroot-linux-uclibcgnueabihf-gcc --version >&5
arm-buildroot-linux-uclibcgnueabihf-gcc.br_real (Buildroot 2018.02.1-gba7f6ed-dirty) 6.4.0
Copyright (C) 2017 Free Software Foundation, Inc.
This is free software; see the source for copying conditions.  There is NO
warranty; not even for MERCHANTABILITY or FITNESS FOR A PARTICULAR PURPOSE.

configure:3460: $? = 0
configure:3449: /usr/src/output/host/bin/arm-buildroot-linux-uclibcgnueabihf-gcc -v >&5
Using built-in specs.
COLLECT_GCC=/usr/src/output/host/bin/arm-buildroot-linux-uclibcgnueabihf-gcc.br_real
COLLECT_LTO_WRAPPER=/usr/src/output/host/libexec/gcc/arm-buildroot-linux-uclibcgnueabihf/6.4.0/lto-wrapper
Target: arm-buildroot-linux-uclibcgnueabihf
Configured with: ./configure --prefix=/usr/src/output/host --sysconfdir=/usr/src/output/host/etc --enable-static --target=arm-buildroot-linux-uclibcgnueabihf --with-sysroot=/usr/src/output/host/arm-buildroot-linux-uclibcgnueabihf/sysroot --disable-__cxa_atexit --with-gnu-ld --disable-libssp --disable-multilib --with-gmp=/usr/src/output/host --with-mpc=/usr/src/output/host --with-mpfr=/usr/src/output/host --with-pkgversion='Buildroot 2018.02.1-gba7f6ed-dirty' --with-bugurl=http://bugs.buildroot.net/ --disable-libquadmath --disable-libsanitizer --enable-tls --disable-libmudflap --enable-threads --without-isl --without-cloog --disable-decimal-float --with-abi=aapcs-linux --with-cpu=cortex-a7 --with-fpu=neon-vfpv4 --with-float=hard --with-mode=arm --enable-languages=c,c++ --with-build-time-tools=/usr/src/output/host/arm-buildroot-linux-uclibcgnueabihf/bin --enable-shared --disable-libgomp
Thread model: posix
gcc version 6.4.0 (Buildroot 2018.02.1-gba7f6ed-dirty) 
configure:3460: $? = 0
configure:3449: /usr/src/output/host/bin/arm-buildroot-linux-uclibcgnueabihf-gcc -V >&5
arm-buildroot-linux-uclibcgnueabihf-gcc.br_real: error: unrecognized command line option '-V'
arm-buildroot-linux-uclibcgnueabihf-gcc.br_real: fatal error: no input files
compilation terminated.
configure:3460: $? = 1
configure:3449: /usr/src/output/host/bin/arm-buildroot-linux-uclibcgnueabihf-gcc -qversion >&5
arm-buildroot-linux-uclibcgnueabihf-gcc.br_real: error: unrecognized command line option '-qversion'; did you mean '--version'?
arm-buildroot-linux-uclibcgnueabihf-gcc.br_real: fatal error: no input files
compilation terminated.
configure:3460: $? = 1
configure:3480: checking whether the C compiler works
configure:3502: /usr/src/output/host/bin/arm-buildroot-linux-uclibcgnueabihf-gcc -D_LARGEFILE_SOURCE -D_LARGEFILE64_SOURCE -D_FILE_OFFSET_BITS=64  -Os  -D_LARGEFILE_SOURCE -D_LARGEFILE64_SOURCE -D_FILE_OFFSET_BITS=64  conftest.c  >&5
configure:3506: $? = 0
configure:3554: result: yes
configure:3557: checking for C compiler default output file name
configure:3559: result: a.out
configure:3565: checking for suffix of executables
configure:3572: /usr/src/output/host/bin/arm-buildroot-linux-uclibcgnueabihf-gcc -o conftest -D_LARGEFILE_SOURCE -D_LARGEFILE64_SOURCE -D_FILE_OFFSET_BITS=64  -Os  -D_LARGEFILE_SOURCE -D_LARGEFILE64_SOURCE -D_FILE_OFFSET_BITS=64  conftest.c  >&5
configure:3576: $? = 0
configure:3598: result: 
configure:3620: checking whether we are cross compiling
configure:3658: result: yes
configure:3663: checking for suffix of object files
configure:3685: /usr/src/output/host/bin/arm-buildroot-linux-uclibcgnueabihf-gcc -c -D_LARGEFILE_SOURCE -D_LARGEFILE64_SOURCE -D_FILE_OFFSET_BITS=64  -Os  -D_LARGEFILE_SOURCE -D_LARGEFILE64_SOURCE -D_FILE_OFFSET_BITS=64 conftest.c >&5
configure:3689: $? = 0
configure:3710: result: o
configure:3714: checking whether we are using the GNU C compiler
configure:3733: /usr/src/output/host/bin/arm-buildroot-linux-uclibcgnueabihf-gcc -c -D_LARGEFILE_SOURCE -D_LARGEFILE64_SOURCE -D_FILE_OFFSET_BITS=64  -Os  -D_LARGEFILE_SOURCE -D_LARGEFILE64_SOURCE -D_FILE_OFFSET_BITS=64 conftest.c >&5
configure:3733: $? = 0
configure:3742: result: yes
configure:3751: checking whether /usr/src/output/host/bin/arm-buildroot-linux-uclibcgnueabihf-gcc accepts -g
configure:3771: /usr/src/output/host/bin/arm-buildroot-linux-uclibcgnueabihf-gcc -c -g -D_LARGEFILE_SOURCE -D_LARGEFILE64_SOURCE -D_FILE_OFFSET_BITS=64 conftest.c >&5
configure:3771: $? = 0
configure:3812: result: yes
configure:3829: checking for /usr/src/output/host/bin/arm-buildroot-linux-uclibcgnueabihf-gcc option to accept ISO C89
configure:3892: /usr/src/output/host/bin/arm-buildroot-linux-uclibcgnueabihf-gcc  -c -D_LARGEFILE_SOURCE -D_LARGEFILE64_SOURCE -D_FILE_OFFSET_BITS=64  -Os  -D_LARGEFILE_SOURCE -D_LARGEFILE64_SOURCE -D_FILE_OFFSET_BITS=64 conftest.c >&5
configure:3892: $? = 0
configure:3905: result: none needed
configure:3936: checking for style of include used by make
configure:3964: result: GNU
configure:3990: checking dependency style of /usr/src/output/host/bin/arm-buildroot-linux-uclibcgnueabihf-gcc
configure:4101: result: none
configure:4121: checking how to run the C preprocessor
configure:4191: result: /usr/src/output/host/bin/arm-buildroot-linux-uclibcgnueabihf-cpp
configure:4211: /usr/src/output/host/bin/arm-buildroot-linux-uclibcgnueabihf-cpp -D_LARGEFILE_SOURCE -D_LARGEFILE64_SOURCE -D_FILE_OFFSET_BITS=64 conftest.c
configure:4211: $? = 0
configure:4225: /usr/src/output/host/bin/arm-buildroot-linux-uclibcgnueabihf-cpp -D_LARGEFILE_SOURCE -D_LARGEFILE64_SOURCE -D_FILE_OFFSET_BITS=64 conftest.c
conftest.c:12:28: fatal error: ac_nonexistent.h: No such file or directory
 #include <ac_nonexistent.h>
                            ^
compilation terminated.
configure:4225: $? = 1
configure: failed program was:
| /* confdefs.h */
| #define PACKAGE_NAME "gsl"
| #define PACKAGE_TARNAME "gsl"
| #define PACKAGE_VERSION "2.3"
| #define PACKAGE_STRING "gsl 2.3"
| #define PACKAGE_BUGREPORT ""
| #define PACKAGE_URL ""
| #define PACKAGE "gsl"
| #define VERSION "2.3"
| #define RELEASED /**/
| /* end confdefs.h.  */
| #include <ac_nonexistent.h>
configure:4254: checking whether ln -s works
configure:4258: result: yes
configure:4311: checking how to print strings
configure:4338: result: printf
configure:4359: checking for a sed that does not truncate output
configure:4423: result: /bin/sed
configure:4441: checking for grep that handles long lines and -e
configure:4499: result: /bin/grep
configure:4504: checking for egrep
configure:4566: result: /bin/grep -E
configure:4571: checking for fgrep
configure:4633: result: /bin/grep -F
configure:4668: checking for ld used by /usr/src/output/host/bin/arm-buildroot-linux-uclibcgnueabihf-gcc
configure:4735: result: /usr/src/output/host/bin/arm-buildroot-linux-uclibcgnueabihf-ld
configure:4742: checking if the linker (/usr/src/output/host/bin/arm-buildroot-linux-uclibcgnueabihf-ld) is GNU ld
configure:4757: result: yes
configure:4769: checking for BSD- or MS-compatible name lister (nm)
configure:4818: result: /usr/src/output/host/bin/arm-buildroot-linux-uclibcgnueabihf-nm
configure:4948: checking the name lister (/usr/src/output/host/bin/arm-buildroot-linux-uclibcgnueabihf-nm) interface
configure:4955: /usr/src/output/host/bin/arm-buildroot-linux-uclibcgnueabihf-gcc -c -D_LARGEFILE_SOURCE -D_LARGEFILE64_SOURCE -D_FILE_OFFSET_BITS=64  -Os  -D_LARGEFILE_SOURCE -D_LARGEFILE64_SOURCE -D_FILE_OFFSET_BITS=64 conftest.c >&5
configure:4958: /usr/src/output/host/bin/arm-buildroot-linux-uclibcgnueabihf-nm "conftest.o"
configure:4961: output
00000000 B some_variable
configure:4968: result: BSD nm
configure:4972: checking the maximum length of command line arguments
configure:5102: result: 1572864
configure:5119: checking whether the shell understands some XSI constructs
configure:5129: result: yes
configure:5133: checking whether the shell understands "+="
configure:5139: result: yes
configure:5174: checking how to convert x86_64-pc-linux-gnu file names to arm-buildroot-linux-uclibcgnueabihf format
configure:5214: result: func_convert_file_noop
configure:5221: checking how to convert x86_64-pc-linux-gnu file names to toolchain format
configure:5241: result: func_convert_file_noop
configure:5248: checking for /usr/src/output/host/bin/arm-buildroot-linux-uclibcgnueabihf-ld option to reload object files
configure:5255: result: -r
configure:5289: checking for arm-buildroot-linux-uclibcgnueabihf-objdump
configure:5316: result: /usr/src/output/host/bin/arm-buildroot-linux-uclibcgnueabihf-objdump
configure:5385: checking how to recognize dependent libraries
configure:5587: result: pass_all
configure:5632: checking for arm-buildroot-linux-uclibcgnueabihf-dlltool
configure:5662: result: no
configure:5672: checking for dlltool
configure:5702: result: no
configure:5729: checking how to associate runtime and link libraries
configure:5756: result: printf %s\n
configure:5773: checking for arm-buildroot-linux-uclibcgnueabihf-ar
configure:5800: result: /usr/src/output/host/bin/arm-buildroot-linux-uclibcgnueabihf-ar
configure:5881: checking for archiver @FILE support
configure:5898: /usr/src/output/host/bin/arm-buildroot-linux-uclibcgnueabihf-gcc -c -D_LARGEFILE_SOURCE -D_LARGEFILE64_SOURCE -D_FILE_OFFSET_BITS=64  -Os  -D_LARGEFILE_SOURCE -D_LARGEFILE64_SOURCE -D_FILE_OFFSET_BITS=64 conftest.c >&5
configure:5898: $? = 0
configure:5901: /usr/src/output/host/bin/arm-buildroot-linux-uclibcgnueabihf-ar cru libconftest.a @conftest.lst >&5
configure:5904: $? = 0
configure:5909: /usr/src/output/host/bin/arm-buildroot-linux-uclibcgnueabihf-ar cru libconftest.a @conftest.lst >&5
/usr/src/output/host/bin/arm-buildroot-linux-uclibcgnueabihf-ar: conftest.o: No such file or directory
configure:5912: $? = 1
configure:5924: result: @
configure:5942: checking for arm-buildroot-linux-uclibcgnueabihf-strip
configure:5969: result: /usr/src/output/host/bin/arm-buildroot-linux-uclibcgnueabihf-strip
configure:6041: checking for arm-buildroot-linux-uclibcgnueabihf-ranlib
configure:6068: result: /usr/src/output/host/bin/arm-buildroot-linux-uclibcgnueabihf-ranlib
configure:6210: checking command to parse /usr/src/output/host/bin/arm-buildroot-linux-uclibcgnueabihf-nm output from /usr/src/output/host/bin/arm-buildroot-linux-uclibcgnueabihf-gcc object
configure:6330: /usr/src/output/host/bin/arm-buildroot-linux-uclibcgnueabihf-gcc -c -D_LARGEFILE_SOURCE -D_LARGEFILE64_SOURCE -D_FILE_OFFSET_BITS=64  -Os  -D_LARGEFILE_SOURCE -D_LARGEFILE64_SOURCE -D_FILE_OFFSET_BITS=64 conftest.c >&5
configure:6333: $? = 0
configure:6337: /usr/src/output/host/bin/arm-buildroot-linux-uclibcgnueabihf-nm conftest.o \| sed -n -e 's/^.*[ ]\([ABCDGIRSTW][ABCDGIRSTW]*\)[ ][ ]*\([_A-Za-z][_A-Za-z0-9]*\)$/\1 \2 \2/p' | sed '/ __gnu_lto/d' \> conftest.nm
configure:6340: $? = 0
configure:6406: /usr/src/output/host/bin/arm-buildroot-linux-uclibcgnueabihf-gcc -o conftest -D_LARGEFILE_SOURCE -D_LARGEFILE64_SOURCE -D_FILE_OFFSET_BITS=64  -Os  -D_LARGEFILE_SOURCE -D_LARGEFILE64_SOURCE -D_FILE_OFFSET_BITS=64  conftest.c conftstm.o >&5
configure:6409: $? = 0
configure:6447: result: ok
configure:6484: checking for sysroot
configure:6514: result: no
configure:6730: checking for arm-buildroot-linux-uclibcgnueabihf-mt
configure:6760: result: no
configure:6770: checking for mt
configure:6786: found /bin/mt
configure:6797: result: mt
configure:6809: WARNING: using cross tools not prefixed with host triplet
configure:6820: checking if mt is a manifest tool
configure:6826: mt '-?'
configure:6834: result: no
configure:7472: checking for ANSI C header files
configure:7492: /usr/src/output/host/bin/arm-buildroot-linux-uclibcgnueabihf-gcc -c -D_LARGEFILE_SOURCE -D_LARGEFILE64_SOURCE -D_FILE_OFFSET_BITS=64  -Os  -D_LARGEFILE_SOURCE -D_LARGEFILE64_SOURCE -D_FILE_OFFSET_BITS=64 conftest.c >&5
configure:7492: $? = 0
configure:7576: result: yes
configure:7589: checking for sys/types.h
configure:7589: /usr/src/output/host/bin/arm-buildroot-linux-uclibcgnueabihf-gcc -c -D_LARGEFILE_SOURCE -D_LARGEFILE64_SOURCE -D_FILE_OFFSET_BITS=64  -Os  -D_LARGEFILE_SOURCE -D_LARGEFILE64_SOURCE -D_FILE_OFFSET_BITS=64 conftest.c >&5
configure:7589: $? = 0
configure:7589: result: yes
configure:7589: checking for sys/stat.h
configure:7589: /usr/src/output/host/bin/arm-buildroot-linux-uclibcgnueabihf-gcc -c -D_LARGEFILE_SOURCE -D_LARGEFILE64_SOURCE -D_FILE_OFFSET_BITS=64  -Os  -D_LARGEFILE_SOURCE -D_LARGEFILE64_SOURCE -D_FILE_OFFSET_BITS=64 conftest.c >&5
configure:7589: $? = 0
configure:7589: result: yes
configure:7589: checking for stdlib.h
configure:7589: /usr/src/output/host/bin/arm-buildroot-linux-uclibcgnueabihf-gcc -c -D_LARGEFILE_SOURCE -D_LARGEFILE64_SOURCE -D_FILE_OFFSET_BITS=64  -Os  -D_LARGEFILE_SOURCE -D_LARGEFILE64_SOURCE -D_FILE_OFFSET_BITS=64 conftest.c >&5
configure:7589: $? = 0
configure:7589: result: yes
configure:7589: checking for string.h
configure:7589: /usr/src/output/host/bin/arm-buildroot-linux-uclibcgnueabihf-gcc -c -D_LARGEFILE_SOURCE -D_LARGEFILE64_SOURCE -D_FILE_OFFSET_BITS=64  -Os  -D_LARGEFILE_SOURCE -D_LARGEFILE64_SOURCE -D_FILE_OFFSET_BITS=64 conftest.c >&5
configure:7589: $? = 0
configure:7589: result: yes
configure:7589: checking for memory.h
configure:7589: /usr/src/output/host/bin/arm-buildroot-linux-uclibcgnueabihf-gcc -c -D_LARGEFILE_SOURCE -D_LARGEFILE64_SOURCE -D_FILE_OFFSET_BITS=64  -Os  -D_LARGEFILE_SOURCE -D_LARGEFILE64_SOURCE -D_FILE_OFFSET_BITS=64 conftest.c >&5
configure:7589: $? = 0
configure:7589: result: yes
configure:7589: checking for strings.h
configure:7589: /usr/src/output/host/bin/arm-buildroot-linux-uclibcgnueabihf-gcc -c -D_LARGEFILE_SOURCE -D_LARGEFILE64_SOURCE -D_FILE_OFFSET_BITS=64  -Os  -D_LARGEFILE_SOURCE -D_LARGEFILE64_SOURCE -D_FILE_OFFSET_BITS=64 conftest.c >&5
configure:7589: $? = 0
configure:7589: result: yes
configure:7589: checking for inttypes.h
configure:7589: /usr/src/output/host/bin/arm-buildroot-linux-uclibcgnueabihf-gcc -c -D_LARGEFILE_SOURCE -D_LARGEFILE64_SOURCE -D_FILE_OFFSET_BITS=64  -Os  -D_LARGEFILE_SOURCE -D_LARGEFILE64_SOURCE -D_FILE_OFFSET_BITS=64 conftest.c >&5
configure:7589: $? = 0
configure:7589: result: yes
configure:7589: checking for stdint.h
configure:7589: /usr/src/output/host/bin/arm-buildroot-linux-uclibcgnueabihf-gcc -c -D_LARGEFILE_SOURCE -D_LARGEFILE64_SOURCE -D_FILE_OFFSET_BITS=64  -Os  -D_LARGEFILE_SOURCE -D_LARGEFILE64_SOURCE -D_FILE_OFFSET_BITS=64 conftest.c >&5
configure:7589: $? = 0
configure:7589: result: yes
configure:7589: checking for unistd.h
configure:7589: /usr/src/output/host/bin/arm-buildroot-linux-uclibcgnueabihf-gcc -c -D_LARGEFILE_SOURCE -D_LARGEFILE64_SOURCE -D_FILE_OFFSET_BITS=64  -Os  -D_LARGEFILE_SOURCE -D_LARGEFILE64_SOURCE -D_FILE_OFFSET_BITS=64 conftest.c >&5
configure:7589: $? = 0
configure:7589: result: yes
configure:7603: checking for dlfcn.h
configure:7603: /usr/src/output/host/bin/arm-buildroot-linux-uclibcgnueabihf-gcc -c -D_LARGEFILE_SOURCE -D_LARGEFILE64_SOURCE -D_FILE_OFFSET_BITS=64  -Os  -D_LARGEFILE_SOURCE -D_LARGEFILE64_SOURCE -D_FILE_OFFSET_BITS=64 conftest.c >&5
configure:7603: $? = 0
configure:7603: result: yes
configure:8107: checking for objdir
configure:8122: result: .libs
configure:8389: checking if /usr/src/output/host/bin/arm-buildroot-linux-uclibcgnueabihf-gcc supports -fno-rtti -fno-exceptions
configure:8407: /usr/src/output/host/bin/arm-buildroot-linux-uclibcgnueabihf-gcc -c -D_LARGEFILE_SOURCE -D_LARGEFILE64_SOURCE -D_FILE_OFFSET_BITS=64  -Os  -D_LARGEFILE_SOURCE -D_LARGEFILE64_SOURCE -D_FILE_OFFSET_BITS=64 -fno-rtti -fno-exceptions conftest.c >&5
cc1: warning: command line option '-fno-rtti' is valid for C++/ObjC++ but not for C
configure:8411: $? = 0
configure:8424: result: no
configure:8751: checking for /usr/src/output/host/bin/arm-buildroot-linux-uclibcgnueabihf-gcc option to produce PIC
configure:8758: result: -fPIC -DPIC
configure:8766: checking if /usr/src/output/host/bin/arm-buildroot-linux-uclibcgnueabihf-gcc PIC flag -fPIC -DPIC works
configure:8784: /usr/src/output/host/bin/arm-buildroot-linux-uclibcgnueabihf-gcc -c -D_LARGEFILE_SOURCE -D_LARGEFILE64_SOURCE -D_FILE_OFFSET_BITS=64  -Os  -D_LARGEFILE_SOURCE -D_LARGEFILE64_SOURCE -D_FILE_OFFSET_BITS=64 -fPIC -DPIC -DPIC conftest.c >&5
configure:8788: $? = 0
configure:8801: result: yes
configure:8830: checking if /usr/src/output/host/bin/arm-buildroot-linux-uclibcgnueabihf-gcc static flag -static works
configure:8858: result: yes
configure:8873: checking if /usr/src/output/host/bin/arm-buildroot-linux-uclibcgnueabihf-gcc supports -c -o file.o
configure:8894: /usr/src/output/host/bin/arm-buildroot-linux-uclibcgnueabihf-gcc -c -D_LARGEFILE_SOURCE -D_LARGEFILE64_SOURCE -D_FILE_OFFSET_BITS=64  -Os  -D_LARGEFILE_SOURCE -D_LARGEFILE64_SOURCE -D_FILE_OFFSET_BITS=64 -o out/conftest2.o conftest.c >&5
configure:8898: $? = 0
configure:8920: result: yes
configure:8928: checking if /usr/src/output/host/bin/arm-buildroot-linux-uclibcgnueabihf-gcc supports -c -o file.o
configure:8975: result: yes
configure:9008: checking whether the /usr/src/output/host/bin/arm-buildroot-linux-uclibcgnueabihf-gcc linker (/usr/src/output/host/bin/arm-buildroot-linux-uclibcgnueabihf-ld) supports shared libraries
configure:10161: result: yes
configure:10198: checking whether -lc should be explicitly linked in
configure:10206: /usr/src/output/host/bin/arm-buildroot-linux-uclibcgnueabihf-gcc -c -D_LARGEFILE_SOURCE -D_LARGEFILE64_SOURCE -D_FILE_OFFSET_BITS=64  -Os  -D_LARGEFILE_SOURCE -D_LARGEFILE64_SOURCE -D_FILE_OFFSET_BITS=64 conftest.c >&5
configure:10209: $? = 0
configure:10224: /usr/src/output/host/bin/arm-buildroot-linux-uclibcgnueabihf-gcc -shared  -fPIC -DPIC conftest.o  -v -Wl,-soname -Wl,conftest -o conftest 2\>\&1 \| /bin/grep  -lc  \>/dev/null 2\>\&1
configure:10227: $? = 0
configure:10241: result: no
configure:10401: checking dynamic linker characteristics
configure:10912: /usr/src/output/host/bin/arm-buildroot-linux-uclibcgnueabihf-gcc -o conftest -D_LARGEFILE_SOURCE -D_LARGEFILE64_SOURCE -D_FILE_OFFSET_BITS=64  -Os  -D_LARGEFILE_SOURCE -D_LARGEFILE64_SOURCE -D_FILE_OFFSET_BITS=64  -Wl,-rpath -Wl,/foo conftest.c  >&5
configure:10912: $? = 0
configure:11138: result: GNU/Linux ld.so
configure:11245: checking how to hardcode library paths into programs
configure:11270: result: immediate
configure:11810: checking whether stripping libraries is possible
configure:11815: result: yes
configure:11850: checking if libtool supports shared libraries
configure:11852: result: yes
configure:11855: checking whether to build shared libraries
configure:11876: result: yes
configure:11879: checking whether to build static libraries
configure:11883: result: no
configure:11921: checking for size_t
configure:11921: /usr/src/output/host/bin/arm-buildroot-linux-uclibcgnueabihf-gcc -c -D_LARGEFILE_SOURCE -D_LARGEFILE64_SOURCE -D_FILE_OFFSET_BITS=64  -Os  -D_LARGEFILE_SOURCE -D_LARGEFILE64_SOURCE -D_FILE_OFFSET_BITS=64 conftest.c >&5
configure:11921: $? = 0
configure:11921: /usr/src/output/host/bin/arm-buildroot-linux-uclibcgnueabihf-gcc -c -D_LARGEFILE_SOURCE -D_LARGEFILE64_SOURCE -D_FILE_OFFSET_BITS=64  -Os  -D_LARGEFILE_SOURCE -D_LARGEFILE64_SOURCE -D_FILE_OFFSET_BITS=64 conftest.c >&5
conftest.c: In function 'main':
conftest.c:60:21: error: expected expression before ')' token
 if (sizeof ((size_t)))
                     ^
configure:11921: $? = 1
configure: failed program was:
| /* confdefs.h */
| #define PACKAGE_NAME "gsl"
| #define PACKAGE_TARNAME "gsl"
| #define PACKAGE_VERSION "2.3"
| #define PACKAGE_STRING "gsl 2.3"
| #define PACKAGE_BUGREPORT ""
| #define PACKAGE_URL ""
| #define PACKAGE "gsl"
| #define VERSION "2.3"
| #define RELEASED /**/
| #define STDC_HEADERS 1
| #define HAVE_SYS_TYPES_H 1
| #define HAVE_SYS_STAT_H 1
| #define HAVE_STDLIB_H 1
| #define HAVE_STRING_H 1
| #define HAVE_MEMORY_H 1
| #define HAVE_STRINGS_H 1
| #define HAVE_INTTYPES_H 1
| #define HAVE_STDINT_H 1
| #define HAVE_UNISTD_H 1
| #define HAVE_DLFCN_H 1
| #define LT_OBJDIR ".libs/"
| /* end confdefs.h.  */
| #include <stdio.h>
| #ifdef HAVE_SYS_TYPES_H
| # include <sys/types.h>
| #endif
| #ifdef HAVE_SYS_STAT_H
| # include <sys/stat.h>
| #endif
| #ifdef STDC_HEADERS
| # include <stdlib.h>
| # include <stddef.h>
| #else
| # ifdef HAVE_STDLIB_H
| #  include <stdlib.h>
| # endif
| #endif
| #ifdef HAVE_STRING_H
| # if !defined STDC_HEADERS && defined HAVE_MEMORY_H
| #  include <memory.h>
| # endif
| # include <string.h>
| #endif
| #ifdef HAVE_STRINGS_H
| # include <strings.h>
| #endif
| #ifdef HAVE_INTTYPES_H
| # include <inttypes.h>
| #endif
| #ifdef HAVE_STDINT_H
| # include <stdint.h>
| #endif
| #ifdef HAVE_UNISTD_H
| # include <unistd.h>
| #endif
| int
| main ()
| {
| if (sizeof ((size_t)))
| 	    return 0;
|   ;
|   return 0;
| }
configure:11921: result: yes
configure:11932: checking for working volatile
configure:11951: /usr/src/output/host/bin/arm-buildroot-linux-uclibcgnueabihf-gcc -c -D_LARGEFILE_SOURCE -D_LARGEFILE64_SOURCE -D_FILE_OFFSET_BITS=64  -Os  -D_LARGEFILE_SOURCE -D_LARGEFILE64_SOURCE -D_FILE_OFFSET_BITS=64 conftest.c >&5
configure:11951: $? = 0
configure:11958: result: yes
configure:11966: checking for inline
configure:11982: /usr/src/output/host/bin/arm-buildroot-linux-uclibcgnueabihf-gcc -c -D_LARGEFILE_SOURCE -D_LARGEFILE64_SOURCE -D_FILE_OFFSET_BITS=64  -Os  -D_LARGEFILE_SOURCE -D_LARGEFILE64_SOURCE -D_FILE_OFFSET_BITS=64 conftest.c >&5
configure:11982: $? = 0
configure:11990: result: inline
configure:12008: checking whether char is unsigned
configure:12027: /usr/src/output/host/bin/arm-buildroot-linux-uclibcgnueabihf-gcc -c -D_LARGEFILE_SOURCE -D_LARGEFILE64_SOURCE -D_FILE_OFFSET_BITS=64  -Os  -D_LARGEFILE_SOURCE -D_LARGEFILE64_SOURCE -D_FILE_OFFSET_BITS=64 conftest.c >&5
conftest.c: In function 'main':
conftest.c:60:12: error: size of array 'test_array' is negative
 static int test_array [1 - 2 * !(((char) -1) < 0)];
            ^~~~~~~~~~
configure:12027: $? = 1
configure: failed program was:
| /* confdefs.h */
| #define PACKAGE_NAME "gsl"
| #define PACKAGE_TARNAME "gsl"
| #define PACKAGE_VERSION "2.3"
| #define PACKAGE_STRING "gsl 2.3"
| #define PACKAGE_BUGREPORT ""
| #define PACKAGE_URL ""
| #define PACKAGE "gsl"
| #define VERSION "2.3"
| #define RELEASED /**/
| #define STDC_HEADERS 1
| #define HAVE_SYS_TYPES_H 1
| #define HAVE_SYS_STAT_H 1
| #define HAVE_STDLIB_H 1
| #define HAVE_STRING_H 1
| #define HAVE_MEMORY_H 1
| #define HAVE_STRINGS_H 1
| #define HAVE_INTTYPES_H 1
| #define HAVE_STDINT_H 1
| #define HAVE_UNISTD_H 1
| #define HAVE_DLFCN_H 1
| #define LT_OBJDIR ".libs/"
| /* end confdefs.h.  */
| #include <stdio.h>
| #ifdef HAVE_SYS_TYPES_H
| # include <sys/types.h>
| #endif
| #ifdef HAVE_SYS_STAT_H
| # include <sys/stat.h>
| #endif
| #ifdef STDC_HEADERS
| # include <stdlib.h>
| # include <stddef.h>
| #else
| # ifdef HAVE_STDLIB_H
| #  include <stdlib.h>
| # endif
| #endif
| #ifdef HAVE_STRING_H
| # if !defined STDC_HEADERS && defined HAVE_MEMORY_H
| #  include <memory.h>
| # endif
| # include <string.h>
| #endif
| #ifdef HAVE_STRINGS_H
| # include <strings.h>
| #endif
| #ifdef HAVE_INTTYPES_H
| # include <inttypes.h>
| #endif
| #ifdef HAVE_STDINT_H
| # include <stdint.h>
| #endif
| #ifdef HAVE_UNISTD_H
| # include <unistd.h>
| #endif
| int
| main ()
| {
| static int test_array [1 - 2 * !(((char) -1) < 0)];
| test_array [0] = 0;
| return test_array [0];
| 
|   ;
|   return 0;
| }
configure:12034: result: yes
configure:12132: checking for cos in -lm
configure:12157: /usr/src/output/host/bin/arm-buildroot-linux-uclibcgnueabihf-gcc -o conftest -D_LARGEFILE_SOURCE -D_LARGEFILE64_SOURCE -D_FILE_OFFSET_BITS=64  -Os  -D_LARGEFILE_SOURCE -D_LARGEFILE64_SOURCE -D_FILE_OFFSET_BITS=64  conftest.c -lm   >&5
conftest.c:31:6: warning: conflicting types for built-in function 'cos'
 char cos ();
      ^~~
configure:12157: $? = 0
configure:12166: result: yes
configure:12183: checking for GNU-style extern inline
configure:12202: /usr/src/output/host/bin/arm-buildroot-linux-uclibcgnueabihf-gcc -c -D_LARGEFILE_SOURCE -D_LARGEFILE64_SOURCE -D_FILE_OFFSET_BITS=64  -Os  -D_LARGEFILE_SOURCE -D_LARGEFILE64_SOURCE -D_FILE_OFFSET_BITS=64 conftest.c >&5
conftest.c:26:11: error: redefinition of 'foo'
    double foo (double x) { return x + 1.0 ; };
           ^~~
conftest.c:25:25: note: previous definition of 'foo' was here
    extern inline double foo(double x) { return x + 1.0 ; } ;
                         ^~~
configure:12202: $? = 1
configure: failed program was:
| /* confdefs.h */
| #define PACKAGE_NAME "gsl"
| #define PACKAGE_TARNAME "gsl"
| #define PACKAGE_VERSION "2.3"
| #define PACKAGE_STRING "gsl 2.3"
| #define PACKAGE_BUGREPORT ""
| #define PACKAGE_URL ""
| #define PACKAGE "gsl"
| #define VERSION "2.3"
| #define RELEASED /**/
| #define STDC_HEADERS 1
| #define HAVE_SYS_TYPES_H 1
| #define HAVE_SYS_STAT_H 1
| #define HAVE_STDLIB_H 1
| #define HAVE_STRING_H 1
| #define HAVE_MEMORY_H 1
| #define HAVE_STRINGS_H 1
| #define HAVE_INTTYPES_H 1
| #define HAVE_STDINT_H 1
| #define HAVE_UNISTD_H 1
| #define HAVE_DLFCN_H 1
| #define LT_OBJDIR ".libs/"
| /* end confdefs.h.  */
| extern inline double foo(double x);
|    extern inline double foo(double x) { return x + 1.0 ; } ;
|    double foo (double x) { return x + 1.0 ; };
| int
| main ()
| {
|   foo(1.0)
|   ;
|   return 0;
| }
configure:12208: result: no
configure:12216: checking for C99-style inline
configure:12233: /usr/src/output/host/bin/arm-buildroot-linux-uclibcgnueabihf-gcc -c -D_LARGEFILE_SOURCE -D_LARGEFILE64_SOURCE -D_FILE_OFFSET_BITS=64  -Os  -D_LARGEFILE_SOURCE -D_LARGEFILE64_SOURCE -D_FILE_OFFSET_BITS=64 conftest.c >&5
configure:12233: $? = 0
configure:12249: /usr/src/output/host/bin/arm-buildroot-linux-uclibcgnueabihf-gcc -c -D_LARGEFILE_SOURCE -D_LARGEFILE64_SOURCE -D_FILE_OFFSET_BITS=64  -Os  -D_LARGEFILE_SOURCE -D_LARGEFILE64_SOURCE -D_FILE_OFFSET_BITS=64 conftest.c >&5
configure:12249: $? = 0
configure:12258: result: yes
configure:12273: checking ieeefp.h usability
configure:12273: /usr/src/output/host/bin/arm-buildroot-linux-uclibcgnueabihf-gcc -c -D_LARGEFILE_SOURCE -D_LARGEFILE64_SOURCE -D_FILE_OFFSET_BITS=64  -Os  -D_LARGEFILE_SOURCE -D_LARGEFILE64_SOURCE -D_FILE_OFFSET_BITS=64 conftest.c >&5
conftest.c:59:20: fatal error: ieeefp.h: No such file or directory
 #include <ieeefp.h>
                    ^
compilation terminated.
configure:12273: $? = 1
configure: failed program was:
| /* confdefs.h */
| #define PACKAGE_NAME "gsl"
| #define PACKAGE_TARNAME "gsl"
| #define PACKAGE_VERSION "2.3"
| #define PACKAGE_STRING "gsl 2.3"
| #define PACKAGE_BUGREPORT ""
| #define PACKAGE_URL ""
| #define PACKAGE "gsl"
| #define VERSION "2.3"
| #define RELEASED /**/
| #define STDC_HEADERS 1
| #define HAVE_SYS_TYPES_H 1
| #define HAVE_SYS_STAT_H 1
| #define HAVE_STDLIB_H 1
| #define HAVE_STRING_H 1
| #define HAVE_MEMORY_H 1
| #define HAVE_STRINGS_H 1
| #define HAVE_INTTYPES_H 1
| #define HAVE_STDINT_H 1
| #define HAVE_UNISTD_H 1
| #define HAVE_DLFCN_H 1
| #define LT_OBJDIR ".libs/"
| #define HAVE_INLINE 1
| #define HAVE_C99_INLINE 1
| /* end confdefs.h.  */
| #include <stdio.h>
| #ifdef HAVE_SYS_TYPES_H
| # include <sys/types.h>
| #endif
| #ifdef HAVE_SYS_STAT_H
| # include <sys/stat.h>
| #endif
| #ifdef STDC_HEADERS
| # include <stdlib.h>
| # include <stddef.h>
| #else
| # ifdef HAVE_STDLIB_H
| #  include <stdlib.h>
| # endif
| #endif
| #ifdef HAVE_STRING_H
| # if !defined STDC_HEADERS && defined HAVE_MEMORY_H
| #  include <memory.h>
| # endif
| # include <string.h>
| #endif
| #ifdef HAVE_STRINGS_H
| # include <strings.h>
| #endif
| #ifdef HAVE_INTTYPES_H
| # include <inttypes.h>
| #endif
| #ifdef HAVE_STDINT_H
| # include <stdint.h>
| #endif
| #ifdef HAVE_UNISTD_H
| # include <unistd.h>
| #endif
| #include <ieeefp.h>
configure:12273: result: no
configure:12273: checking ieeefp.h presence
configure:12273: /usr/src/output/host/bin/arm-buildroot-linux-uclibcgnueabihf-cpp -D_LARGEFILE_SOURCE -D_LARGEFILE64_SOURCE -D_FILE_OFFSET_BITS=64 conftest.c
conftest.c:26:20: fatal error: ieeefp.h: No such file or directory
 #include <ieeefp.h>
                    ^
compilation terminated.
configure:12273: $? = 1
configure: failed program was:
| /* confdefs.h */
| #define PACKAGE_NAME "gsl"
| #define PACKAGE_TARNAME "gsl"
| #define PACKAGE_VERSION "2.3"
| #define PACKAGE_STRING "gsl 2.3"
| #define PACKAGE_BUGREPORT ""
| #define PACKAGE_URL ""
| #define PACKAGE "gsl"
| #define VERSION "2.3"
| #define RELEASED /**/
| #define STDC_HEADERS 1
| #define HAVE_SYS_TYPES_H 1
| #define HAVE_SYS_STAT_H 1
| #define HAVE_STDLIB_H 1
| #define HAVE_STRING_H 1
| #define HAVE_MEMORY_H 1
| #define HAVE_STRINGS_H 1
| #define HAVE_INTTYPES_H 1
| #define HAVE_STDINT_H 1
| #define HAVE_UNISTD_H 1
| #define HAVE_DLFCN_H 1
| #define LT_OBJDIR ".libs/"
| #define HAVE_INLINE 1
| #define HAVE_C99_INLINE 1
| /* end confdefs.h.  */
| #include <ieeefp.h>
configure:12273: result: no
configure:12273: checking for ieeefp.h
configure:12273: result: no
configure:12302: checking for vprintf
configure:12302: /usr/src/output/host/bin/arm-buildroot-linux-uclibcgnueabihf-gcc -o conftest -D_LARGEFILE_SOURCE -D_LARGEFILE64_SOURCE -D_FILE_OFFSET_BITS=64  -Os  -D_LARGEFILE_SOURCE -D_LARGEFILE64_SOURCE -D_FILE_OFFSET_BITS=64  conftest.c  >&5
conftest.c:49:6: warning: conflicting types for built-in function 'vprintf'
 char vprintf ();
      ^~~~~~~
configure:12302: $? = 0
configure:12302: result: yes
configure:12308: checking for _doprnt
configure:12308: /usr/src/output/host/bin/arm-buildroot-linux-uclibcgnueabihf-gcc -o conftest -D_LARGEFILE_SOURCE -D_LARGEFILE64_SOURCE -D_FILE_OFFSET_BITS=64  -Os  -D_LARGEFILE_SOURCE -D_LARGEFILE64_SOURCE -D_FILE_OFFSET_BITS=64  conftest.c  >&5
/tmp/ccxKNZNR.o: In function `main':
conftest.c:(.text.startup+0x4): undefined reference to `_doprnt'
collect2: error: ld returned 1 exit status
configure:12308: $? = 1
configure: failed program was:
| /* confdefs.h */
| #define PACKAGE_NAME "gsl"
| #define PACKAGE_TARNAME "gsl"
| #define PACKAGE_VERSION "2.3"
| #define PACKAGE_STRING "gsl 2.3"
| #define PACKAGE_BUGREPORT ""
| #define PACKAGE_URL ""
| #define PACKAGE "gsl"
| #define VERSION "2.3"
| #define RELEASED /**/
| #define STDC_HEADERS 1
| #define HAVE_SYS_TYPES_H 1
| #define HAVE_SYS_STAT_H 1
| #define HAVE_STDLIB_H 1
| #define HAVE_STRING_H 1
| #define HAVE_MEMORY_H 1
| #define HAVE_STRINGS_H 1
| #define HAVE_INTTYPES_H 1
| #define HAVE_STDINT_H 1
| #define HAVE_UNISTD_H 1
| #define HAVE_DLFCN_H 1
| #define LT_OBJDIR ".libs/"
| #define HAVE_INLINE 1
| #define HAVE_C99_INLINE 1
| #define HAVE_VPRINTF 1
| /* end confdefs.h.  */
| /* Define _doprnt to an innocuous variant, in case <limits.h> declares _doprnt.
|    For example, HP-UX 11i <limits.h> declares gettimeofday.  */
| #define _doprnt innocuous__doprnt
| 
| /* System header to define __stub macros and hopefully few prototypes,
|     which can conflict with char _doprnt (); below.
|     Prefer <limits.h> to <assert.h> if __STDC__ is defined, since
|     <limits.h> exists even on freestanding compilers.  */
| 
| #ifdef __STDC__
| # include <limits.h>
| #else
| # include <assert.h>
| #endif
| 
| #undef _doprnt
| 
| /* Override any GCC internal prototype to avoid an error.
|    Use char because int might match the return type of a GCC
|    builtin and then its argument prototype would still apply.  */
| #ifdef __cplusplus
| extern "C"
| #endif
| char _doprnt ();
| /* The GNU C library defines this for functions which it implements
|     to always fail with ENOSYS.  Some functions are actually named
|     something starting with __ and the normal name is an alias.  */
| #if defined __stub__doprnt || defined __stub____doprnt
| choke me
| #endif
| 
| int
| main ()
| {
| return _doprnt ();
|   ;
|   return 0;
| }
configure:12308: result: no
configure:12320: checking for memcpy
configure:12320: /usr/src/output/host/bin/arm-buildroot-linux-uclibcgnueabihf-gcc -o conftest -D_LARGEFILE_SOURCE -D_LARGEFILE64_SOURCE -D_FILE_OFFSET_BITS=64  -Os  -D_LARGEFILE_SOURCE -D_LARGEFILE64_SOURCE -D_FILE_OFFSET_BITS=64  conftest.c  >&5
conftest.c:50:6: warning: conflicting types for built-in function 'memcpy'
 char memcpy ();
      ^~~~~~
configure:12320: $? = 0
configure:12320: result: yes
configure:12333: checking for memmove
configure:12333: /usr/src/output/host/bin/arm-buildroot-linux-uclibcgnueabihf-gcc -o conftest -D_LARGEFILE_SOURCE -D_LARGEFILE64_SOURCE -D_FILE_OFFSET_BITS=64  -Os  -D_LARGEFILE_SOURCE -D_LARGEFILE64_SOURCE -D_FILE_OFFSET_BITS=64  conftest.c  >&5
conftest.c:51:6: warning: conflicting types for built-in function 'memmove'
 char memmove ();
      ^~~~~~~
configure:12333: $? = 0
configure:12333: result: yes
configure:12346: checking for strdup
configure:12346: /usr/src/output/host/bin/arm-buildroot-linux-uclibcgnueabihf-gcc -o conftest -D_LARGEFILE_SOURCE -D_LARGEFILE64_SOURCE -D_FILE_OFFSET_BITS=64  -Os  -D_LARGEFILE_SOURCE -D_LARGEFILE64_SOURCE -D_FILE_OFFSET_BITS=64  conftest.c  >&5
conftest.c:52:6: warning: conflicting types for built-in function 'strdup'
 char strdup ();
      ^~~~~~
configure:12346: $? = 0
configure:12346: result: yes
configure:12359: checking for strtol
configure:12359: /usr/src/output/host/bin/arm-buildroot-linux-uclibcgnueabihf-gcc -o conftest -D_LARGEFILE_SOURCE -D_LARGEFILE64_SOURCE -D_FILE_OFFSET_BITS=64  -Os  -D_LARGEFILE_SOURCE -D_LARGEFILE64_SOURCE -D_FILE_OFFSET_BITS=64  conftest.c  >&5
configure:12359: $? = 0
configure:12359: result: yes
configure:12372: checking for strtoul
configure:12372: /usr/src/output/host/bin/arm-buildroot-linux-uclibcgnueabihf-gcc -o conftest -D_LARGEFILE_SOURCE -D_LARGEFILE64_SOURCE -D_FILE_OFFSET_BITS=64  -Os  -D_LARGEFILE_SOURCE -D_LARGEFILE64_SOURCE -D_FILE_OFFSET_BITS=64  conftest.c  >&5
configure:12372: $? = 0
configure:12372: result: yes
configure:12387: checking for EXIT_SUCCESS and EXIT_FAILURE
configure:12411: result: yes
configure:12422: checking for cos in -lm
configure:12456: result: yes
configure:12469: checking whether feenableexcept is declared
configure:12469: result: no
configure:12482: checking whether fesettrapenable is declared
configure:12482: result: no
configure:12495: checking whether hypot is declared
configure:12495: /usr/src/output/host/bin/arm-buildroot-linux-uclibcgnueabihf-gcc -c -D_LARGEFILE_SOURCE -D_LARGEFILE64_SOURCE -D_FILE_OFFSET_BITS=64  -Os  -D_LARGEFILE_SOURCE -D_LARGEFILE64_SOURCE -D_FILE_OFFSET_BITS=64 conftest.c >&5
configure:12495: $? = 0
configure:12495: result: yes
configure:12507: checking whether expm1 is declared
configure:12507: /usr/src/output/host/bin/arm-buildroot-linux-uclibcgnueabihf-gcc -c -D_LARGEFILE_SOURCE -D_LARGEFILE64_SOURCE -D_FILE_OFFSET_BITS=64  -Os  -D_LARGEFILE_SOURCE -D_LARGEFILE64_SOURCE -D_FILE_OFFSET_BITS=64 conftest.c >&5
configure:12507: $? = 0
configure:12507: result: yes
configure:12519: checking whether acosh is declared
configure:12519: /usr/src/output/host/bin/arm-buildroot-linux-uclibcgnueabihf-gcc -c -D_LARGEFILE_SOURCE -D_LARGEFILE64_SOURCE -D_FILE_OFFSET_BITS=64  -Os  -D_LARGEFILE_SOURCE -D_LARGEFILE64_SOURCE -D_FILE_OFFSET_BITS=64 conftest.c >&5
configure:12519: $? = 0
configure:12519: result: yes
configure:12531: checking whether asinh is declared
configure:12531: /usr/src/output/host/bin/arm-buildroot-linux-uclibcgnueabihf-gcc -c -D_LARGEFILE_SOURCE -D_LARGEFILE64_SOURCE -D_FILE_OFFSET_BITS=64  -Os  -D_LARGEFILE_SOURCE -D_LARGEFILE64_SOURCE -D_FILE_OFFSET_BITS=64 conftest.c >&5
configure:12531: $? = 0
configure:12531: result: yes
configure:12543: checking whether atanh is declared
configure:12543: /usr/src/output/host/bin/arm-buildroot-linux-uclibcgnueabihf-gcc -c -D_LARGEFILE_SOURCE -D_LARGEFILE64_SOURCE -D_FILE_OFFSET_BITS=64  -Os  -D_LARGEFILE_SOURCE -D_LARGEFILE64_SOURCE -D_FILE_OFFSET_BITS=64 conftest.c >&5
configure:12543: $? = 0
configure:12543: result: yes
configure:12555: checking whether ldexp is declared
configure:12555: /usr/src/output/host/bin/arm-buildroot-linux-uclibcgnueabihf-gcc -c -D_LARGEFILE_SOURCE -D_LARGEFILE64_SOURCE -D_FILE_OFFSET_BITS=64  -Os  -D_LARGEFILE_SOURCE -D_LARGEFILE64_SOURCE -D_FILE_OFFSET_BITS=64 conftest.c >&5
configure:12555: $? = 0
configure:12555: result: yes
configure:12567: checking whether frexp is declared
configure:12567: /usr/src/output/host/bin/arm-buildroot-linux-uclibcgnueabihf-gcc -c -D_LARGEFILE_SOURCE -D_LARGEFILE64_SOURCE -D_FILE_OFFSET_BITS=64  -Os  -D_LARGEFILE_SOURCE -D_LARGEFILE64_SOURCE -D_FILE_OFFSET_BITS=64 conftest.c >&5
configure:12567: $? = 0
configure:12567: result: yes
configure:12579: checking whether fprnd_t is declared
configure:12579: /usr/src/output/host/bin/arm-buildroot-linux-uclibcgnueabihf-gcc -c -D_LARGEFILE_SOURCE -D_LARGEFILE64_SOURCE -D_FILE_OFFSET_BITS=64  -Os  -D_LARGEFILE_SOURCE -D_LARGEFILE64_SOURCE -D_FILE_OFFSET_BITS=64 conftest.c >&5
conftest.c: In function 'main':
conftest.c:52:10: error: 'fprnd_t' undeclared (first use in this function)
   (void) fprnd_t;
          ^~~~~~~
conftest.c:52:10: note: each undeclared identifier is reported only once for each function it appears in
configure:12579: $? = 1
configure: failed program was:
| /* confdefs.h */
| #define PACKAGE_NAME "gsl"
| #define PACKAGE_TARNAME "gsl"
| #define PACKAGE_VERSION "2.3"
| #define PACKAGE_STRING "gsl 2.3"
| #define PACKAGE_BUGREPORT ""
| #define PACKAGE_URL ""
| #define PACKAGE "gsl"
| #define VERSION "2.3"
| #define RELEASED /**/
| #define STDC_HEADERS 1
| #define HAVE_SYS_TYPES_H 1
| #define HAVE_SYS_STAT_H 1
| #define HAVE_STDLIB_H 1
| #define HAVE_STRING_H 1
| #define HAVE_MEMORY_H 1
| #define HAVE_STRINGS_H 1
| #define HAVE_INTTYPES_H 1
| #define HAVE_STDINT_H 1
| #define HAVE_UNISTD_H 1
| #define HAVE_DLFCN_H 1
| #define LT_OBJDIR ".libs/"
| #define HAVE_INLINE 1
| #define HAVE_C99_INLINE 1
| #define HAVE_VPRINTF 1
| #define HAVE_MEMCPY 1
| #define HAVE_MEMMOVE 1
| #define HAVE_STRDUP 1
| #define HAVE_STRTOL 1
| #define HAVE_STRTOUL 1
| #define HAVE_EXIT_SUCCESS_AND_FAILURE 1
| #define HAVE_LIBM 1
| #define HAVE_DECL_FEENABLEEXCEPT 0
| #define HAVE_DECL_FESETTRAPENABLE 0
| #define HAVE_DECL_HYPOT 1
| #define HAVE_DECL_EXPM1 1
| #define HAVE_DECL_ACOSH 1
| #define HAVE_DECL_ASINH 1
| #define HAVE_DECL_ATANH 1
| #define HAVE_DECL_LDEXP 1
| #define HAVE_DECL_FREXP 1
| /* end confdefs.h.  */
| #include <float.h>
| 
| int
| main ()
| {
| #ifndef fprnd_t
| #ifdef __cplusplus
|   (void) fprnd_t;
| #else
|   (void) fprnd_t;
| #endif
| #endif
| 
|   ;
|   return 0;
| }
configure:12579: result: no
configure:12591: checking whether isinf is declared
configure:12591: /usr/src/output/host/bin/arm-buildroot-linux-uclibcgnueabihf-gcc -c -D_LARGEFILE_SOURCE -D_LARGEFILE64_SOURCE -D_FILE_OFFSET_BITS=64  -Os  -D_LARGEFILE_SOURCE -D_LARGEFILE64_SOURCE -D_FILE_OFFSET_BITS=64 conftest.c >&5
configure:12591: $? = 0
configure:12591: result: yes
configure:12603: checking whether isfinite is declared
configure:12603: /usr/src/output/host/bin/arm-buildroot-linux-uclibcgnueabihf-gcc -c -D_LARGEFILE_SOURCE -D_LARGEFILE64_SOURCE -D_FILE_OFFSET_BITS=64  -Os  -D_LARGEFILE_SOURCE -D_LARGEFILE64_SOURCE -D_FILE_OFFSET_BITS=64 conftest.c >&5
configure:12603: $? = 0
configure:12603: result: yes
configure:12615: checking whether finite is declared
configure:12615: /usr/src/output/host/bin/arm-buildroot-linux-uclibcgnueabihf-gcc -c -D_LARGEFILE_SOURCE -D_LARGEFILE64_SOURCE -D_FILE_OFFSET_BITS=64  -Os  -D_LARGEFILE_SOURCE -D_LARGEFILE64_SOURCE -D_FILE_OFFSET_BITS=64 conftest.c >&5
configure:12615: $? = 0
configure:12615: result: yes
configure:12630: checking whether isnan is declared
configure:12630: /usr/src/output/host/bin/arm-buildroot-linux-uclibcgnueabihf-gcc -c -D_LARGEFILE_SOURCE -D_LARGEFILE64_SOURCE -D_FILE_OFFSET_BITS=64  -Os  -D_LARGEFILE_SOURCE -D_LARGEFILE64_SOURCE -D_FILE_OFFSET_BITS=64 conftest.c >&5
configure:12630: $? = 0
configure:12630: result: yes
configure:12649: checking whether log1p is declared
configure:12649: /usr/src/output/host/bin/arm-buildroot-linux-uclibcgnueabihf-gcc -c -D_LARGEFILE_SOURCE -D_LARGEFILE64_SOURCE -D_FILE_OFFSET_BITS=64  -Os  -D_LARGEFILE_SOURCE -D_LARGEFILE64_SOURCE -D_FILE_OFFSET_BITS=64 conftest.c >&5
configure:12649: $? = 0
configure:12649: result: yes
configure:12664: checking for long double stdio
configure:12695: result: no
configure:12704: checking for extended floating point registers
configure:12737: result: unknown
configure:12746: checking for IEEE arithmetic interface type
configure:12809: result: unknown
configure:12939: checking for IEEE compiler flags
configure:12978: result: none
configure:12987: checking for IEEE comparisons
configure:13019: result: yes
configure:13028: checking for IEEE denormalized values
configure:13061: result: yes
configure:13200: checking that generated files are newer than configure
configure:13206: result: done
configure:13233: creating ./config.status

## ---------------------- ##
## Running config.status. ##
## ---------------------- ##

This file was extended by gsl config.status 2.3, which was
generated by GNU Autoconf 2.69.  Invocation command line was

  CONFIG_FILES    = 
  CONFIG_HEADERS  = 
  CONFIG_LINKS    = 
  CONFIG_COMMANDS = 
  $ ./config.status 

on c37c58f94407

config.status:1202: creating Makefile
config.status:1202: creating gsl_version.h
config.status:1202: creating gsl.spec
config.status:1202: creating blas/Makefile
config.status:1202: creating block/Makefile
config.status:1202: creating bspline/Makefile
config.status:1202: creating cblas/Makefile
config.status:1202: creating cdf/Makefile
config.status:1202: creating cheb/Makefile
config.status:1202: creating combination/Makefile
config.status:1202: creating complex/Makefile
config.status:1202: creating const/Makefile
config.status:1202: creating deriv/Makefile
config.status:1202: creating dht/Makefile
config.status:1202: creating diff/Makefile
config.status:1202: creating doc/Makefile
config.status:1202: creating doc/examples/Makefile
config.status:1202: creating eigen/Makefile
config.status:1202: creating err/Makefile
config.status:1202: creating fit/Makefile
config.status:1202: creating fft/Makefile
config.status:1202: creating gsl/Makefile
config.status:1202: creating histogram/Makefile
config.status:1202: creating ieee-utils/Makefile
config.status:1202: creating integration/Makefile
config.status:1202: creating interpolation/Makefile
config.status:1202: creating linalg/Makefile
config.status:1202: creating matrix/Makefile
config.status:1202: creating min/Makefile
config.status:1202: creating monte/Makefile
config.status:1202: creating multifit/Makefile
config.status:1202: creating multifit_nlinear/Makefile
config.status:1202: creating multilarge/Makefile
config.status:1202: creating multilarge_nlinear/Makefile
config.status:1202: creating multimin/Makefile
config.status:1202: creating multiroots/Makefile
config.status:1202: creating multiset/Makefile
config.status:1202: creating ntuple/Makefile
config.status:1202: creating ode-initval/Makefile
config.status:1202: creating ode-initval2/Makefile
config.status:1202: creating permutation/Makefile
config.status:1202: creating poly/Makefile
config.status:1202: creating qrng/Makefile
config.status:1202: creating randist/Makefile
config.status:1202: creating rng/Makefile
config.status:1202: creating roots/Makefile
config.status:1202: creating rstat/Makefile
config.status:1202: creating siman/Makefile
config.status:1202: creating sort/Makefile
config.status:1202: creating spblas/Makefile
config.status:1202: creating splinalg/Makefile
config.status:1202: creating spmatrix/Makefile
config.status:1202: creating specfunc/Makefile
config.status:1202: creating statistics/Makefile
config.status:1202: creating sum/Makefile
config.status:1202: creating sys/Makefile
config.status:1202: creating test/Makefile
config.status:1202: creating utils/Makefile
config.status:1202: creating vector/Makefile
config.status:1202: creating wavelet/Makefile
config.status:1202: creating config.h
config.status:1431: executing depfiles commands
config.status:1431: executing libtool commands
configure:15517: WARNING: unrecognized options: --disable-gtk-doc, --disable-gtk-doc-html, --disable-doc, --disable-docs, --disable-documentation, --with-xmlto, --with-fop, --enable-ipv6, --disable-nls

## ---------------- ##
## Cache variables. ##
## ---------------- ##

ac_cv_build=x86_64-pc-linux-gnu
ac_cv_c_bigendian=no
ac_cv_c_c99inline=yes
ac_cv_c_char_unsigned=yes
ac_cv_c_compiler_gnu=yes
ac_cv_c_extended_fp=unknown
ac_cv_c_extern_inline=no
ac_cv_c_ieee_comparisons=yes
ac_cv_c_ieee_denormals=yes
ac_cv_c_ieee_flags=none
ac_cv_c_ieee_interface=unknown
ac_cv_c_inline=inline
ac_cv_c_volatile=yes
ac_cv_decl_exit_success_and_failure=yes
ac_cv_env_CC_set=set
ac_cv_env_CC_value=/usr/src/output/host/bin/arm-buildroot-linux-uclibcgnueabihf-gcc
ac_cv_env_CFLAGS_set=set
ac_cv_env_CFLAGS_value='-D_LARGEFILE_SOURCE -D_LARGEFILE64_SOURCE -D_FILE_OFFSET_BITS=64  -Os '
ac_cv_env_CPPFLAGS_set=set
ac_cv_env_CPPFLAGS_value='-D_LARGEFILE_SOURCE -D_LARGEFILE64_SOURCE -D_FILE_OFFSET_BITS=64'
ac_cv_env_CPP_set=set
ac_cv_env_CPP_value=/usr/src/output/host/bin/arm-buildroot-linux-uclibcgnueabihf-cpp
ac_cv_env_LDFLAGS_set=set
ac_cv_env_LDFLAGS_value=
ac_cv_env_LIBS_set=
ac_cv_env_LIBS_value=
ac_cv_env_build_alias_set=set
ac_cv_env_build_alias_value=x86_64-pc-linux-gnu
ac_cv_env_host_alias_set=set
ac_cv_env_host_alias_value=arm-buildroot-linux-uclibcgnueabihf
ac_cv_env_target_alias_set=set
ac_cv_env_target_alias_value=arm-buildroot-linux-uclibcgnueabihf
ac_cv_func__doprnt=no
ac_cv_func_calloc_0_nonnull=yes
ac_cv_func_malloc_0_nonnull=yes
ac_cv_func_memcmp_working=yes
ac_cv_func_memcpy=yes
ac_cv_func_memmove=yes
ac_cv_func_mmap_fixed_mapped=yes
ac_cv_func_printf_longdouble=no
ac_cv_func_realloc_0_nonnull=yes
ac_cv_func_strdup=yes
ac_cv_func_strtol=yes
ac_cv_func_strtoul=yes
ac_cv_func_vprintf=yes
ac_cv_have_decl_acosh=yes
ac_cv_have_decl_asinh=yes
ac_cv_have_decl_atanh=yes
ac_cv_have_decl_expm1=yes
ac_cv_have_decl_feenableexcept=no
ac_cv_have_decl_fesettrapenable=no
ac_cv_have_decl_finite=yes
ac_cv_have_decl_fprnd_t=no
ac_cv_have_decl_frexp=yes
ac_cv_have_decl_hypot=yes
ac_cv_have_decl_isfinite=yes
ac_cv_have_decl_isinf=yes
ac_cv_have_decl_isnan=yes
ac_cv_have_decl_ldexp=yes
ac_cv_have_decl_log1p=yes
ac_cv_have_decl_malloc=yes
ac_cv_header_dlfcn_h=yes
ac_cv_header_ieeefp_h=no
ac_cv_header_inttypes_h=yes
ac_cv_header_memory_h=yes
ac_cv_header_stdc=yes
ac_cv_header_stdint_h=yes
ac_cv_header_stdlib_h=yes
ac_cv_header_string_h=yes
ac_cv_header_strings_h=yes
ac_cv_header_sys_stat_h=yes
ac_cv_header_sys_types_h=yes
ac_cv_header_unistd_h=yes
ac_cv_host=arm-buildroot-linux-uclibcgnueabihf
ac_cv_lbl_unaligned_fail=yes
ac_cv_lib_m_cos=yes
ac_cv_objext=o
ac_cv_path_EGREP='/bin/grep -E'
ac_cv_path_FGREP='/bin/grep -F'
ac_cv_path_GREP=/bin/grep
ac_cv_path_SED=/bin/sed
ac_cv_path_install='/usr/bin/install -c'
ac_cv_path_mkdir=/bin/mkdir
ac_cv_prog_AR=/usr/src/output/host/bin/arm-buildroot-linux-uclibcgnueabihf-ar
ac_cv_prog_AWK=mawk
ac_cv_prog_CC=/usr/src/output/host/bin/arm-buildroot-linux-uclibcgnueabihf-gcc
ac_cv_prog_CPP=/usr/src/output/host/bin/arm-buildroot-linux-uclibcgnueabihf-cpp
ac_cv_prog_OBJDUMP=/usr/src/output/host/bin/arm-buildroot-linux-uclibcgnueabihf-objdump
ac_cv_prog_RANLIB=/usr/src/output/host/bin/arm-buildroot-linux-uclibcgnueabihf-ranlib
ac_cv_prog_STRIP=/usr/src/output/host/bin/arm-buildroot-linux-uclibcgnueabihf-strip
ac_cv_prog_ac_ct_MANIFEST_TOOL=mt
ac_cv_prog_cc_c89=
ac_cv_prog_cc_g=yes
ac_cv_prog_make_make_set=yes
ac_cv_type_size_t=yes
am_cv_CC_dependencies_compiler_type=none
am_cv_make_support_nested_variables=yes
gl_cv_func_malloc_0_nonnull=yes
lt_cv_ar_at_file=@
lt_cv_archive_cmds_need_lc=no
lt_cv_deplibs_check_method=pass_all
lt_cv_file_magic_cmd='$MAGIC_CMD'
lt_cv_file_magic_test_file=
lt_cv_ld_reload_flag=-r
lt_cv_nm_interface='BSD nm'
lt_cv_objdir=.libs
lt_cv_path_LD=/usr/src/output/host/bin/arm-buildroot-linux-uclibcgnueabihf-ld
lt_cv_path_NM=/usr/src/output/host/bin/arm-buildroot-linux-uclibcgnueabihf-nm
lt_cv_path_mainfest_tool=no
lt_cv_prog_compiler_c_o=yes
lt_cv_prog_compiler_pic='-fPIC -DPIC'
lt_cv_prog_compiler_pic_works=yes
lt_cv_prog_compiler_rtti_exceptions=no
lt_cv_prog_compiler_static_works=yes
lt_cv_prog_gnu_ld=yes
lt_cv_sharedlib_from_linklib_cmd='printf %s\n'
lt_cv_shlibpath_overrides_runpath=no
lt_cv_sys_global_symbol_pipe='sed -n -e '\''s/^.*[	 ]\([ABCDGIRSTW][ABCDGIRSTW]*\)[	 ][	 ]*\([_A-Za-z][_A-Za-z0-9]*\)$/\1 \2 \2/p'\'' | sed '\''/ __gnu_lto/d'\'''
lt_cv_sys_global_symbol_to_c_name_address='sed -n -e '\''s/^: \([^ ]*\)[ ]*$/  {\"\1\", (void *) 0},/p'\'' -e '\''s/^[ABCDGIRSTW]* \([^ ]*\) \([^ ]*\)$/  {"\2", (void *) \&\2},/p'\'''
lt_cv_sys_global_symbol_to_c_name_address_lib_prefix='sed -n -e '\''s/^: \([^ ]*\)[ ]*$/  {\"\1\", (void *) 0},/p'\'' -e '\''s/^[ABCDGIRSTW]* \([^ ]*\) \(lib[^ ]*\)$/  {"\2", (void *) \&\2},/p'\'' -e '\''s/^[ABCDGIRSTW]* \([^ ]*\) \([^ ]*\)$/  {"lib\2", (void *) \&\2},/p'\'''
lt_cv_sys_global_symbol_to_cdecl='sed -n -e '\''s/^T .* \(.*\)$/extern int \1();/p'\'' -e '\''s/^[ABCDGIRSTW]* .* \(.*\)$/extern char \1;/p'\'''
lt_cv_sys_lib_search_path_spec=
lt_cv_sys_max_cmd_len=1572864
lt_cv_to_host_file_cmd=func_convert_file_noop
lt_cv_to_tool_file_cmd=func_convert_file_noop

## ----------------- ##
## Output variables. ##
## ----------------- ##

ACLOCAL='${SHELL} /usr/src/output/build/gsl-2.3/missing aclocal-1.13'
AMDEPBACKSLASH=''
AMDEP_FALSE=''
AMDEP_TRUE='#'
AMTAR='$${TAR-tar}'
AM_BACKSLASH='\'
AM_DEFAULT_V='$(AM_DEFAULT_VERBOSITY)'
AM_DEFAULT_VERBOSITY='1'
AM_V='$(V)'
AR='/usr/src/output/host/bin/arm-buildroot-linux-uclibcgnueabihf-ar'
AS='/usr/src/output/host/bin/arm-buildroot-linux-uclibcgnueabihf-as'
AUTOCONF='${SHELL} /usr/src/output/build/gsl-2.3/missing autoconf'
AUTOHEADER='${SHELL} /usr/src/output/build/gsl-2.3/missing autoheader'
AUTOMAKE='${SHELL} /usr/src/output/build/gsl-2.3/missing automake-1.13'
AWK='mawk'
CC='/usr/src/output/host/bin/arm-buildroot-linux-uclibcgnueabihf-gcc'
CCDEPMODE='depmode=none'
CFLAGS='-D_LARGEFILE_SOURCE -D_LARGEFILE64_SOURCE -D_FILE_OFFSET_BITS=64  -Os '
CPP='/usr/src/output/host/bin/arm-buildroot-linux-uclibcgnueabihf-cpp'
CPPFLAGS='-D_LARGEFILE_SOURCE -D_LARGEFILE64_SOURCE -D_FILE_OFFSET_BITS=64'
CYGPATH_W='echo'
DEFS='-DHAVE_CONFIG_H'
DEPDIR='.deps'
DLLTOOL='false'
DSYMUTIL=''
DUMPBIN=''
ECHO_C=''
ECHO_N='-n'
ECHO_T=''
EGREP='/bin/grep -E'
EXEEXT=''
FGREP='/bin/grep -F'
GREP='/bin/grep'
GSLCBLAS_LDFLAGS=''
GSL_CFLAGS='-I${prefix}/include'
GSL_LDFLAGS=''
GSL_LIBADD=''
GSL_LIBM='-lm'
GSL_LIBS='-L${exec_prefix}/lib -lgsl'
GSL_LT_CBLAS_VERSION='0:0:0'
GSL_LT_VERSION='22:0:3'
GSL_MAJOR_VERSION='2'
GSL_MINOR_VERSION='3'
HAVE_AIX_IEEE_INTERFACE=''
HAVE_DARWIN86_IEEE_INTERFACE=''
HAVE_DARWIN_IEEE_INTERFACE=''
HAVE_FREEBSD_IEEE_INTERFACE=''
HAVE_GNUM68K_IEEE_INTERFACE=''
HAVE_GNUPPC_IEEE_INTERFACE=''
HAVE_GNUSPARC_IEEE_INTERFACE=''
HAVE_GNUX86_IEEE_INTERFACE=''
HAVE_HPUX11_IEEE_INTERFACE=''
HAVE_HPUX_IEEE_INTERFACE=''
HAVE_IRIX_IEEE_INTERFACE=''
HAVE_NETBSD_IEEE_INTERFACE=''
HAVE_OPENBSD_IEEE_INTERFACE=''
HAVE_OS2EMX_IEEE_INTERFACE=''
HAVE_SOLARIS_IEEE_INTERFACE=''
HAVE_SUNOS4_IEEE_INTERFACE=''
HAVE_TRU64_IEEE_INTERFACE=''
INSTALL_DATA='${INSTALL} -m 644'
INSTALL_PROGRAM='${INSTALL}'
INSTALL_SCRIPT='${INSTALL}'
INSTALL_STRIP_PROGRAM='$(install_sh) -c -s'
LD='/usr/src/output/host/bin/arm-buildroot-linux-uclibcgnueabihf-ld'
LDFLAGS=''
LIBM='-lm'
LIBOBJS=''
LIBS='-lm '
LIBTOOL='$(SHELL) $(top_builddir)/libtool'
LIPO=''
LN_S='ln -s'
LTLIBOBJS=''
MAINT='#'
MAINTAINER_MODE_FALSE=''
MAINTAINER_MODE_TRUE='#'
MAKEINFO='${SHELL} /usr/src/output/build/gsl-2.3/missing makeinfo'
MANIFEST_TOOL=':'
MKDIR_P='/bin/mkdir -p'
NM='/usr/src/output/host/bin/arm-buildroot-linux-uclibcgnueabihf-nm'
NMEDIT=''
OBJDUMP='/usr/src/output/host/bin/arm-buildroot-linux-uclibcgnueabihf-objdump'
OBJEXT='o'
OTOOL64=''
OTOOL=''
PACKAGE='gsl'
PACKAGE_BUGREPORT=''
PACKAGE_NAME='gsl'
PACKAGE_STRING='gsl 2.3'
PACKAGE_TARNAME='gsl'
PACKAGE_URL=''
PACKAGE_VERSION='2.3'
PATH_SEPARATOR=':'
RANLIB='/usr/src/output/host/bin/arm-buildroot-linux-uclibcgnueabihf-ranlib'
SED='/bin/sed'
SET_MAKE=''
SHELL='/bin/bash'
STRIP='/usr/src/output/host/bin/arm-buildroot-linux-uclibcgnueabihf-strip'
VERSION='2.3'
ac_ct_AR=''
ac_ct_CC=''
ac_ct_DUMPBIN=''
am__EXEEXT_FALSE=''
am__EXEEXT_TRUE='#'
am__fastdepCC_FALSE=''
am__fastdepCC_TRUE='#'
am__include='include'
am__isrc=''
am__leading_dot='.'
am__nodep=''
am__quote=''
am__tar='$${TAR-tar} chof - "$$tardir"'
am__untar='$${TAR-tar} xf -'
bindir='${exec_prefix}/bin'
build='x86_64-pc-linux-gnu'
build_alias='x86_64-pc-linux-gnu'
build_cpu='x86_64'
build_os='linux-gnu'
build_vendor='pc'
datadir='${datarootdir}'
datarootdir='${prefix}/share'
docdir='${datarootdir}/doc/${PACKAGE_TARNAME}'
dvidir='${docdir}'
exec_prefix='/usr'
host='arm-buildroot-linux-uclibcgnueabihf'
host_alias='arm-buildroot-linux-uclibcgnueabihf'
host_cpu='arm'
host_os='linux-uclibcgnueabihf'
host_vendor='buildroot'
htmldir='${docdir}'
includedir='${prefix}/include'
infodir='${datarootdir}/info'
install_sh='${SHELL} /usr/src/output/build/gsl-2.3/install-sh'
libdir='${exec_prefix}/lib'
libexecdir='${exec_prefix}/libexec'
localedir='${datarootdir}/locale'
localstatedir='/var'
mandir='${datarootdir}/man'
mkdir_p='$(MKDIR_P)'
oldincludedir='/usr/include'
pdfdir='${docdir}'
prefix='/usr'
program_transform_name='s&^&&'
psdir='${docdir}'
sbindir='${exec_prefix}/sbin'
sharedstatedir='${prefix}/com'
sysconfdir='/etc'
target_alias='arm-buildroot-linux-uclibcgnueabihf'

## ----------- ##
## confdefs.h. ##
## ----------- ##

/* confdefs.h */
#define PACKAGE_NAME "gsl"
#define PACKAGE_TARNAME "gsl"
#define PACKAGE_VERSION "2.3"
#define PACKAGE_STRING "gsl 2.3"
#define PACKAGE_BUGREPORT ""
#define PACKAGE_URL ""
#define PACKAGE "gsl"
#define VERSION "2.3"
#define RELEASED /**/
#define STDC_HEADERS 1
#define HAVE_SYS_TYPES_H 1
#define HAVE_SYS_STAT_H 1
#define HAVE_STDLIB_H 1
#define HAVE_STRING_H 1
#define HAVE_MEMORY_H 1
#define HAVE_STRINGS_H 1
#define HAVE_INTTYPES_H 1
#define HAVE_STDINT_H 1
#define HAVE_UNISTD_H 1
#define HAVE_DLFCN_H 1
#define LT_OBJDIR ".libs/"
#define HAVE_INLINE 1
#define HAVE_C99_INLINE 1
#define HAVE_VPRINTF 1
#define HAVE_MEMCPY 1
#define HAVE_MEMMOVE 1
#define HAVE_STRDUP 1
#define HAVE_STRTOL 1
#define HAVE_STRTOUL 1
#define HAVE_EXIT_SUCCESS_AND_FAILURE 1
#define HAVE_LIBM 1
#define HAVE_DECL_FEENABLEEXCEPT 0
#define HAVE_DECL_FESETTRAPENABLE 0
#define HAVE_DECL_HYPOT 1
#define HAVE_DECL_EXPM1 1
#define HAVE_DECL_ACOSH 1
#define HAVE_DECL_ASINH 1
#define HAVE_DECL_ATANH 1
#define HAVE_DECL_LDEXP 1
#define HAVE_DECL_FREXP 1
#define HAVE_DECL_FPRND_T 0
#define HAVE_DECL_ISINF 1
#define HAVE_DECL_ISFINITE 1
#define HAVE_DECL_FINITE 1
#define HAVE_DECL_ISNAN 1
#define HAVE_DECL_LOG1P 1
#define HAVE_EXTENDED_PRECISION_REGISTERS 1
#define HAVE_UNKNOWN_IEEE_INTERFACE 1
#define HAVE_IEEE_COMPARISONS 1
#define HAVE_IEEE_DENORMALS 1

configure: exit 0
