This file contains any messages produced by compilers while
running configure, to aid debugging if configure makes a mistake.

It was created by libConfuse configure 3.2, which was
generated by GNU Autoconf 2.69.  Invocation command line was

  $ ./configure --prefix=/usr/src/output/host --sysconfdir=/usr/src/output/host/etc --localstatedir=/usr/src/output/host/var --enable-shared --disable-static --disable-gtk-doc --disable-gtk-doc-html --disable-doc --disable-docs --disable-documentation --disable-debug --with-xmlto=no --with-fop=no --disable-dependency-tracking

## --------- ##
## Platform. ##
## --------- ##

hostname = c37c58f94407
uname -m = x86_64
uname -r = 4.15.0-42-generic
uname -s = Linux
uname -v = #45~16.04.1-Ubuntu SMP Mon Nov 19 13:02:27 UTC 2018

/usr/bin/uname -p = unknown
/bin/uname -X     = unknown

/bin/arch              = unknown
/usr/bin/arch -k       = unknown
/usr/convex/getsysinfo = unknown
/usr/bin/hostinfo      = unknown
/bin/machine           = unknown
/usr/bin/oslevel       = unknown
/bin/universe          = unknown

PATH: /usr/src/output/host/bin
PATH: /usr/src/output/host/sbin
PATH: /usr/local/sbin
PATH: /usr/local/bin
PATH: /usr/sbin
PATH: /usr/bin
PATH: /sbin
PATH: /bin


## ----------- ##
## Core tests. ##
## ----------- ##

configure:2304: checking whether to enable maintainer-specific portions of Makefiles
configure:2313: result: no
configure:2342: checking for a BSD-compatible install
configure:2410: result: /usr/bin/install -c
configure:2421: checking whether build environment is sane
configure:2476: result: yes
configure:2627: checking for a thread-safe mkdir -p
configure:2666: result: /bin/mkdir -p
configure:2673: checking for gawk
configure:2703: result: no
configure:2673: checking for mawk
configure:2689: found /usr/bin/mawk
configure:2700: result: mawk
configure:2711: checking whether make sets $(MAKE)
configure:2733: result: yes
configure:2762: checking whether make supports nested variables
configure:2779: result: yes
configure:2916: checking whether make supports nested variables
configure:2933: result: yes
configure:2998: checking for gcc
configure:3025: result: /usr/bin/gcc
configure:3254: checking for C compiler version
configure:3263: /usr/bin/gcc --version >&5
gcc (Debian 6.3.0-18+deb9u1) 6.3.0 20170516
Copyright (C) 2016 Free Software Foundation, Inc.
This is free software; see the source for copying conditions.  There is NO
warranty; not even for MERCHANTABILITY or FITNESS FOR A PARTICULAR PURPOSE.

configure:3274: $? = 0
configure:3263: /usr/bin/gcc -v >&5
Using built-in specs.
COLLECT_GCC=/usr/bin/gcc
COLLECT_LTO_WRAPPER=/usr/lib/gcc/x86_64-linux-gnu/6/lto-wrapper
Target: x86_64-linux-gnu
Configured with: ../src/configure -v --with-pkgversion='Debian 6.3.0-18+deb9u1' --with-bugurl=file:///usr/share/doc/gcc-6/README.Bugs --enable-languages=c,ada,c++,java,go,d,fortran,objc,obj-c++ --prefix=/usr --program-suffix=-6 --program-prefix=x86_64-linux-gnu- --enable-shared --enable-linker-build-id --libexecdir=/usr/lib --without-included-gettext --enable-threads=posix --libdir=/usr/lib --enable-nls --with-sysroot=/ --enable-clocale=gnu --enable-libstdcxx-debug --enable-libstdcxx-time=yes --with-default-libstdcxx-abi=new --enable-gnu-unique-object --disable-vtable-verify --enable-libmpx --enable-plugin --enable-default-pie --with-system-zlib --disable-browser-plugin --enable-java-awt=gtk --enable-gtk-cairo --with-java-home=/usr/lib/jvm/java-1.5.0-gcj-6-amd64/jre --enable-java-home --with-jvm-root-dir=/usr/lib/jvm/java-1.5.0-gcj-6-amd64 --with-jvm-jar-dir=/usr/lib/jvm-exports/java-1.5.0-gcj-6-amd64 --with-arch-directory=amd64 --with-ecj-jar=/usr/share/java/eclipse-ecj.jar --with-target-system-zlib --enable-objc-gc=auto --enable-multiarch --with-arch-32=i686 --with-abi=m64 --with-multilib-list=m32,m64,mx32 --enable-multilib --with-tune=generic --enable-checking=release --build=x86_64-linux-gnu --host=x86_64-linux-gnu --target=x86_64-linux-gnu
Thread model: posix
gcc version 6.3.0 20170516 (Debian 6.3.0-18+deb9u1) 
configure:3274: $? = 0
configure:3263: /usr/bin/gcc -V >&5
gcc: error: unrecognized command line option '-V'
gcc: fatal error: no input files
compilation terminated.
configure:3274: $? = 1
configure:3263: /usr/bin/gcc -qversion >&5
gcc: error: unrecognized command line option '-qversion'; did you mean '--version'?
gcc: fatal error: no input files
compilation terminated.
configure:3274: $? = 1
configure:3294: checking whether the C compiler works
configure:3316: /usr/bin/gcc -O2 -I/usr/src/output/host/include -I/usr/src/output/host/include -L/usr/src/output/host/lib -Wl,-rpath,/usr/src/output/host/lib conftest.c  >&5
configure:3320: $? = 0
configure:3368: result: yes
configure:3371: checking for C compiler default output file name
configure:3373: result: a.out
configure:3379: checking for suffix of executables
configure:3386: /usr/bin/gcc -o conftest -O2 -I/usr/src/output/host/include -I/usr/src/output/host/include -L/usr/src/output/host/lib -Wl,-rpath,/usr/src/output/host/lib conftest.c  >&5
configure:3390: $? = 0
configure:3412: result: 
configure:3434: checking whether we are cross compiling
configure:3442: /usr/bin/gcc -o conftest -O2 -I/usr/src/output/host/include -I/usr/src/output/host/include -L/usr/src/output/host/lib -Wl,-rpath,/usr/src/output/host/lib conftest.c  >&5
configure:3446: $? = 0
configure:3453: ./conftest
configure:3457: $? = 0
configure:3472: result: no
configure:3477: checking for suffix of object files
configure:3499: /usr/bin/gcc -c -O2 -I/usr/src/output/host/include -I/usr/src/output/host/include conftest.c >&5
configure:3503: $? = 0
configure:3524: result: o
configure:3528: checking whether we are using the GNU C compiler
configure:3547: /usr/bin/gcc -c -O2 -I/usr/src/output/host/include -I/usr/src/output/host/include conftest.c >&5
configure:3547: $? = 0
configure:3556: result: yes
configure:3565: checking whether /usr/bin/gcc accepts -g
configure:3585: /usr/bin/gcc -c -g -I/usr/src/output/host/include conftest.c >&5
configure:3585: $? = 0
configure:3626: result: yes
configure:3643: checking for /usr/bin/gcc option to accept ISO C89
configure:3706: /usr/bin/gcc  -c -O2 -I/usr/src/output/host/include -I/usr/src/output/host/include conftest.c >&5
configure:3706: $? = 0
configure:3719: result: none needed
configure:3744: checking whether /usr/bin/gcc understands -c and -o together
configure:3766: /usr/bin/gcc -c conftest.c -o conftest2.o
configure:3769: $? = 0
configure:3766: /usr/bin/gcc -c conftest.c -o conftest2.o
configure:3769: $? = 0
configure:3781: result: yes
configure:3809: checking for style of include used by make
configure:3837: result: GNU
configure:3863: checking dependency style of /usr/bin/gcc
configure:3974: result: none
configure:4092: checking the archiver (/usr/bin/ar) interface
configure:4108: /usr/bin/gcc -c -O2 -I/usr/src/output/host/include -I/usr/src/output/host/include conftest.c >&5
configure:4108: $? = 0
configure:4110: /usr/bin/ar cru libconftest.a conftest.o >&5
/usr/bin/ar: `u' modifier ignored since `D' is the default (see `U')
configure:4113: $? = 0
configure:4141: result: ar
configure:4165: checking for flex
configure:4195: result: no
configure:4165: checking for lex
configure:4195: result: no
configure:4353: checking build system type
configure:4367: result: x86_64-pc-linux-gnu
configure:4387: checking host system type
configure:4400: result: x86_64-pc-linux-gnu
configure:4441: checking how to print strings
configure:4468: result: printf
configure:4489: checking for a sed that does not truncate output
configure:4553: result: /bin/sed
configure:4571: checking for grep that handles long lines and -e
configure:4629: result: /bin/grep
configure:4634: checking for egrep
configure:4696: result: /bin/grep -E
configure:4701: checking for fgrep
configure:4763: result: /bin/grep -F
configure:4798: checking for ld used by /usr/bin/gcc
configure:4865: result: /usr/bin/ld
configure:4872: checking if the linker (/usr/bin/ld) is GNU ld
configure:4887: result: yes
configure:4899: checking for BSD- or MS-compatible name lister (nm)
configure:4953: result: /usr/bin/nm
configure:5083: checking the name lister (/usr/bin/nm) interface
configure:5090: /usr/bin/gcc -c -O2 -I/usr/src/output/host/include -I/usr/src/output/host/include conftest.c >&5
configure:5093: /usr/bin/nm "conftest.o"
configure:5096: output
0000000000000000 B some_variable
configure:5103: result: BSD nm
configure:5106: checking whether ln -s works
configure:5110: result: yes
configure:5118: checking the maximum length of command line arguments
configure:5249: result: 1572864
configure:5297: checking how to convert x86_64-pc-linux-gnu file names to x86_64-pc-linux-gnu format
configure:5337: result: func_convert_file_noop
configure:5344: checking how to convert x86_64-pc-linux-gnu file names to toolchain format
configure:5364: result: func_convert_file_noop
configure:5371: checking for /usr/bin/ld option to reload object files
configure:5378: result: -r
configure:5452: checking for objdump
configure:5468: found /usr/bin/objdump
configure:5479: result: objdump
configure:5508: checking how to recognize dependent libraries
configure:5708: result: pass_all
configure:5793: checking for dlltool
configure:5823: result: no
configure:5850: checking how to associate runtime and link libraries
configure:5877: result: printf %s\n
configure:6001: checking for archiver @FILE support
configure:6018: /usr/bin/gcc -c -O2 -I/usr/src/output/host/include -I/usr/src/output/host/include conftest.c >&5
configure:6018: $? = 0
configure:6021: /usr/bin/ar cru libconftest.a @conftest.lst >&5
/usr/bin/ar: `u' modifier ignored since `D' is the default (see `U')
configure:6024: $? = 0
configure:6029: /usr/bin/ar cru libconftest.a @conftest.lst >&5
/usr/bin/ar: `u' modifier ignored since `D' is the default (see `U')
/usr/bin/ar: conftest.o: No such file or directory
configure:6032: $? = 1
configure:6044: result: @
configure:6102: checking for strip
configure:6118: found /usr/bin/strip
configure:6129: result: strip
configure:6201: checking for ranlib
configure:6228: result: /usr/bin/ranlib
configure:6330: checking command to parse /usr/bin/nm output from /usr/bin/gcc object
configure:6483: /usr/bin/gcc -c -O2 -I/usr/src/output/host/include -I/usr/src/output/host/include conftest.c >&5
configure:6486: $? = 0
configure:6490: /usr/bin/nm conftest.o \| sed -n -e 's/^.*[ ]\([ABCDGIRSTW][ABCDGIRSTW]*\)[ ][ ]*\([_A-Za-z][_A-Za-z0-9]*\)$/\1 \2 \2/p' | sed '/ __gnu_lto/d' \> conftest.nm
configure:6493: $? = 0
configure:6559: /usr/bin/gcc -o conftest -O2 -I/usr/src/output/host/include -I/usr/src/output/host/include -L/usr/src/output/host/lib -Wl,-rpath,/usr/src/output/host/lib conftest.c conftstm.o >&5
configure:6562: $? = 0
configure:6600: result: ok
configure:6647: checking for sysroot
configure:6677: result: no
configure:6684: checking for a working dd
configure:6722: result: /bin/dd
configure:6726: checking how to truncate binary pipes
configure:6741: result: /bin/dd bs=4096 count=1
configure:6877: /usr/bin/gcc -c -O2 -I/usr/src/output/host/include -I/usr/src/output/host/include conftest.c >&5
configure:6880: $? = 0
configure:7070: checking for mt
configure:7086: found /bin/mt
configure:7097: result: mt
configure:7120: checking if mt is a manifest tool
configure:7126: mt '-?'
configure:7134: result: no
configure:7811: checking how to run the C preprocessor
configure:7881: result: /usr/bin/cpp
configure:7901: /usr/bin/cpp -I/usr/src/output/host/include conftest.c
configure:7901: $? = 0
configure:7915: /usr/bin/cpp -I/usr/src/output/host/include conftest.c
conftest.c:11:28: fatal error: ac_nonexistent.h: No such file or directory
 #include <ac_nonexistent.h>
                            ^
compilation terminated.
configure:7915: $? = 1
configure: failed program was:
| /* confdefs.h */
| #define PACKAGE_NAME "libConfuse"
| #define PACKAGE_TARNAME "confuse"
| #define PACKAGE_VERSION "3.2"
| #define PACKAGE_STRING "libConfuse 3.2"
| #define PACKAGE_BUGREPORT "https://github.com/martinh/libconfuse/issues"
| #define PACKAGE_URL ""
| #define PACKAGE "confuse"
| #define VERSION "3.2"
| /* end confdefs.h.  */
| #include <ac_nonexistent.h>
configure:7944: checking for ANSI C header files
configure:7964: /usr/bin/gcc -c -O2 -I/usr/src/output/host/include -I/usr/src/output/host/include conftest.c >&5
configure:7964: $? = 0
configure:8037: /usr/bin/gcc -o conftest -O2 -I/usr/src/output/host/include -I/usr/src/output/host/include -L/usr/src/output/host/lib -Wl,-rpath,/usr/src/output/host/lib conftest.c  >&5
configure:8037: $? = 0
configure:8037: ./conftest
configure:8037: $? = 0
configure:8048: result: yes
configure:8061: checking for sys/types.h
configure:8061: /usr/bin/gcc -c -O2 -I/usr/src/output/host/include -I/usr/src/output/host/include conftest.c >&5
configure:8061: $? = 0
configure:8061: result: yes
configure:8061: checking for sys/stat.h
configure:8061: /usr/bin/gcc -c -O2 -I/usr/src/output/host/include -I/usr/src/output/host/include conftest.c >&5
configure:8061: $? = 0
configure:8061: result: yes
configure:8061: checking for stdlib.h
configure:8061: /usr/bin/gcc -c -O2 -I/usr/src/output/host/include -I/usr/src/output/host/include conftest.c >&5
configure:8061: $? = 0
configure:8061: result: yes
configure:8061: checking for string.h
configure:8061: /usr/bin/gcc -c -O2 -I/usr/src/output/host/include -I/usr/src/output/host/include conftest.c >&5
configure:8061: $? = 0
configure:8061: result: yes
configure:8061: checking for memory.h
configure:8061: /usr/bin/gcc -c -O2 -I/usr/src/output/host/include -I/usr/src/output/host/include conftest.c >&5
configure:8061: $? = 0
configure:8061: result: yes
configure:8061: checking for strings.h
configure:8061: /usr/bin/gcc -c -O2 -I/usr/src/output/host/include -I/usr/src/output/host/include conftest.c >&5
configure:8061: $? = 0
configure:8061: result: yes
configure:8061: checking for inttypes.h
configure:8061: /usr/bin/gcc -c -O2 -I/usr/src/output/host/include -I/usr/src/output/host/include conftest.c >&5
configure:8061: $? = 0
configure:8061: result: yes
configure:8061: checking for stdint.h
configure:8061: /usr/bin/gcc -c -O2 -I/usr/src/output/host/include -I/usr/src/output/host/include conftest.c >&5
configure:8061: $? = 0
configure:8061: result: yes
configure:8061: checking for unistd.h
configure:8061: /usr/bin/gcc -c -O2 -I/usr/src/output/host/include -I/usr/src/output/host/include conftest.c >&5
configure:8061: $? = 0
configure:8061: result: yes
configure:8075: checking for dlfcn.h
configure:8075: /usr/bin/gcc -c -O2 -I/usr/src/output/host/include -I/usr/src/output/host/include conftest.c >&5
configure:8075: $? = 0
configure:8075: result: yes
configure:8629: checking for objdir
configure:8644: result: .libs
configure:8908: checking if /usr/bin/gcc supports -fno-rtti -fno-exceptions
configure:8926: /usr/bin/gcc -c -O2 -I/usr/src/output/host/include -I/usr/src/output/host/include -fno-rtti -fno-exceptions conftest.c >&5
cc1: warning: command line option '-fno-rtti' is valid for C++/ObjC++ but not for C
configure:8930: $? = 0
configure:8943: result: no
configure:9301: checking for /usr/bin/gcc option to produce PIC
configure:9308: result: -fPIC -DPIC
configure:9316: checking if /usr/bin/gcc PIC flag -fPIC -DPIC works
configure:9334: /usr/bin/gcc -c -O2 -I/usr/src/output/host/include -I/usr/src/output/host/include -fPIC -DPIC -DPIC conftest.c >&5
configure:9338: $? = 0
configure:9351: result: yes
configure:9380: checking if /usr/bin/gcc static flag -static works
configure:9408: result: yes
configure:9423: checking if /usr/bin/gcc supports -c -o file.o
configure:9444: /usr/bin/gcc -c -O2 -I/usr/src/output/host/include -I/usr/src/output/host/include -o out/conftest2.o conftest.c >&5
configure:9448: $? = 0
configure:9470: result: yes
configure:9478: checking if /usr/bin/gcc supports -c -o file.o
configure:9525: result: yes
configure:9558: checking whether the /usr/bin/gcc linker (/usr/bin/ld -m elf_x86_64) supports shared libraries
configure:10821: result: yes
configure:10858: checking whether -lc should be explicitly linked in
configure:10866: /usr/bin/gcc -c -O2 -I/usr/src/output/host/include -I/usr/src/output/host/include conftest.c >&5
configure:10869: $? = 0
configure:10884: /usr/bin/gcc -shared  -fPIC -DPIC conftest.o  -v -Wl,-soname -Wl,conftest -o conftest 2\>\&1 \| /bin/grep  -lc  \>/dev/null 2\>\&1
configure:10887: $? = 0
configure:10901: result: no
configure:11061: checking dynamic linker characteristics
configure:11642: /usr/bin/gcc -o conftest -O2 -I/usr/src/output/host/include -I/usr/src/output/host/include -L/usr/src/output/host/lib -Wl,-rpath,/usr/src/output/host/lib -Wl,-rpath -Wl,/foo conftest.c  >&5
configure:11642: $? = 0
configure:11891: result: GNU/Linux ld.so
configure:12013: checking how to hardcode library paths into programs
configure:12038: result: immediate
configure:12586: checking whether stripping libraries is possible
configure:12591: result: yes
configure:12626: checking if libtool supports shared libraries
configure:12628: result: yes
configure:12631: checking whether to build shared libraries
configure:12656: result: yes
configure:12659: checking whether to build static libraries
configure:12663: result: no
configure:12724: checking whether NLS is requested
configure:12733: result: yes
configure:12773: checking for msgfmt
configure: trying /usr/src/output/host/bin/msgfmt...
0 translated messages.
configure:12805: result: /usr/src/output/host/bin/msgfmt
configure:12814: checking for gmsgfmt
configure:12845: result: /usr/src/output/host/bin/msgfmt
configure:12895: checking for xgettext
configure: trying /usr/src/output/host/bin/xgettext...
/usr/src/output/host/bin/xgettext: warning: file '/dev/null' extension '' is unknown; will try C
configure:12927: result: /usr/src/output/host/bin/xgettext
configure:12972: checking for msgmerge
configure: trying /usr/src/output/host/bin/msgmerge...
configure:13003: result: /usr/src/output/host/bin/msgmerge
configure:13061: checking for ld used by /usr/bin/gcc
configure:13128: result: /usr/bin/ld -m elf_x86_64
configure:13135: checking if the linker (/usr/bin/ld -m elf_x86_64) is GNU ld
configure:13150: result: yes
configure:13157: checking for shared library run path origin
configure:13170: result: done
configure:13742: checking for CFPreferencesCopyAppValue
configure:13760: /usr/bin/gcc -o conftest -O2 -I/usr/src/output/host/include -I/usr/src/output/host/include -L/usr/src/output/host/lib -Wl,-rpath,/usr/src/output/host/lib conftest.c  -Wl,-framework -Wl,CoreFoundation >&5
conftest.c:23:42: fatal error: CoreFoundation/CFPreferences.h: No such file or directory
 #include <CoreFoundation/CFPreferences.h>
                                          ^
compilation terminated.
configure:13760: $? = 1
configure: failed program was:
| /* confdefs.h */
| #define PACKAGE_NAME "libConfuse"
| #define PACKAGE_TARNAME "confuse"
| #define PACKAGE_VERSION "3.2"
| #define PACKAGE_STRING "libConfuse 3.2"
| #define PACKAGE_BUGREPORT "https://github.com/martinh/libconfuse/issues"
| #define PACKAGE_URL ""
| #define PACKAGE "confuse"
| #define VERSION "3.2"
| #define STDC_HEADERS 1
| #define HAVE_SYS_TYPES_H 1
| #define HAVE_SYS_STAT_H 1
| #define HAVE_STDLIB_H 1
| #define HAVE_STRING_H 1
| #define HAVE_MEMORY_H 1
| #define HAVE_STRINGS_H 1
| #define HAVE_INTTYPES_H 1
| #define HAVE_STDINT_H 1
| #define HAVE_UNISTD_H 1
| #define HAVE_DLFCN_H 1
| #define LT_OBJDIR ".libs/"
| /* end confdefs.h.  */
| #include <CoreFoundation/CFPreferences.h>
| int
| main ()
| {
| CFPreferencesCopyAppValue(NULL, NULL)
|   ;
|   return 0;
| }
configure:13769: result: no
configure:13776: checking for CFLocaleCopyCurrent
configure:13794: /usr/bin/gcc -o conftest -O2 -I/usr/src/output/host/include -I/usr/src/output/host/include -L/usr/src/output/host/lib -Wl,-rpath,/usr/src/output/host/lib conftest.c  -Wl,-framework -Wl,CoreFoundation >&5
conftest.c:23:37: fatal error: CoreFoundation/CFLocale.h: No such file or directory
 #include <CoreFoundation/CFLocale.h>
                                     ^
compilation terminated.
configure:13794: $? = 1
configure: failed program was:
| /* confdefs.h */
| #define PACKAGE_NAME "libConfuse"
| #define PACKAGE_TARNAME "confuse"
| #define PACKAGE_VERSION "3.2"
| #define PACKAGE_STRING "libConfuse 3.2"
| #define PACKAGE_BUGREPORT "https://github.com/martinh/libconfuse/issues"
| #define PACKAGE_URL ""
| #define PACKAGE "confuse"
| #define VERSION "3.2"
| #define STDC_HEADERS 1
| #define HAVE_SYS_TYPES_H 1
| #define HAVE_SYS_STAT_H 1
| #define HAVE_STDLIB_H 1
| #define HAVE_STRING_H 1
| #define HAVE_MEMORY_H 1
| #define HAVE_STRINGS_H 1
| #define HAVE_INTTYPES_H 1
| #define HAVE_STDINT_H 1
| #define HAVE_UNISTD_H 1
| #define HAVE_DLFCN_H 1
| #define LT_OBJDIR ".libs/"
| /* end confdefs.h.  */
| #include <CoreFoundation/CFLocale.h>
| int
| main ()
| {
| CFLocaleCopyCurrent();
|   ;
|   return 0;
| }
configure:13803: result: no
configure:13852: checking for GNU gettext in libc
configure:13876: /usr/bin/gcc -o conftest -O2 -I/usr/src/output/host/include -I/usr/src/output/host/include -L/usr/src/output/host/lib -Wl,-rpath,/usr/src/output/host/lib conftest.c  >&5
configure:13876: $? = 0
configure:13885: result: yes
configure:14713: checking whether to use NLS
configure:14715: result: yes
configure:14718: checking where the gettext function comes from
configure:14729: result: libc
configure:14789: checking for ANSI C header files
configure:14893: result: yes
configure:14904: checking for unistd.h
configure:14904: result: yes
configure:14904: checking for string.h
configure:14904: result: yes
configure:14904: checking for strings.h
configure:14904: result: yes
configure:14904: checking for sys/stat.h
configure:14904: result: yes
configure:14904: checking windows.h usability
configure:14904: /usr/bin/gcc -c -O2 -I/usr/src/output/host/include -I/usr/src/output/host/include conftest.c >&5
conftest.c:64:21: fatal error: windows.h: No such file or directory
 #include <windows.h>
                     ^
compilation terminated.
configure:14904: $? = 1
configure: failed program was:
| /* confdefs.h */
| #define PACKAGE_NAME "libConfuse"
| #define PACKAGE_TARNAME "confuse"
| #define PACKAGE_VERSION "3.2"
| #define PACKAGE_STRING "libConfuse 3.2"
| #define PACKAGE_BUGREPORT "https://github.com/martinh/libconfuse/issues"
| #define PACKAGE_URL ""
| #define PACKAGE "confuse"
| #define VERSION "3.2"
| #define STDC_HEADERS 1
| #define HAVE_SYS_TYPES_H 1
| #define HAVE_SYS_STAT_H 1
| #define HAVE_STDLIB_H 1
| #define HAVE_STRING_H 1
| #define HAVE_MEMORY_H 1
| #define HAVE_STRINGS_H 1
| #define HAVE_INTTYPES_H 1
| #define HAVE_STDINT_H 1
| #define HAVE_UNISTD_H 1
| #define HAVE_DLFCN_H 1
| #define LT_OBJDIR ".libs/"
| #define ENABLE_NLS 1
| #define HAVE_GETTEXT 1
| #define HAVE_DCGETTEXT 1
| #define STDC_HEADERS 1
| #define HAVE_UNISTD_H 1
| #define HAVE_STRING_H 1
| #define HAVE_STRINGS_H 1
| #define HAVE_SYS_STAT_H 1
| /* end confdefs.h.  */
| #include <stdio.h>
| #ifdef HAVE_SYS_TYPES_H
| # include <sys/types.h>
| #endif
| #ifdef HAVE_SYS_STAT_H
| # include <sys/stat.h>
| #endif
| #ifdef STDC_HEADERS
| # include <stdlib.h>
| # include <stddef.h>
| #else
| # ifdef HAVE_STDLIB_H
| #  include <stdlib.h>
| # endif
| #endif
| #ifdef HAVE_STRING_H
| # if !defined STDC_HEADERS && defined HAVE_MEMORY_H
| #  include <memory.h>
| # endif
| # include <string.h>
| #endif
| #ifdef HAVE_STRINGS_H
| # include <strings.h>
| #endif
| #ifdef HAVE_INTTYPES_H
| # include <inttypes.h>
| #endif
| #ifdef HAVE_STDINT_H
| # include <stdint.h>
| #endif
| #ifdef HAVE_UNISTD_H
| # include <unistd.h>
| #endif
| #include <windows.h>
configure:14904: result: no
configure:14904: checking windows.h presence
configure:14904: /usr/bin/cpp -I/usr/src/output/host/include conftest.c
conftest.c:31:21: fatal error: windows.h: No such file or directory
 #include <windows.h>
                     ^
compilation terminated.
configure:14904: $? = 1
configure: failed program was:
| /* confdefs.h */
| #define PACKAGE_NAME "libConfuse"
| #define PACKAGE_TARNAME "confuse"
| #define PACKAGE_VERSION "3.2"
| #define PACKAGE_STRING "libConfuse 3.2"
| #define PACKAGE_BUGREPORT "https://github.com/martinh/libconfuse/issues"
| #define PACKAGE_URL ""
| #define PACKAGE "confuse"
| #define VERSION "3.2"
| #define STDC_HEADERS 1
| #define HAVE_SYS_TYPES_H 1
| #define HAVE_SYS_STAT_H 1
| #define HAVE_STDLIB_H 1
| #define HAVE_STRING_H 1
| #define HAVE_MEMORY_H 1
| #define HAVE_STRINGS_H 1
| #define HAVE_INTTYPES_H 1
| #define HAVE_STDINT_H 1
| #define HAVE_UNISTD_H 1
| #define HAVE_DLFCN_H 1
| #define LT_OBJDIR ".libs/"
| #define ENABLE_NLS 1
| #define HAVE_GETTEXT 1
| #define HAVE_DCGETTEXT 1
| #define STDC_HEADERS 1
| #define HAVE_UNISTD_H 1
| #define HAVE_STRING_H 1
| #define HAVE_STRINGS_H 1
| #define HAVE_SYS_STAT_H 1
| /* end confdefs.h.  */
| #include <windows.h>
configure:14904: result: no
configure:14904: checking for windows.h
configure:14904: result: no
configure:14916: checking for an ANSI C-conforming const
configure:14982: /usr/bin/gcc -c -O2 -I/usr/src/output/host/include -I/usr/src/output/host/include conftest.c >&5
configure:14982: $? = 0
configure:14989: result: yes
configure:15002: checking for fmemopen
configure:15002: /usr/bin/gcc -o conftest -O2 -I/usr/src/output/host/include -I/usr/src/output/host/include -L/usr/src/output/host/lib -Wl,-rpath,/usr/src/output/host/lib conftest.c  >&5
configure:15002: $? = 0
configure:15002: result: yes
configure:15002: checking for funopen
configure:15002: /usr/bin/gcc -o conftest -O2 -I/usr/src/output/host/include -I/usr/src/output/host/include -L/usr/src/output/host/lib -Wl,-rpath,/usr/src/output/host/lib conftest.c  >&5
/tmp/ccat2wJJ.o: In function `main':
conftest.c:(.text.startup+0x7): undefined reference to `funopen'
collect2: error: ld returned 1 exit status
configure:15002: $? = 1
configure: failed program was:
| /* confdefs.h */
| #define PACKAGE_NAME "libConfuse"
| #define PACKAGE_TARNAME "confuse"
| #define PACKAGE_VERSION "3.2"
| #define PACKAGE_STRING "libConfuse 3.2"
| #define PACKAGE_BUGREPORT "https://github.com/martinh/libconfuse/issues"
| #define PACKAGE_URL ""
| #define PACKAGE "confuse"
| #define VERSION "3.2"
| #define STDC_HEADERS 1
| #define HAVE_SYS_TYPES_H 1
| #define HAVE_SYS_STAT_H 1
| #define HAVE_STDLIB_H 1
| #define HAVE_STRING_H 1
| #define HAVE_MEMORY_H 1
| #define HAVE_STRINGS_H 1
| #define HAVE_INTTYPES_H 1
| #define HAVE_STDINT_H 1
| #define HAVE_UNISTD_H 1
| #define HAVE_DLFCN_H 1
| #define LT_OBJDIR ".libs/"
| #define ENABLE_NLS 1
| #define HAVE_GETTEXT 1
| #define HAVE_DCGETTEXT 1
| #define STDC_HEADERS 1
| #define HAVE_UNISTD_H 1
| #define HAVE_STRING_H 1
| #define HAVE_STRINGS_H 1
| #define HAVE_SYS_STAT_H 1
| #define HAVE_FMEMOPEN 1
| /* end confdefs.h.  */
| /* Define funopen to an innocuous variant, in case <limits.h> declares funopen.
|    For example, HP-UX 11i <limits.h> declares gettimeofday.  */
| #define funopen innocuous_funopen
| 
| /* System header to define __stub macros and hopefully few prototypes,
|     which can conflict with char funopen (); below.
|     Prefer <limits.h> to <assert.h> if __STDC__ is defined, since
|     <limits.h> exists even on freestanding compilers.  */
| 
| #ifdef __STDC__
| # include <limits.h>
| #else
| # include <assert.h>
| #endif
| 
| #undef funopen
| 
| /* Override any GCC internal prototype to avoid an error.
|    Use char because int might match the return type of a GCC
|    builtin and then its argument prototype would still apply.  */
| #ifdef __cplusplus
| extern "C"
| #endif
| char funopen ();
| /* The GNU C library defines this for functions which it implements
|     to always fail with ENOSYS.  Some functions are actually named
|     something starting with __ and the normal name is an alias.  */
| #if defined __stub_funopen || defined __stub___funopen
| choke me
| #endif
| 
| int
| main ()
| {
| return funopen ();
|   ;
|   return 0;
| }
configure:15002: result: no
configure:15002: checking for strcasecmp
configure:15002: /usr/bin/gcc -o conftest -O2 -I/usr/src/output/host/include -I/usr/src/output/host/include -L/usr/src/output/host/lib -Wl,-rpath,/usr/src/output/host/lib conftest.c  >&5
conftest.c:55:6: warning: conflicting types for built-in function 'strcasecmp'
 char strcasecmp ();
      ^~~~~~~~~~
configure:15002: $? = 0
configure:15002: result: yes
configure:15002: checking for strdup
configure:15002: /usr/bin/gcc -o conftest -O2 -I/usr/src/output/host/include -I/usr/src/output/host/include -L/usr/src/output/host/lib -Wl,-rpath,/usr/src/output/host/lib conftest.c  >&5
conftest.c:56:6: warning: conflicting types for built-in function 'strdup'
 char strdup ();
      ^~~~~~
configure:15002: $? = 0
configure:15002: result: yes
configure:15002: checking for strndup
configure:15002: /usr/bin/gcc -o conftest -O2 -I/usr/src/output/host/include -I/usr/src/output/host/include -L/usr/src/output/host/lib -Wl,-rpath,/usr/src/output/host/lib conftest.c  >&5
conftest.c:57:6: warning: conflicting types for built-in function 'strndup'
 char strndup ();
      ^~~~~~~
configure:15002: $? = 0
configure:15002: result: yes
configure:15002: checking for setenv
configure:15002: /usr/bin/gcc -o conftest -O2 -I/usr/src/output/host/include -I/usr/src/output/host/include -L/usr/src/output/host/lib -Wl,-rpath,/usr/src/output/host/lib conftest.c  >&5
configure:15002: $? = 0
configure:15002: result: yes
configure:15002: checking for unsetenv
configure:15002: /usr/bin/gcc -o conftest -O2 -I/usr/src/output/host/include -I/usr/src/output/host/include -L/usr/src/output/host/lib -Wl,-rpath,/usr/src/output/host/lib conftest.c  >&5
configure:15002: $? = 0
configure:15002: result: yes
configure:15002: checking for _putenv
configure:15002: /usr/bin/gcc -o conftest -O2 -I/usr/src/output/host/include -I/usr/src/output/host/include -L/usr/src/output/host/lib -Wl,-rpath,/usr/src/output/host/lib conftest.c  >&5
/tmp/ccgZ0Rfe.o: In function `main':
conftest.c:(.text.startup+0x7): undefined reference to `_putenv'
collect2: error: ld returned 1 exit status
configure:15002: $? = 1
configure: failed program was:
| /* confdefs.h */
| #define PACKAGE_NAME "libConfuse"
| #define PACKAGE_TARNAME "confuse"
| #define PACKAGE_VERSION "3.2"
| #define PACKAGE_STRING "libConfuse 3.2"
| #define PACKAGE_BUGREPORT "https://github.com/martinh/libconfuse/issues"
| #define PACKAGE_URL ""
| #define PACKAGE "confuse"
| #define VERSION "3.2"
| #define STDC_HEADERS 1
| #define HAVE_SYS_TYPES_H 1
| #define HAVE_SYS_STAT_H 1
| #define HAVE_STDLIB_H 1
| #define HAVE_STRING_H 1
| #define HAVE_MEMORY_H 1
| #define HAVE_STRINGS_H 1
| #define HAVE_INTTYPES_H 1
| #define HAVE_STDINT_H 1
| #define HAVE_UNISTD_H 1
| #define HAVE_DLFCN_H 1
| #define LT_OBJDIR ".libs/"
| #define ENABLE_NLS 1
| #define HAVE_GETTEXT 1
| #define HAVE_DCGETTEXT 1
| #define STDC_HEADERS 1
| #define HAVE_UNISTD_H 1
| #define HAVE_STRING_H 1
| #define HAVE_STRINGS_H 1
| #define HAVE_SYS_STAT_H 1
| #define HAVE_FMEMOPEN 1
| #define HAVE_STRCASECMP 1
| #define HAVE_STRDUP 1
| #define HAVE_STRNDUP 1
| #define HAVE_SETENV 1
| #define HAVE_UNSETENV 1
| /* end confdefs.h.  */
| /* Define _putenv to an innocuous variant, in case <limits.h> declares _putenv.
|    For example, HP-UX 11i <limits.h> declares gettimeofday.  */
| #define _putenv innocuous__putenv
| 
| /* System header to define __stub macros and hopefully few prototypes,
|     which can conflict with char _putenv (); below.
|     Prefer <limits.h> to <assert.h> if __STDC__ is defined, since
|     <limits.h> exists even on freestanding compilers.  */
| 
| #ifdef __STDC__
| # include <limits.h>
| #else
| # include <assert.h>
| #endif
| 
| #undef _putenv
| 
| /* Override any GCC internal prototype to avoid an error.
|    Use char because int might match the return type of a GCC
|    builtin and then its argument prototype would still apply.  */
| #ifdef __cplusplus
| extern "C"
| #endif
| char _putenv ();
| /* The GNU C library defines this for functions which it implements
|     to always fail with ENOSYS.  Some functions are actually named
|     something starting with __ and the normal name is an alias.  */
| #if defined __stub__putenv || defined __stub____putenv
| choke me
| #endif
| 
| int
| main ()
| {
| return _putenv ();
|   ;
|   return 0;
| }
configure:15002: result: no
configure:15145: checking that generated files are newer than configure
configure:15151: result: done
configure:15186: creating ./config.status

## ---------------------- ##
## Running config.status. ##
## ---------------------- ##

This file was extended by libConfuse config.status 3.2, which was
generated by GNU Autoconf 2.69.  Invocation command line was

  CONFIG_FILES    = 
  CONFIG_HEADERS  = 
  CONFIG_LINKS    = 
  CONFIG_COMMANDS = 
  $ ./config.status 

on c37c58f94407

config.status:1146: creating Makefile
config.status:1146: creating src/Makefile
config.status:1146: creating examples/Makefile
config.status:1146: creating po/Makefile.in
config.status:1146: creating m4/Makefile
config.status:1146: creating tests/Makefile
config.status:1146: creating doc/Makefile
config.status:1146: creating doc/Doxyfile
config.status:1146: creating libconfuse.pc
config.status:1146: creating libconfuse.spec
config.status:1146: creating config.h
config.status:1375: executing depfiles commands
config.status:1375: executing libtool commands
config.status:1375: executing po-directories commands
configure:17461: WARNING: unrecognized options: --disable-gtk-doc, --disable-gtk-doc-html, --disable-doc, --disable-docs, --disable-documentation, --disable-debug, --with-xmlto, --with-fop

## ---------------- ##
## Cache variables. ##
## ---------------- ##

ac_cv_build=x86_64-pc-linux-gnu
ac_cv_c_compiler_gnu=yes
ac_cv_c_const=yes
ac_cv_env_CC_set=set
ac_cv_env_CC_value=/usr/bin/gcc
ac_cv_env_CFLAGS_set=set
ac_cv_env_CFLAGS_value='-O2 -I/usr/src/output/host/include'
ac_cv_env_CPPFLAGS_set=set
ac_cv_env_CPPFLAGS_value=-I/usr/src/output/host/include
ac_cv_env_CPP_set=set
ac_cv_env_CPP_value=/usr/bin/cpp
ac_cv_env_LDFLAGS_set=set
ac_cv_env_LDFLAGS_value='-L/usr/src/output/host/lib -Wl,-rpath,/usr/src/output/host/lib'
ac_cv_env_LIBS_set=
ac_cv_env_LIBS_value=
ac_cv_env_LT_SYS_LIBRARY_PATH_set=
ac_cv_env_LT_SYS_LIBRARY_PATH_value=
ac_cv_env_build_alias_set=
ac_cv_env_build_alias_value=
ac_cv_env_host_alias_set=
ac_cv_env_host_alias_value=
ac_cv_env_target_alias_set=
ac_cv_env_target_alias_value=
ac_cv_func__putenv=no
ac_cv_func_fmemopen=yes
ac_cv_func_funopen=no
ac_cv_func_setenv=yes
ac_cv_func_strcasecmp=yes
ac_cv_func_strdup=yes
ac_cv_func_strndup=yes
ac_cv_func_unsetenv=yes
ac_cv_header_dlfcn_h=yes
ac_cv_header_inttypes_h=yes
ac_cv_header_memory_h=yes
ac_cv_header_stdc=yes
ac_cv_header_stdint_h=yes
ac_cv_header_stdlib_h=yes
ac_cv_header_string_h=yes
ac_cv_header_strings_h=yes
ac_cv_header_sys_stat_h=yes
ac_cv_header_sys_types_h=yes
ac_cv_header_unistd_h=yes
ac_cv_header_windows_h=no
ac_cv_host=x86_64-pc-linux-gnu
ac_cv_objext=o
ac_cv_path_EGREP='/bin/grep -E'
ac_cv_path_FGREP='/bin/grep -F'
ac_cv_path_GMSGFMT=/usr/src/output/host/bin/msgfmt
ac_cv_path_GREP=/bin/grep
ac_cv_path_MSGFMT=/usr/src/output/host/bin/msgfmt
ac_cv_path_MSGMERGE=/usr/src/output/host/bin/msgmerge
ac_cv_path_SED=/bin/sed
ac_cv_path_XGETTEXT=/usr/src/output/host/bin/xgettext
ac_cv_path_install='/usr/bin/install -c'
ac_cv_path_lt_DD=/bin/dd
ac_cv_path_mkdir=/bin/mkdir
ac_cv_prog_AWK=mawk
ac_cv_prog_CPP=/usr/bin/cpp
ac_cv_prog_ac_ct_CC=/usr/bin/gcc
ac_cv_prog_ac_ct_MANIFEST_TOOL=mt
ac_cv_prog_ac_ct_OBJDUMP=objdump
ac_cv_prog_ac_ct_RANLIB=/usr/bin/ranlib
ac_cv_prog_ac_ct_STRIP=strip
ac_cv_prog_cc_c89=
ac_cv_prog_cc_g=yes
ac_cv_prog_make_make_set=yes
acl_cv_hardcode_direct=no
acl_cv_hardcode_libdir_flag_spec='${wl}-rpath ${wl}$libdir'
acl_cv_hardcode_libdir_separator=
acl_cv_hardcode_minus_L=no
acl_cv_libext=a
acl_cv_libname_spec='lib$name'
acl_cv_library_names_spec='$libname$shrext'
acl_cv_path_LD='/usr/bin/ld -m elf_x86_64'
acl_cv_prog_gnu_ld=yes
acl_cv_rpath=done
acl_cv_shlibext=so
acl_cv_wl=-Wl,
am_cv_CC_dependencies_compiler_type=none
am_cv_ar_interface=ar
am_cv_make_support_nested_variables=yes
am_cv_prog_cc_c_o=yes
gt_cv_func_CFLocaleCopyCurrent=no
gt_cv_func_CFPreferencesCopyAppValue=no
gt_cv_func_gnugettext1_libc=yes
lt_cv_ar_at_file=@
lt_cv_archive_cmds_need_lc=no
lt_cv_deplibs_check_method=pass_all
lt_cv_file_magic_cmd='$MAGIC_CMD'
lt_cv_file_magic_test_file=
lt_cv_ld_reload_flag=-r
lt_cv_nm_interface='BSD nm'
lt_cv_objdir=.libs
lt_cv_path_LD=/usr/bin/ld
lt_cv_path_NM=/usr/bin/nm
lt_cv_path_mainfest_tool=no
lt_cv_prog_compiler_c_o=yes
lt_cv_prog_compiler_pic='-fPIC -DPIC'
lt_cv_prog_compiler_pic_works=yes
lt_cv_prog_compiler_rtti_exceptions=no
lt_cv_prog_compiler_static_works=yes
lt_cv_prog_gnu_ld=yes
lt_cv_sharedlib_from_linklib_cmd='printf %s\n'
lt_cv_shlibpath_overrides_runpath=yes
lt_cv_sys_global_symbol_pipe='sed -n -e '\''s/^.*[	 ]\([ABCDGIRSTW][ABCDGIRSTW]*\)[	 ][	 ]*\([_A-Za-z][_A-Za-z0-9]*\)$/\1 \2 \2/p'\'' | sed '\''/ __gnu_lto/d'\'''
lt_cv_sys_global_symbol_to_c_name_address='sed -n -e '\''s/^: \(.*\) .*$/  {"\1", (void *) 0},/p'\'' -e '\''s/^[ABCDGIRSTW][ABCDGIRSTW]* .* \(.*\)$/  {"\1", (void *) \&\1},/p'\'''
lt_cv_sys_global_symbol_to_c_name_address_lib_prefix='sed -n -e '\''s/^: \(.*\) .*$/  {"\1", (void *) 0},/p'\'' -e '\''s/^[ABCDGIRSTW][ABCDGIRSTW]* .* \(lib.*\)$/  {"\1", (void *) \&\1},/p'\'' -e '\''s/^[ABCDGIRSTW][ABCDGIRSTW]* .* \(.*\)$/  {"lib\1", (void *) \&\1},/p'\'''
lt_cv_sys_global_symbol_to_cdecl='sed -n -e '\''s/^T .* \(.*\)$/extern int \1();/p'\'' -e '\''s/^[ABCDGIRSTW][ABCDGIRSTW]* .* \(.*\)$/extern char \1;/p'\'''
lt_cv_sys_global_symbol_to_import=
lt_cv_sys_max_cmd_len=1572864
lt_cv_to_host_file_cmd=func_convert_file_noop
lt_cv_to_tool_file_cmd=func_convert_file_noop
lt_cv_truncate_bin='/bin/dd bs=4096 count=1'

## ----------------- ##
## Output variables. ##
## ----------------- ##

ACLOCAL='${SHELL} /usr/src/output/build/host-libconfuse-3.2/support/missing aclocal-1.15'
AMDEPBACKSLASH=''
AMDEP_FALSE=''
AMDEP_TRUE='#'
AMTAR='$${TAR-tar}'
AM_BACKSLASH='\'
AM_DEFAULT_V='$(AM_DEFAULT_VERBOSITY)'
AM_DEFAULT_VERBOSITY='1'
AM_V='$(V)'
AR='/usr/bin/ar'
AS='/usr/bin/as'
AUTOCONF='${SHELL} /usr/src/output/build/host-libconfuse-3.2/support/missing autoconf'
AUTOHEADER='${SHELL} /usr/src/output/build/host-libconfuse-3.2/support/missing autoheader'
AUTOMAKE='${SHELL} /usr/src/output/build/host-libconfuse-3.2/support/missing automake-1.15'
AWK='mawk'
CC='/usr/bin/gcc'
CCDEPMODE='depmode=none'
CFLAGS='-O2 -I/usr/src/output/host/include'
CPP='/usr/bin/cpp'
CPPFLAGS='-I/usr/src/output/host/include'
CYGPATH_W='echo'
DEFS='-DHAVE_CONFIG_H'
DEPDIR='.deps'
DLLTOOL='false'
DSYMUTIL=''
DUMPBIN=''
ECHO_C=''
ECHO_N='-n'
ECHO_T=''
EGREP='/bin/grep -E'
ENABLE_EXAMPLES_FALSE='#'
ENABLE_EXAMPLES_TRUE=''
EXEEXT=''
FGREP='/bin/grep -F'
GETTEXT_MACRO_VERSION='0.18'
GMSGFMT='/usr/src/output/host/bin/msgfmt'
GMSGFMT_015='/usr/src/output/host/bin/msgfmt'
GREP='/bin/grep'
INSTALL_DATA='${INSTALL} -m 644'
INSTALL_PROGRAM='${INSTALL}'
INSTALL_SCRIPT='${INSTALL}'
INSTALL_STRIP_PROGRAM='$(install_sh) -c -s'
INTLLIBS=''
INTL_MACOSX_LIBS=''
LD='/usr/bin/ld -m elf_x86_64'
LDFLAGS='-L/usr/src/output/host/lib -Wl,-rpath,/usr/src/output/host/lib'
LEX='${SHELL} /usr/src/output/build/host-libconfuse-3.2/support/missing flex'
LEXLIB=''
LEX_OUTPUT_ROOT=''
LIBICONV='-liconv'
LIBINTL=''
LIBOBJS=''
LIBS=''
LIBTOOL='$(SHELL) $(top_builddir)/libtool'
LIPO=''
LN_S='ln -s'
LTLIBICONV='-liconv'
LTLIBINTL=''
LTLIBOBJS=''
LT_SYS_LIBRARY_PATH=''
MAINT='#'
MAINTAINER_MODE_FALSE=''
MAINTAINER_MODE_TRUE='#'
MAKEINFO='${SHELL} /usr/src/output/build/host-libconfuse-3.2/support/missing makeinfo'
MANIFEST_TOOL=':'
MISSING_FMEMOPEN_FALSE=''
MISSING_FMEMOPEN_TRUE='#'
MKDIR_P='/bin/mkdir -p'
MSGFMT='/usr/src/output/host/bin/msgfmt'
MSGFMT_015='/usr/src/output/host/bin/msgfmt'
MSGMERGE='/usr/src/output/host/bin/msgmerge'
NM='/usr/bin/nm'
NMEDIT=''
OBJDUMP='objdump'
OBJEXT='o'
OTOOL64=''
OTOOL=''
PACKAGE='confuse'
PACKAGE_BUGREPORT='https://github.com/martinh/libconfuse/issues'
PACKAGE_NAME='libConfuse'
PACKAGE_STRING='libConfuse 3.2'
PACKAGE_TARNAME='confuse'
PACKAGE_URL=''
PACKAGE_VERSION='3.2'
PATH_SEPARATOR=':'
POSUB='po'
RANLIB='/usr/bin/ranlib'
SED='/bin/sed'
SET_MAKE=''
SHELL='/bin/bash'
STRIP='strip'
USE_NLS='yes'
VERSION='3.2'
WINDOWS_BUILD_FALSE=''
WINDOWS_BUILD_TRUE='#'
XGETTEXT='/usr/src/output/host/bin/xgettext'
XGETTEXT_015='/usr/src/output/host/bin/xgettext'
XGETTEXT_EXTRA_OPTIONS=''
ac_ct_AR=''
ac_ct_CC='/usr/bin/gcc'
ac_ct_DUMPBIN=''
am__EXEEXT_FALSE=''
am__EXEEXT_TRUE='#'
am__fastdepCC_FALSE=''
am__fastdepCC_TRUE='#'
am__include='include'
am__isrc=''
am__leading_dot='.'
am__nodep=''
am__quote=''
am__tar='$${TAR-tar} chof - "$$tardir"'
am__untar='$${TAR-tar} xf -'
bindir='${exec_prefix}/bin'
build='x86_64-pc-linux-gnu'
build_alias=''
build_cpu='x86_64'
build_os='linux-gnu'
build_vendor='pc'
datadir='${datarootdir}'
datarootdir='${prefix}/share'
docdir='${datarootdir}/doc/${PACKAGE_TARNAME}'
dvidir='${docdir}'
exec_prefix='${prefix}'
host='x86_64-pc-linux-gnu'
host_alias=''
host_cpu='x86_64'
host_os='linux-gnu'
host_vendor='pc'
htmldir='${docdir}'
includedir='${prefix}/include'
infodir='${datarootdir}/info'
install_sh='${SHELL} /usr/src/output/build/host-libconfuse-3.2/support/install-sh'
libdir='${exec_prefix}/lib'
libexecdir='${exec_prefix}/libexec'
localedir='${datarootdir}/locale'
localstatedir='/usr/src/output/host/var'
mandir='${datarootdir}/man'
mkdir_p='$(MKDIR_P)'
oldincludedir='/usr/include'
pdfdir='${docdir}'
prefix='/usr/src/output/host'
program_transform_name='s,x,x,'
psdir='${docdir}'
runstatedir='${localstatedir}/run'
sbindir='${exec_prefix}/sbin'
sharedstatedir='${prefix}/com'
sysconfdir='/usr/src/output/host/etc'
target_alias=''

## ----------- ##
## confdefs.h. ##
## ----------- ##

/* confdefs.h */
#define PACKAGE_NAME "libConfuse"
#define PACKAGE_TARNAME "confuse"
#define PACKAGE_VERSION "3.2"
#define PACKAGE_STRING "libConfuse 3.2"
#define PACKAGE_BUGREPORT "https://github.com/martinh/libconfuse/issues"
#define PACKAGE_URL ""
#define PACKAGE "confuse"
#define VERSION "3.2"
#define STDC_HEADERS 1
#define HAVE_SYS_TYPES_H 1
#define HAVE_SYS_STAT_H 1
#define HAVE_STDLIB_H 1
#define HAVE_STRING_H 1
#define HAVE_MEMORY_H 1
#define HAVE_STRINGS_H 1
#define HAVE_INTTYPES_H 1
#define HAVE_STDINT_H 1
#define HAVE_UNISTD_H 1
#define HAVE_DLFCN_H 1
#define LT_OBJDIR ".libs/"
#define ENABLE_NLS 1
#define HAVE_GETTEXT 1
#define HAVE_DCGETTEXT 1
#define STDC_HEADERS 1
#define HAVE_UNISTD_H 1
#define HAVE_STRING_H 1
#define HAVE_STRINGS_H 1
#define HAVE_SYS_STAT_H 1
#define HAVE_FMEMOPEN 1
#define HAVE_STRCASECMP 1
#define HAVE_STRDUP 1
#define HAVE_STRNDUP 1
#define HAVE_SETENV 1
#define HAVE_UNSETENV 1

configure: exit 0
