This file contains any messages produced by compilers while
running configure, to aid debugging if configure makes a mistake.

It was created by cpplib configure  , which was
generated by GNU Autoconf 2.64.  Invocation command line was

  $ /usr/src/output/build/host-gcc-final-6.4.0/libcpp/configure --srcdir=../../libcpp --cache-file=./config.cache --prefix=/usr/src/output/host --sysconfdir=/usr/src/output/host/etc --enable-static --with-sysroot=/usr/src/output/host/arm-buildroot-linux-uclibcgnueabihf/sysroot --disable-__cxa_atexit --with-gnu-ld --disable-libssp --disable-multilib --with-gmp=/usr/src/output/host --with-mpc=/usr/src/output/host --with-mpfr=/usr/src/output/host --with-pkgversion=Buildroot 2018.02.1-gba7f6ed-dirty --with-bugurl=http://bugs.buildroot.net/ --disable-libquadmath --disable-libsanitizer --enable-tls --disable-libmudflap --enable-threads --without-isl --without-cloog --disable-decimal-float --with-abi=aapcs-linux --with-cpu=cortex-a7 --with-fpu=neon-vfpv4 --with-float=hard --with-mode=arm --with-build-time-tools=/usr/src/output/host/arm-buildroot-linux-uclibcgnueabihf/bin --enable-shared --disable-libgomp --enable-languages=c,c++,lto --program-transform-name=s&^&arm-buildroot-linux-uclibcgnueabihf-& --disable-option-checking --build=x86_64-pc-linux-gnu --host=x86_64-pc-linux-gnu --target=arm-buildroot-linux-uclibcgnueabihf

## --------- ##
## Platform. ##
## --------- ##

hostname = c37c58f94407
uname -m = x86_64
uname -r = 4.15.0-42-generic
uname -s = Linux
uname -v = #45~16.04.1-Ubuntu SMP Mon Nov 19 13:02:27 UTC 2018

/usr/bin/uname -p = unknown
/bin/uname -X     = unknown

/bin/arch              = unknown
/usr/bin/arch -k       = unknown
/usr/convex/getsysinfo = unknown
/usr/bin/hostinfo      = unknown
/bin/machine           = unknown
/usr/bin/oslevel       = unknown
/bin/universe          = unknown

PATH: /usr/src/output/host/bin
PATH: /usr/src/output/host/sbin
PATH: /usr/local/sbin
PATH: /usr/local/bin
PATH: /usr/sbin
PATH: /usr/bin
PATH: /sbin
PATH: /bin


## ----------- ##
## Core tests. ##
## ----------- ##

configure:2490: creating cache ./config.cache
configure:2595: checking build system type
configure:2609: result: x86_64-pc-linux-gnu
configure:2629: checking host system type
configure:2642: result: x86_64-pc-linux-gnu
configure:2662: checking target system type
configure:2675: result: arm-buildroot-linux-uclibcgnueabihf
configure:2704: checking whether /usr/bin/make sets $(MAKE)
configure:2726: result: yes
configure:2749: checking for a BSD-compatible install
configure:2817: result: /usr/bin/install -c
configure:2836: checking for x86_64-pc-linux-gnu-gcc
configure:2863: result: /usr/bin/gcc
configure:3132: checking for C compiler version
configure:3141: /usr/bin/gcc --version >&5
gcc (Debian 6.3.0-18+deb9u1) 6.3.0 20170516
Copyright (C) 2016 Free Software Foundation, Inc.
This is free software; see the source for copying conditions.  There is NO
warranty; not even for MERCHANTABILITY or FITNESS FOR A PARTICULAR PURPOSE.

configure:3152: $? = 0
configure:3141: /usr/bin/gcc -v >&5
Using built-in specs.
COLLECT_GCC=/usr/bin/gcc
COLLECT_LTO_WRAPPER=/usr/lib/gcc/x86_64-linux-gnu/6/lto-wrapper
Target: x86_64-linux-gnu
Configured with: ../src/configure -v --with-pkgversion='Debian 6.3.0-18+deb9u1' --with-bugurl=file:///usr/share/doc/gcc-6/README.Bugs --enable-languages=c,ada,c++,java,go,d,fortran,objc,obj-c++ --prefix=/usr --program-suffix=-6 --program-prefix=x86_64-linux-gnu- --enable-shared --enable-linker-build-id --libexecdir=/usr/lib --without-included-gettext --enable-threads=posix --libdir=/usr/lib --enable-nls --with-sysroot=/ --enable-clocale=gnu --enable-libstdcxx-debug --enable-libstdcxx-time=yes --with-default-libstdcxx-abi=new --enable-gnu-unique-object --disable-vtable-verify --enable-libmpx --enable-plugin --enable-default-pie --with-system-zlib --disable-browser-plugin --enable-java-awt=gtk --enable-gtk-cairo --with-java-home=/usr/lib/jvm/java-1.5.0-gcj-6-amd64/jre --enable-java-home --with-jvm-root-dir=/usr/lib/jvm/java-1.5.0-gcj-6-amd64 --with-jvm-jar-dir=/usr/lib/jvm-exports/java-1.5.0-gcj-6-amd64 --with-arch-directory=amd64 --with-ecj-jar=/usr/share/java/eclipse-ecj.jar --with-target-system-zlib --enable-objc-gc=auto --enable-multiarch --with-arch-32=i686 --with-abi=m64 --with-multilib-list=m32,m64,mx32 --enable-multilib --with-tune=generic --enable-checking=release --build=x86_64-linux-gnu --host=x86_64-linux-gnu --target=x86_64-linux-gnu
Thread model: posix
gcc version 6.3.0 20170516 (Debian 6.3.0-18+deb9u1) 
configure:3152: $? = 0
configure:3141: /usr/bin/gcc -V >&5
gcc: error: unrecognized command line option '-V'
gcc: fatal error: no input files
compilation terminated.
configure:3152: $? = 1
configure:3141: /usr/bin/gcc -qversion >&5
gcc: error: unrecognized command line option '-qversion'; did you mean '--version'?
gcc: fatal error: no input files
compilation terminated.
configure:3152: $? = 1
configure:3172: checking for C compiler default output file name
configure:3194: /usr/bin/gcc -O2 -I/usr/src/output/host/include  -static-libstdc++ -static-libgcc -L/usr/src/output/host/lib -Wl,-rpath,/usr/src/output/host/lib conftest.c  >&5
configure:3198: $? = 0
configure:3235: result: a.out
configure:3251: checking whether the C compiler works
configure:3260: ./a.out
configure:3264: $? = 0
configure:3279: result: yes
configure:3286: checking whether we are cross compiling
configure:3288: result: no
configure:3291: checking for suffix of executables
configure:3298: /usr/bin/gcc -o conftest -O2 -I/usr/src/output/host/include  -static-libstdc++ -static-libgcc -L/usr/src/output/host/lib -Wl,-rpath,/usr/src/output/host/lib conftest.c  >&5
configure:3302: $? = 0
configure:3324: result: 
configure:3330: checking for suffix of object files
configure:3352: /usr/bin/gcc -c -O2 -I/usr/src/output/host/include  conftest.c >&5
configure:3356: $? = 0
configure:3377: result: o
configure:3381: checking whether we are using the GNU C compiler
configure:3400: /usr/bin/gcc -c -O2 -I/usr/src/output/host/include  conftest.c >&5
configure:3400: $? = 0
configure:3409: result: yes
configure:3418: checking whether /usr/bin/gcc accepts -g
configure:3438: /usr/bin/gcc -c -g  conftest.c >&5
configure:3438: $? = 0
configure:3479: result: yes
configure:3496: checking for /usr/bin/gcc option to accept ISO C89
configure:3560: /usr/bin/gcc  -c -O2 -I/usr/src/output/host/include  conftest.c >&5
configure:3560: $? = 0
configure:3573: result: none needed
configure:3705: checking for C++ compiler version
configure:3714: /usr/bin/g++ --version >&5
g++ (Debian 6.3.0-18+deb9u1) 6.3.0 20170516
Copyright (C) 2016 Free Software Foundation, Inc.
This is free software; see the source for copying conditions.  There is NO
warranty; not even for MERCHANTABILITY or FITNESS FOR A PARTICULAR PURPOSE.

configure:3725: $? = 0
configure:3714: /usr/bin/g++ -v >&5
Using built-in specs.
COLLECT_GCC=/usr/bin/g++
COLLECT_LTO_WRAPPER=/usr/lib/gcc/x86_64-linux-gnu/6/lto-wrapper
Target: x86_64-linux-gnu
Configured with: ../src/configure -v --with-pkgversion='Debian 6.3.0-18+deb9u1' --with-bugurl=file:///usr/share/doc/gcc-6/README.Bugs --enable-languages=c,ada,c++,java,go,d,fortran,objc,obj-c++ --prefix=/usr --program-suffix=-6 --program-prefix=x86_64-linux-gnu- --enable-shared --enable-linker-build-id --libexecdir=/usr/lib --without-included-gettext --enable-threads=posix --libdir=/usr/lib --enable-nls --with-sysroot=/ --enable-clocale=gnu --enable-libstdcxx-debug --enable-libstdcxx-time=yes --with-default-libstdcxx-abi=new --enable-gnu-unique-object --disable-vtable-verify --enable-libmpx --enable-plugin --enable-default-pie --with-system-zlib --disable-browser-plugin --enable-java-awt=gtk --enable-gtk-cairo --with-java-home=/usr/lib/jvm/java-1.5.0-gcj-6-amd64/jre --enable-java-home --with-jvm-root-dir=/usr/lib/jvm/java-1.5.0-gcj-6-amd64 --with-jvm-jar-dir=/usr/lib/jvm-exports/java-1.5.0-gcj-6-amd64 --with-arch-directory=amd64 --with-ecj-jar=/usr/share/java/eclipse-ecj.jar --with-target-system-zlib --enable-objc-gc=auto --enable-multiarch --with-arch-32=i686 --with-abi=m64 --with-multilib-list=m32,m64,mx32 --enable-multilib --with-tune=generic --enable-checking=release --build=x86_64-linux-gnu --host=x86_64-linux-gnu --target=x86_64-linux-gnu
Thread model: posix
gcc version 6.3.0 20170516 (Debian 6.3.0-18+deb9u1) 
configure:3725: $? = 0
configure:3714: /usr/bin/g++ -V >&5
g++: error: unrecognized command line option '-V'
g++: fatal error: no input files
compilation terminated.
configure:3725: $? = 1
configure:3714: /usr/bin/g++ -qversion >&5
g++: error: unrecognized command line option '-qversion'; did you mean '--version'?
g++: fatal error: no input files
compilation terminated.
configure:3725: $? = 1
configure:3729: checking whether we are using the GNU C++ compiler
configure:3748: /usr/bin/g++ -c -O2 -I/usr/src/output/host/include  conftest.cpp >&5
configure:3748: $? = 0
configure:3757: result: yes
configure:3766: checking whether /usr/bin/g++ accepts -g
configure:3786: /usr/bin/g++ -c -g  conftest.cpp >&5
configure:3786: $? = 0
configure:3827: result: yes
configure:3853: checking for x86_64-pc-linux-gnu-ranlib
configure:3880: result: /usr/bin/ranlib
configure:3949: checking how to run the C preprocessor
configure:3980: /usr/bin/gcc -E  conftest.c
configure:3980: $? = 0
configure:3994: /usr/bin/gcc -E  conftest.c
conftest.c:9:28: fatal error: ac_nonexistent.h: No such file or directory
 #include <ac_nonexistent.h>
                            ^
compilation terminated.
configure:3994: $? = 1
configure: failed program was:
| /* confdefs.h */
| #define PACKAGE_NAME "cpplib"
| #define PACKAGE_TARNAME "cpplib"
| #define PACKAGE_VERSION " "
| #define PACKAGE_STRING "cpplib  "
| #define PACKAGE_BUGREPORT "gcc-bugs@gcc.gnu.org"
| #define PACKAGE_URL ""
| /* end confdefs.h.  */
| #include <ac_nonexistent.h>
configure:4019: result: /usr/bin/gcc -E
configure:4039: /usr/bin/gcc -E  conftest.c
configure:4039: $? = 0
configure:4053: /usr/bin/gcc -E  conftest.c
conftest.c:9:28: fatal error: ac_nonexistent.h: No such file or directory
 #include <ac_nonexistent.h>
                            ^
compilation terminated.
configure:4053: $? = 1
configure: failed program was:
| /* confdefs.h */
| #define PACKAGE_NAME "cpplib"
| #define PACKAGE_TARNAME "cpplib"
| #define PACKAGE_VERSION " "
| #define PACKAGE_STRING "cpplib  "
| #define PACKAGE_BUGREPORT "gcc-bugs@gcc.gnu.org"
| #define PACKAGE_URL ""
| /* end confdefs.h.  */
| #include <ac_nonexistent.h>
configure:4082: checking for grep that handles long lines and -e
configure:4140: result: /bin/grep
configure:4145: checking for egrep
configure:4207: result: /bin/grep -E
configure:4212: checking for ANSI C header files
configure:4232: /usr/bin/gcc -c -O2 -I/usr/src/output/host/include  conftest.c >&5
configure:4232: $? = 0
configure:4305: /usr/bin/gcc -o conftest -O2 -I/usr/src/output/host/include  -static-libstdc++ -static-libgcc -L/usr/src/output/host/lib -Wl,-rpath,/usr/src/output/host/lib conftest.c  >&5
configure:4305: $? = 0
configure:4305: ./conftest
configure:4305: $? = 0
configure:4316: result: yes
configure:4329: checking for sys/types.h
configure:4329: /usr/bin/gcc -c -O2 -I/usr/src/output/host/include  conftest.c >&5
configure:4329: $? = 0
configure:4329: result: yes
configure:4329: checking for sys/stat.h
configure:4329: /usr/bin/gcc -c -O2 -I/usr/src/output/host/include  conftest.c >&5
configure:4329: $? = 0
configure:4329: result: yes
configure:4329: checking for stdlib.h
configure:4329: /usr/bin/gcc -c -O2 -I/usr/src/output/host/include  conftest.c >&5
configure:4329: $? = 0
configure:4329: result: yes
configure:4329: checking for string.h
configure:4329: /usr/bin/gcc -c -O2 -I/usr/src/output/host/include  conftest.c >&5
configure:4329: $? = 0
configure:4329: result: yes
configure:4329: checking for memory.h
configure:4329: /usr/bin/gcc -c -O2 -I/usr/src/output/host/include  conftest.c >&5
configure:4329: $? = 0
configure:4329: result: yes
configure:4329: checking for strings.h
configure:4329: /usr/bin/gcc -c -O2 -I/usr/src/output/host/include  conftest.c >&5
configure:4329: $? = 0
configure:4329: result: yes
configure:4329: checking for inttypes.h
configure:4329: /usr/bin/gcc -c -O2 -I/usr/src/output/host/include  conftest.c >&5
configure:4329: $? = 0
configure:4329: result: yes
configure:4329: checking for stdint.h
configure:4329: /usr/bin/gcc -c -O2 -I/usr/src/output/host/include  conftest.c >&5
configure:4329: $? = 0
configure:4329: result: yes
configure:4329: checking for unistd.h
configure:4329: /usr/bin/gcc -c -O2 -I/usr/src/output/host/include  conftest.c >&5
configure:4329: $? = 0
configure:4329: result: yes
configure:4343: checking minix/config.h usability
configure:4343: /usr/bin/gcc -c -O2 -I/usr/src/output/host/include  conftest.c >&5
conftest.c:52:26: fatal error: minix/config.h: No such file or directory
 #include <minix/config.h>
                          ^
compilation terminated.
configure:4343: $? = 1
configure: failed program was:
| /* confdefs.h */
| #define PACKAGE_NAME "cpplib"
| #define PACKAGE_TARNAME "cpplib"
| #define PACKAGE_VERSION " "
| #define PACKAGE_STRING "cpplib  "
| #define PACKAGE_BUGREPORT "gcc-bugs@gcc.gnu.org"
| #define PACKAGE_URL ""
| #define STDC_HEADERS 1
| #define HAVE_SYS_TYPES_H 1
| #define HAVE_SYS_STAT_H 1
| #define HAVE_STDLIB_H 1
| #define HAVE_STRING_H 1
| #define HAVE_MEMORY_H 1
| #define HAVE_STRINGS_H 1
| #define HAVE_INTTYPES_H 1
| #define HAVE_STDINT_H 1
| #define HAVE_UNISTD_H 1
| /* end confdefs.h.  */
| #include <stdio.h>
| #ifdef HAVE_SYS_TYPES_H
| # include <sys/types.h>
| #endif
| #ifdef HAVE_SYS_STAT_H
| # include <sys/stat.h>
| #endif
| #ifdef STDC_HEADERS
| # include <stdlib.h>
| # include <stddef.h>
| #else
| # ifdef HAVE_STDLIB_H
| #  include <stdlib.h>
| # endif
| #endif
| #ifdef HAVE_STRING_H
| # if !defined STDC_HEADERS && defined HAVE_MEMORY_H
| #  include <memory.h>
| # endif
| # include <string.h>
| #endif
| #ifdef HAVE_STRINGS_H
| # include <strings.h>
| #endif
| #ifdef HAVE_INTTYPES_H
| # include <inttypes.h>
| #endif
| #ifdef HAVE_STDINT_H
| # include <stdint.h>
| #endif
| #ifdef HAVE_UNISTD_H
| # include <unistd.h>
| #endif
| #include <minix/config.h>
configure:4343: result: no
configure:4343: checking minix/config.h presence
configure:4343: /usr/bin/gcc -E  conftest.c
conftest.c:19:26: fatal error: minix/config.h: No such file or directory
 #include <minix/config.h>
                          ^
compilation terminated.
configure:4343: $? = 1
configure: failed program was:
| /* confdefs.h */
| #define PACKAGE_NAME "cpplib"
| #define PACKAGE_TARNAME "cpplib"
| #define PACKAGE_VERSION " "
| #define PACKAGE_STRING "cpplib  "
| #define PACKAGE_BUGREPORT "gcc-bugs@gcc.gnu.org"
| #define PACKAGE_URL ""
| #define STDC_HEADERS 1
| #define HAVE_SYS_TYPES_H 1
| #define HAVE_SYS_STAT_H 1
| #define HAVE_STDLIB_H 1
| #define HAVE_STRING_H 1
| #define HAVE_MEMORY_H 1
| #define HAVE_STRINGS_H 1
| #define HAVE_INTTYPES_H 1
| #define HAVE_STDINT_H 1
| #define HAVE_UNISTD_H 1
| /* end confdefs.h.  */
| #include <minix/config.h>
configure:4343: result: no
configure:4343: checking for minix/config.h
configure:4343: result: no
configure:4364: checking whether it is safe to define __EXTENSIONS__
configure:4382: /usr/bin/gcc -c -O2 -I/usr/src/output/host/include  conftest.c >&5
configure:4382: $? = 0
configure:4389: result: yes
configure:4410: checking for special C compiler options needed for large files
configure:4455: result: no
configure:4461: checking for _FILE_OFFSET_BITS value needed for large files
configure:4486: /usr/bin/gcc -c -O2 -I/usr/src/output/host/include  conftest.c >&5
configure:4486: $? = 0
configure:4518: result: no
configure:4607: checking for aclocal
configure:4637: result: no
configure:4650: checking for autoconf
configure:4680: result: no
configure:4693: checking for autoheader
configure:4723: result: no
configure:4754: checking whether /usr/bin/gcc supports -W
configure:4771: /usr/bin/gcc -c -W  conftest.c >&5
configure:4771: $? = 0
configure:4780: result: yes
configure:4754: checking whether /usr/bin/gcc supports -Wall
configure:4771: /usr/bin/gcc -c -Wall  conftest.c >&5
configure:4771: $? = 0
configure:4780: result: yes
configure:4754: checking whether /usr/bin/gcc supports -Wnarrowing
configure:4771: /usr/bin/gcc -c -Wnarrowing  conftest.c >&5
configure:4771: $? = 0
configure:4780: result: yes
configure:4754: checking whether /usr/bin/gcc supports -Wwrite-strings
configure:4771: /usr/bin/gcc -c -Wwrite-strings  conftest.c >&5
configure:4771: $? = 0
configure:4780: result: yes
configure:4754: checking whether /usr/bin/gcc supports -Wmissing-format-attribute
configure:4771: /usr/bin/gcc -c -Wmissing-format-attribute  conftest.c >&5
configure:4771: $? = 0
configure:4780: result: yes
configure:4812: checking whether /usr/bin/gcc supports -Wstrict-prototypes
configure:4829: /usr/bin/gcc -c -Wstrict-prototypes  conftest.c >&5
conftest.c:26:1: warning: function declaration isn't a prototype [-Wstrict-prototypes]
 main ()
 ^~~~
configure:4829: $? = 0
configure:4838: result: yes
configure:4812: checking whether /usr/bin/gcc supports -Wmissing-prototypes
configure:4829: /usr/bin/gcc -c -Wmissing-prototypes  conftest.c >&5
configure:4829: $? = 0
configure:4838: result: yes
configure:4812: checking whether /usr/bin/gcc supports -Wold-style-definition
configure:4829: /usr/bin/gcc -c -Wold-style-definition  conftest.c >&5
conftest.c: In function 'main':
conftest.c:26:1: warning: old-style function definition [-Wold-style-definition]
 main ()
 ^~~~
configure:4829: $? = 0
configure:4838: result: yes
configure:4812: checking whether /usr/bin/gcc supports -Wc++-compat
configure:4829: /usr/bin/gcc -c -Wc++-compat  conftest.c >&5
configure:4829: $? = 0
configure:4838: result: yes
configure:4862: checking whether /usr/bin/gcc supports -pedantic -Wlong-long
configure:4880: /usr/bin/gcc -c -pedantic -Wlong-long  conftest.c >&5
configure:4880: $? = 0
configure:4888: result: yes
configure:4921: checking whether /usr/bin/gcc supports -fno-exceptions
configure:4938: /usr/bin/gcc -c -fno-exceptions  conftest.c >&5
configure:4938: $? = 0
configure:4947: result: yes
configure:4921: checking whether /usr/bin/gcc supports -fno-rtti
configure:4938: /usr/bin/gcc -c -fno-rtti  conftest.c >&5
cc1: warning: command line option '-fno-rtti' is valid for C++/ObjC++ but not for C
configure:4938: $? = 0
configure:4947: result: yes
configure:5016: /usr/bin/g++ -c -O2 -I/usr/src/output/host/include  conftest.cpp >&5
configure:5016: $? = 0
configure:5031: checking dependency style of /usr/bin/g++
configure:5062: trying gcc3
| depmode=gcc3 source=sub/conftest.c object=sub/conftest.o depfile=sub/conftest.Po tmpdepfile=sub/conftest.TPo /bin/bash ./depcomp /usr/bin/g++ -c -o sub/conftest.o sub/conftest.c
configure:5101: success
configure:5116: result: gcc3
configure:5126: checking whether time.h and sys/time.h may both be included
configure:5146: /usr/bin/gcc -c -O2 -I/usr/src/output/host/include  conftest.c >&5
configure:5146: $? = 0
configure:5153: result: yes
configure:5161: checking whether string.h and strings.h may both be included
configure:5178: /usr/bin/gcc -c -O2 -I/usr/src/output/host/include  conftest.c >&5
configure:5178: $? = 0
configure:5185: result: yes
configure:5198: checking locale.h usability
configure:5198: /usr/bin/gcc -c -O2 -I/usr/src/output/host/include  conftest.c >&5
configure:5198: $? = 0
configure:5198: result: yes
configure:5198: checking locale.h presence
configure:5198: /usr/bin/gcc -E  conftest.c
configure:5198: $? = 0
configure:5198: result: yes
configure:5198: checking for locale.h
configure:5198: result: yes
configure:5198: checking fcntl.h usability
configure:5198: /usr/bin/gcc -c -O2 -I/usr/src/output/host/include  conftest.c >&5
configure:5198: $? = 0
configure:5198: result: yes
configure:5198: checking fcntl.h presence
configure:5198: /usr/bin/gcc -E  conftest.c
configure:5198: $? = 0
configure:5198: result: yes
configure:5198: checking for fcntl.h
configure:5198: result: yes
configure:5198: checking limits.h usability
configure:5198: /usr/bin/gcc -c -O2 -I/usr/src/output/host/include  conftest.c >&5
configure:5198: $? = 0
configure:5198: result: yes
configure:5198: checking limits.h presence
configure:5198: /usr/bin/gcc -E  conftest.c
configure:5198: $? = 0
configure:5198: result: yes
configure:5198: checking for limits.h
configure:5198: result: yes
configure:5198: checking stddef.h usability
configure:5198: /usr/bin/gcc -c -O2 -I/usr/src/output/host/include  conftest.c >&5
configure:5198: $? = 0
configure:5198: result: yes
configure:5198: checking stddef.h presence
configure:5198: /usr/bin/gcc -E  conftest.c
configure:5198: $? = 0
configure:5198: result: yes
configure:5198: checking for stddef.h
configure:5198: result: yes
configure:5198: checking for stdlib.h
configure:5198: result: yes
configure:5198: checking for strings.h
configure:5198: result: yes
configure:5198: checking for string.h
configure:5198: result: yes
configure:5198: checking sys/file.h usability
configure:5198: /usr/bin/gcc -c -O2 -I/usr/src/output/host/include  conftest.c >&5
configure:5198: $? = 0
configure:5198: result: yes
configure:5198: checking sys/file.h presence
configure:5198: /usr/bin/gcc -E  conftest.c
configure:5198: $? = 0
configure:5198: result: yes
configure:5198: checking for sys/file.h
configure:5198: result: yes
configure:5198: checking for unistd.h
configure:5198: result: yes
configure:5211: checking whether byte ordering is bigendian
configure:5226: /usr/bin/gcc -c -O2 -I/usr/src/output/host/include  conftest.c >&5
conftest.c:36:9: error: unknown type name 'not'
         not a universal capable compiler
         ^~~
conftest.c:36:15: error: expected '=', ',', ';', 'asm' or '__attribute__' before 'universal'
         not a universal capable compiler
               ^~~~~~~~~
conftest.c:36:15: error: unknown type name 'universal'
configure:5226: $? = 1
configure: failed program was:
| /* confdefs.h */
| #define PACKAGE_NAME "cpplib"
| #define PACKAGE_TARNAME "cpplib"
| #define PACKAGE_VERSION " "
| #define PACKAGE_STRING "cpplib  "
| #define PACKAGE_BUGREPORT "gcc-bugs@gcc.gnu.org"
| #define PACKAGE_URL ""
| #define STDC_HEADERS 1
| #define HAVE_SYS_TYPES_H 1
| #define HAVE_SYS_STAT_H 1
| #define HAVE_STDLIB_H 1
| #define HAVE_STRING_H 1
| #define HAVE_MEMORY_H 1
| #define HAVE_STRINGS_H 1
| #define HAVE_INTTYPES_H 1
| #define HAVE_STDINT_H 1
| #define HAVE_UNISTD_H 1
| #define __EXTENSIONS__ 1
| #define _ALL_SOURCE 1
| #define _GNU_SOURCE 1
| #define _POSIX_PTHREAD_SEMANTICS 1
| #define _TANDEM_SOURCE 1
| #define TIME_WITH_SYS_TIME 1
| #define STRING_WITH_STRINGS 1
| #define HAVE_LOCALE_H 1
| #define HAVE_FCNTL_H 1
| #define HAVE_LIMITS_H 1
| #define HAVE_STDDEF_H 1
| #define HAVE_STDLIB_H 1
| #define HAVE_STRINGS_H 1
| #define HAVE_STRING_H 1
| #define HAVE_SYS_FILE_H 1
| #define HAVE_UNISTD_H 1
| /* end confdefs.h.  */
| #ifndef __APPLE_CC__
| 	       not a universal capable compiler
| 	     #endif
| 	     typedef int dummy;
| 
configure:5271: /usr/bin/gcc -c -O2 -I/usr/src/output/host/include  conftest.c >&5
configure:5271: $? = 0
configure:5289: /usr/bin/gcc -c -O2 -I/usr/src/output/host/include  conftest.c >&5
conftest.c: In function 'main':
conftest.c:42:4: error: unknown type name 'not'
    not big endian
    ^~~
conftest.c:42:12: error: expected '=', ',', ';', 'asm' or '__attribute__' before 'endian'
    not big endian
            ^~~~~~
configure:5289: $? = 1
configure: failed program was:
| /* confdefs.h */
| #define PACKAGE_NAME "cpplib"
| #define PACKAGE_TARNAME "cpplib"
| #define PACKAGE_VERSION " "
| #define PACKAGE_STRING "cpplib  "
| #define PACKAGE_BUGREPORT "gcc-bugs@gcc.gnu.org"
| #define PACKAGE_URL ""
| #define STDC_HEADERS 1
| #define HAVE_SYS_TYPES_H 1
| #define HAVE_SYS_STAT_H 1
| #define HAVE_STDLIB_H 1
| #define HAVE_STRING_H 1
| #define HAVE_MEMORY_H 1
| #define HAVE_STRINGS_H 1
| #define HAVE_INTTYPES_H 1
| #define HAVE_STDINT_H 1
| #define HAVE_UNISTD_H 1
| #define __EXTENSIONS__ 1
| #define _ALL_SOURCE 1
| #define _GNU_SOURCE 1
| #define _POSIX_PTHREAD_SEMANTICS 1
| #define _TANDEM_SOURCE 1
| #define TIME_WITH_SYS_TIME 1
| #define STRING_WITH_STRINGS 1
| #define HAVE_LOCALE_H 1
| #define HAVE_FCNTL_H 1
| #define HAVE_LIMITS_H 1
| #define HAVE_STDDEF_H 1
| #define HAVE_STDLIB_H 1
| #define HAVE_STRINGS_H 1
| #define HAVE_STRING_H 1
| #define HAVE_SYS_FILE_H 1
| #define HAVE_UNISTD_H 1
| /* end confdefs.h.  */
| #include <sys/types.h>
| 		#include <sys/param.h>
| 
| int
| main ()
| {
| #if BYTE_ORDER != BIG_ENDIAN
| 		 not big endian
| 		#endif
| 
|   ;
|   return 0;
| }
configure:5417: result: no
configure:5435: checking for an ANSI C-conforming const
configure:5500: /usr/bin/gcc -c -O2 -I/usr/src/output/host/include  conftest.c >&5
configure:5500: $? = 0
configure:5507: result: yes
configure:5515: checking for inline
configure:5531: /usr/bin/gcc -c -O2 -I/usr/src/output/host/include  conftest.c >&5
configure:5531: $? = 0
configure:5539: result: inline
configure:5557: checking for obstacks
configure:5578: /usr/bin/gcc -o conftest -O2 -I/usr/src/output/host/include  -static-libstdc++ -static-libgcc -L/usr/src/output/host/lib -Wl,-rpath,/usr/src/output/host/lib conftest.c  >&5
configure:5578: $? = 0
configure:5586: result: yes
configure:5601: checking for off_t
configure:5601: /usr/bin/gcc -c -O2 -I/usr/src/output/host/include  conftest.c >&5
configure:5601: $? = 0
configure:5601: /usr/bin/gcc -c -O2 -I/usr/src/output/host/include  conftest.c >&5
conftest.c: In function 'main':
conftest.c:72:20: error: expected expression before ')' token
 if (sizeof ((off_t)))
                    ^
configure:5601: $? = 1
configure: failed program was:
| /* confdefs.h */
| #define PACKAGE_NAME "cpplib"
| #define PACKAGE_TARNAME "cpplib"
| #define PACKAGE_VERSION " "
| #define PACKAGE_STRING "cpplib  "
| #define PACKAGE_BUGREPORT "gcc-bugs@gcc.gnu.org"
| #define PACKAGE_URL ""
| #define STDC_HEADERS 1
| #define HAVE_SYS_TYPES_H 1
| #define HAVE_SYS_STAT_H 1
| #define HAVE_STDLIB_H 1
| #define HAVE_STRING_H 1
| #define HAVE_MEMORY_H 1
| #define HAVE_STRINGS_H 1
| #define HAVE_INTTYPES_H 1
| #define HAVE_STDINT_H 1
| #define HAVE_UNISTD_H 1
| #define __EXTENSIONS__ 1
| #define _ALL_SOURCE 1
| #define _GNU_SOURCE 1
| #define _POSIX_PTHREAD_SEMANTICS 1
| #define _TANDEM_SOURCE 1
| #define TIME_WITH_SYS_TIME 1
| #define STRING_WITH_STRINGS 1
| #define HAVE_LOCALE_H 1
| #define HAVE_FCNTL_H 1
| #define HAVE_LIMITS_H 1
| #define HAVE_STDDEF_H 1
| #define HAVE_STDLIB_H 1
| #define HAVE_STRINGS_H 1
| #define HAVE_STRING_H 1
| #define HAVE_SYS_FILE_H 1
| #define HAVE_UNISTD_H 1
| #define HAVE_OBSTACK 1
| /* end confdefs.h.  */
| #include <stdio.h>
| #ifdef HAVE_SYS_TYPES_H
| # include <sys/types.h>
| #endif
| #ifdef HAVE_SYS_STAT_H
| # include <sys/stat.h>
| #endif
| #ifdef STDC_HEADERS
| # include <stdlib.h>
| # include <stddef.h>
| #else
| # ifdef HAVE_STDLIB_H
| #  include <stdlib.h>
| # endif
| #endif
| #ifdef HAVE_STRING_H
| # if !defined STDC_HEADERS && defined HAVE_MEMORY_H
| #  include <memory.h>
| # endif
| # include <string.h>
| #endif
| #ifdef HAVE_STRINGS_H
| # include <strings.h>
| #endif
| #ifdef HAVE_INTTYPES_H
| # include <inttypes.h>
| #endif
| #ifdef HAVE_STDINT_H
| # include <stdint.h>
| #endif
| #ifdef HAVE_UNISTD_H
| # include <unistd.h>
| #endif
| int
| main ()
| {
| if (sizeof ((off_t)))
| 	    return 0;
|   ;
|   return 0;
| }
configure:5601: result: yes
configure:5612: checking for size_t
configure:5612: /usr/bin/gcc -c -O2 -I/usr/src/output/host/include  conftest.c >&5
configure:5612: $? = 0
configure:5612: /usr/bin/gcc -c -O2 -I/usr/src/output/host/include  conftest.c >&5
conftest.c: In function 'main':
conftest.c:72:21: error: expected expression before ')' token
 if (sizeof ((size_t)))
                     ^
configure:5612: $? = 1
configure: failed program was:
| /* confdefs.h */
| #define PACKAGE_NAME "cpplib"
| #define PACKAGE_TARNAME "cpplib"
| #define PACKAGE_VERSION " "
| #define PACKAGE_STRING "cpplib  "
| #define PACKAGE_BUGREPORT "gcc-bugs@gcc.gnu.org"
| #define PACKAGE_URL ""
| #define STDC_HEADERS 1
| #define HAVE_SYS_TYPES_H 1
| #define HAVE_SYS_STAT_H 1
| #define HAVE_STDLIB_H 1
| #define HAVE_STRING_H 1
| #define HAVE_MEMORY_H 1
| #define HAVE_STRINGS_H 1
| #define HAVE_INTTYPES_H 1
| #define HAVE_STDINT_H 1
| #define HAVE_UNISTD_H 1
| #define __EXTENSIONS__ 1
| #define _ALL_SOURCE 1
| #define _GNU_SOURCE 1
| #define _POSIX_PTHREAD_SEMANTICS 1
| #define _TANDEM_SOURCE 1
| #define TIME_WITH_SYS_TIME 1
| #define STRING_WITH_STRINGS 1
| #define HAVE_LOCALE_H 1
| #define HAVE_FCNTL_H 1
| #define HAVE_LIMITS_H 1
| #define HAVE_STDDEF_H 1
| #define HAVE_STDLIB_H 1
| #define HAVE_STRINGS_H 1
| #define HAVE_STRING_H 1
| #define HAVE_SYS_FILE_H 1
| #define HAVE_UNISTD_H 1
| #define HAVE_OBSTACK 1
| /* end confdefs.h.  */
| #include <stdio.h>
| #ifdef HAVE_SYS_TYPES_H
| # include <sys/types.h>
| #endif
| #ifdef HAVE_SYS_STAT_H
| # include <sys/stat.h>
| #endif
| #ifdef STDC_HEADERS
| # include <stdlib.h>
| # include <stddef.h>
| #else
| # ifdef HAVE_STDLIB_H
| #  include <stdlib.h>
| # endif
| #endif
| #ifdef HAVE_STRING_H
| # if !defined STDC_HEADERS && defined HAVE_MEMORY_H
| #  include <memory.h>
| # endif
| # include <string.h>
| #endif
| #ifdef HAVE_STRINGS_H
| # include <strings.h>
| #endif
| #ifdef HAVE_INTTYPES_H
| # include <inttypes.h>
| #endif
| #ifdef HAVE_STDINT_H
| # include <stdint.h>
| #endif
| #ifdef HAVE_UNISTD_H
| # include <unistd.h>
| #endif
| int
| main ()
| {
| if (sizeof ((size_t)))
| 	    return 0;
|   ;
|   return 0;
| }
configure:5612: result: yes
configure:5623: checking for ssize_t
configure:5623: /usr/bin/gcc -c -O2 -I/usr/src/output/host/include  conftest.c >&5
configure:5623: $? = 0
configure:5623: /usr/bin/gcc -c -O2 -I/usr/src/output/host/include  conftest.c >&5
conftest.c: In function 'main':
conftest.c:72:22: error: expected expression before ')' token
 if (sizeof ((ssize_t)))
                      ^
configure:5623: $? = 1
configure: failed program was:
| /* confdefs.h */
| #define PACKAGE_NAME "cpplib"
| #define PACKAGE_TARNAME "cpplib"
| #define PACKAGE_VERSION " "
| #define PACKAGE_STRING "cpplib  "
| #define PACKAGE_BUGREPORT "gcc-bugs@gcc.gnu.org"
| #define PACKAGE_URL ""
| #define STDC_HEADERS 1
| #define HAVE_SYS_TYPES_H 1
| #define HAVE_SYS_STAT_H 1
| #define HAVE_STDLIB_H 1
| #define HAVE_STRING_H 1
| #define HAVE_MEMORY_H 1
| #define HAVE_STRINGS_H 1
| #define HAVE_INTTYPES_H 1
| #define HAVE_STDINT_H 1
| #define HAVE_UNISTD_H 1
| #define __EXTENSIONS__ 1
| #define _ALL_SOURCE 1
| #define _GNU_SOURCE 1
| #define _POSIX_PTHREAD_SEMANTICS 1
| #define _TANDEM_SOURCE 1
| #define TIME_WITH_SYS_TIME 1
| #define STRING_WITH_STRINGS 1
| #define HAVE_LOCALE_H 1
| #define HAVE_FCNTL_H 1
| #define HAVE_LIMITS_H 1
| #define HAVE_STDDEF_H 1
| #define HAVE_STDLIB_H 1
| #define HAVE_STRINGS_H 1
| #define HAVE_STRING_H 1
| #define HAVE_SYS_FILE_H 1
| #define HAVE_UNISTD_H 1
| #define HAVE_OBSTACK 1
| /* end confdefs.h.  */
| #include <stdio.h>
| #ifdef HAVE_SYS_TYPES_H
| # include <sys/types.h>
| #endif
| #ifdef HAVE_SYS_STAT_H
| # include <sys/stat.h>
| #endif
| #ifdef STDC_HEADERS
| # include <stdlib.h>
| # include <stddef.h>
| #else
| # ifdef HAVE_STDLIB_H
| #  include <stdlib.h>
| # endif
| #endif
| #ifdef HAVE_STRING_H
| # if !defined STDC_HEADERS && defined HAVE_MEMORY_H
| #  include <memory.h>
| # endif
| # include <string.h>
| #endif
| #ifdef HAVE_STRINGS_H
| # include <strings.h>
| #endif
| #ifdef HAVE_INTTYPES_H
| # include <inttypes.h>
| #endif
| #ifdef HAVE_STDINT_H
| # include <stdint.h>
| #endif
| #ifdef HAVE_UNISTD_H
| # include <unistd.h>
| #endif
| int
| main ()
| {
| if (sizeof ((ssize_t)))
| 	    return 0;
|   ;
|   return 0;
| }
configure:5623: result: yes
configure:5635: checking for uintptr_t
configure:5635: /usr/bin/gcc -c -O2 -I/usr/src/output/host/include  conftest.c >&5
configure:5635: $? = 0
configure:5635: /usr/bin/gcc -c -O2 -I/usr/src/output/host/include  conftest.c >&5
conftest.c: In function 'main':
conftest.c:72:24: error: expected expression before ')' token
 if (sizeof ((uintptr_t)))
                        ^
configure:5635: $? = 1
configure: failed program was:
| /* confdefs.h */
| #define PACKAGE_NAME "cpplib"
| #define PACKAGE_TARNAME "cpplib"
| #define PACKAGE_VERSION " "
| #define PACKAGE_STRING "cpplib  "
| #define PACKAGE_BUGREPORT "gcc-bugs@gcc.gnu.org"
| #define PACKAGE_URL ""
| #define STDC_HEADERS 1
| #define HAVE_SYS_TYPES_H 1
| #define HAVE_SYS_STAT_H 1
| #define HAVE_STDLIB_H 1
| #define HAVE_STRING_H 1
| #define HAVE_MEMORY_H 1
| #define HAVE_STRINGS_H 1
| #define HAVE_INTTYPES_H 1
| #define HAVE_STDINT_H 1
| #define HAVE_UNISTD_H 1
| #define __EXTENSIONS__ 1
| #define _ALL_SOURCE 1
| #define _GNU_SOURCE 1
| #define _POSIX_PTHREAD_SEMANTICS 1
| #define _TANDEM_SOURCE 1
| #define TIME_WITH_SYS_TIME 1
| #define STRING_WITH_STRINGS 1
| #define HAVE_LOCALE_H 1
| #define HAVE_FCNTL_H 1
| #define HAVE_LIMITS_H 1
| #define HAVE_STDDEF_H 1
| #define HAVE_STDLIB_H 1
| #define HAVE_STRINGS_H 1
| #define HAVE_STRING_H 1
| #define HAVE_SYS_FILE_H 1
| #define HAVE_UNISTD_H 1
| #define HAVE_OBSTACK 1
| /* end confdefs.h.  */
| #include <stdio.h>
| #ifdef HAVE_SYS_TYPES_H
| # include <sys/types.h>
| #endif
| #ifdef HAVE_SYS_STAT_H
| # include <sys/stat.h>
| #endif
| #ifdef STDC_HEADERS
| # include <stdlib.h>
| # include <stddef.h>
| #else
| # ifdef HAVE_STDLIB_H
| #  include <stdlib.h>
| # endif
| #endif
| #ifdef HAVE_STRING_H
| # if !defined STDC_HEADERS && defined HAVE_MEMORY_H
| #  include <memory.h>
| # endif
| # include <string.h>
| #endif
| #ifdef HAVE_STRINGS_H
| # include <strings.h>
| #endif
| #ifdef HAVE_INTTYPES_H
| # include <inttypes.h>
| #endif
| #ifdef HAVE_STDINT_H
| # include <stdint.h>
| #endif
| #ifdef HAVE_UNISTD_H
| # include <unistd.h>
| #endif
| int
| main ()
| {
| if (sizeof ((uintptr_t)))
| 	    return 0;
|   ;
|   return 0;
| }
configure:5635: result: yes
configure:5670: checking for ptrdiff_t
configure:5670: /usr/bin/gcc -c -O2 -I/usr/src/output/host/include  conftest.c >&5
configure:5670: $? = 0
configure:5670: /usr/bin/gcc -c -O2 -I/usr/src/output/host/include  conftest.c >&5
conftest.c: In function 'main':
conftest.c:73:24: error: expected expression before ')' token
 if (sizeof ((ptrdiff_t)))
                        ^
configure:5670: $? = 1
configure: failed program was:
| /* confdefs.h */
| #define PACKAGE_NAME "cpplib"
| #define PACKAGE_TARNAME "cpplib"
| #define PACKAGE_VERSION " "
| #define PACKAGE_STRING "cpplib  "
| #define PACKAGE_BUGREPORT "gcc-bugs@gcc.gnu.org"
| #define PACKAGE_URL ""
| #define STDC_HEADERS 1
| #define HAVE_SYS_TYPES_H 1
| #define HAVE_SYS_STAT_H 1
| #define HAVE_STDLIB_H 1
| #define HAVE_STRING_H 1
| #define HAVE_MEMORY_H 1
| #define HAVE_STRINGS_H 1
| #define HAVE_INTTYPES_H 1
| #define HAVE_STDINT_H 1
| #define HAVE_UNISTD_H 1
| #define __EXTENSIONS__ 1
| #define _ALL_SOURCE 1
| #define _GNU_SOURCE 1
| #define _POSIX_PTHREAD_SEMANTICS 1
| #define _TANDEM_SOURCE 1
| #define TIME_WITH_SYS_TIME 1
| #define STRING_WITH_STRINGS 1
| #define HAVE_LOCALE_H 1
| #define HAVE_FCNTL_H 1
| #define HAVE_LIMITS_H 1
| #define HAVE_STDDEF_H 1
| #define HAVE_STDLIB_H 1
| #define HAVE_STRINGS_H 1
| #define HAVE_STRING_H 1
| #define HAVE_SYS_FILE_H 1
| #define HAVE_UNISTD_H 1
| #define HAVE_OBSTACK 1
| #define HAVE_UINTPTR_T 1
| /* end confdefs.h.  */
| #include <stdio.h>
| #ifdef HAVE_SYS_TYPES_H
| # include <sys/types.h>
| #endif
| #ifdef HAVE_SYS_STAT_H
| # include <sys/stat.h>
| #endif
| #ifdef STDC_HEADERS
| # include <stdlib.h>
| # include <stddef.h>
| #else
| # ifdef HAVE_STDLIB_H
| #  include <stdlib.h>
| # endif
| #endif
| #ifdef HAVE_STRING_H
| # if !defined STDC_HEADERS && defined HAVE_MEMORY_H
| #  include <memory.h>
| # endif
| # include <string.h>
| #endif
| #ifdef HAVE_STRINGS_H
| # include <strings.h>
| #endif
| #ifdef HAVE_INTTYPES_H
| # include <inttypes.h>
| #endif
| #ifdef HAVE_STDINT_H
| # include <stdint.h>
| #endif
| #ifdef HAVE_UNISTD_H
| # include <unistd.h>
| #endif
| int
| main ()
| {
| if (sizeof ((ptrdiff_t)))
| 	    return 0;
|   ;
|   return 0;
| }
configure:5670: result: yes
configure:5681: checking for uint64_t
configure:5681: /usr/bin/gcc -c -O2 -I/usr/src/output/host/include  conftest.c >&5
configure:5681: $? = 0
configure:5681: result: yes
configure:5698: checking whether struct tm is in sys/time.h or time.h
configure:5718: /usr/bin/gcc -c -O2 -I/usr/src/output/host/include  conftest.c >&5
configure:5718: $? = 0
configure:5725: result: time.h
configure:5737: checking size of int
configure:5742: /usr/bin/gcc -o conftest -O2 -I/usr/src/output/host/include  -static-libstdc++ -static-libgcc -L/usr/src/output/host/lib -Wl,-rpath,/usr/src/output/host/lib conftest.c  >&5
configure:5742: $? = 0
configure:5742: ./conftest
configure:5742: $? = 0
configure:5757: result: 4
configure:5771: checking size of long
configure:5776: /usr/bin/gcc -o conftest -O2 -I/usr/src/output/host/include  -static-libstdc++ -static-libgcc -L/usr/src/output/host/lib -Wl,-rpath,/usr/src/output/host/lib conftest.c  >&5
configure:5776: $? = 0
configure:5776: ./conftest
configure:5776: $? = 0
configure:5791: result: 8
configure:5805: checking for clearerr_unlocked
configure:5805: /usr/bin/gcc -o conftest -O2 -I/usr/src/output/host/include  -static-libstdc++ -static-libgcc -L/usr/src/output/host/lib -Wl,-rpath,/usr/src/output/host/lib conftest.c  >&5
configure:5805: $? = 0
configure:5805: result: yes
configure:5805: checking for feof_unlocked
configure:5805: /usr/bin/gcc -o conftest -O2 -I/usr/src/output/host/include  -static-libstdc++ -static-libgcc -L/usr/src/output/host/lib -Wl,-rpath,/usr/src/output/host/lib conftest.c  >&5
configure:5805: $? = 0
configure:5805: result: yes
configure:5805: checking for ferror_unlocked
configure:5805: /usr/bin/gcc -o conftest -O2 -I/usr/src/output/host/include  -static-libstdc++ -static-libgcc -L/usr/src/output/host/lib -Wl,-rpath,/usr/src/output/host/lib conftest.c  >&5
configure:5805: $? = 0
configure:5805: result: yes
configure:5805: checking for fflush_unlocked
configure:5805: /usr/bin/gcc -o conftest -O2 -I/usr/src/output/host/include  -static-libstdc++ -static-libgcc -L/usr/src/output/host/lib -Wl,-rpath,/usr/src/output/host/lib conftest.c  >&5
configure:5805: $? = 0
configure:5805: result: yes
configure:5805: checking for fgetc_unlocked
configure:5805: /usr/bin/gcc -o conftest -O2 -I/usr/src/output/host/include  -static-libstdc++ -static-libgcc -L/usr/src/output/host/lib -Wl,-rpath,/usr/src/output/host/lib conftest.c  >&5
configure:5805: $? = 0
configure:5805: result: yes
configure:5805: checking for fgets_unlocked
configure:5805: /usr/bin/gcc -o conftest -O2 -I/usr/src/output/host/include  -static-libstdc++ -static-libgcc -L/usr/src/output/host/lib -Wl,-rpath,/usr/src/output/host/lib conftest.c  >&5
configure:5805: $? = 0
configure:5805: result: yes
configure:5805: checking for fileno_unlocked
configure:5805: /usr/bin/gcc -o conftest -O2 -I/usr/src/output/host/include  -static-libstdc++ -static-libgcc -L/usr/src/output/host/lib -Wl,-rpath,/usr/src/output/host/lib conftest.c  >&5
configure:5805: $? = 0
configure:5805: result: yes
configure:5805: checking for fprintf_unlocked
configure:5805: /usr/bin/gcc -o conftest -O2 -I/usr/src/output/host/include  -static-libstdc++ -static-libgcc -L/usr/src/output/host/lib -Wl,-rpath,/usr/src/output/host/lib conftest.c  >&5
conftest.c:69:6: warning: conflicting types for built-in function 'fprintf_unlocked'
 char fprintf_unlocked ();
      ^~~~~~~~~~~~~~~~
/tmp/ccLnfVix.o: In function `main':
conftest.c:(.text.startup+0x7): undefined reference to `fprintf_unlocked'
collect2: error: ld returned 1 exit status
configure:5805: $? = 1
configure: failed program was:
| /* confdefs.h */
| #define PACKAGE_NAME "cpplib"
| #define PACKAGE_TARNAME "cpplib"
| #define PACKAGE_VERSION " "
| #define PACKAGE_STRING "cpplib  "
| #define PACKAGE_BUGREPORT "gcc-bugs@gcc.gnu.org"
| #define PACKAGE_URL ""
| #define STDC_HEADERS 1
| #define HAVE_SYS_TYPES_H 1
| #define HAVE_SYS_STAT_H 1
| #define HAVE_STDLIB_H 1
| #define HAVE_STRING_H 1
| #define HAVE_MEMORY_H 1
| #define HAVE_STRINGS_H 1
| #define HAVE_INTTYPES_H 1
| #define HAVE_STDINT_H 1
| #define HAVE_UNISTD_H 1
| #define __EXTENSIONS__ 1
| #define _ALL_SOURCE 1
| #define _GNU_SOURCE 1
| #define _POSIX_PTHREAD_SEMANTICS 1
| #define _TANDEM_SOURCE 1
| #define TIME_WITH_SYS_TIME 1
| #define STRING_WITH_STRINGS 1
| #define HAVE_LOCALE_H 1
| #define HAVE_FCNTL_H 1
| #define HAVE_LIMITS_H 1
| #define HAVE_STDDEF_H 1
| #define HAVE_STDLIB_H 1
| #define HAVE_STRINGS_H 1
| #define HAVE_STRING_H 1
| #define HAVE_SYS_FILE_H 1
| #define HAVE_UNISTD_H 1
| #define HAVE_OBSTACK 1
| #define HAVE_UINTPTR_T 1
| #define SIZEOF_INT 4
| #define SIZEOF_LONG 8
| #define HAVE_CLEARERR_UNLOCKED 1
| #define HAVE_FEOF_UNLOCKED 1
| #define HAVE_FERROR_UNLOCKED 1
| #define HAVE_FFLUSH_UNLOCKED 1
| #define HAVE_FGETC_UNLOCKED 1
| #define HAVE_FGETS_UNLOCKED 1
| #define HAVE_FILENO_UNLOCKED 1
| /* end confdefs.h.  */
| /* Define fprintf_unlocked to an innocuous variant, in case <limits.h> declares fprintf_unlocked.
|    For example, HP-UX 11i <limits.h> declares gettimeofday.  */
| #define fprintf_unlocked innocuous_fprintf_unlocked
| 
| /* System header to define __stub macros and hopefully few prototypes,
|     which can conflict with char fprintf_unlocked (); below.
|     Prefer <limits.h> to <assert.h> if __STDC__ is defined, since
|     <limits.h> exists even on freestanding compilers.  */
| 
| #ifdef __STDC__
| # include <limits.h>
| #else
| # include <assert.h>
| #endif
| 
| #undef fprintf_unlocked
| 
| /* Override any GCC internal prototype to avoid an error.
|    Use char because int might match the return type of a GCC
|    builtin and then its argument prototype would still apply.  */
| #ifdef __cplusplus
| extern "C"
| #endif
| char fprintf_unlocked ();
| /* The GNU C library defines this for functions which it implements
|     to always fail with ENOSYS.  Some functions are actually named
|     something starting with __ and the normal name is an alias.  */
| #if defined __stub_fprintf_unlocked || defined __stub___fprintf_unlocked
| choke me
| #endif
| 
| int
| main ()
| {
| return fprintf_unlocked ();
|   ;
|   return 0;
| }
configure:5805: result: no
configure:5805: checking for fputc_unlocked
configure:5805: /usr/bin/gcc -o conftest -O2 -I/usr/src/output/host/include  -static-libstdc++ -static-libgcc -L/usr/src/output/host/lib -Wl,-rpath,/usr/src/output/host/lib conftest.c  >&5
conftest.c:69:6: warning: conflicting types for built-in function 'fputc_unlocked'
 char fputc_unlocked ();
      ^~~~~~~~~~~~~~
configure:5805: $? = 0
configure:5805: result: yes
configure:5805: checking for fputs_unlocked
configure:5805: /usr/bin/gcc -o conftest -O2 -I/usr/src/output/host/include  -static-libstdc++ -static-libgcc -L/usr/src/output/host/lib -Wl,-rpath,/usr/src/output/host/lib conftest.c  >&5
conftest.c:70:6: warning: conflicting types for built-in function 'fputs_unlocked'
 char fputs_unlocked ();
      ^~~~~~~~~~~~~~
configure:5805: $? = 0
configure:5805: result: yes
configure:5805: checking for fread_unlocked
configure:5805: /usr/bin/gcc -o conftest -O2 -I/usr/src/output/host/include  -static-libstdc++ -static-libgcc -L/usr/src/output/host/lib -Wl,-rpath,/usr/src/output/host/lib conftest.c  >&5
configure:5805: $? = 0
configure:5805: result: yes
configure:5805: checking for fwrite_unlocked
configure:5805: /usr/bin/gcc -o conftest -O2 -I/usr/src/output/host/include  -static-libstdc++ -static-libgcc -L/usr/src/output/host/lib -Wl,-rpath,/usr/src/output/host/lib conftest.c  >&5
conftest.c:72:6: warning: conflicting types for built-in function 'fwrite_unlocked'
 char fwrite_unlocked ();
      ^~~~~~~~~~~~~~~
configure:5805: $? = 0
configure:5805: result: yes
configure:5805: checking for getchar_unlocked
configure:5805: /usr/bin/gcc -o conftest -O2 -I/usr/src/output/host/include  -static-libstdc++ -static-libgcc -L/usr/src/output/host/lib -Wl,-rpath,/usr/src/output/host/lib conftest.c  >&5
configure:5805: $? = 0
configure:5805: result: yes
configure:5805: checking for getc_unlocked
configure:5805: /usr/bin/gcc -o conftest -O2 -I/usr/src/output/host/include  -static-libstdc++ -static-libgcc -L/usr/src/output/host/lib -Wl,-rpath,/usr/src/output/host/lib conftest.c  >&5
configure:5805: $? = 0
configure:5805: result: yes
configure:5805: checking for putchar_unlocked
configure:5805: /usr/bin/gcc -o conftest -O2 -I/usr/src/output/host/include  -static-libstdc++ -static-libgcc -L/usr/src/output/host/lib -Wl,-rpath,/usr/src/output/host/lib conftest.c  >&5
conftest.c:75:6: warning: conflicting types for built-in function 'putchar_unlocked'
 char putchar_unlocked ();
      ^~~~~~~~~~~~~~~~
configure:5805: $? = 0
configure:5805: result: yes
configure:5805: checking for putc_unlocked
configure:5805: /usr/bin/gcc -o conftest -O2 -I/usr/src/output/host/include  -static-libstdc++ -static-libgcc -L/usr/src/output/host/lib -Wl,-rpath,/usr/src/output/host/lib conftest.c  >&5
conftest.c:76:6: warning: conflicting types for built-in function 'putc_unlocked'
 char putc_unlocked ();
      ^~~~~~~~~~~~~
configure:5805: $? = 0
configure:5805: result: yes
configure:5815: checking whether abort is declared
configure:5815: /usr/bin/gcc -c -O2 -I/usr/src/output/host/include  conftest.c >&5
configure:5815: $? = 0
configure:5815: result: yes
configure:5825: checking whether asprintf is declared
configure:5825: /usr/bin/gcc -c -O2 -I/usr/src/output/host/include  conftest.c >&5
configure:5825: $? = 0
configure:5825: result: yes
configure:5835: checking whether basename is declared
configure:5835: /usr/bin/gcc -c -O2 -I/usr/src/output/host/include  conftest.c >&5
configure:5835: $? = 0
configure:5835: result: yes
configure:5845: checking whether errno is declared
configure:5845: /usr/bin/gcc -c -O2 -I/usr/src/output/host/include  conftest.c >&5
conftest.c: In function 'main':
conftest.c:97:10: error: 'errno' undeclared (first use in this function)
   (void) errno;
          ^~~~~
conftest.c:97:10: note: each undeclared identifier is reported only once for each function it appears in
configure:5845: $? = 1
configure: failed program was:
| /* confdefs.h */
| #define PACKAGE_NAME "cpplib"
| #define PACKAGE_TARNAME "cpplib"
| #define PACKAGE_VERSION " "
| #define PACKAGE_STRING "cpplib  "
| #define PACKAGE_BUGREPORT "gcc-bugs@gcc.gnu.org"
| #define PACKAGE_URL ""
| #define STDC_HEADERS 1
| #define HAVE_SYS_TYPES_H 1
| #define HAVE_SYS_STAT_H 1
| #define HAVE_STDLIB_H 1
| #define HAVE_STRING_H 1
| #define HAVE_MEMORY_H 1
| #define HAVE_STRINGS_H 1
| #define HAVE_INTTYPES_H 1
| #define HAVE_STDINT_H 1
| #define HAVE_UNISTD_H 1
| #define __EXTENSIONS__ 1
| #define _ALL_SOURCE 1
| #define _GNU_SOURCE 1
| #define _POSIX_PTHREAD_SEMANTICS 1
| #define _TANDEM_SOURCE 1
| #define TIME_WITH_SYS_TIME 1
| #define STRING_WITH_STRINGS 1
| #define HAVE_LOCALE_H 1
| #define HAVE_FCNTL_H 1
| #define HAVE_LIMITS_H 1
| #define HAVE_STDDEF_H 1
| #define HAVE_STDLIB_H 1
| #define HAVE_STRINGS_H 1
| #define HAVE_STRING_H 1
| #define HAVE_SYS_FILE_H 1
| #define HAVE_UNISTD_H 1
| #define HAVE_OBSTACK 1
| #define HAVE_UINTPTR_T 1
| #define SIZEOF_INT 4
| #define SIZEOF_LONG 8
| #define HAVE_CLEARERR_UNLOCKED 1
| #define HAVE_FEOF_UNLOCKED 1
| #define HAVE_FERROR_UNLOCKED 1
| #define HAVE_FFLUSH_UNLOCKED 1
| #define HAVE_FGETC_UNLOCKED 1
| #define HAVE_FGETS_UNLOCKED 1
| #define HAVE_FILENO_UNLOCKED 1
| #define HAVE_FPUTC_UNLOCKED 1
| #define HAVE_FPUTS_UNLOCKED 1
| #define HAVE_FREAD_UNLOCKED 1
| #define HAVE_FWRITE_UNLOCKED 1
| #define HAVE_GETCHAR_UNLOCKED 1
| #define HAVE_GETC_UNLOCKED 1
| #define HAVE_PUTCHAR_UNLOCKED 1
| #define HAVE_PUTC_UNLOCKED 1
| #define HAVE_DECL_ABORT 1
| #define HAVE_DECL_ASPRINTF 1
| #define HAVE_DECL_BASENAME 1
| /* end confdefs.h.  */
| #include <stdio.h>
| #ifdef HAVE_SYS_TYPES_H
| # include <sys/types.h>
| #endif
| #ifdef HAVE_SYS_STAT_H
| # include <sys/stat.h>
| #endif
| #ifdef STDC_HEADERS
| # include <stdlib.h>
| # include <stddef.h>
| #else
| # ifdef HAVE_STDLIB_H
| #  include <stdlib.h>
| # endif
| #endif
| #ifdef HAVE_STRING_H
| # if !defined STDC_HEADERS && defined HAVE_MEMORY_H
| #  include <memory.h>
| # endif
| # include <string.h>
| #endif
| #ifdef HAVE_STRINGS_H
| # include <strings.h>
| #endif
| #ifdef HAVE_INTTYPES_H
| # include <inttypes.h>
| #endif
| #ifdef HAVE_STDINT_H
| # include <stdint.h>
| #endif
| #ifdef HAVE_UNISTD_H
| # include <unistd.h>
| #endif
| int
| main ()
| {
| #ifndef errno
| #ifdef __cplusplus
|   (void) errno;
| #else
|   (void) errno;
| #endif
| #endif
| 
|   ;
|   return 0;
| }
configure:5845: result: no
configure:5855: checking whether getopt is declared
configure:5855: /usr/bin/gcc -c -O2 -I/usr/src/output/host/include  conftest.c >&5
configure:5855: $? = 0
configure:5855: result: yes
configure:5865: checking whether vasprintf is declared
configure:5865: /usr/bin/gcc -c -O2 -I/usr/src/output/host/include  conftest.c >&5
configure:5865: $? = 0
configure:5865: result: yes
configure:5876: checking whether clearerr_unlocked is declared
configure:5876: /usr/bin/gcc -c -O2 -I/usr/src/output/host/include  conftest.c >&5
configure:5876: $? = 0
configure:5876: result: yes
configure:5886: checking whether feof_unlocked is declared
configure:5886: /usr/bin/gcc -c -O2 -I/usr/src/output/host/include  conftest.c >&5
configure:5886: $? = 0
configure:5886: result: yes
configure:5896: checking whether ferror_unlocked is declared
configure:5896: /usr/bin/gcc -c -O2 -I/usr/src/output/host/include  conftest.c >&5
configure:5896: $? = 0
configure:5896: result: yes
configure:5906: checking whether fflush_unlocked is declared
configure:5906: /usr/bin/gcc -c -O2 -I/usr/src/output/host/include  conftest.c >&5
configure:5906: $? = 0
configure:5906: result: yes
configure:5916: checking whether fgetc_unlocked is declared
configure:5916: /usr/bin/gcc -c -O2 -I/usr/src/output/host/include  conftest.c >&5
configure:5916: $? = 0
configure:5916: result: yes
configure:5926: checking whether fgets_unlocked is declared
configure:5926: /usr/bin/gcc -c -O2 -I/usr/src/output/host/include  conftest.c >&5
configure:5926: $? = 0
configure:5926: result: yes
configure:5936: checking whether fileno_unlocked is declared
configure:5936: /usr/bin/gcc -c -O2 -I/usr/src/output/host/include  conftest.c >&5
configure:5936: $? = 0
configure:5936: result: yes
configure:5946: checking whether fprintf_unlocked is declared
configure:5946: /usr/bin/gcc -c -O2 -I/usr/src/output/host/include  conftest.c >&5
conftest.c: In function 'main':
conftest.c:107:10: error: 'fprintf_unlocked' undeclared (first use in this function)
   (void) fprintf_unlocked;
          ^~~~~~~~~~~~~~~~
conftest.c:107:10: note: each undeclared identifier is reported only once for each function it appears in
configure:5946: $? = 1
configure: failed program was:
| /* confdefs.h */
| #define PACKAGE_NAME "cpplib"
| #define PACKAGE_TARNAME "cpplib"
| #define PACKAGE_VERSION " "
| #define PACKAGE_STRING "cpplib  "
| #define PACKAGE_BUGREPORT "gcc-bugs@gcc.gnu.org"
| #define PACKAGE_URL ""
| #define STDC_HEADERS 1
| #define HAVE_SYS_TYPES_H 1
| #define HAVE_SYS_STAT_H 1
| #define HAVE_STDLIB_H 1
| #define HAVE_STRING_H 1
| #define HAVE_MEMORY_H 1
| #define HAVE_STRINGS_H 1
| #define HAVE_INTTYPES_H 1
| #define HAVE_STDINT_H 1
| #define HAVE_UNISTD_H 1
| #define __EXTENSIONS__ 1
| #define _ALL_SOURCE 1
| #define _GNU_SOURCE 1
| #define _POSIX_PTHREAD_SEMANTICS 1
| #define _TANDEM_SOURCE 1
| #define TIME_WITH_SYS_TIME 1
| #define STRING_WITH_STRINGS 1
| #define HAVE_LOCALE_H 1
| #define HAVE_FCNTL_H 1
| #define HAVE_LIMITS_H 1
| #define HAVE_STDDEF_H 1
| #define HAVE_STDLIB_H 1
| #define HAVE_STRINGS_H 1
| #define HAVE_STRING_H 1
| #define HAVE_SYS_FILE_H 1
| #define HAVE_UNISTD_H 1
| #define HAVE_OBSTACK 1
| #define HAVE_UINTPTR_T 1
| #define SIZEOF_INT 4
| #define SIZEOF_LONG 8
| #define HAVE_CLEARERR_UNLOCKED 1
| #define HAVE_FEOF_UNLOCKED 1
| #define HAVE_FERROR_UNLOCKED 1
| #define HAVE_FFLUSH_UNLOCKED 1
| #define HAVE_FGETC_UNLOCKED 1
| #define HAVE_FGETS_UNLOCKED 1
| #define HAVE_FILENO_UNLOCKED 1
| #define HAVE_FPUTC_UNLOCKED 1
| #define HAVE_FPUTS_UNLOCKED 1
| #define HAVE_FREAD_UNLOCKED 1
| #define HAVE_FWRITE_UNLOCKED 1
| #define HAVE_GETCHAR_UNLOCKED 1
| #define HAVE_GETC_UNLOCKED 1
| #define HAVE_PUTCHAR_UNLOCKED 1
| #define HAVE_PUTC_UNLOCKED 1
| #define HAVE_DECL_ABORT 1
| #define HAVE_DECL_ASPRINTF 1
| #define HAVE_DECL_BASENAME 1
| #define HAVE_DECL_ERRNO 0
| #define HAVE_DECL_GETOPT 1
| #define HAVE_DECL_VASPRINTF 1
| #define HAVE_DECL_CLEARERR_UNLOCKED 1
| #define HAVE_DECL_FEOF_UNLOCKED 1
| #define HAVE_DECL_FERROR_UNLOCKED 1
| #define HAVE_DECL_FFLUSH_UNLOCKED 1
| #define HAVE_DECL_FGETC_UNLOCKED 1
| #define HAVE_DECL_FGETS_UNLOCKED 1
| #define HAVE_DECL_FILENO_UNLOCKED 1
| /* end confdefs.h.  */
| #include <stdio.h>
| #ifdef HAVE_SYS_TYPES_H
| # include <sys/types.h>
| #endif
| #ifdef HAVE_SYS_STAT_H
| # include <sys/stat.h>
| #endif
| #ifdef STDC_HEADERS
| # include <stdlib.h>
| # include <stddef.h>
| #else
| # ifdef HAVE_STDLIB_H
| #  include <stdlib.h>
| # endif
| #endif
| #ifdef HAVE_STRING_H
| # if !defined STDC_HEADERS && defined HAVE_MEMORY_H
| #  include <memory.h>
| # endif
| # include <string.h>
| #endif
| #ifdef HAVE_STRINGS_H
| # include <strings.h>
| #endif
| #ifdef HAVE_INTTYPES_H
| # include <inttypes.h>
| #endif
| #ifdef HAVE_STDINT_H
| # include <stdint.h>
| #endif
| #ifdef HAVE_UNISTD_H
| # include <unistd.h>
| #endif
| int
| main ()
| {
| #ifndef fprintf_unlocked
| #ifdef __cplusplus
|   (void) fprintf_unlocked;
| #else
|   (void) fprintf_unlocked;
| #endif
| #endif
| 
|   ;
|   return 0;
| }
configure:5946: result: no
configure:5956: checking whether fputc_unlocked is declared
configure:5956: /usr/bin/gcc -c -O2 -I/usr/src/output/host/include  conftest.c >&5
configure:5956: $? = 0
configure:5956: result: yes
configure:5966: checking whether fputs_unlocked is declared
configure:5966: /usr/bin/gcc -c -O2 -I/usr/src/output/host/include  conftest.c >&5
configure:5966: $? = 0
configure:5966: result: yes
configure:5976: checking whether fread_unlocked is declared
configure:5976: /usr/bin/gcc -c -O2 -I/usr/src/output/host/include  conftest.c >&5
configure:5976: $? = 0
configure:5976: result: yes
configure:5986: checking whether fwrite_unlocked is declared
configure:5986: /usr/bin/gcc -c -O2 -I/usr/src/output/host/include  conftest.c >&5
configure:5986: $? = 0
configure:5986: result: yes
configure:5996: checking whether getchar_unlocked is declared
configure:5996: /usr/bin/gcc -c -O2 -I/usr/src/output/host/include  conftest.c >&5
configure:5996: $? = 0
configure:5996: result: yes
configure:6006: checking whether getc_unlocked is declared
configure:6006: /usr/bin/gcc -c -O2 -I/usr/src/output/host/include  conftest.c >&5
configure:6006: $? = 0
configure:6006: result: yes
configure:6016: checking whether putchar_unlocked is declared
configure:6016: /usr/bin/gcc -c -O2 -I/usr/src/output/host/include  conftest.c >&5
configure:6016: $? = 0
configure:6016: result: yes
configure:6026: checking whether putc_unlocked is declared
configure:6026: /usr/bin/gcc -c -O2 -I/usr/src/output/host/include  conftest.c >&5
configure:6026: $? = 0
configure:6026: result: yes
configure:6041: checking for working alloca.h
configure:6058: /usr/bin/gcc -o conftest -O2 -I/usr/src/output/host/include  -static-libstdc++ -static-libgcc -L/usr/src/output/host/lib -Wl,-rpath,/usr/src/output/host/lib conftest.c  >&5
configure:6058: $? = 0
configure:6066: result: yes
configure:6074: checking for alloca
configure:6111: /usr/bin/gcc -o conftest -O2 -I/usr/src/output/host/include  -static-libstdc++ -static-libgcc -L/usr/src/output/host/lib -Wl,-rpath,/usr/src/output/host/lib conftest.c  >&5
configure:6111: $? = 0
configure:6119: result: yes
configure:6229: checking for ANSI C header files
configure:6333: result: yes
configure:6342: checking for nl_langinfo and CODESET
configure:6358: /usr/bin/gcc -o conftest -O2 -I/usr/src/output/host/include  -static-libstdc++ -static-libgcc -L/usr/src/output/host/lib -Wl,-rpath,/usr/src/output/host/lib conftest.c  >&5
configure:6358: $? = 0
configure:6367: result: yes
configure:6388: checking whether NLS is requested
configure:6394: result: yes
configure:6400: checking for catalogs to be installed
configure:6432: result:  be ca da de el eo es fi fr id ja nl pt_BR ru sr sv tr uk vi zh_CN zh_TW be ca da de el eo es fi fr id ja nl pt_BR ru sr sv tr uk vi zh_CN zh_TW
configure:6446: checking for uchar
configure:6465: /usr/bin/gcc -c -O2 -I/usr/src/output/host/include  conftest.c >&5
conftest.c: In function 'main':
conftest.c:87:6: error: 'uchar' undeclared (first use in this function)
 if ((uchar *)0) return 0;
      ^~~~~
conftest.c:87:6: note: each undeclared identifier is reported only once for each function it appears in
conftest.c:87:13: error: expected expression before ')' token
 if ((uchar *)0) return 0;
             ^
configure:6465: $? = 1
configure: failed program was:
| /* confdefs.h */
| #define PACKAGE_NAME "cpplib"
| #define PACKAGE_TARNAME "cpplib"
| #define PACKAGE_VERSION " "
| #define PACKAGE_STRING "cpplib  "
| #define PACKAGE_BUGREPORT "gcc-bugs@gcc.gnu.org"
| #define PACKAGE_URL ""
| #define STDC_HEADERS 1
| #define HAVE_SYS_TYPES_H 1
| #define HAVE_SYS_STAT_H 1
| #define HAVE_STDLIB_H 1
| #define HAVE_STRING_H 1
| #define HAVE_MEMORY_H 1
| #define HAVE_STRINGS_H 1
| #define HAVE_INTTYPES_H 1
| #define HAVE_STDINT_H 1
| #define HAVE_UNISTD_H 1
| #define __EXTENSIONS__ 1
| #define _ALL_SOURCE 1
| #define _GNU_SOURCE 1
| #define _POSIX_PTHREAD_SEMANTICS 1
| #define _TANDEM_SOURCE 1
| #define TIME_WITH_SYS_TIME 1
| #define STRING_WITH_STRINGS 1
| #define HAVE_LOCALE_H 1
| #define HAVE_FCNTL_H 1
| #define HAVE_LIMITS_H 1
| #define HAVE_STDDEF_H 1
| #define HAVE_STDLIB_H 1
| #define HAVE_STRINGS_H 1
| #define HAVE_STRING_H 1
| #define HAVE_SYS_FILE_H 1
| #define HAVE_UNISTD_H 1
| #define HAVE_OBSTACK 1
| #define HAVE_UINTPTR_T 1
| #define SIZEOF_INT 4
| #define SIZEOF_LONG 8
| #define HAVE_CLEARERR_UNLOCKED 1
| #define HAVE_FEOF_UNLOCKED 1
| #define HAVE_FERROR_UNLOCKED 1
| #define HAVE_FFLUSH_UNLOCKED 1
| #define HAVE_FGETC_UNLOCKED 1
| #define HAVE_FGETS_UNLOCKED 1
| #define HAVE_FILENO_UNLOCKED 1
| #define HAVE_FPUTC_UNLOCKED 1
| #define HAVE_FPUTS_UNLOCKED 1
| #define HAVE_FREAD_UNLOCKED 1
| #define HAVE_FWRITE_UNLOCKED 1
| #define HAVE_GETCHAR_UNLOCKED 1
| #define HAVE_GETC_UNLOCKED 1
| #define HAVE_PUTCHAR_UNLOCKED 1
| #define HAVE_PUTC_UNLOCKED 1
| #define HAVE_DECL_ABORT 1
| #define HAVE_DECL_ASPRINTF 1
| #define HAVE_DECL_BASENAME 1
| #define HAVE_DECL_ERRNO 0
| #define HAVE_DECL_GETOPT 1
| #define HAVE_DECL_VASPRINTF 1
| #define HAVE_DECL_CLEARERR_UNLOCKED 1
| #define HAVE_DECL_FEOF_UNLOCKED 1
| #define HAVE_DECL_FERROR_UNLOCKED 1
| #define HAVE_DECL_FFLUSH_UNLOCKED 1
| #define HAVE_DECL_FGETC_UNLOCKED 1
| #define HAVE_DECL_FGETS_UNLOCKED 1
| #define HAVE_DECL_FILENO_UNLOCKED 1
| #define HAVE_DECL_FPRINTF_UNLOCKED 0
| #define HAVE_DECL_FPUTC_UNLOCKED 1
| #define HAVE_DECL_FPUTS_UNLOCKED 1
| #define HAVE_DECL_FREAD_UNLOCKED 1
| #define HAVE_DECL_FWRITE_UNLOCKED 1
| #define HAVE_DECL_GETCHAR_UNLOCKED 1
| #define HAVE_DECL_GETC_UNLOCKED 1
| #define HAVE_DECL_PUTCHAR_UNLOCKED 1
| #define HAVE_DECL_PUTC_UNLOCKED 1
| #define HAVE_ALLOCA_H 1
| #define HAVE_ALLOCA 1
| #define STDC_HEADERS 1
| #define HAVE_LANGINFO_CODESET 1
| #define ENABLE_NLS 1
| /* end confdefs.h.  */
| 
| #include <sys/types.h>
| 
| int
| main ()
| {
| if ((uchar *)0) return 0;
|  if (sizeof(uchar)) return 0;
|   ;
|   return 0;
| }
configure:6472: result: 
configure:6528: checking for ld used by GCC
configure:6591: result: /usr/bin/ld
configure:6598: checking if the linker (/usr/bin/ld) is GNU ld
GNU ld (GNU Binutils for Debian) 2.28
configure:6610: result: yes
configure:6616: checking for shared library run path origin
configure:6629: result: done
configure:7034: checking for iconv
configure:7058: /usr/bin/g++ -o conftest -O2 -I/usr/src/output/host/include   -static-libstdc++ -static-libgcc -L/usr/src/output/host/lib -Wl,-rpath,/usr/src/output/host/lib conftest.cpp  >&5
configure:7058: $? = 0
configure:7132: result: yes
configure:7175: checking for iconv declaration
configure:7204: /usr/bin/g++ -c -O2 -I/usr/src/output/host/include  conftest.cpp >&5
configure:7204: $? = 0
configure:7215: result: install-shextern size_t iconv (iconv_t cd, char * *inbuf, size_t *inbytesleft, char * *outbuf, size_t *outbytesleft);
configure:7429: updating cache ./config.cache
configure:7467: creating ./config.status

## ---------------------- ##
## Running config.status. ##
## ---------------------- ##

This file was extended by cpplib config.status  , which was
generated by GNU Autoconf 2.64.  Invocation command line was

  CONFIG_FILES    = 
  CONFIG_HEADERS  = 
  CONFIG_LINKS    = 
  CONFIG_COMMANDS = 
  $ ./config.status 

on c37c58f94407

config.status:927: creating Makefile
config.status:927: creating config.h
config.status:1100: executing depdir commands

## ---------------- ##
## Cache variables. ##
## ---------------- ##

ac_cv_build=x86_64-pc-linux-gnu
ac_cv_c_bigendian=no
ac_cv_c_compiler_gnu=yes
ac_cv_c_const=yes
ac_cv_c_inline=inline
ac_cv_c_uint64_t=yes
ac_cv_cxx_compiler_gnu=yes
ac_cv_env_CCC_set=
ac_cv_env_CCC_value=
ac_cv_env_CC_set=set
ac_cv_env_CC_value=/usr/bin/gcc
ac_cv_env_CFLAGS_set=set
ac_cv_env_CFLAGS_value='-O2 -I/usr/src/output/host/include'
ac_cv_env_CPPFLAGS_set=
ac_cv_env_CPPFLAGS_value=
ac_cv_env_CPP_set=
ac_cv_env_CPP_value=
ac_cv_env_CXXFLAGS_set=set
ac_cv_env_CXXFLAGS_value='-O2 -I/usr/src/output/host/include'
ac_cv_env_CXX_set=set
ac_cv_env_CXX_value=/usr/bin/g++
ac_cv_env_LDFLAGS_set=set
ac_cv_env_LDFLAGS_value='-static-libstdc++ -static-libgcc -L/usr/src/output/host/lib -Wl,-rpath,/usr/src/output/host/lib'
ac_cv_env_LIBS_set=
ac_cv_env_LIBS_value=
ac_cv_env_build_alias_set=set
ac_cv_env_build_alias_value=x86_64-pc-linux-gnu
ac_cv_env_host_alias_set=set
ac_cv_env_host_alias_value=x86_64-pc-linux-gnu
ac_cv_env_target_alias_set=set
ac_cv_env_target_alias_value=arm-buildroot-linux-uclibcgnueabihf
ac_cv_func_alloca_works=yes
ac_cv_func_clearerr_unlocked=yes
ac_cv_func_feof_unlocked=yes
ac_cv_func_ferror_unlocked=yes
ac_cv_func_fflush_unlocked=yes
ac_cv_func_fgetc_unlocked=yes
ac_cv_func_fgets_unlocked=yes
ac_cv_func_fileno_unlocked=yes
ac_cv_func_fprintf_unlocked=no
ac_cv_func_fputc_unlocked=yes
ac_cv_func_fputs_unlocked=yes
ac_cv_func_fread_unlocked=yes
ac_cv_func_fwrite_unlocked=yes
ac_cv_func_getc_unlocked=yes
ac_cv_func_getchar_unlocked=yes
ac_cv_func_obstack=yes
ac_cv_func_putc_unlocked=yes
ac_cv_func_putchar_unlocked=yes
ac_cv_have_decl_abort=yes
ac_cv_have_decl_asprintf=yes
ac_cv_have_decl_basename_char_p_=yes
ac_cv_have_decl_clearerr_unlocked=yes
ac_cv_have_decl_errno=no
ac_cv_have_decl_feof_unlocked=yes
ac_cv_have_decl_ferror_unlocked=yes
ac_cv_have_decl_fflush_unlocked=yes
ac_cv_have_decl_fgetc_unlocked=yes
ac_cv_have_decl_fgets_unlocked=yes
ac_cv_have_decl_fileno_unlocked=yes
ac_cv_have_decl_fprintf_unlocked=no
ac_cv_have_decl_fputc_unlocked=yes
ac_cv_have_decl_fputs_unlocked=yes
ac_cv_have_decl_fread_unlocked=yes
ac_cv_have_decl_fwrite_unlocked=yes
ac_cv_have_decl_getc_unlocked=yes
ac_cv_have_decl_getchar_unlocked=yes
ac_cv_have_decl_getopt=yes
ac_cv_have_decl_putc_unlocked=yes
ac_cv_have_decl_putchar_unlocked=yes
ac_cv_have_decl_vasprintf=yes
ac_cv_header_fcntl_h=yes
ac_cv_header_inttypes_h=yes
ac_cv_header_limits_h=yes
ac_cv_header_locale_h=yes
ac_cv_header_memory_h=yes
ac_cv_header_minix_config_h=no
ac_cv_header_stdc=yes
ac_cv_header_stddef_h=yes
ac_cv_header_stdint_h=yes
ac_cv_header_stdlib_h=yes
ac_cv_header_string_h=yes
ac_cv_header_strings_h=yes
ac_cv_header_sys_file_h=yes
ac_cv_header_sys_stat_h=yes
ac_cv_header_sys_types_h=yes
ac_cv_header_time=yes
ac_cv_header_unistd_h=yes
ac_cv_host=x86_64-pc-linux-gnu
ac_cv_objext=o
ac_cv_path_EGREP='/bin/grep -E'
ac_cv_path_GREP=/bin/grep
ac_cv_prog_CC=/usr/bin/gcc
ac_cv_prog_CPP='/usr/bin/gcc -E'
ac_cv_prog_RANLIB=/usr/bin/ranlib
ac_cv_prog_cc_c89=
ac_cv_prog_cc_g=yes
ac_cv_prog_cxx_g=yes
ac_cv_prog_make__usr_bin_make_set=yes
ac_cv_safe_to_define___extensions__=yes
ac_cv_sizeof_int=4
ac_cv_sizeof_long=8
ac_cv_struct_tm=time.h
ac_cv_sys_file_offset_bits=no
ac_cv_sys_largefile_CC=no
ac_cv_target=arm-buildroot-linux-uclibcgnueabihf
ac_cv_type_off_t=yes
ac_cv_type_ptrdiff_t=yes
ac_cv_type_size_t=yes
ac_cv_type_ssize_t=yes
ac_cv_type_uchar=no
ac_cv_type_uintptr_t=yes
ac_cv_working_alloca_h=yes
acl_cv_hardcode_direct=no
acl_cv_hardcode_libdir_flag_spec='${wl}-rpath ${wl}$libdir'
acl_cv_hardcode_libdir_separator=
acl_cv_hardcode_minus_L=no
acl_cv_libext=a
acl_cv_path_LD=/usr/bin/ld
acl_cv_prog_gnu_ld=yes
acl_cv_rpath=done
acl_cv_shlibext=so
acl_cv_wl=-Wl,
acx_cv_prog_cc_pedantic__Wlong_long=yes
acx_cv_prog_cc_warning__W=yes
acx_cv_prog_cc_warning__Wall=yes
acx_cv_prog_cc_warning__Wcpp_compat=yes
acx_cv_prog_cc_warning__Wmissing_format_attribute=yes
acx_cv_prog_cc_warning__Wmissing_prototypes=yes
acx_cv_prog_cc_warning__Wnarrowing=yes
acx_cv_prog_cc_warning__Wold_style_definition=yes
acx_cv_prog_cc_warning__Wstrict_prototypes=yes
acx_cv_prog_cc_warning__Wwrite_strings=yes
acx_cv_prog_cc_warning__fno_exceptions=yes
acx_cv_prog_cc_warning__fno_rtti=yes
am_cv_CXX_dependencies_compiler_type=gcc3
am_cv_func_iconv=yes
am_cv_langinfo_codeset=yes
am_cv_lib_iconv=no
am_cv_proto_iconv='extern size_t iconv (iconv_t cd, char * *inbuf, size_t *inbytesleft, char * *outbuf, size_t *outbytesleft);'
am_cv_proto_iconv_arg1=
gcc_cv_header_string=yes
gcc_cv_libc_provides_ssp=no

## ----------------- ##
## Output variables. ##
## ----------------- ##

ACLOCAL='/usr/src/output/build/host-gcc-final-6.4.0/missing aclocal'
ALLOCA=''
AUTOCONF='/usr/src/output/build/host-gcc-final-6.4.0/missing autoconf'
AUTOHEADER='/usr/src/output/build/host-gcc-final-6.4.0/missing autoheader'
CATALOGS=' be.gmo ca.gmo da.gmo de.gmo el.gmo eo.gmo es.gmo fi.gmo fr.gmo id.gmo ja.gmo nl.gmo pt_BR.gmo ru.gmo sr.gmo sv.gmo tr.gmo uk.gmo vi.gmo zh_CN.gmo zh_TW.gmo be.gmo ca.gmo da.gmo de.gmo el.gmo eo.gmo es.gmo fi.gmo fr.gmo id.gmo ja.gmo nl.gmo pt_BR.gmo ru.gmo sr.gmo sv.gmo tr.gmo uk.gmo vi.gmo zh_CN.gmo zh_TW.gmo'
CATOBJEXT='.gmo'
CC='/usr/bin/gcc'
CFLAGS='-O2 -I/usr/src/output/host/include'
CPP='/usr/bin/gcc -E'
CPPFLAGS=''
CXX='/usr/bin/g++'
CXXDEPMODE='depmode=gcc3'
CXXFLAGS='-O2 -I/usr/src/output/host/include'
DATADIRNAME='share'
DEFS='-DHAVE_CONFIG_H'
DEPDIR='.deps'
ECHO_C=''
ECHO_N='-n'
ECHO_T=''
EGREP='/bin/grep -E'
EXEEXT=''
GENCAT='gencat'
GMSGFMT=':'
GREP='/bin/grep'
INCINTL=''
INSTALL_DATA='/usr/bin/install -c -m 644'
INSTALL_PROGRAM='/usr/bin/install -c'
INSTALL_SCRIPT='/usr/bin/install -c'
INSTOBJEXT='.mo'
LDFLAGS='-static-libstdc++ -static-libgcc -L/usr/src/output/host/lib -Wl,-rpath,/usr/src/output/host/lib'
LIBICONV=''
LIBINTL=''
LIBINTL_DEP=''
LIBOBJS=''
LIBS=''
LTLIBICONV=''
LTLIBOBJS=''
MAINT='#'
OBJEXT='o'
PACKAGE='cpplib'
PACKAGE_BUGREPORT='gcc-bugs@gcc.gnu.org'
PACKAGE_NAME='cpplib'
PACKAGE_STRING='cpplib  '
PACKAGE_TARNAME='cpplib'
PACKAGE_URL=''
PACKAGE_VERSION=' '
PATH_SEPARATOR=':'
PICFLAG=''
POSUB='po'
RANLIB='/usr/bin/ranlib'
SET_MAKE=''
SHELL='/bin/bash'
USED_CATALOGS='$(CATALOGS)'
USE_NLS='yes'
WARN_PEDANTIC='-pedantic -Wno-long-long'
WERROR=''
XGETTEXT=':'
ac_ct_CC=''
ac_ct_CXX=''
am__leading_dot='.'
bindir='${exec_prefix}/bin'
build='x86_64-pc-linux-gnu'
build_alias='x86_64-pc-linux-gnu'
build_cpu='x86_64'
build_os='linux-gnu'
build_vendor='pc'
c_warn='-Wstrict-prototypes -Wmissing-prototypes -Wold-style-definition -Wc++-compat'
datadir='${datarootdir}'
datarootdir='${prefix}/share'
docdir='${datarootdir}/doc/${PACKAGE_TARNAME}'
dvidir='${docdir}'
exec_prefix='${prefix}'
host='x86_64-pc-linux-gnu'
host_alias='x86_64-pc-linux-gnu'
host_cpu='x86_64'
host_os='linux-gnu'
host_vendor='pc'
htmldir='${docdir}'
includedir='${prefix}/include'
infodir='${datarootdir}/info'
libdir='${exec_prefix}/lib'
libexecdir='${exec_prefix}/libexec'
localedir='${datarootdir}/locale'
localstatedir='${prefix}/var'
mandir='${datarootdir}/man'
noexception_flags='-fno-exceptions -fno-rtti'
oldincludedir='/usr/include'
pdfdir='${docdir}'
prefix='/usr/src/output/host'
program_transform_name='s&^&arm-buildroot-linux-uclibcgnueabihf-&'
psdir='${docdir}'
sbindir='${exec_prefix}/sbin'
sharedstatedir='${prefix}/com'
sysconfdir='/usr/src/output/host/etc'
target='arm-buildroot-linux-uclibcgnueabihf'
target_alias='arm-buildroot-linux-uclibcgnueabihf'
target_cpu='arm'
target_os='linux-uclibcgnueabihf'
target_vendor='buildroot'
warn='-W -Wall -Wno-narrowing -Wwrite-strings -Wmissing-format-attribute'

## ----------- ##
## confdefs.h. ##
## ----------- ##

/* confdefs.h */
#define PACKAGE_NAME "cpplib"
#define PACKAGE_TARNAME "cpplib"
#define PACKAGE_VERSION " "
#define PACKAGE_STRING "cpplib  "
#define PACKAGE_BUGREPORT "gcc-bugs@gcc.gnu.org"
#define PACKAGE_URL ""
#define STDC_HEADERS 1
#define HAVE_SYS_TYPES_H 1
#define HAVE_SYS_STAT_H 1
#define HAVE_STDLIB_H 1
#define HAVE_STRING_H 1
#define HAVE_MEMORY_H 1
#define HAVE_STRINGS_H 1
#define HAVE_INTTYPES_H 1
#define HAVE_STDINT_H 1
#define HAVE_UNISTD_H 1
#define __EXTENSIONS__ 1
#define _ALL_SOURCE 1
#define _GNU_SOURCE 1
#define _POSIX_PTHREAD_SEMANTICS 1
#define _TANDEM_SOURCE 1
#define TIME_WITH_SYS_TIME 1
#define STRING_WITH_STRINGS 1
#define HAVE_LOCALE_H 1
#define HAVE_FCNTL_H 1
#define HAVE_LIMITS_H 1
#define HAVE_STDDEF_H 1
#define HAVE_STDLIB_H 1
#define HAVE_STRINGS_H 1
#define HAVE_STRING_H 1
#define HAVE_SYS_FILE_H 1
#define HAVE_UNISTD_H 1
#define HAVE_OBSTACK 1
#define HAVE_UINTPTR_T 1
#define SIZEOF_INT 4
#define SIZEOF_LONG 8
#define HAVE_CLEARERR_UNLOCKED 1
#define HAVE_FEOF_UNLOCKED 1
#define HAVE_FERROR_UNLOCKED 1
#define HAVE_FFLUSH_UNLOCKED 1
#define HAVE_FGETC_UNLOCKED 1
#define HAVE_FGETS_UNLOCKED 1
#define HAVE_FILENO_UNLOCKED 1
#define HAVE_FPUTC_UNLOCKED 1
#define HAVE_FPUTS_UNLOCKED 1
#define HAVE_FREAD_UNLOCKED 1
#define HAVE_FWRITE_UNLOCKED 1
#define HAVE_GETCHAR_UNLOCKED 1
#define HAVE_GETC_UNLOCKED 1
#define HAVE_PUTCHAR_UNLOCKED 1
#define HAVE_PUTC_UNLOCKED 1
#define HAVE_DECL_ABORT 1
#define HAVE_DECL_ASPRINTF 1
#define HAVE_DECL_BASENAME 1
#define HAVE_DECL_ERRNO 0
#define HAVE_DECL_GETOPT 1
#define HAVE_DECL_VASPRINTF 1
#define HAVE_DECL_CLEARERR_UNLOCKED 1
#define HAVE_DECL_FEOF_UNLOCKED 1
#define HAVE_DECL_FERROR_UNLOCKED 1
#define HAVE_DECL_FFLUSH_UNLOCKED 1
#define HAVE_DECL_FGETC_UNLOCKED 1
#define HAVE_DECL_FGETS_UNLOCKED 1
#define HAVE_DECL_FILENO_UNLOCKED 1
#define HAVE_DECL_FPRINTF_UNLOCKED 0
#define HAVE_DECL_FPUTC_UNLOCKED 1
#define HAVE_DECL_FPUTS_UNLOCKED 1
#define HAVE_DECL_FREAD_UNLOCKED 1
#define HAVE_DECL_FWRITE_UNLOCKED 1
#define HAVE_DECL_GETCHAR_UNLOCKED 1
#define HAVE_DECL_GETC_UNLOCKED 1
#define HAVE_DECL_PUTCHAR_UNLOCKED 1
#define HAVE_DECL_PUTC_UNLOCKED 1
#define HAVE_ALLOCA_H 1
#define HAVE_ALLOCA 1
#define STDC_HEADERS 1
#define HAVE_LANGINFO_CODESET 1
#define ENABLE_NLS 1
#define HAVE_ICONV 1
#define ICONV_CONST 
#define PACKAGE "cpplib"
#define CHECKING_P 0
#define ENABLE_CANONICAL_SYSTEM_HEADERS 1

configure: exit 0
