This file contains any messages produced by compilers while
running configure, to aid debugging if configure makes a mistake.

It was created by gprof configure 2.29.1, which was
generated by GNU Autoconf 2.64.  Invocation command line was

  $ /usr/src/output/build/host-binutils-2.29.1/gprof/configure --srcdir=.././gprof --cache-file=./config.cache --with-gnu-as --with-gnu-ld --prefix=/usr/src/output/host --sysconfdir=/usr/src/output/host/etc --localstatedir=/usr/src/output/host/var --enable-shared --disable-static --disable-gtk-doc --disable-gtk-doc-html --disable-doc --disable-docs --disable-documentation --disable-debug --with-xmlto=no --with-fop=no --disable-dependency-tracking --disable-multilib --disable-werror --disable-shared --enable-static --with-sysroot=/usr/src/output/host/arm-buildroot-linux-uclibcgnueabihf/sysroot --enable-poison-system-directories --disable-sim --disable-gdb --program-transform-name=s&^&arm-buildroot-linux-uclibcgnueabihf-& --disable-option-checking --build=x86_64-pc-linux-gnu --host=x86_64-pc-linux-gnu --target=arm-buildroot-linux-uclibcgnueabihf

## --------- ##
## Platform. ##
## --------- ##

hostname = c37c58f94407
uname -m = x86_64
uname -r = 4.15.0-42-generic
uname -s = Linux
uname -v = #45~16.04.1-Ubuntu SMP Mon Nov 19 13:02:27 UTC 2018

/usr/bin/uname -p = unknown
/bin/uname -X     = unknown

/bin/arch              = unknown
/usr/bin/arch -k       = unknown
/usr/convex/getsysinfo = unknown
/usr/bin/hostinfo      = unknown
/bin/machine           = unknown
/usr/bin/oslevel       = unknown
/bin/universe          = unknown

PATH: /usr/src/output/host/bin
PATH: /usr/src/output/host/sbin
PATH: /usr/local/sbin
PATH: /usr/local/bin
PATH: /usr/sbin
PATH: /usr/bin
PATH: /sbin
PATH: /bin


## ----------- ##
## Core tests. ##
## ----------- ##

configure:2121: creating cache ./config.cache
configure:2226: checking build system type
configure:2240: result: x86_64-pc-linux-gnu
configure:2260: checking host system type
configure:2273: result: x86_64-pc-linux-gnu
configure:2293: checking target system type
configure:2306: result: arm-buildroot-linux-uclibcgnueabihf
configure:2340: checking for x86_64-pc-linux-gnu-gcc
configure:2367: result: /usr/bin/gcc
configure:2636: checking for C compiler version
configure:2645: /usr/bin/gcc --version >&5
gcc (Debian 6.3.0-18+deb9u1) 6.3.0 20170516
Copyright (C) 2016 Free Software Foundation, Inc.
This is free software; see the source for copying conditions.  There is NO
warranty; not even for MERCHANTABILITY or FITNESS FOR A PARTICULAR PURPOSE.

configure:2656: $? = 0
configure:2645: /usr/bin/gcc -v >&5
Using built-in specs.
COLLECT_GCC=/usr/bin/gcc
COLLECT_LTO_WRAPPER=/usr/lib/gcc/x86_64-linux-gnu/6/lto-wrapper
Target: x86_64-linux-gnu
Configured with: ../src/configure -v --with-pkgversion='Debian 6.3.0-18+deb9u1' --with-bugurl=file:///usr/share/doc/gcc-6/README.Bugs --enable-languages=c,ada,c++,java,go,d,fortran,objc,obj-c++ --prefix=/usr --program-suffix=-6 --program-prefix=x86_64-linux-gnu- --enable-shared --enable-linker-build-id --libexecdir=/usr/lib --without-included-gettext --enable-threads=posix --libdir=/usr/lib --enable-nls --with-sysroot=/ --enable-clocale=gnu --enable-libstdcxx-debug --enable-libstdcxx-time=yes --with-default-libstdcxx-abi=new --enable-gnu-unique-object --disable-vtable-verify --enable-libmpx --enable-plugin --enable-default-pie --with-system-zlib --disable-browser-plugin --enable-java-awt=gtk --enable-gtk-cairo --with-java-home=/usr/lib/jvm/java-1.5.0-gcj-6-amd64/jre --enable-java-home --with-jvm-root-dir=/usr/lib/jvm/java-1.5.0-gcj-6-amd64 --with-jvm-jar-dir=/usr/lib/jvm-exports/java-1.5.0-gcj-6-amd64 --with-arch-directory=amd64 --with-ecj-jar=/usr/share/java/eclipse-ecj.jar --with-target-system-zlib --enable-objc-gc=auto --enable-multiarch --with-arch-32=i686 --with-abi=m64 --with-multilib-list=m32,m64,mx32 --enable-multilib --with-tune=generic --enable-checking=release --build=x86_64-linux-gnu --host=x86_64-linux-gnu --target=x86_64-linux-gnu
Thread model: posix
gcc version 6.3.0 20170516 (Debian 6.3.0-18+deb9u1) 
configure:2656: $? = 0
configure:2645: /usr/bin/gcc -V >&5
gcc: error: unrecognized command line option '-V'
gcc: fatal error: no input files
compilation terminated.
configure:2656: $? = 1
configure:2645: /usr/bin/gcc -qversion >&5
gcc: error: unrecognized command line option '-qversion'; did you mean '--version'?
gcc: fatal error: no input files
compilation terminated.
configure:2656: $? = 1
configure:2676: checking for C compiler default output file name
configure:2698: /usr/bin/gcc -O2 -I/usr/src/output/host/include  -static-libstdc++ -static-libgcc -L/usr/src/output/host/lib -Wl,-rpath,/usr/src/output/host/lib conftest.c  >&5
configure:2702: $? = 0
configure:2739: result: a.out
configure:2755: checking whether the C compiler works
configure:2764: ./a.out
configure:2768: $? = 0
configure:2783: result: yes
configure:2790: checking whether we are cross compiling
configure:2792: result: no
configure:2795: checking for suffix of executables
configure:2802: /usr/bin/gcc -o conftest -O2 -I/usr/src/output/host/include  -static-libstdc++ -static-libgcc -L/usr/src/output/host/lib -Wl,-rpath,/usr/src/output/host/lib conftest.c  >&5
configure:2806: $? = 0
configure:2828: result: 
configure:2834: checking for suffix of object files
configure:2856: /usr/bin/gcc -c -O2 -I/usr/src/output/host/include  conftest.c >&5
configure:2860: $? = 0
configure:2881: result: o
configure:2885: checking whether we are using the GNU C compiler
configure:2904: /usr/bin/gcc -c -O2 -I/usr/src/output/host/include  conftest.c >&5
configure:2904: $? = 0
configure:2913: result: yes
configure:2922: checking whether /usr/bin/gcc accepts -g
configure:2942: /usr/bin/gcc -c -g  conftest.c >&5
configure:2942: $? = 0
configure:2983: result: yes
configure:3000: checking for /usr/bin/gcc option to accept ISO C89
configure:3064: /usr/bin/gcc  -c -O2 -I/usr/src/output/host/include  conftest.c >&5
configure:3064: $? = 0
configure:3077: result: none needed
configure:3098: checking for library containing strerror
configure:3129: /usr/bin/gcc -o conftest -O2 -I/usr/src/output/host/include  -static-libstdc++ -static-libgcc -L/usr/src/output/host/lib -Wl,-rpath,/usr/src/output/host/lib conftest.c  >&5
configure:3129: $? = 0
configure:3146: result: none required
configure:3171: checking for a BSD-compatible install
configure:3239: result: /usr/bin/install -c
configure:3250: checking whether build environment is sane
configure:3300: result: yes
configure:3441: checking for a thread-safe mkdir -p
configure:3480: result: /bin/mkdir -p
configure:3493: checking for gawk
configure:3520: result: mawk
configure:3531: checking whether /usr/bin/make sets $(MAKE)
configure:3553: result: yes
configure:3583: checking for style of include used by /usr/bin/make
configure:3611: result: GNU
configure:3697: checking dependency style of /usr/bin/gcc
configure:3808: result: none
configure:3836: checking for x86_64-pc-linux-gnu-gcc
configure:3863: result: /usr/bin/gcc
configure:4132: checking for C compiler version
configure:4141: /usr/bin/gcc --version >&5
gcc (Debian 6.3.0-18+deb9u1) 6.3.0 20170516
Copyright (C) 2016 Free Software Foundation, Inc.
This is free software; see the source for copying conditions.  There is NO
warranty; not even for MERCHANTABILITY or FITNESS FOR A PARTICULAR PURPOSE.

configure:4152: $? = 0
configure:4141: /usr/bin/gcc -v >&5
Using built-in specs.
COLLECT_GCC=/usr/bin/gcc
COLLECT_LTO_WRAPPER=/usr/lib/gcc/x86_64-linux-gnu/6/lto-wrapper
Target: x86_64-linux-gnu
Configured with: ../src/configure -v --with-pkgversion='Debian 6.3.0-18+deb9u1' --with-bugurl=file:///usr/share/doc/gcc-6/README.Bugs --enable-languages=c,ada,c++,java,go,d,fortran,objc,obj-c++ --prefix=/usr --program-suffix=-6 --program-prefix=x86_64-linux-gnu- --enable-shared --enable-linker-build-id --libexecdir=/usr/lib --without-included-gettext --enable-threads=posix --libdir=/usr/lib --enable-nls --with-sysroot=/ --enable-clocale=gnu --enable-libstdcxx-debug --enable-libstdcxx-time=yes --with-default-libstdcxx-abi=new --enable-gnu-unique-object --disable-vtable-verify --enable-libmpx --enable-plugin --enable-default-pie --with-system-zlib --disable-browser-plugin --enable-java-awt=gtk --enable-gtk-cairo --with-java-home=/usr/lib/jvm/java-1.5.0-gcj-6-amd64/jre --enable-java-home --with-jvm-root-dir=/usr/lib/jvm/java-1.5.0-gcj-6-amd64 --with-jvm-jar-dir=/usr/lib/jvm-exports/java-1.5.0-gcj-6-amd64 --with-arch-directory=amd64 --with-ecj-jar=/usr/share/java/eclipse-ecj.jar --with-target-system-zlib --enable-objc-gc=auto --enable-multiarch --with-arch-32=i686 --with-abi=m64 --with-multilib-list=m32,m64,mx32 --enable-multilib --with-tune=generic --enable-checking=release --build=x86_64-linux-gnu --host=x86_64-linux-gnu --target=x86_64-linux-gnu
Thread model: posix
gcc version 6.3.0 20170516 (Debian 6.3.0-18+deb9u1) 
configure:4152: $? = 0
configure:4141: /usr/bin/gcc -V >&5
gcc: error: unrecognized command line option '-V'
gcc: fatal error: no input files
compilation terminated.
configure:4152: $? = 1
configure:4141: /usr/bin/gcc -qversion >&5
gcc: error: unrecognized command line option '-qversion'; did you mean '--version'?
gcc: fatal error: no input files
compilation terminated.
configure:4152: $? = 1
configure:4156: checking whether we are using the GNU C compiler
configure:4184: result: yes
configure:4193: checking whether /usr/bin/gcc accepts -g
configure:4254: result: yes
configure:4271: checking for /usr/bin/gcc option to accept ISO C89
configure:4348: result: none needed
configure:4373: checking how to run the C preprocessor
configure:4404: /usr/bin/gcc -E  conftest.c
configure:4404: $? = 0
configure:4418: /usr/bin/gcc -E  conftest.c
conftest.c:11:28: fatal error: ac_nonexistent.h: No such file or directory
 #include <ac_nonexistent.h>
                            ^
compilation terminated.
configure:4418: $? = 1
configure: failed program was:
| /* confdefs.h */
| #define PACKAGE_NAME "gprof"
| #define PACKAGE_TARNAME "gprof"
| #define PACKAGE_VERSION "2.29.1"
| #define PACKAGE_STRING "gprof 2.29.1"
| #define PACKAGE_BUGREPORT ""
| #define PACKAGE_URL ""
| #define PACKAGE "gprof"
| #define VERSION "2.29.1"
| /* end confdefs.h.  */
| #include <ac_nonexistent.h>
configure:4443: result: /usr/bin/gcc -E
configure:4463: /usr/bin/gcc -E  conftest.c
configure:4463: $? = 0
configure:4477: /usr/bin/gcc -E  conftest.c
conftest.c:11:28: fatal error: ac_nonexistent.h: No such file or directory
 #include <ac_nonexistent.h>
                            ^
compilation terminated.
configure:4477: $? = 1
configure: failed program was:
| /* confdefs.h */
| #define PACKAGE_NAME "gprof"
| #define PACKAGE_TARNAME "gprof"
| #define PACKAGE_VERSION "2.29.1"
| #define PACKAGE_STRING "gprof 2.29.1"
| #define PACKAGE_BUGREPORT ""
| #define PACKAGE_URL ""
| #define PACKAGE "gprof"
| #define VERSION "2.29.1"
| /* end confdefs.h.  */
| #include <ac_nonexistent.h>
configure:4506: checking for grep that handles long lines and -e
configure:4564: result: /bin/grep
configure:4569: checking for egrep
configure:4631: result: /bin/grep -E
configure:4636: checking for ANSI C header files
configure:4656: /usr/bin/gcc -c -O2 -I/usr/src/output/host/include  conftest.c >&5
configure:4656: $? = 0
configure:4729: /usr/bin/gcc -o conftest -O2 -I/usr/src/output/host/include  -static-libstdc++ -static-libgcc -L/usr/src/output/host/lib -Wl,-rpath,/usr/src/output/host/lib conftest.c  >&5
configure:4729: $? = 0
configure:4729: ./conftest
configure:4729: $? = 0
configure:4740: result: yes
configure:4753: checking for sys/types.h
configure:4753: /usr/bin/gcc -c -O2 -I/usr/src/output/host/include  conftest.c >&5
configure:4753: $? = 0
configure:4753: result: yes
configure:4753: checking for sys/stat.h
configure:4753: /usr/bin/gcc -c -O2 -I/usr/src/output/host/include  conftest.c >&5
configure:4753: $? = 0
configure:4753: result: yes
configure:4753: checking for stdlib.h
configure:4753: /usr/bin/gcc -c -O2 -I/usr/src/output/host/include  conftest.c >&5
configure:4753: $? = 0
configure:4753: result: yes
configure:4753: checking for string.h
configure:4753: /usr/bin/gcc -c -O2 -I/usr/src/output/host/include  conftest.c >&5
configure:4753: $? = 0
configure:4753: result: yes
configure:4753: checking for memory.h
configure:4753: /usr/bin/gcc -c -O2 -I/usr/src/output/host/include  conftest.c >&5
configure:4753: $? = 0
configure:4753: result: yes
configure:4753: checking for strings.h
configure:4753: /usr/bin/gcc -c -O2 -I/usr/src/output/host/include  conftest.c >&5
configure:4753: $? = 0
configure:4753: result: yes
configure:4753: checking for inttypes.h
configure:4753: /usr/bin/gcc -c -O2 -I/usr/src/output/host/include  conftest.c >&5
configure:4753: $? = 0
configure:4753: result: yes
configure:4753: checking for stdint.h
configure:4753: /usr/bin/gcc -c -O2 -I/usr/src/output/host/include  conftest.c >&5
configure:4753: $? = 0
configure:4753: result: yes
configure:4753: checking for unistd.h
configure:4753: /usr/bin/gcc -c -O2 -I/usr/src/output/host/include  conftest.c >&5
configure:4753: $? = 0
configure:4753: result: yes
configure:4767: checking minix/config.h usability
configure:4767: /usr/bin/gcc -c -O2 -I/usr/src/output/host/include  conftest.c >&5
conftest.c:54:26: fatal error: minix/config.h: No such file or directory
 #include <minix/config.h>
                          ^
compilation terminated.
configure:4767: $? = 1
configure: failed program was:
| /* confdefs.h */
| #define PACKAGE_NAME "gprof"
| #define PACKAGE_TARNAME "gprof"
| #define PACKAGE_VERSION "2.29.1"
| #define PACKAGE_STRING "gprof 2.29.1"
| #define PACKAGE_BUGREPORT ""
| #define PACKAGE_URL ""
| #define PACKAGE "gprof"
| #define VERSION "2.29.1"
| #define STDC_HEADERS 1
| #define HAVE_SYS_TYPES_H 1
| #define HAVE_SYS_STAT_H 1
| #define HAVE_STDLIB_H 1
| #define HAVE_STRING_H 1
| #define HAVE_MEMORY_H 1
| #define HAVE_STRINGS_H 1
| #define HAVE_INTTYPES_H 1
| #define HAVE_STDINT_H 1
| #define HAVE_UNISTD_H 1
| /* end confdefs.h.  */
| #include <stdio.h>
| #ifdef HAVE_SYS_TYPES_H
| # include <sys/types.h>
| #endif
| #ifdef HAVE_SYS_STAT_H
| # include <sys/stat.h>
| #endif
| #ifdef STDC_HEADERS
| # include <stdlib.h>
| # include <stddef.h>
| #else
| # ifdef HAVE_STDLIB_H
| #  include <stdlib.h>
| # endif
| #endif
| #ifdef HAVE_STRING_H
| # if !defined STDC_HEADERS && defined HAVE_MEMORY_H
| #  include <memory.h>
| # endif
| # include <string.h>
| #endif
| #ifdef HAVE_STRINGS_H
| # include <strings.h>
| #endif
| #ifdef HAVE_INTTYPES_H
| # include <inttypes.h>
| #endif
| #ifdef HAVE_STDINT_H
| # include <stdint.h>
| #endif
| #ifdef HAVE_UNISTD_H
| # include <unistd.h>
| #endif
| #include <minix/config.h>
configure:4767: result: no
configure:4767: checking minix/config.h presence
configure:4767: /usr/bin/gcc -E  conftest.c
conftest.c:21:26: fatal error: minix/config.h: No such file or directory
 #include <minix/config.h>
                          ^
compilation terminated.
configure:4767: $? = 1
configure: failed program was:
| /* confdefs.h */
| #define PACKAGE_NAME "gprof"
| #define PACKAGE_TARNAME "gprof"
| #define PACKAGE_VERSION "2.29.1"
| #define PACKAGE_STRING "gprof 2.29.1"
| #define PACKAGE_BUGREPORT ""
| #define PACKAGE_URL ""
| #define PACKAGE "gprof"
| #define VERSION "2.29.1"
| #define STDC_HEADERS 1
| #define HAVE_SYS_TYPES_H 1
| #define HAVE_SYS_STAT_H 1
| #define HAVE_STDLIB_H 1
| #define HAVE_STRING_H 1
| #define HAVE_MEMORY_H 1
| #define HAVE_STRINGS_H 1
| #define HAVE_INTTYPES_H 1
| #define HAVE_STDINT_H 1
| #define HAVE_UNISTD_H 1
| /* end confdefs.h.  */
| #include <minix/config.h>
configure:4767: result: no
configure:4767: checking for minix/config.h
configure:4767: result: no
configure:4788: checking whether it is safe to define __EXTENSIONS__
configure:4806: /usr/bin/gcc -c -O2 -I/usr/src/output/host/include  conftest.c >&5
configure:4806: $? = 0
configure:4813: result: yes
configure:4877: checking how to print strings
configure:4904: result: printf
configure:4925: checking for a sed that does not truncate output
configure:4989: result: /bin/sed
configure:5007: checking for fgrep
configure:5069: result: /bin/grep -F
configure:5104: checking for ld used by /usr/bin/gcc
configure:5171: result: /usr/bin/ld
configure:5178: checking if the linker (/usr/bin/ld) is GNU ld
configure:5193: result: yes
configure:5205: checking for BSD- or MS-compatible name lister (nm)
configure:5254: result: /usr/bin/nm
configure:5384: checking the name lister (/usr/bin/nm) interface
configure:5391: /usr/bin/gcc -c -O2 -I/usr/src/output/host/include  conftest.c >&5
configure:5394: /usr/bin/nm "conftest.o"
configure:5397: output
0000000000000000 B some_variable
configure:5404: result: BSD nm
configure:5407: checking whether ln -s works
configure:5411: result: yes
configure:5419: checking the maximum length of command line arguments
configure:5544: result: 1572864
configure:5561: checking whether the shell understands some XSI constructs
configure:5571: result: yes
configure:5575: checking whether the shell understands "+="
configure:5581: result: yes
configure:5616: checking for /usr/bin/ld option to reload object files
configure:5623: result: -r
configure:5652: checking for x86_64-pc-linux-gnu-objdump
configure:5679: result: objdump
configure:5751: checking how to recognize dependent libraries
configure:5952: result: pass_all
configure:5972: checking for x86_64-pc-linux-gnu-ar
configure:5999: result: /usr/bin/ar
configure:6077: checking for x86_64-pc-linux-gnu-strip
configure:6107: result: no
configure:6117: checking for strip
configure:6133: found /usr/bin/strip
configure:6144: result: strip
configure:6176: checking for x86_64-pc-linux-gnu-ranlib
configure:6203: result: /usr/bin/ranlib
configure:6345: checking command to parse /usr/bin/nm output from /usr/bin/gcc object
configure:6463: /usr/bin/gcc -c -O2 -I/usr/src/output/host/include  conftest.c >&5
configure:6466: $? = 0
configure:6470: /usr/bin/nm conftest.o \| sed -n -e 's/^.*[ ]\([ABCDGIRSTW][ABCDGIRSTW]*\)[ ][ ]*\([_A-Za-z][_A-Za-z0-9]*\)$/\1 \2 \2/p' \> conftest.nm
configure:6473: $? = 0
configure:6527: /usr/bin/gcc -o conftest -O2 -I/usr/src/output/host/include  -static-libstdc++ -static-libgcc -L/usr/src/output/host/lib -Wl,-rpath,/usr/src/output/host/lib conftest.c conftstm.o >&5
configure:6530: $? = 0
configure:6568: result: ok
configure:6663: /usr/bin/gcc -c -O2 -I/usr/src/output/host/include  conftest.c >&5
configure:6666: $? = 0
configure:7416: checking for dlfcn.h
configure:7416: /usr/bin/gcc -c -O2 -I/usr/src/output/host/include  conftest.c >&5
configure:7416: $? = 0
configure:7416: result: yes
configure:7603: checking for objdir
configure:7618: result: .libs
configure:7889: checking if /usr/bin/gcc supports -fno-rtti -fno-exceptions
configure:7907: /usr/bin/gcc -c -O2 -I/usr/src/output/host/include  -fno-rtti -fno-exceptions conftest.c >&5
cc1: warning: command line option '-fno-rtti' is valid for C++/ObjC++ but not for C
configure:7911: $? = 0
configure:7924: result: no
configure:7944: checking for /usr/bin/gcc option to produce PIC
configure:8230: result: -fPIC -DPIC
configure:8242: checking if /usr/bin/gcc PIC flag -fPIC -DPIC works
configure:8260: /usr/bin/gcc -c -O2 -I/usr/src/output/host/include  -fPIC -DPIC -DPIC conftest.c >&5
configure:8264: $? = 0
configure:8277: result: yes
configure:8301: checking if /usr/bin/gcc static flag -static works
configure:8329: result: yes
configure:8344: checking if /usr/bin/gcc supports -c -o file.o
configure:8365: /usr/bin/gcc -c -O2 -I/usr/src/output/host/include  -o out/conftest2.o conftest.c >&5
configure:8369: $? = 0
configure:8391: result: yes
configure:8399: checking if /usr/bin/gcc supports -c -o file.o
configure:8446: result: yes
configure:8479: checking whether the /usr/bin/gcc linker (/usr/bin/ld -m elf_x86_64) supports shared libraries
configure:9550: result: yes
configure:9795: checking dynamic linker characteristics
configure:10246: /usr/bin/gcc -o conftest -O2 -I/usr/src/output/host/include  -static-libstdc++ -static-libgcc -L/usr/src/output/host/lib -Wl,-rpath,/usr/src/output/host/lib -Wl,-rpath -Wl,/foo conftest.c  >&5
configure:10246: $? = 0
configure:10468: result: GNU/Linux ld.so
configure:10575: checking how to hardcode library paths into programs
configure:10600: result: immediate
configure:11140: checking whether stripping libraries is possible
configure:11145: result: yes
configure:11180: checking if libtool supports shared libraries
configure:11182: result: yes
configure:11185: checking whether to build shared libraries
configure:11206: result: no
configure:11209: checking whether to build static libraries
configure:11213: result: yes
configure:11261: checking for dlfcn.h
configure:11261: result: yes
configure:11274: checking for windows.h
configure:11274: /usr/bin/gcc -c -O2 -I/usr/src/output/host/include  conftest.c >&5
conftest.c:63:21: fatal error: windows.h: No such file or directory
 #include <windows.h>
                     ^
compilation terminated.
configure:11274: $? = 1
configure: failed program was:
| /* confdefs.h */
| #define PACKAGE_NAME "gprof"
| #define PACKAGE_TARNAME "gprof"
| #define PACKAGE_VERSION "2.29.1"
| #define PACKAGE_STRING "gprof 2.29.1"
| #define PACKAGE_BUGREPORT ""
| #define PACKAGE_URL ""
| #define PACKAGE "gprof"
| #define VERSION "2.29.1"
| #define STDC_HEADERS 1
| #define HAVE_SYS_TYPES_H 1
| #define HAVE_SYS_STAT_H 1
| #define HAVE_STDLIB_H 1
| #define HAVE_STRING_H 1
| #define HAVE_MEMORY_H 1
| #define HAVE_STRINGS_H 1
| #define HAVE_INTTYPES_H 1
| #define HAVE_STDINT_H 1
| #define HAVE_UNISTD_H 1
| #define __EXTENSIONS__ 1
| #define _ALL_SOURCE 1
| #define _GNU_SOURCE 1
| #define _POSIX_PTHREAD_SEMANTICS 1
| #define _TANDEM_SOURCE 1
| #define HAVE_DLFCN_H 1
| #define LT_OBJDIR ".libs/"
| #define HAVE_DLFCN_H 1
| /* end confdefs.h.  */
| #include <stdio.h>
| #ifdef HAVE_SYS_TYPES_H
| # include <sys/types.h>
| #endif
| #ifdef HAVE_SYS_STAT_H
| # include <sys/stat.h>
| #endif
| #ifdef STDC_HEADERS
| # include <stdlib.h>
| # include <stddef.h>
| #else
| # ifdef HAVE_STDLIB_H
| #  include <stdlib.h>
| # endif
| #endif
| #ifdef HAVE_STRING_H
| # if !defined STDC_HEADERS && defined HAVE_MEMORY_H
| #  include <memory.h>
| # endif
| # include <string.h>
| #endif
| #ifdef HAVE_STRINGS_H
| # include <strings.h>
| #endif
| #ifdef HAVE_INTTYPES_H
| # include <inttypes.h>
| #endif
| #ifdef HAVE_STDINT_H
| # include <stdint.h>
| #endif
| #ifdef HAVE_UNISTD_H
| # include <unistd.h>
| #endif
| 
| #include <windows.h>
configure:11274: result: no
configure:11301: checking for library containing dlopen
configure:11332: /usr/bin/gcc -o conftest -O2 -I/usr/src/output/host/include  -static-libstdc++ -static-libgcc -L/usr/src/output/host/lib -Wl,-rpath,/usr/src/output/host/lib conftest.c  >&5
/tmp/ccGkzyIS.o: In function `main':
conftest.c:(.text.startup+0x7): undefined reference to `dlopen'
collect2: error: ld returned 1 exit status
configure:11332: $? = 1
configure: failed program was:
| /* confdefs.h */
| #define PACKAGE_NAME "gprof"
| #define PACKAGE_TARNAME "gprof"
| #define PACKAGE_VERSION "2.29.1"
| #define PACKAGE_STRING "gprof 2.29.1"
| #define PACKAGE_BUGREPORT ""
| #define PACKAGE_URL ""
| #define PACKAGE "gprof"
| #define VERSION "2.29.1"
| #define STDC_HEADERS 1
| #define HAVE_SYS_TYPES_H 1
| #define HAVE_SYS_STAT_H 1
| #define HAVE_STDLIB_H 1
| #define HAVE_STRING_H 1
| #define HAVE_MEMORY_H 1
| #define HAVE_STRINGS_H 1
| #define HAVE_INTTYPES_H 1
| #define HAVE_STDINT_H 1
| #define HAVE_UNISTD_H 1
| #define __EXTENSIONS__ 1
| #define _ALL_SOURCE 1
| #define _GNU_SOURCE 1
| #define _POSIX_PTHREAD_SEMANTICS 1
| #define _TANDEM_SOURCE 1
| #define HAVE_DLFCN_H 1
| #define LT_OBJDIR ".libs/"
| #define HAVE_DLFCN_H 1
| /* end confdefs.h.  */
| 
| /* Override any GCC internal prototype to avoid an error.
|    Use char because int might match the return type of a GCC
|    builtin and then its argument prototype would still apply.  */
| #ifdef __cplusplus
| extern "C"
| #endif
| char dlopen ();
| int
| main ()
| {
| return dlopen ();
|   ;
|   return 0;
| }
configure:11332: /usr/bin/gcc -o conftest -O2 -I/usr/src/output/host/include  -static-libstdc++ -static-libgcc -L/usr/src/output/host/lib -Wl,-rpath,/usr/src/output/host/lib conftest.c -ldl   >&5
configure:11332: $? = 0
configure:11349: result: -ldl
configure:11380: checking for special C compiler options needed for large files
configure:11425: result: no
configure:11431: checking for _FILE_OFFSET_BITS value needed for large files
configure:11456: /usr/bin/gcc -c -O2 -I/usr/src/output/host/include  conftest.c >&5
configure:11456: $? = 0
configure:11488: result: no
configure:11575: checking for setmode
configure:11575: /usr/bin/gcc -o conftest -O2 -I/usr/src/output/host/include  -static-libstdc++ -static-libgcc -L/usr/src/output/host/lib -Wl,-rpath,/usr/src/output/host/lib conftest.c -ldl  >&5
/tmp/cctRPIEb.o: In function `main':
conftest.c:(.text.startup+0x7): undefined reference to `setmode'
collect2: error: ld returned 1 exit status
configure:11575: $? = 1
configure: failed program was:
| /* confdefs.h */
| #define PACKAGE_NAME "gprof"
| #define PACKAGE_TARNAME "gprof"
| #define PACKAGE_VERSION "2.29.1"
| #define PACKAGE_STRING "gprof 2.29.1"
| #define PACKAGE_BUGREPORT ""
| #define PACKAGE_URL ""
| #define PACKAGE "gprof"
| #define VERSION "2.29.1"
| #define STDC_HEADERS 1
| #define HAVE_SYS_TYPES_H 1
| #define HAVE_SYS_STAT_H 1
| #define HAVE_STDLIB_H 1
| #define HAVE_STRING_H 1
| #define HAVE_MEMORY_H 1
| #define HAVE_STRINGS_H 1
| #define HAVE_INTTYPES_H 1
| #define HAVE_STDINT_H 1
| #define HAVE_UNISTD_H 1
| #define __EXTENSIONS__ 1
| #define _ALL_SOURCE 1
| #define _GNU_SOURCE 1
| #define _POSIX_PTHREAD_SEMANTICS 1
| #define _TANDEM_SOURCE 1
| #define HAVE_DLFCN_H 1
| #define LT_OBJDIR ".libs/"
| #define HAVE_DLFCN_H 1
| /* end confdefs.h.  */
| /* Define setmode to an innocuous variant, in case <limits.h> declares setmode.
|    For example, HP-UX 11i <limits.h> declares gettimeofday.  */
| #define setmode innocuous_setmode
| 
| /* System header to define __stub macros and hopefully few prototypes,
|     which can conflict with char setmode (); below.
|     Prefer <limits.h> to <assert.h> if __STDC__ is defined, since
|     <limits.h> exists even on freestanding compilers.  */
| 
| #ifdef __STDC__
| # include <limits.h>
| #else
| # include <assert.h>
| #endif
| 
| #undef setmode
| 
| /* Override any GCC internal prototype to avoid an error.
|    Use char because int might match the return type of a GCC
|    builtin and then its argument prototype would still apply.  */
| #ifdef __cplusplus
| extern "C"
| #endif
| char setmode ();
| /* The GNU C library defines this for functions which it implements
|     to always fail with ENOSYS.  Some functions are actually named
|     something starting with __ and the normal name is an alias.  */
| #if defined __stub_setmode || defined __stub___setmode
| choke me
| #endif
| 
| int
| main ()
| {
| return setmode ();
|   ;
|   return 0;
| }
configure:11575: result: no
configure:11599: checking whether NLS is requested
configure:11605: result: yes
configure:11611: checking for catalogs to be installed
configure:11643: result:  bg da de eo es fi fr ga hu id it ja ms nl pt_BR ro ru rw sr sv tr uk vi bg da de eo es fi fr ga hu id it ja ms nl pt_BR ro ru rw sr sv tr uk vi
configure:11670: checking whether NLS is requested
configure:11679: result: yes
configure:11717: checking for msgfmt
configure:11751: result: no
configure:11757: checking for gmsgfmt
configure:11788: result: :
configure:11828: checking for xgettext
configure:11862: result: no
configure:11899: checking for msgmerge
configure:11932: result: no
configure:11966: checking whether to enable maintainer-specific portions of Makefiles
configure:11975: result: no
configure:12000: checking sys/gmon_out.h usability
configure:12000: /usr/bin/gcc -c -O2 -I/usr/src/output/host/include  conftest.c >&5
configure:12000: $? = 0
configure:12000: result: yes
configure:12000: checking sys/gmon_out.h presence
configure:12000: /usr/bin/gcc -E  conftest.c
configure:12000: $? = 0
configure:12000: result: yes
configure:12000: checking for sys/gmon_out.h
configure:12000: result: yes
configure:12011: checking for a known getopt prototype in unistd.h
configure:12027: /usr/bin/gcc -c -O2 -I/usr/src/output/host/include  conftest.c >&5
configure:12027: $? = 0
configure:12035: result: yes
configure:12044: checking for library containing fabs
configure:12075: /usr/bin/gcc -o conftest -O2 -I/usr/src/output/host/include  -static-libstdc++ -static-libgcc -L/usr/src/output/host/lib -Wl,-rpath,/usr/src/output/host/lib conftest.c -ldl  >&5
conftest.c:39:6: warning: conflicting types for built-in function 'fabs'
 char fabs ();
      ^~~~
/tmp/ccubzMLR.o: In function `main':
conftest.c:(.text.startup+0x7): undefined reference to `fabs'
collect2: error: ld returned 1 exit status
configure:12075: $? = 1
configure: failed program was:
| /* confdefs.h */
| #define PACKAGE_NAME "gprof"
| #define PACKAGE_TARNAME "gprof"
| #define PACKAGE_VERSION "2.29.1"
| #define PACKAGE_STRING "gprof 2.29.1"
| #define PACKAGE_BUGREPORT ""
| #define PACKAGE_URL ""
| #define PACKAGE "gprof"
| #define VERSION "2.29.1"
| #define STDC_HEADERS 1
| #define HAVE_SYS_TYPES_H 1
| #define HAVE_SYS_STAT_H 1
| #define HAVE_STDLIB_H 1
| #define HAVE_STRING_H 1
| #define HAVE_MEMORY_H 1
| #define HAVE_STRINGS_H 1
| #define HAVE_INTTYPES_H 1
| #define HAVE_STDINT_H 1
| #define HAVE_UNISTD_H 1
| #define __EXTENSIONS__ 1
| #define _ALL_SOURCE 1
| #define _GNU_SOURCE 1
| #define _POSIX_PTHREAD_SEMANTICS 1
| #define _TANDEM_SOURCE 1
| #define HAVE_DLFCN_H 1
| #define LT_OBJDIR ".libs/"
| #define HAVE_DLFCN_H 1
| #define ENABLE_NLS 1
| #define HAVE_SYS_GMON_OUT_H 1
| #define HAVE_DECL_GETOPT 1
| /* end confdefs.h.  */
| 
| /* Override any GCC internal prototype to avoid an error.
|    Use char because int might match the return type of a GCC
|    builtin and then its argument prototype would still apply.  */
| #ifdef __cplusplus
| extern "C"
| #endif
| char fabs ();
| int
| main ()
| {
| return fabs ();
|   ;
|   return 0;
| }
configure:12075: /usr/bin/gcc -o conftest -O2 -I/usr/src/output/host/include  -static-libstdc++ -static-libgcc -L/usr/src/output/host/lib -Wl,-rpath,/usr/src/output/host/lib conftest.c -lm  -ldl  >&5
conftest.c:39:6: warning: conflicting types for built-in function 'fabs'
 char fabs ();
      ^~~~
configure:12075: $? = 0
configure:12092: result: -lm
configure:12326: updating cache ./config.cache
configure:12387: creating ./config.status

## ---------------------- ##
## Running config.status. ##
## ---------------------- ##

This file was extended by gprof config.status 2.29.1, which was
generated by GNU Autoconf 2.64.  Invocation command line was

  CONFIG_FILES    = 
  CONFIG_HEADERS  = 
  CONFIG_LINKS    = 
  CONFIG_COMMANDS = 
  $ ./config.status 

on c37c58f94407

config.status:1110: creating Makefile
config.status:1110: creating po/Makefile.in
config.status:1110: creating gconfig.h
config.status:1330: executing depfiles commands
config.status:1330: executing libtool commands
config.status:1330: executing default-1 commands

## ---------------- ##
## Cache variables. ##
## ---------------- ##

ac_cv_build=x86_64-pc-linux-gnu
ac_cv_c_compiler_gnu=yes
ac_cv_env_CC_set=set
ac_cv_env_CC_value=/usr/bin/gcc
ac_cv_env_CFLAGS_set=set
ac_cv_env_CFLAGS_value='-O2 -I/usr/src/output/host/include'
ac_cv_env_CPPFLAGS_set=
ac_cv_env_CPPFLAGS_value=
ac_cv_env_CPP_set=
ac_cv_env_CPP_value=
ac_cv_env_LDFLAGS_set=set
ac_cv_env_LDFLAGS_value='-static-libstdc++ -static-libgcc -L/usr/src/output/host/lib -Wl,-rpath,/usr/src/output/host/lib'
ac_cv_env_LIBS_set=
ac_cv_env_LIBS_value=
ac_cv_env_build_alias_set=set
ac_cv_env_build_alias_value=x86_64-pc-linux-gnu
ac_cv_env_host_alias_set=set
ac_cv_env_host_alias_value=x86_64-pc-linux-gnu
ac_cv_env_target_alias_set=set
ac_cv_env_target_alias_value=arm-buildroot-linux-uclibcgnueabihf
ac_cv_func_setmode=no
ac_cv_header_dlfcn_h=yes
ac_cv_header_inttypes_h=yes
ac_cv_header_memory_h=yes
ac_cv_header_minix_config_h=no
ac_cv_header_stdc=yes
ac_cv_header_stdint_h=yes
ac_cv_header_stdlib_h=yes
ac_cv_header_string_h=yes
ac_cv_header_strings_h=yes
ac_cv_header_sys_gmon_out_h=yes
ac_cv_header_sys_stat_h=yes
ac_cv_header_sys_types_h=yes
ac_cv_header_unistd_h=yes
ac_cv_header_windows_h=no
ac_cv_host=x86_64-pc-linux-gnu
ac_cv_objext=o
ac_cv_path_EGREP='/bin/grep -E'
ac_cv_path_FGREP='/bin/grep -F'
ac_cv_path_GMSGFMT=:
ac_cv_path_GREP=/bin/grep
ac_cv_path_MSGFMT=:
ac_cv_path_MSGMERGE=:
ac_cv_path_SED=/bin/sed
ac_cv_path_XGETTEXT=:
ac_cv_path_mkdir=/bin/mkdir
ac_cv_prog_AR=/usr/bin/ar
ac_cv_prog_AWK=mawk
ac_cv_prog_CC=/usr/bin/gcc
ac_cv_prog_CPP='/usr/bin/gcc -E'
ac_cv_prog_OBJDUMP=objdump
ac_cv_prog_RANLIB=/usr/bin/ranlib
ac_cv_prog_ac_ct_STRIP=strip
ac_cv_prog_cc_c89=
ac_cv_prog_cc_g=yes
ac_cv_prog_make__usr_bin_make_set=yes
ac_cv_safe_to_define___extensions__=yes
ac_cv_search_dlopen=-ldl
ac_cv_search_fabs=-lm
ac_cv_search_strerror='none required'
ac_cv_sys_file_offset_bits=no
ac_cv_sys_largefile_CC=no
ac_cv_target=arm-buildroot-linux-uclibcgnueabihf
am_cv_CC_dependencies_compiler_type=none
gprof_cv_decl_getopt_unistd_h=yes
lt_cv_deplibs_check_method=pass_all
lt_cv_file_magic_cmd='$MAGIC_CMD'
lt_cv_file_magic_test_file=
lt_cv_ld_reload_flag=-r
lt_cv_nm_interface='BSD nm'
lt_cv_objdir=.libs
lt_cv_path_LD=/usr/bin/ld
lt_cv_path_NM=/usr/bin/nm
lt_cv_prog_compiler_c_o=yes
lt_cv_prog_compiler_pic_works=yes
lt_cv_prog_compiler_rtti_exceptions=no
lt_cv_prog_compiler_static_works=yes
lt_cv_prog_gnu_ld=yes
lt_cv_shlibpath_overrides_runpath=yes
lt_cv_sys_global_symbol_pipe='sed -n -e '\''s/^.*[	 ]\([ABCDGIRSTW][ABCDGIRSTW]*\)[	 ][	 ]*\([_A-Za-z][_A-Za-z0-9]*\)$/\1 \2 \2/p'\'''
lt_cv_sys_global_symbol_to_c_name_address='sed -n -e '\''s/^: \([^ ]*\) $/  {\"\1\", (void *) 0},/p'\'' -e '\''s/^[ABCDGIRSTW]* \([^ ]*\) \([^ ]*\)$/  {"\2", (void *) \&\2},/p'\'''
lt_cv_sys_global_symbol_to_c_name_address_lib_prefix='sed -n -e '\''s/^: \([^ ]*\) $/  {\"\1\", (void *) 0},/p'\'' -e '\''s/^[ABCDGIRSTW]* \([^ ]*\) \(lib[^ ]*\)$/  {"\2", (void *) \&\2},/p'\'' -e '\''s/^[ABCDGIRSTW]* \([^ ]*\) \([^ ]*\)$/  {"lib\2", (void *) \&\2},/p'\'''
lt_cv_sys_global_symbol_to_cdecl='sed -n -e '\''s/^T .* \(.*\)$/extern int \1();/p'\'' -e '\''s/^[ABCDGIRSTW]* .* \(.*\)$/extern char \1;/p'\'''
lt_cv_sys_max_cmd_len=1572864

## ----------------- ##
## Output variables. ##
## ----------------- ##

ACLOCAL='${SHELL} /usr/src/output/build/host-binutils-2.29.1/missing --run aclocal-1.11'
AMDEPBACKSLASH=''
AMDEP_FALSE=''
AMDEP_TRUE='#'
AMTAR='$${TAR-tar}'
AR='/usr/bin/ar'
AUTOCONF='${SHELL} /usr/src/output/build/host-binutils-2.29.1/missing --run autoconf'
AUTOHEADER='${SHELL} /usr/src/output/build/host-binutils-2.29.1/missing --run autoheader'
AUTOMAKE='${SHELL} /usr/src/output/build/host-binutils-2.29.1/missing --run automake-1.11'
AWK='mawk'
CATALOGS=' bg.gmo da.gmo de.gmo eo.gmo es.gmo fi.gmo fr.gmo ga.gmo hu.gmo id.gmo it.gmo ja.gmo ms.gmo nl.gmo pt_BR.gmo ro.gmo ru.gmo rw.gmo sr.gmo sv.gmo tr.gmo uk.gmo vi.gmo bg.gmo da.gmo de.gmo eo.gmo es.gmo fi.gmo fr.gmo ga.gmo hu.gmo id.gmo it.gmo ja.gmo ms.gmo nl.gmo pt_BR.gmo ro.gmo ru.gmo rw.gmo sr.gmo sv.gmo tr.gmo uk.gmo vi.gmo'
CATOBJEXT='.gmo'
CC='/usr/bin/gcc'
CCDEPMODE='depmode=none'
CFLAGS='-O2 -I/usr/src/output/host/include'
CPP='/usr/bin/gcc -E'
CPPFLAGS=''
CYGPATH_W='echo'
DATADIRNAME='share'
DEFS='-DHAVE_CONFIG_H'
DEPDIR='.deps'
DSYMUTIL=''
DUMPBIN=''
ECHO_C=''
ECHO_N='-n'
ECHO_T=''
EGREP='/bin/grep -E'
EXEEXT=''
FGREP='/bin/grep -F'
GENCAT='gencat'
GENINSRC_NEVER_FALSE=''
GENINSRC_NEVER_TRUE='#'
GMSGFMT=':'
GREP='/bin/grep'
INCINTL=''
INSTALL_DATA='/usr/bin/install -c -m 644'
INSTALL_PROGRAM='/usr/bin/install -c'
INSTALL_SCRIPT='/usr/bin/install -c'
INSTALL_STRIP_PROGRAM='$(install_sh) -c -s'
INSTOBJEXT='.mo'
LD='/usr/bin/ld -m elf_x86_64'
LDFLAGS='-static-libstdc++ -static-libgcc -L/usr/src/output/host/lib -Wl,-rpath,/usr/src/output/host/lib'
LIBINTL=''
LIBINTL_DEP=''
LIBOBJS=''
LIBS='-lm -ldl '
LIBTOOL='$(SHELL) $(top_builddir)/libtool'
LIPO=''
LN_S='ln -s'
LTLIBOBJS=''
MAINT='#'
MAINTAINER_MODE_FALSE=''
MAINTAINER_MODE_TRUE='#'
MAKEINFO='true --split-size=5000000'
MKDIR_P='/bin/mkdir -p'
MKINSTALLDIRS='$(top_builddir)/./../mkinstalldirs'
MSGFMT=':'
MSGMERGE=':'
NM='/usr/bin/nm'
NMEDIT=''
NO_WERROR=''
OBJDUMP='objdump'
OBJEXT='o'
OTOOL64=''
OTOOL=''
PACKAGE='gprof'
PACKAGE_BUGREPORT=''
PACKAGE_NAME='gprof'
PACKAGE_STRING='gprof 2.29.1'
PACKAGE_TARNAME='gprof'
PACKAGE_URL=''
PACKAGE_VERSION='2.29.1'
PATH_SEPARATOR=':'
POSUB='po'
RANLIB='/usr/bin/ranlib'
SED='/bin/sed'
SET_MAKE=''
SHELL='/bin/bash'
STRIP='strip'
USE_NLS='yes'
VERSION='2.29.1'
WARN_CFLAGS='-W -Wall -Wstrict-prototypes -Wmissing-prototypes -Wshadow -Wstack-usage=262144'
WARN_CFLAGS_FOR_BUILD='-W -Wall -Wstrict-prototypes -Wmissing-prototypes -Wshadow -Wstack-usage=262144'
WARN_WRITE_STRINGS='-Wwrite-strings'
XGETTEXT=':'
ac_ct_CC=''
ac_ct_DUMPBIN=''
am__EXEEXT_FALSE=''
am__EXEEXT_TRUE='#'
am__fastdepCC_FALSE=''
am__fastdepCC_TRUE='#'
am__include='include'
am__isrc=''
am__leading_dot='.'
am__nodep=''
am__quote=''
am__tar='$${TAR-tar} chof - "$$tardir"'
am__untar='$${TAR-tar} xf -'
bindir='${exec_prefix}/bin'
build='x86_64-pc-linux-gnu'
build_alias='x86_64-pc-linux-gnu'
build_cpu='x86_64'
build_os='linux-gnu'
build_vendor='pc'
datadir='${datarootdir}'
datarootdir='${prefix}/share'
docdir='${datarootdir}/doc/${PACKAGE_TARNAME}'
dvidir='${docdir}'
exec_prefix='${prefix}'
host='x86_64-pc-linux-gnu'
host_alias='x86_64-pc-linux-gnu'
host_cpu='x86_64'
host_os='linux-gnu'
host_vendor='pc'
htmldir='${docdir}'
includedir='${prefix}/include'
infodir='${datarootdir}/info'
install_sh='${SHELL} /usr/src/output/build/host-binutils-2.29.1/install-sh'
libdir='${exec_prefix}/lib'
libexecdir='${exec_prefix}/libexec'
localedir='${datarootdir}/locale'
localstatedir='/usr/src/output/host/var'
mandir='${datarootdir}/man'
mkdir_p='/bin/mkdir -p'
oldincludedir='/usr/include'
pdfdir='${docdir}'
prefix='/usr/src/output/host'
program_transform_name='s&^&arm-buildroot-linux-uclibcgnueabihf-&'
psdir='${docdir}'
sbindir='${exec_prefix}/sbin'
sharedstatedir='${prefix}/com'
sysconfdir='/usr/src/output/host/etc'
target='arm-buildroot-linux-uclibcgnueabihf'
target_alias='arm-buildroot-linux-uclibcgnueabihf'
target_cpu='arm'
target_os='linux-uclibcgnueabihf'
target_vendor='buildroot'

## ----------- ##
## confdefs.h. ##
## ----------- ##

/* confdefs.h */
#define PACKAGE_NAME "gprof"
#define PACKAGE_TARNAME "gprof"
#define PACKAGE_VERSION "2.29.1"
#define PACKAGE_STRING "gprof 2.29.1"
#define PACKAGE_BUGREPORT ""
#define PACKAGE_URL ""
#define PACKAGE "gprof"
#define VERSION "2.29.1"
#define STDC_HEADERS 1
#define HAVE_SYS_TYPES_H 1
#define HAVE_SYS_STAT_H 1
#define HAVE_STDLIB_H 1
#define HAVE_STRING_H 1
#define HAVE_MEMORY_H 1
#define HAVE_STRINGS_H 1
#define HAVE_INTTYPES_H 1
#define HAVE_STDINT_H 1
#define HAVE_UNISTD_H 1
#define __EXTENSIONS__ 1
#define _ALL_SOURCE 1
#define _GNU_SOURCE 1
#define _POSIX_PTHREAD_SEMANTICS 1
#define _TANDEM_SOURCE 1
#define HAVE_DLFCN_H 1
#define LT_OBJDIR ".libs/"
#define HAVE_DLFCN_H 1
#define ENABLE_NLS 1
#define HAVE_SYS_GMON_OUT_H 1
#define HAVE_DECL_GETOPT 1

configure: exit 0
