This file contains any messages produced by compilers while
running configure, to aid debugging if configure makes a mistake.

It was created by configure, which was
generated by GNU Autoconf 2.64.  Invocation command line was

  $ /usr/src/output/build/host-gcc-initial-6.4.0/intl/configure --srcdir=../../intl --cache-file=./config.cache --prefix=/usr/src/output/host --sysconfdir=/usr/src/output/host/etc --localstatedir=/usr/src/output/host/var --enable-shared --disable-static --disable-gtk-doc --disable-gtk-doc-html --disable-doc --disable-docs --disable-documentation --disable-debug --with-xmlto=no --with-fop=no --disable-dependency-tracking --with-sysroot=/usr/src/output/host/arm-buildroot-linux-uclibcgnueabihf/sysroot --disable-__cxa_atexit --with-gnu-ld --disable-libssp --disable-multilib --with-gmp=/usr/src/output/host --with-mpc=/usr/src/output/host --with-mpfr=/usr/src/output/host --with-pkgversion=Buildroot 2018.02.1-gba7f6ed-dirty --with-bugurl=http://bugs.buildroot.net/ --disable-libquadmath --disable-libsanitizer --enable-tls --disable-libmudflap --enable-threads --without-isl --without-cloog --disable-decimal-float --with-abi=aapcs-linux --with-cpu=cortex-a7 --with-fpu=neon-vfpv4 --with-float=hard --with-mode=arm --disable-shared --without-headers --disable-threads --with-newlib --disable-largefile --disable-nls --enable-languages=c,lto --program-transform-name=s&^&arm-buildroot-linux-uclibcgnueabihf-& --disable-option-checking --build=x86_64-pc-linux-gnu --host=x86_64-pc-linux-gnu --target=arm-buildroot-linux-uclibcgnueabihf

## --------- ##
## Platform. ##
## --------- ##

hostname = c37c58f94407
uname -m = x86_64
uname -r = 4.15.0-42-generic
uname -s = Linux
uname -v = #45~16.04.1-Ubuntu SMP Mon Nov 19 13:02:27 UTC 2018

/usr/bin/uname -p = unknown
/bin/uname -X     = unknown

/bin/arch              = unknown
/usr/bin/arch -k       = unknown
/usr/convex/getsysinfo = unknown
/usr/bin/hostinfo      = unknown
/bin/machine           = unknown
/usr/bin/oslevel       = unknown
/bin/universe          = unknown

PATH: /usr/src/output/host/bin
PATH: /usr/src/output/host/sbin
PATH: /usr/local/sbin
PATH: /usr/local/bin
PATH: /usr/sbin
PATH: /usr/bin
PATH: /sbin
PATH: /bin


## ----------- ##
## Core tests. ##
## ----------- ##

configure:2096: creating cache ./config.cache
configure:2177: checking whether make sets $(MAKE)
configure:2199: result: yes
configure:2245: checking for a BSD-compatible install
configure:2313: result: /usr/bin/install -c
configure:2338: checking whether NLS is requested
configure:2347: result: no
configure:2385: checking for msgfmt
configure:2419: result: no
configure:2425: checking for gmsgfmt
configure:2456: result: :
configure:2496: checking for xgettext
configure:2530: result: no
configure:2567: checking for msgmerge
configure:2600: result: no
configure:2640: checking for x86_64-pc-linux-gnu-gcc
configure:2667: result: /usr/bin/gcc
configure:2936: checking for C compiler version
configure:2945: /usr/bin/gcc --version >&5
gcc (Debian 6.3.0-18+deb9u1) 6.3.0 20170516
Copyright (C) 2016 Free Software Foundation, Inc.
This is free software; see the source for copying conditions.  There is NO
warranty; not even for MERCHANTABILITY or FITNESS FOR A PARTICULAR PURPOSE.

configure:2956: $? = 0
configure:2945: /usr/bin/gcc -v >&5
Using built-in specs.
COLLECT_GCC=/usr/bin/gcc
COLLECT_LTO_WRAPPER=/usr/lib/gcc/x86_64-linux-gnu/6/lto-wrapper
Target: x86_64-linux-gnu
Configured with: ../src/configure -v --with-pkgversion='Debian 6.3.0-18+deb9u1' --with-bugurl=file:///usr/share/doc/gcc-6/README.Bugs --enable-languages=c,ada,c++,java,go,d,fortran,objc,obj-c++ --prefix=/usr --program-suffix=-6 --program-prefix=x86_64-linux-gnu- --enable-shared --enable-linker-build-id --libexecdir=/usr/lib --without-included-gettext --enable-threads=posix --libdir=/usr/lib --enable-nls --with-sysroot=/ --enable-clocale=gnu --enable-libstdcxx-debug --enable-libstdcxx-time=yes --with-default-libstdcxx-abi=new --enable-gnu-unique-object --disable-vtable-verify --enable-libmpx --enable-plugin --enable-default-pie --with-system-zlib --disable-browser-plugin --enable-java-awt=gtk --enable-gtk-cairo --with-java-home=/usr/lib/jvm/java-1.5.0-gcj-6-amd64/jre --enable-java-home --with-jvm-root-dir=/usr/lib/jvm/java-1.5.0-gcj-6-amd64 --with-jvm-jar-dir=/usr/lib/jvm-exports/java-1.5.0-gcj-6-amd64 --with-arch-directory=amd64 --with-ecj-jar=/usr/share/java/eclipse-ecj.jar --with-target-system-zlib --enable-objc-gc=auto --enable-multiarch --with-arch-32=i686 --with-abi=m64 --with-multilib-list=m32,m64,mx32 --enable-multilib --with-tune=generic --enable-checking=release --build=x86_64-linux-gnu --host=x86_64-linux-gnu --target=x86_64-linux-gnu
Thread model: posix
gcc version 6.3.0 20170516 (Debian 6.3.0-18+deb9u1) 
configure:2956: $? = 0
configure:2945: /usr/bin/gcc -V >&5
gcc: error: unrecognized command line option '-V'
gcc: fatal error: no input files
compilation terminated.
configure:2956: $? = 1
configure:2945: /usr/bin/gcc -qversion >&5
gcc: error: unrecognized command line option '-qversion'; did you mean '--version'?
gcc: fatal error: no input files
compilation terminated.
configure:2956: $? = 1
configure:2976: checking for C compiler default output file name
configure:2998: /usr/bin/gcc -O2 -I/usr/src/output/host/include  -static-libstdc++ -static-libgcc -L/usr/src/output/host/lib -Wl,-rpath,/usr/src/output/host/lib conftest.c  >&5
configure:3002: $? = 0
configure:3039: result: a.out
configure:3055: checking whether the C compiler works
configure:3064: ./a.out
configure:3068: $? = 0
configure:3083: result: yes
configure:3090: checking whether we are cross compiling
configure:3092: result: no
configure:3095: checking for suffix of executables
configure:3102: /usr/bin/gcc -o conftest -O2 -I/usr/src/output/host/include  -static-libstdc++ -static-libgcc -L/usr/src/output/host/lib -Wl,-rpath,/usr/src/output/host/lib conftest.c  >&5
configure:3106: $? = 0
configure:3128: result: 
configure:3134: checking for suffix of object files
configure:3156: /usr/bin/gcc -c -O2 -I/usr/src/output/host/include  conftest.c >&5
configure:3160: $? = 0
configure:3181: result: o
configure:3185: checking whether we are using the GNU C compiler
configure:3204: /usr/bin/gcc -c -O2 -I/usr/src/output/host/include  conftest.c >&5
configure:3204: $? = 0
configure:3213: result: yes
configure:3222: checking whether /usr/bin/gcc accepts -g
configure:3242: /usr/bin/gcc -c -g  conftest.c >&5
configure:3242: $? = 0
configure:3283: result: yes
configure:3300: checking for /usr/bin/gcc option to accept ISO C89
configure:3364: /usr/bin/gcc  -c -O2 -I/usr/src/output/host/include  conftest.c >&5
configure:3364: $? = 0
configure:3377: result: none needed
configure:3401: checking build system type
configure:3415: result: x86_64-pc-linux-gnu
configure:3435: checking host system type
configure:3448: result: x86_64-pc-linux-gnu
configure:3471: checking for x86_64-pc-linux-gnu-ranlib
configure:3498: result: /usr/bin/ranlib
configure:3561: checking for library containing strerror
configure:3592: /usr/bin/gcc -o conftest -O2 -I/usr/src/output/host/include  -static-libstdc++ -static-libgcc -L/usr/src/output/host/lib -Wl,-rpath,/usr/src/output/host/lib conftest.c  >&5
configure:3592: $? = 0
configure:3609: result: none required
configure:3622: checking how to run the C preprocessor
configure:3653: /usr/bin/gcc -E  conftest.c
configure:3653: $? = 0
configure:3667: /usr/bin/gcc -E  conftest.c
conftest.c:9:28: fatal error: ac_nonexistent.h: No such file or directory
 #include <ac_nonexistent.h>
                            ^
compilation terminated.
configure:3667: $? = 1
configure: failed program was:
| /* confdefs.h */
| #define PACKAGE_NAME ""
| #define PACKAGE_TARNAME ""
| #define PACKAGE_VERSION ""
| #define PACKAGE_STRING ""
| #define PACKAGE_BUGREPORT ""
| #define PACKAGE_URL ""
| /* end confdefs.h.  */
| #include <ac_nonexistent.h>
configure:3692: result: /usr/bin/gcc -E
configure:3712: /usr/bin/gcc -E  conftest.c
configure:3712: $? = 0
configure:3726: /usr/bin/gcc -E  conftest.c
conftest.c:9:28: fatal error: ac_nonexistent.h: No such file or directory
 #include <ac_nonexistent.h>
                            ^
compilation terminated.
configure:3726: $? = 1
configure: failed program was:
| /* confdefs.h */
| #define PACKAGE_NAME ""
| #define PACKAGE_TARNAME ""
| #define PACKAGE_VERSION ""
| #define PACKAGE_STRING ""
| #define PACKAGE_BUGREPORT ""
| #define PACKAGE_URL ""
| /* end confdefs.h.  */
| #include <ac_nonexistent.h>
configure:3755: checking for grep that handles long lines and -e
configure:3813: result: /bin/grep
configure:3818: checking for egrep
configure:3880: result: /bin/grep -E
configure:3885: checking for ANSI C header files
configure:3905: /usr/bin/gcc -c -O2 -I/usr/src/output/host/include  conftest.c >&5
configure:3905: $? = 0
configure:3978: /usr/bin/gcc -o conftest -O2 -I/usr/src/output/host/include  -static-libstdc++ -static-libgcc -L/usr/src/output/host/lib -Wl,-rpath,/usr/src/output/host/lib conftest.c  >&5
configure:3978: $? = 0
configure:3978: ./conftest
configure:3978: $? = 0
configure:3989: result: yes
configure:3997: checking for an ANSI C-conforming const
configure:4062: /usr/bin/gcc -c -O2 -I/usr/src/output/host/include  conftest.c >&5
configure:4062: $? = 0
configure:4069: result: yes
configure:4077: checking for inline
configure:4093: /usr/bin/gcc -c -O2 -I/usr/src/output/host/include  conftest.c >&5
configure:4093: $? = 0
configure:4101: result: inline
configure:4124: checking for sys/types.h
configure:4124: /usr/bin/gcc -c -O2 -I/usr/src/output/host/include  conftest.c >&5
configure:4124: $? = 0
configure:4124: result: yes
configure:4124: checking for sys/stat.h
configure:4124: /usr/bin/gcc -c -O2 -I/usr/src/output/host/include  conftest.c >&5
configure:4124: $? = 0
configure:4124: result: yes
configure:4124: checking for stdlib.h
configure:4124: /usr/bin/gcc -c -O2 -I/usr/src/output/host/include  conftest.c >&5
configure:4124: $? = 0
configure:4124: result: yes
configure:4124: checking for string.h
configure:4124: /usr/bin/gcc -c -O2 -I/usr/src/output/host/include  conftest.c >&5
configure:4124: $? = 0
configure:4124: result: yes
configure:4124: checking for memory.h
configure:4124: /usr/bin/gcc -c -O2 -I/usr/src/output/host/include  conftest.c >&5
configure:4124: $? = 0
configure:4124: result: yes
configure:4124: checking for strings.h
configure:4124: /usr/bin/gcc -c -O2 -I/usr/src/output/host/include  conftest.c >&5
configure:4124: $? = 0
configure:4124: result: yes
configure:4124: checking for inttypes.h
configure:4124: /usr/bin/gcc -c -O2 -I/usr/src/output/host/include  conftest.c >&5
configure:4124: $? = 0
configure:4124: result: yes
configure:4124: checking for stdint.h
configure:4124: /usr/bin/gcc -c -O2 -I/usr/src/output/host/include  conftest.c >&5
configure:4124: $? = 0
configure:4124: result: yes
configure:4124: checking for unistd.h
configure:4124: /usr/bin/gcc -c -O2 -I/usr/src/output/host/include  conftest.c >&5
configure:4124: $? = 0
configure:4124: result: yes
configure:4137: checking for off_t
configure:4137: /usr/bin/gcc -c -O2 -I/usr/src/output/host/include  conftest.c >&5
configure:4137: $? = 0
configure:4137: /usr/bin/gcc -c -O2 -I/usr/src/output/host/include  conftest.c >&5
conftest.c: In function 'main':
conftest.c:55:20: error: expected expression before ')' token
 if (sizeof ((off_t)))
                    ^
configure:4137: $? = 1
configure: failed program was:
| /* confdefs.h */
| #define PACKAGE_NAME ""
| #define PACKAGE_TARNAME ""
| #define PACKAGE_VERSION ""
| #define PACKAGE_STRING ""
| #define PACKAGE_BUGREPORT ""
| #define PACKAGE_URL ""
| #define STDC_HEADERS 1
| #define HAVE_SYS_TYPES_H 1
| #define HAVE_SYS_STAT_H 1
| #define HAVE_STDLIB_H 1
| #define HAVE_STRING_H 1
| #define HAVE_MEMORY_H 1
| #define HAVE_STRINGS_H 1
| #define HAVE_INTTYPES_H 1
| #define HAVE_STDINT_H 1
| #define HAVE_UNISTD_H 1
| /* end confdefs.h.  */
| #include <stdio.h>
| #ifdef HAVE_SYS_TYPES_H
| # include <sys/types.h>
| #endif
| #ifdef HAVE_SYS_STAT_H
| # include <sys/stat.h>
| #endif
| #ifdef STDC_HEADERS
| # include <stdlib.h>
| # include <stddef.h>
| #else
| # ifdef HAVE_STDLIB_H
| #  include <stdlib.h>
| # endif
| #endif
| #ifdef HAVE_STRING_H
| # if !defined STDC_HEADERS && defined HAVE_MEMORY_H
| #  include <memory.h>
| # endif
| # include <string.h>
| #endif
| #ifdef HAVE_STRINGS_H
| # include <strings.h>
| #endif
| #ifdef HAVE_INTTYPES_H
| # include <inttypes.h>
| #endif
| #ifdef HAVE_STDINT_H
| # include <stdint.h>
| #endif
| #ifdef HAVE_UNISTD_H
| # include <unistd.h>
| #endif
| int
| main ()
| {
| if (sizeof ((off_t)))
| 	    return 0;
|   ;
|   return 0;
| }
configure:4137: result: yes
configure:4148: checking for size_t
configure:4148: /usr/bin/gcc -c -O2 -I/usr/src/output/host/include  conftest.c >&5
configure:4148: $? = 0
configure:4148: /usr/bin/gcc -c -O2 -I/usr/src/output/host/include  conftest.c >&5
conftest.c: In function 'main':
conftest.c:55:21: error: expected expression before ')' token
 if (sizeof ((size_t)))
                     ^
configure:4148: $? = 1
configure: failed program was:
| /* confdefs.h */
| #define PACKAGE_NAME ""
| #define PACKAGE_TARNAME ""
| #define PACKAGE_VERSION ""
| #define PACKAGE_STRING ""
| #define PACKAGE_BUGREPORT ""
| #define PACKAGE_URL ""
| #define STDC_HEADERS 1
| #define HAVE_SYS_TYPES_H 1
| #define HAVE_SYS_STAT_H 1
| #define HAVE_STDLIB_H 1
| #define HAVE_STRING_H 1
| #define HAVE_MEMORY_H 1
| #define HAVE_STRINGS_H 1
| #define HAVE_INTTYPES_H 1
| #define HAVE_STDINT_H 1
| #define HAVE_UNISTD_H 1
| /* end confdefs.h.  */
| #include <stdio.h>
| #ifdef HAVE_SYS_TYPES_H
| # include <sys/types.h>
| #endif
| #ifdef HAVE_SYS_STAT_H
| # include <sys/stat.h>
| #endif
| #ifdef STDC_HEADERS
| # include <stdlib.h>
| # include <stddef.h>
| #else
| # ifdef HAVE_STDLIB_H
| #  include <stdlib.h>
| # endif
| #endif
| #ifdef HAVE_STRING_H
| # if !defined STDC_HEADERS && defined HAVE_MEMORY_H
| #  include <memory.h>
| # endif
| # include <string.h>
| #endif
| #ifdef HAVE_STRINGS_H
| # include <strings.h>
| #endif
| #ifdef HAVE_INTTYPES_H
| # include <inttypes.h>
| #endif
| #ifdef HAVE_STDINT_H
| # include <stdint.h>
| #endif
| #ifdef HAVE_UNISTD_H
| # include <unistd.h>
| #endif
| int
| main ()
| {
| if (sizeof ((size_t)))
| 	    return 0;
|   ;
|   return 0;
| }
configure:4148: result: yes
configure:4161: checking for working alloca.h
configure:4178: /usr/bin/gcc -o conftest -O2 -I/usr/src/output/host/include  -static-libstdc++ -static-libgcc -L/usr/src/output/host/lib -Wl,-rpath,/usr/src/output/host/lib conftest.c  >&5
configure:4178: $? = 0
configure:4186: result: yes
configure:4194: checking for alloca
configure:4231: /usr/bin/gcc -o conftest -O2 -I/usr/src/output/host/include  -static-libstdc++ -static-libgcc -L/usr/src/output/host/lib -Wl,-rpath,/usr/src/output/host/lib conftest.c  >&5
configure:4231: $? = 0
configure:4239: result: yes
configure:4352: checking for stdlib.h
configure:4352: result: yes
configure:4352: checking for unistd.h
configure:4352: result: yes
configure:4365: checking for getpagesize
configure:4365: /usr/bin/gcc -o conftest -O2 -I/usr/src/output/host/include  -static-libstdc++ -static-libgcc -L/usr/src/output/host/lib -Wl,-rpath,/usr/src/output/host/lib conftest.c  >&5
configure:4365: $? = 0
configure:4365: result: yes
configure:4374: checking for working mmap
configure:4511: /usr/bin/gcc -o conftest -O2 -I/usr/src/output/host/include  -static-libstdc++ -static-libgcc -L/usr/src/output/host/lib -Wl,-rpath,/usr/src/output/host/lib conftest.c  >&5
configure:4511: $? = 0
configure:4511: ./conftest
configure:4511: $? = 0
configure:4521: result: yes
configure:4531: checking whether we are using the GNU C Library 2.1 or newer
configure:4558: result: yes
configure:4566: checking whether integer division by zero raises SIGFPE
configure:4623: /usr/bin/gcc -o conftest -O2 -I/usr/src/output/host/include  -static-libstdc++ -static-libgcc -L/usr/src/output/host/lib -Wl,-rpath,/usr/src/output/host/lib conftest.c  >&5
conftest.c:43:5: warning: built-in function 'nan' declared as non-function
 int nan;
     ^~~
configure:4623: $? = 0
configure:4623: ./conftest
configure:4623: $? = 0
configure:4634: result: yes
configure:4647: checking for inttypes.h
configure:4664: /usr/bin/gcc -c -O2 -I/usr/src/output/host/include  conftest.c >&5
configure:4664: $? = 0
configure:4671: result: yes
configure:4682: checking for stdint.h
configure:4699: /usr/bin/gcc -c -O2 -I/usr/src/output/host/include  conftest.c >&5
configure:4699: $? = 0
configure:4706: result: yes
configure:4717: checking for unsigned long long
configure:4734: /usr/bin/gcc -o conftest -O2 -I/usr/src/output/host/include  -static-libstdc++ -static-libgcc -L/usr/src/output/host/lib -Wl,-rpath,/usr/src/output/host/lib conftest.c  >&5
configure:4734: $? = 0
configure:4742: result: yes
configure:4770: checking for inttypes.h
configure:4788: /usr/bin/gcc -c -O2 -I/usr/src/output/host/include  conftest.c >&5
configure:4788: $? = 0
configure:4796: result: yes
configure:4809: checking whether the inttypes.h PRIxNN macros are broken
configure:4830: /usr/bin/gcc -c -O2 -I/usr/src/output/host/include  conftest.c >&5
configure:4830: $? = 0
configure:4838: result: no
configure:4855: checking argz.h usability
configure:4855: /usr/bin/gcc -c -O2 -I/usr/src/output/host/include  conftest.c >&5
configure:4855: $? = 0
configure:4855: result: yes
configure:4855: checking argz.h presence
configure:4855: /usr/bin/gcc -E  conftest.c
configure:4855: $? = 0
configure:4855: result: yes
configure:4855: checking for argz.h
configure:4855: result: yes
configure:4855: checking limits.h usability
configure:4855: /usr/bin/gcc -c -O2 -I/usr/src/output/host/include  conftest.c >&5
configure:4855: $? = 0
configure:4855: result: yes
configure:4855: checking limits.h presence
configure:4855: /usr/bin/gcc -E  conftest.c
configure:4855: $? = 0
configure:4855: result: yes
configure:4855: checking for limits.h
configure:4855: result: yes
configure:4855: checking locale.h usability
configure:4855: /usr/bin/gcc -c -O2 -I/usr/src/output/host/include  conftest.c >&5
configure:4855: $? = 0
configure:4855: result: yes
configure:4855: checking locale.h presence
configure:4855: /usr/bin/gcc -E  conftest.c
configure:4855: $? = 0
configure:4855: result: yes
configure:4855: checking for locale.h
configure:4855: result: yes
configure:4855: checking nl_types.h usability
configure:4855: /usr/bin/gcc -c -O2 -I/usr/src/output/host/include  conftest.c >&5
configure:4855: $? = 0
configure:4855: result: yes
configure:4855: checking nl_types.h presence
configure:4855: /usr/bin/gcc -E  conftest.c
configure:4855: $? = 0
configure:4855: result: yes
configure:4855: checking for nl_types.h
configure:4855: result: yes
configure:4855: checking malloc.h usability
configure:4855: /usr/bin/gcc -c -O2 -I/usr/src/output/host/include  conftest.c >&5
configure:4855: $? = 0
configure:4855: result: yes
configure:4855: checking malloc.h presence
configure:4855: /usr/bin/gcc -E  conftest.c
configure:4855: $? = 0
configure:4855: result: yes
configure:4855: checking for malloc.h
configure:4855: result: yes
configure:4855: checking stddef.h usability
configure:4855: /usr/bin/gcc -c -O2 -I/usr/src/output/host/include  conftest.c >&5
configure:4855: $? = 0
configure:4855: result: yes
configure:4855: checking stddef.h presence
configure:4855: /usr/bin/gcc -E  conftest.c
configure:4855: $? = 0
configure:4855: result: yes
configure:4855: checking for stddef.h
configure:4855: result: yes
configure:4855: checking for stdlib.h
configure:4855: result: yes
configure:4855: checking for string.h
configure:4855: result: yes
configure:4855: checking for unistd.h
configure:4855: result: yes
configure:4855: checking sys/param.h usability
configure:4855: /usr/bin/gcc -c -O2 -I/usr/src/output/host/include  conftest.c >&5
configure:4855: $? = 0
configure:4855: result: yes
configure:4855: checking sys/param.h presence
configure:4855: /usr/bin/gcc -E  conftest.c
configure:4855: $? = 0
configure:4855: result: yes
configure:4855: checking for sys/param.h
configure:4855: result: yes
configure:4872: checking for feof_unlocked
configure:4872: /usr/bin/gcc -o conftest -O2 -I/usr/src/output/host/include  -static-libstdc++ -static-libgcc -L/usr/src/output/host/lib -Wl,-rpath,/usr/src/output/host/lib conftest.c  >&5
configure:4872: $? = 0
configure:4872: result: yes
configure:4872: checking for fgets_unlocked
configure:4872: /usr/bin/gcc -o conftest -O2 -I/usr/src/output/host/include  -static-libstdc++ -static-libgcc -L/usr/src/output/host/lib -Wl,-rpath,/usr/src/output/host/lib conftest.c  >&5
configure:4872: $? = 0
configure:4872: result: yes
configure:4872: checking for getc_unlocked
configure:4872: /usr/bin/gcc -o conftest -O2 -I/usr/src/output/host/include  -static-libstdc++ -static-libgcc -L/usr/src/output/host/lib -Wl,-rpath,/usr/src/output/host/lib conftest.c  >&5
configure:4872: $? = 0
configure:4872: result: yes
configure:4872: checking for getcwd
configure:4872: /usr/bin/gcc -o conftest -O2 -I/usr/src/output/host/include  -static-libstdc++ -static-libgcc -L/usr/src/output/host/lib -Wl,-rpath,/usr/src/output/host/lib conftest.c  >&5
configure:4872: $? = 0
configure:4872: result: yes
configure:4872: checking for getegid
configure:4872: /usr/bin/gcc -o conftest -O2 -I/usr/src/output/host/include  -static-libstdc++ -static-libgcc -L/usr/src/output/host/lib -Wl,-rpath,/usr/src/output/host/lib conftest.c  >&5
configure:4872: $? = 0
configure:4872: result: yes
configure:4872: checking for geteuid
configure:4872: /usr/bin/gcc -o conftest -O2 -I/usr/src/output/host/include  -static-libstdc++ -static-libgcc -L/usr/src/output/host/lib -Wl,-rpath,/usr/src/output/host/lib conftest.c  >&5
configure:4872: $? = 0
configure:4872: result: yes
configure:4872: checking for getgid
configure:4872: /usr/bin/gcc -o conftest -O2 -I/usr/src/output/host/include  -static-libstdc++ -static-libgcc -L/usr/src/output/host/lib -Wl,-rpath,/usr/src/output/host/lib conftest.c  >&5
configure:4872: $? = 0
configure:4872: result: yes
configure:4872: checking for getuid
configure:4872: /usr/bin/gcc -o conftest -O2 -I/usr/src/output/host/include  -static-libstdc++ -static-libgcc -L/usr/src/output/host/lib -Wl,-rpath,/usr/src/output/host/lib conftest.c  >&5
configure:4872: $? = 0
configure:4872: result: yes
configure:4872: checking for mempcpy
configure:4872: /usr/bin/gcc -o conftest -O2 -I/usr/src/output/host/include  -static-libstdc++ -static-libgcc -L/usr/src/output/host/lib -Wl,-rpath,/usr/src/output/host/lib conftest.c  >&5
conftest.c:72:6: warning: conflicting types for built-in function 'mempcpy'
 char mempcpy ();
      ^~~~~~~
configure:4872: $? = 0
configure:4872: result: yes
configure:4872: checking for munmap
configure:4872: /usr/bin/gcc -o conftest -O2 -I/usr/src/output/host/include  -static-libstdc++ -static-libgcc -L/usr/src/output/host/lib -Wl,-rpath,/usr/src/output/host/lib conftest.c  >&5
configure:4872: $? = 0
configure:4872: result: yes
configure:4872: checking for putenv
configure:4872: /usr/bin/gcc -o conftest -O2 -I/usr/src/output/host/include  -static-libstdc++ -static-libgcc -L/usr/src/output/host/lib -Wl,-rpath,/usr/src/output/host/lib conftest.c  >&5
configure:4872: $? = 0
configure:4872: result: yes
configure:4872: checking for setenv
configure:4872: /usr/bin/gcc -o conftest -O2 -I/usr/src/output/host/include  -static-libstdc++ -static-libgcc -L/usr/src/output/host/lib -Wl,-rpath,/usr/src/output/host/lib conftest.c  >&5
configure:4872: $? = 0
configure:4872: result: yes
configure:4872: checking for setlocale
configure:4872: /usr/bin/gcc -o conftest -O2 -I/usr/src/output/host/include  -static-libstdc++ -static-libgcc -L/usr/src/output/host/lib -Wl,-rpath,/usr/src/output/host/lib conftest.c  >&5
configure:4872: $? = 0
configure:4872: result: yes
configure:4872: checking for stpcpy
configure:4872: /usr/bin/gcc -o conftest -O2 -I/usr/src/output/host/include  -static-libstdc++ -static-libgcc -L/usr/src/output/host/lib -Wl,-rpath,/usr/src/output/host/lib conftest.c  >&5
conftest.c:77:6: warning: conflicting types for built-in function 'stpcpy'
 char stpcpy ();
      ^~~~~~
configure:4872: $? = 0
configure:4872: result: yes
configure:4872: checking for strcasecmp
configure:4872: /usr/bin/gcc -o conftest -O2 -I/usr/src/output/host/include  -static-libstdc++ -static-libgcc -L/usr/src/output/host/lib -Wl,-rpath,/usr/src/output/host/lib conftest.c  >&5
conftest.c:78:6: warning: conflicting types for built-in function 'strcasecmp'
 char strcasecmp ();
      ^~~~~~~~~~
configure:4872: $? = 0
configure:4872: result: yes
configure:4872: checking for strdup
configure:4872: /usr/bin/gcc -o conftest -O2 -I/usr/src/output/host/include  -static-libstdc++ -static-libgcc -L/usr/src/output/host/lib -Wl,-rpath,/usr/src/output/host/lib conftest.c  >&5
conftest.c:79:6: warning: conflicting types for built-in function 'strdup'
 char strdup ();
      ^~~~~~
configure:4872: $? = 0
configure:4872: result: yes
configure:4872: checking for strtoul
configure:4872: /usr/bin/gcc -o conftest -O2 -I/usr/src/output/host/include  -static-libstdc++ -static-libgcc -L/usr/src/output/host/lib -Wl,-rpath,/usr/src/output/host/lib conftest.c  >&5
configure:4872: $? = 0
configure:4872: result: yes
configure:4872: checking for tsearch
configure:4872: /usr/bin/gcc -o conftest -O2 -I/usr/src/output/host/include  -static-libstdc++ -static-libgcc -L/usr/src/output/host/lib -Wl,-rpath,/usr/src/output/host/lib conftest.c  >&5
configure:4872: $? = 0
configure:4872: result: yes
configure:4872: checking for __argz_count
configure:4872: /usr/bin/gcc -o conftest -O2 -I/usr/src/output/host/include  -static-libstdc++ -static-libgcc -L/usr/src/output/host/lib -Wl,-rpath,/usr/src/output/host/lib conftest.c  >&5
configure:4872: $? = 0
configure:4872: result: yes
configure:4872: checking for __argz_stringify
configure:4872: /usr/bin/gcc -o conftest -O2 -I/usr/src/output/host/include  -static-libstdc++ -static-libgcc -L/usr/src/output/host/lib -Wl,-rpath,/usr/src/output/host/lib conftest.c  >&5
configure:4872: $? = 0
configure:4872: result: yes
configure:4872: checking for __argz_next
configure:4872: /usr/bin/gcc -o conftest -O2 -I/usr/src/output/host/include  -static-libstdc++ -static-libgcc -L/usr/src/output/host/lib -Wl,-rpath,/usr/src/output/host/lib conftest.c  >&5
configure:4872: $? = 0
configure:4872: result: yes
configure:4872: checking for __fsetlocking
configure:4872: /usr/bin/gcc -o conftest -O2 -I/usr/src/output/host/include  -static-libstdc++ -static-libgcc -L/usr/src/output/host/lib -Wl,-rpath,/usr/src/output/host/lib conftest.c  >&5
configure:4872: $? = 0
configure:4872: result: yes
configure:4900: checking for iconv
configure:4926: /usr/bin/gcc -o conftest -O2 -I/usr/src/output/host/include  -static-libstdc++ -static-libgcc -L/usr/src/output/host/lib -Wl,-rpath,/usr/src/output/host/lib conftest.c  >&5
configure:4926: $? = 0
configure:5005: result: yes
configure:5029: checking for iconv declaration
configure:5058: /usr/bin/gcc -c -O2 -I/usr/src/output/host/include   conftest.c >&5
configure:5058: $? = 0
configure:5069: result: install-shextern size_t iconv (iconv_t cd, char * *inbuf, size_t *inbytesleft, char * *outbuf, size_t *outbytesleft);
configure:5080: checking for nl_langinfo and CODESET
configure:5096: /usr/bin/gcc -o conftest -O2 -I/usr/src/output/host/include   -static-libstdc++ -static-libgcc -L/usr/src/output/host/lib -Wl,-rpath,/usr/src/output/host/lib conftest.c    >&5
configure:5096: $? = 0
configure:5105: result: yes
configure:5115: checking for LC_MESSAGES
configure:5131: /usr/bin/gcc -o conftest -O2 -I/usr/src/output/host/include   -static-libstdc++ -static-libgcc -L/usr/src/output/host/lib -Wl,-rpath,/usr/src/output/host/lib conftest.c    >&5
configure:5131: $? = 0
configure:5139: result: yes
configure:5153: checking for bison
configure:5183: result: no
configure:5250: checking for ld used by GCC
configure:5313: result: /usr/bin/ld
configure:5320: checking if the linker (/usr/bin/ld) is GNU ld
GNU ld (GNU Binutils for Debian) 2.28
configure:5332: result: yes
configure:5338: checking for shared library run path origin
configure:5351: result: done
configure:5383: checking whether NLS is requested
configure:5392: result: no
configure:5950: checking whether to use NLS
configure:5952: result: no
configure:6080: checking for aclocal
configure:6110: result: no
configure:6123: checking for autoconf
configure:6153: result: no
configure:6166: checking for autoheader
configure:6196: result: no
configure:6302: updating cache ./config.cache
configure:6339: creating ./config.status

## ---------------------- ##
## Running config.status. ##
## ---------------------- ##

This file was extended by config.status, which was
generated by GNU Autoconf 2.64.  Invocation command line was

  CONFIG_FILES    = 
  CONFIG_HEADERS  = 
  CONFIG_LINKS    = 
  CONFIG_COMMANDS = 
  $ ./config.status 

on c37c58f94407

config.status:910: creating Makefile
config.status:910: creating config.intl
config.status:910: creating config.h
config.status:1083: executing default-1 commands

## ---------------- ##
## Cache variables. ##
## ---------------- ##

ac_cv_build=x86_64-pc-linux-gnu
ac_cv_c_compiler_gnu=yes
ac_cv_c_const=yes
ac_cv_c_inline=inline
ac_cv_env_CC_set=set
ac_cv_env_CC_value=/usr/bin/gcc
ac_cv_env_CFLAGS_set=set
ac_cv_env_CFLAGS_value='-O2 -I/usr/src/output/host/include'
ac_cv_env_CPPFLAGS_set=
ac_cv_env_CPPFLAGS_value=
ac_cv_env_CPP_set=
ac_cv_env_CPP_value=
ac_cv_env_LDFLAGS_set=set
ac_cv_env_LDFLAGS_value='-static-libstdc++ -static-libgcc -L/usr/src/output/host/lib -Wl,-rpath,/usr/src/output/host/lib'
ac_cv_env_LIBS_set=
ac_cv_env_LIBS_value=
ac_cv_env_build_alias_set=set
ac_cv_env_build_alias_value=x86_64-pc-linux-gnu
ac_cv_env_host_alias_set=set
ac_cv_env_host_alias_value=x86_64-pc-linux-gnu
ac_cv_env_target_alias_set=set
ac_cv_env_target_alias_value=arm-buildroot-linux-uclibcgnueabihf
ac_cv_func___argz_count=yes
ac_cv_func___argz_next=yes
ac_cv_func___argz_stringify=yes
ac_cv_func___fsetlocking=yes
ac_cv_func_alloca_works=yes
ac_cv_func_feof_unlocked=yes
ac_cv_func_fgets_unlocked=yes
ac_cv_func_getc_unlocked=yes
ac_cv_func_getcwd=yes
ac_cv_func_getegid=yes
ac_cv_func_geteuid=yes
ac_cv_func_getgid=yes
ac_cv_func_getpagesize=yes
ac_cv_func_getuid=yes
ac_cv_func_mempcpy=yes
ac_cv_func_mmap_fixed_mapped=yes
ac_cv_func_munmap=yes
ac_cv_func_putenv=yes
ac_cv_func_setenv=yes
ac_cv_func_setlocale=yes
ac_cv_func_stpcpy=yes
ac_cv_func_strcasecmp=yes
ac_cv_func_strdup=yes
ac_cv_func_strtoul=yes
ac_cv_func_tsearch=yes
ac_cv_gnu_library_2_1=yes
ac_cv_header_argz_h=yes
ac_cv_header_inttypes_h=yes
ac_cv_header_limits_h=yes
ac_cv_header_locale_h=yes
ac_cv_header_malloc_h=yes
ac_cv_header_memory_h=yes
ac_cv_header_nl_types_h=yes
ac_cv_header_stdc=yes
ac_cv_header_stddef_h=yes
ac_cv_header_stdint_h=yes
ac_cv_header_stdlib_h=yes
ac_cv_header_string_h=yes
ac_cv_header_strings_h=yes
ac_cv_header_sys_param_h=yes
ac_cv_header_sys_stat_h=yes
ac_cv_header_sys_types_h=yes
ac_cv_header_unistd_h=yes
ac_cv_host=x86_64-pc-linux-gnu
ac_cv_objext=o
ac_cv_path_EGREP='/bin/grep -E'
ac_cv_path_GMSGFMT=:
ac_cv_path_GREP=/bin/grep
ac_cv_path_MSGFMT=:
ac_cv_path_MSGMERGE=:
ac_cv_path_XGETTEXT=:
ac_cv_path_install='/usr/bin/install -c'
ac_cv_prog_CC=/usr/bin/gcc
ac_cv_prog_CPP='/usr/bin/gcc -E'
ac_cv_prog_RANLIB=/usr/bin/ranlib
ac_cv_prog_cc_c89=
ac_cv_prog_cc_g=yes
ac_cv_prog_make_make_set=yes
ac_cv_search_strerror='none required'
ac_cv_type_off_t=yes
ac_cv_type_size_t=yes
ac_cv_type_unsigned_long_long=yes
ac_cv_working_alloca_h=yes
acl_cv_hardcode_direct=no
acl_cv_hardcode_libdir_flag_spec='${wl}-rpath ${wl}$libdir'
acl_cv_hardcode_libdir_separator=
acl_cv_hardcode_minus_L=no
acl_cv_libext=a
acl_cv_path_LD=/usr/bin/ld
acl_cv_prog_gnu_ld=yes
acl_cv_rpath=done
acl_cv_shlibext=so
acl_cv_wl=-Wl,
am_cv_build_libiconv_path=
am_cv_func_iconv=yes
am_cv_langinfo_codeset=yes
am_cv_lib_iconv=no
am_cv_proto_iconv='extern size_t iconv (iconv_t cd, char * *inbuf, size_t *inbytesleft, char * *outbuf, size_t *outbytesleft);'
am_cv_proto_iconv_arg1=
am_cv_use_build_libiconv=no
am_cv_val_LC_MESSAGES=yes
gcc_cv_libc_provides_ssp=no
gt_cv_header_inttypes_h=yes
gt_cv_int_divbyzero_sigfpe=yes
gt_cv_inttypes_pri_broken=no
jm_ac_cv_header_inttypes_h=yes
jm_ac_cv_header_stdint_h=yes
nls_cv_header_intl=
nls_cv_header_libgt=

## ----------------- ##
## Output variables. ##
## ----------------- ##

ACLOCAL='/usr/src/output/build/host-gcc-initial-6.4.0/missing aclocal'
ALLOCA=''
AUTOCONF='/usr/src/output/build/host-gcc-initial-6.4.0/missing autoconf'
AUTOHEADER='/usr/src/output/build/host-gcc-initial-6.4.0/missing autoheader'
BUILD_INCLUDED_LIBINTL='no'
CATOBJEXT=''
CC='/usr/bin/gcc'
CFLAGS='-O2 -I/usr/src/output/host/include'
CPP='/usr/bin/gcc -E'
CPPFLAGS=' '
DATADIRNAME='share'
DEFS='-DHAVE_CONFIG_H'
ECHO_C=''
ECHO_N='-n'
ECHO_T=''
EGREP='/bin/grep -E'
EXEEXT=''
GENCAT='gencat'
GLIBC21='yes'
GMSGFMT=':'
GREP='/bin/grep'
INCINTL=''
INSTALL_DATA='${INSTALL} -m 644'
INSTALL_PROGRAM='${INSTALL}'
INSTALL_SCRIPT='${INSTALL}'
INSTOBJEXT='.mo'
INTLBISON=':'
INTLLIBS=''
INTLOBJS=''
INTL_LIBTOOL_SUFFIX_PREFIX=''
LDFLAGS='-static-libstdc++ -static-libgcc -L/usr/src/output/host/lib -Wl,-rpath,/usr/src/output/host/lib'
LIBINTL=''
LIBINTL_DEP=''
LIBOBJS=''
LIBS='  '
LTLIBINTL=''
LTLIBOBJS=''
MAINT='#'
MKINSTALLDIRS='$(top_builddir)/../../intl/../mkinstalldirs'
MSGFMT=':'
MSGMERGE=':'
OBJEXT='o'
PACKAGE_BUGREPORT=''
PACKAGE_NAME=''
PACKAGE_STRING=''
PACKAGE_TARNAME=''
PACKAGE_URL=''
PACKAGE_VERSION=''
PATH_SEPARATOR=':'
POSUB=''
RANLIB='/usr/bin/ranlib'
SET_MAKE=''
SHELL='/bin/bash'
USE_INCLUDED_LIBINTL='no'
USE_NLS='no'
XGETTEXT=':'
ac_ct_CC=''
bindir='${exec_prefix}/bin'
build='x86_64-pc-linux-gnu'
build_alias='x86_64-pc-linux-gnu'
build_cpu='x86_64'
build_os='linux-gnu'
build_vendor='pc'
datadir='${datarootdir}'
datarootdir='${prefix}/share'
docdir='${datarootdir}/doc/${PACKAGE}'
dvidir='${docdir}'
exec_prefix='${prefix}'
host='x86_64-pc-linux-gnu'
host_alias='x86_64-pc-linux-gnu'
host_cpu='x86_64'
host_os='linux-gnu'
host_vendor='pc'
htmldir='${docdir}'
includedir='${prefix}/include'
infodir='${datarootdir}/info'
libdir='${exec_prefix}/lib'
libexecdir='${exec_prefix}/libexec'
localedir='${datarootdir}/locale'
localstatedir='/usr/src/output/host/var'
mandir='${datarootdir}/man'
oldincludedir='/usr/include'
pdfdir='${docdir}'
prefix='/usr/src/output/host'
program_transform_name='s&^&arm-buildroot-linux-uclibcgnueabihf-&'
psdir='${docdir}'
sbindir='${exec_prefix}/sbin'
sharedstatedir='${prefix}/com'
sysconfdir='/usr/src/output/host/etc'
target_alias='arm-buildroot-linux-uclibcgnueabihf'

## ----------- ##
## confdefs.h. ##
## ----------- ##

/* confdefs.h */
#define PACKAGE_NAME ""
#define PACKAGE_TARNAME ""
#define PACKAGE_VERSION ""
#define PACKAGE_STRING ""
#define PACKAGE_BUGREPORT ""
#define PACKAGE_URL ""
#define STDC_HEADERS 1
#define HAVE_SYS_TYPES_H 1
#define HAVE_SYS_STAT_H 1
#define HAVE_STDLIB_H 1
#define HAVE_STRING_H 1
#define HAVE_MEMORY_H 1
#define HAVE_STRINGS_H 1
#define HAVE_INTTYPES_H 1
#define HAVE_STDINT_H 1
#define HAVE_UNISTD_H 1
#define HAVE_ALLOCA_H 1
#define HAVE_ALLOCA 1
#define HAVE_STDLIB_H 1
#define HAVE_UNISTD_H 1
#define HAVE_GETPAGESIZE 1
#define HAVE_MMAP 1
#define INTDIV0_RAISES_SIGFPE 1
#define HAVE_INTTYPES_H_WITH_UINTMAX 1
#define HAVE_STDINT_H_WITH_UINTMAX 1
#define HAVE_UNSIGNED_LONG_LONG 1
#define HAVE_UINTMAX_T 1
#define HAVE_INTTYPES_H 1
#define HAVE_ARGZ_H 1
#define HAVE_LIMITS_H 1
#define HAVE_LOCALE_H 1
#define HAVE_NL_TYPES_H 1
#define HAVE_MALLOC_H 1
#define HAVE_STDDEF_H 1
#define HAVE_STDLIB_H 1
#define HAVE_STRING_H 1
#define HAVE_UNISTD_H 1
#define HAVE_SYS_PARAM_H 1
#define HAVE_FEOF_UNLOCKED 1
#define HAVE_FGETS_UNLOCKED 1
#define HAVE_GETC_UNLOCKED 1
#define HAVE_GETCWD 1
#define HAVE_GETEGID 1
#define HAVE_GETEUID 1
#define HAVE_GETGID 1
#define HAVE_GETUID 1
#define HAVE_MEMPCPY 1
#define HAVE_MUNMAP 1
#define HAVE_PUTENV 1
#define HAVE_SETENV 1
#define HAVE_SETLOCALE 1
#define HAVE_STPCPY 1
#define HAVE_STRCASECMP 1
#define HAVE_STRDUP 1
#define HAVE_STRTOUL 1
#define HAVE_TSEARCH 1
#define HAVE___ARGZ_COUNT 1
#define HAVE___ARGZ_STRINGIFY 1
#define HAVE___ARGZ_NEXT 1
#define HAVE___FSETLOCKING 1
#define HAVE_ICONV 1
#define ICONV_CONST 
#define HAVE_LANGINFO_CODESET 1
#define HAVE_LC_MESSAGES 1
#define IN_LIBINTL 1
#define IN_LIBRARY 1
#define DEPENDS_ON_LIBICONV 1
#define ENABLE_RELOCATABLE 1
#define NO_XMALLOC 1
#define set_relocation_prefix libintl_set_relocation_prefix
#define relocate libintl_relocate

configure: exit 0
