The target system is: Buildroot -  - armv7l
The host system is: Linux - 4.15.0-42-generic - x86_64
Compiling the C compiler identification source file "CMakeCCompilerId.c" succeeded.
Compiler: /usr/src/output/host/bin/arm-buildroot-linux-uclibcgnueabihf-gcc 
Build flags: -D_LARGEFILE_SOURCE;-D_LARGEFILE64_SOURCE;-D_FILE_OFFSET_BITS=64;-Os
Id flags:  

The output was:
0


Compilation of the C compiler identification source "CMakeCCompilerId.c" produced "a.out"

The C compiler identification is GNU, found in "/usr/src/output/build/jsoncpp-1.8.3/CMakeFiles/3.8.2/CompilerIdC/a.out"

Compiling the CXX compiler identification source file "CMakeCXXCompilerId.cpp" succeeded.
Compiler: /usr/src/output/host/bin/arm-buildroot-linux-uclibcgnueabihf-g++ 
Build flags: -D_LARGEFILE_SOURCE;-D_LARGEFILE64_SOURCE;-D_FILE_OFFSET_BITS=64;-Os
Id flags:  

The output was:
0


Compilation of the CXX compiler identification source "CMakeCXXCompilerId.cpp" produced "a.out"

The CXX compiler identification is GNU, found in "/usr/src/output/build/jsoncpp-1.8.3/CMakeFiles/3.8.2/CompilerIdCXX/a.out"

Determining if the C compiler works passed with the following output:
Change Dir: /usr/src/output/build/jsoncpp-1.8.3/CMakeFiles/CMakeTmp

Run Build Command:"/usr/bin/make" "cmTC_c1ad5/fast"
make[1]: Entering directory '/usr/src/output/build/jsoncpp-1.8.3/CMakeFiles/CMakeTmp'
/usr/bin/make -f CMakeFiles/cmTC_c1ad5.dir/build.make CMakeFiles/cmTC_c1ad5.dir/build
make[2]: Entering directory '/usr/src/output/build/jsoncpp-1.8.3/CMakeFiles/CMakeTmp'
Building C object CMakeFiles/cmTC_c1ad5.dir/testCCompiler.c.o
/usr/src/output/host/bin/arm-buildroot-linux-uclibcgnueabihf-gcc --sysroot=/usr/src/output/host/arm-buildroot-linux-uclibcgnueabihf/sysroot   -D_LARGEFILE_SOURCE -D_LARGEFILE64_SOURCE -D_FILE_OFFSET_BITS=64 -Os   -DNDEBUG   -o CMakeFiles/cmTC_c1ad5.dir/testCCompiler.c.o   -c /usr/src/output/build/jsoncpp-1.8.3/CMakeFiles/CMakeTmp/testCCompiler.c
Linking C executable cmTC_c1ad5
/usr/src/output/host/bin/cmake -E cmake_link_script CMakeFiles/cmTC_c1ad5.dir/link.txt --verbose=1
/usr/src/output/host/bin/arm-buildroot-linux-uclibcgnueabihf-gcc --sysroot=/usr/src/output/host/arm-buildroot-linux-uclibcgnueabihf/sysroot -D_LARGEFILE_SOURCE -D_LARGEFILE64_SOURCE -D_FILE_OFFSET_BITS=64 -Os   -DNDEBUG    -rdynamic CMakeFiles/cmTC_c1ad5.dir/testCCompiler.c.o  -o cmTC_c1ad5 
make[2]: Leaving directory '/usr/src/output/build/jsoncpp-1.8.3/CMakeFiles/CMakeTmp'
make[1]: Leaving directory '/usr/src/output/build/jsoncpp-1.8.3/CMakeFiles/CMakeTmp'


Detecting C compiler ABI info compiled with the following output:
Change Dir: /usr/src/output/build/jsoncpp-1.8.3/CMakeFiles/CMakeTmp

Run Build Command:"/usr/bin/make" "cmTC_a4cb5/fast"
make[1]: Entering directory '/usr/src/output/build/jsoncpp-1.8.3/CMakeFiles/CMakeTmp'
/usr/bin/make -f CMakeFiles/cmTC_a4cb5.dir/build.make CMakeFiles/cmTC_a4cb5.dir/build
make[2]: Entering directory '/usr/src/output/build/jsoncpp-1.8.3/CMakeFiles/CMakeTmp'
Building C object CMakeFiles/cmTC_a4cb5.dir/CMakeCCompilerABI.c.o
/usr/src/output/host/bin/arm-buildroot-linux-uclibcgnueabihf-gcc --sysroot=/usr/src/output/host/arm-buildroot-linux-uclibcgnueabihf/sysroot   -D_LARGEFILE_SOURCE -D_LARGEFILE64_SOURCE -D_FILE_OFFSET_BITS=64 -Os   -DNDEBUG   -o CMakeFiles/cmTC_a4cb5.dir/CMakeCCompilerABI.c.o   -c /usr/src/output/host/share/cmake-3.8/Modules/CMakeCCompilerABI.c
Linking C executable cmTC_a4cb5
/usr/src/output/host/bin/cmake -E cmake_link_script CMakeFiles/cmTC_a4cb5.dir/link.txt --verbose=1
/usr/src/output/host/bin/arm-buildroot-linux-uclibcgnueabihf-gcc --sysroot=/usr/src/output/host/arm-buildroot-linux-uclibcgnueabihf/sysroot -D_LARGEFILE_SOURCE -D_LARGEFILE64_SOURCE -D_FILE_OFFSET_BITS=64 -Os   -DNDEBUG   -v -rdynamic CMakeFiles/cmTC_a4cb5.dir/CMakeCCompilerABI.c.o  -o cmTC_a4cb5 
Using built-in specs.
COLLECT_GCC=/usr/src/output/host/bin/arm-buildroot-linux-uclibcgnueabihf-gcc.br_real
COLLECT_LTO_WRAPPER=/usr/src/output/host/libexec/gcc/arm-buildroot-linux-uclibcgnueabihf/6.4.0/lto-wrapper
Target: arm-buildroot-linux-uclibcgnueabihf
Configured with: ./configure --prefix=/usr/src/output/host --sysconfdir=/usr/src/output/host/etc --enable-static --target=arm-buildroot-linux-uclibcgnueabihf --with-sysroot=/usr/src/output/host/arm-buildroot-linux-uclibcgnueabihf/sysroot --disable-__cxa_atexit --with-gnu-ld --disable-libssp --disable-multilib --with-gmp=/usr/src/output/host --with-mpc=/usr/src/output/host --with-mpfr=/usr/src/output/host --with-pkgversion='Buildroot 2018.02.1-gba7f6ed-dirty' --with-bugurl=http://bugs.buildroot.net/ --disable-libquadmath --disable-libsanitizer --enable-tls --disable-libmudflap --enable-threads --without-isl --without-cloog --disable-decimal-float --with-abi=aapcs-linux --with-cpu=cortex-a7 --with-fpu=neon-vfpv4 --with-float=hard --with-mode=arm --enable-languages=c,c++ --with-build-time-tools=/usr/src/output/host/arm-buildroot-linux-uclibcgnueabihf/bin --enable-shared --disable-libgomp
Thread model: posix
gcc version 6.4.0 (Buildroot 2018.02.1-gba7f6ed-dirty) 
COMPILER_PATH=/usr/src/output/host/libexec/gcc/arm-buildroot-linux-uclibcgnueabihf/6.4.0/:/usr/src/output/host/libexec/gcc/arm-buildroot-linux-uclibcgnueabihf/6.4.0/:/usr/src/output/host/libexec/gcc/arm-buildroot-linux-uclibcgnueabihf/:/usr/src/output/host/lib/gcc/arm-buildroot-linux-uclibcgnueabihf/6.4.0/:/usr/src/output/host/lib/gcc/arm-buildroot-linux-uclibcgnueabihf/:/usr/src/output/host/lib/gcc/arm-buildroot-linux-uclibcgnueabihf/6.4.0/../../../../arm-buildroot-linux-uclibcgnueabihf/bin/
LIBRARY_PATH=/usr/src/output/host/lib/gcc/arm-buildroot-linux-uclibcgnueabihf/6.4.0/:/usr/src/output/host/lib/gcc/arm-buildroot-linux-uclibcgnueabihf/6.4.0/../../../../arm-buildroot-linux-uclibcgnueabihf/lib/:/usr/src/output/host/arm-buildroot-linux-uclibcgnueabihf/sysroot/lib/:/usr/src/output/host/arm-buildroot-linux-uclibcgnueabihf/sysroot/usr/lib/
COLLECT_GCC_OPTIONS='-D' '_LARGEFILE_SOURCE' '-D' '_LARGEFILE64_SOURCE' '-D' '_FILE_OFFSET_BITS=64' '-Os' '-D' 'NDEBUG' '-v' '-rdynamic' '-o' 'cmTC_a4cb5' '-mcpu=cortex-a7' '-mfloat-abi=hard' '-mfpu=neon-vfpv4' '-mabi=aapcs-linux' '-marm' '-mtls-dialect=gnu'
 /usr/src/output/host/libexec/gcc/arm-buildroot-linux-uclibcgnueabihf/6.4.0/collect2 -plugin /usr/src/output/host/libexec/gcc/arm-buildroot-linux-uclibcgnueabihf/6.4.0/liblto_plugin.so -plugin-opt=/usr/src/output/host/libexec/gcc/arm-buildroot-linux-uclibcgnueabihf/6.4.0/lto-wrapper -plugin-opt=-fresolution=/tmp/ccckTBrZ.res -plugin-opt=-pass-through=-lgcc -plugin-opt=-pass-through=-lgcc_s -plugin-opt=-pass-through=-lc -plugin-opt=-pass-through=-lgcc -plugin-opt=-pass-through=-lgcc_s --sysroot=/usr/src/output/host/arm-buildroot-linux-uclibcgnueabihf/sysroot --eh-frame-hdr -export-dynamic -dynamic-linker /lib/ld-uClibc.so.0 -X -m armelf_linux_eabi -o cmTC_a4cb5 /usr/src/output/host/arm-buildroot-linux-uclibcgnueabihf/sysroot/usr/lib/crt1.o /usr/src/output/host/arm-buildroot-linux-uclibcgnueabihf/sysroot/usr/lib/crti.o /usr/src/output/host/lib/gcc/arm-buildroot-linux-uclibcgnueabihf/6.4.0/crtbegin.o -L/usr/src/output/host/lib/gcc/arm-buildroot-linux-uclibcgnueabihf/6.4.0 -L/usr/src/output/host/lib/gcc/arm-buildroot-linux-uclibcgnueabihf/6.4.0/../../../../arm-buildroot-linux-uclibcgnueabihf/lib -L/usr/src/output/host/arm-buildroot-linux-uclibcgnueabihf/sysroot/lib -L/usr/src/output/host/arm-buildroot-linux-uclibcgnueabihf/sysroot/usr/lib CMakeFiles/cmTC_a4cb5.dir/CMakeCCompilerABI.c.o -lgcc --as-needed -lgcc_s --no-as-needed -lc -lgcc --as-needed -lgcc_s --no-as-needed /usr/src/output/host/lib/gcc/arm-buildroot-linux-uclibcgnueabihf/6.4.0/crtend.o /usr/src/output/host/arm-buildroot-linux-uclibcgnueabihf/sysroot/usr/lib/crtn.o
COLLECT_GCC_OPTIONS='-D' '_LARGEFILE_SOURCE' '-D' '_LARGEFILE64_SOURCE' '-D' '_FILE_OFFSET_BITS=64' '-Os' '-D' 'NDEBUG' '-v' '-rdynamic' '-o' 'cmTC_a4cb5' '-mcpu=cortex-a7' '-mfloat-abi=hard' '-mfpu=neon-vfpv4' '-mabi=aapcs-linux' '-marm' '-mtls-dialect=gnu'
make[2]: Leaving directory '/usr/src/output/build/jsoncpp-1.8.3/CMakeFiles/CMakeTmp'
make[1]: Leaving directory '/usr/src/output/build/jsoncpp-1.8.3/CMakeFiles/CMakeTmp'


Parsed C implicit link information from above output:
  link line regex: [^( *|.*[/\])(arm-buildroot-linux-uclibcgnueabihf-ld|([^/\]+-)?ld|collect2)[^/\]*( |$)]
  ignore line: [Change Dir: /usr/src/output/build/jsoncpp-1.8.3/CMakeFiles/CMakeTmp]
  ignore line: []
  ignore line: [Run Build Command:"/usr/bin/make" "cmTC_a4cb5/fast"]
  ignore line: [make[1]: Entering directory '/usr/src/output/build/jsoncpp-1.8.3/CMakeFiles/CMakeTmp']
  ignore line: [/usr/bin/make -f CMakeFiles/cmTC_a4cb5.dir/build.make CMakeFiles/cmTC_a4cb5.dir/build]
  ignore line: [make[2]: Entering directory '/usr/src/output/build/jsoncpp-1.8.3/CMakeFiles/CMakeTmp']
  ignore line: [Building C object CMakeFiles/cmTC_a4cb5.dir/CMakeCCompilerABI.c.o]
  ignore line: [/usr/src/output/host/bin/arm-buildroot-linux-uclibcgnueabihf-gcc --sysroot=/usr/src/output/host/arm-buildroot-linux-uclibcgnueabihf/sysroot   -D_LARGEFILE_SOURCE -D_LARGEFILE64_SOURCE -D_FILE_OFFSET_BITS=64 -Os   -DNDEBUG   -o CMakeFiles/cmTC_a4cb5.dir/CMakeCCompilerABI.c.o   -c /usr/src/output/host/share/cmake-3.8/Modules/CMakeCCompilerABI.c]
  ignore line: [Linking C executable cmTC_a4cb5]
  ignore line: [/usr/src/output/host/bin/cmake -E cmake_link_script CMakeFiles/cmTC_a4cb5.dir/link.txt --verbose=1]
  ignore line: [/usr/src/output/host/bin/arm-buildroot-linux-uclibcgnueabihf-gcc --sysroot=/usr/src/output/host/arm-buildroot-linux-uclibcgnueabihf/sysroot -D_LARGEFILE_SOURCE -D_LARGEFILE64_SOURCE -D_FILE_OFFSET_BITS=64 -Os   -DNDEBUG   -v -rdynamic CMakeFiles/cmTC_a4cb5.dir/CMakeCCompilerABI.c.o  -o cmTC_a4cb5 ]
  ignore line: [Using built-in specs.]
  ignore line: [COLLECT_GCC=/usr/src/output/host/bin/arm-buildroot-linux-uclibcgnueabihf-gcc.br_real]
  ignore line: [COLLECT_LTO_WRAPPER=/usr/src/output/host/libexec/gcc/arm-buildroot-linux-uclibcgnueabihf/6.4.0/lto-wrapper]
  ignore line: [Target: arm-buildroot-linux-uclibcgnueabihf]
  ignore line: [Configured with: ./configure --prefix=/usr/src/output/host --sysconfdir=/usr/src/output/host/etc --enable-static --target=arm-buildroot-linux-uclibcgnueabihf --with-sysroot=/usr/src/output/host/arm-buildroot-linux-uclibcgnueabihf/sysroot --disable-__cxa_atexit --with-gnu-ld --disable-libssp --disable-multilib --with-gmp=/usr/src/output/host --with-mpc=/usr/src/output/host --with-mpfr=/usr/src/output/host --with-pkgversion='Buildroot 2018.02.1-gba7f6ed-dirty' --with-bugurl=http://bugs.buildroot.net/ --disable-libquadmath --disable-libsanitizer --enable-tls --disable-libmudflap --enable-threads --without-isl --without-cloog --disable-decimal-float --with-abi=aapcs-linux --with-cpu=cortex-a7 --with-fpu=neon-vfpv4 --with-float=hard --with-mode=arm --enable-languages=c,c++ --with-build-time-tools=/usr/src/output/host/arm-buildroot-linux-uclibcgnueabihf/bin --enable-shared --disable-libgomp]
  ignore line: [Thread model: posix]
  ignore line: [gcc version 6.4.0 (Buildroot 2018.02.1-gba7f6ed-dirty) ]
  ignore line: [COMPILER_PATH=/usr/src/output/host/libexec/gcc/arm-buildroot-linux-uclibcgnueabihf/6.4.0/:/usr/src/output/host/libexec/gcc/arm-buildroot-linux-uclibcgnueabihf/6.4.0/:/usr/src/output/host/libexec/gcc/arm-buildroot-linux-uclibcgnueabihf/:/usr/src/output/host/lib/gcc/arm-buildroot-linux-uclibcgnueabihf/6.4.0/:/usr/src/output/host/lib/gcc/arm-buildroot-linux-uclibcgnueabihf/:/usr/src/output/host/lib/gcc/arm-buildroot-linux-uclibcgnueabihf/6.4.0/../../../../arm-buildroot-linux-uclibcgnueabihf/bin/]
  ignore line: [LIBRARY_PATH=/usr/src/output/host/lib/gcc/arm-buildroot-linux-uclibcgnueabihf/6.4.0/:/usr/src/output/host/lib/gcc/arm-buildroot-linux-uclibcgnueabihf/6.4.0/../../../../arm-buildroot-linux-uclibcgnueabihf/lib/:/usr/src/output/host/arm-buildroot-linux-uclibcgnueabihf/sysroot/lib/:/usr/src/output/host/arm-buildroot-linux-uclibcgnueabihf/sysroot/usr/lib/]
  ignore line: [COLLECT_GCC_OPTIONS='-D' '_LARGEFILE_SOURCE' '-D' '_LARGEFILE64_SOURCE' '-D' '_FILE_OFFSET_BITS=64' '-Os' '-D' 'NDEBUG' '-v' '-rdynamic' '-o' 'cmTC_a4cb5' '-mcpu=cortex-a7' '-mfloat-abi=hard' '-mfpu=neon-vfpv4' '-mabi=aapcs-linux' '-marm' '-mtls-dialect=gnu']
  link line: [ /usr/src/output/host/libexec/gcc/arm-buildroot-linux-uclibcgnueabihf/6.4.0/collect2 -plugin /usr/src/output/host/libexec/gcc/arm-buildroot-linux-uclibcgnueabihf/6.4.0/liblto_plugin.so -plugin-opt=/usr/src/output/host/libexec/gcc/arm-buildroot-linux-uclibcgnueabihf/6.4.0/lto-wrapper -plugin-opt=-fresolution=/tmp/ccckTBrZ.res -plugin-opt=-pass-through=-lgcc -plugin-opt=-pass-through=-lgcc_s -plugin-opt=-pass-through=-lc -plugin-opt=-pass-through=-lgcc -plugin-opt=-pass-through=-lgcc_s --sysroot=/usr/src/output/host/arm-buildroot-linux-uclibcgnueabihf/sysroot --eh-frame-hdr -export-dynamic -dynamic-linker /lib/ld-uClibc.so.0 -X -m armelf_linux_eabi -o cmTC_a4cb5 /usr/src/output/host/arm-buildroot-linux-uclibcgnueabihf/sysroot/usr/lib/crt1.o /usr/src/output/host/arm-buildroot-linux-uclibcgnueabihf/sysroot/usr/lib/crti.o /usr/src/output/host/lib/gcc/arm-buildroot-linux-uclibcgnueabihf/6.4.0/crtbegin.o -L/usr/src/output/host/lib/gcc/arm-buildroot-linux-uclibcgnueabihf/6.4.0 -L/usr/src/output/host/lib/gcc/arm-buildroot-linux-uclibcgnueabihf/6.4.0/../../../../arm-buildroot-linux-uclibcgnueabihf/lib -L/usr/src/output/host/arm-buildroot-linux-uclibcgnueabihf/sysroot/lib -L/usr/src/output/host/arm-buildroot-linux-uclibcgnueabihf/sysroot/usr/lib CMakeFiles/cmTC_a4cb5.dir/CMakeCCompilerABI.c.o -lgcc --as-needed -lgcc_s --no-as-needed -lc -lgcc --as-needed -lgcc_s --no-as-needed /usr/src/output/host/lib/gcc/arm-buildroot-linux-uclibcgnueabihf/6.4.0/crtend.o /usr/src/output/host/arm-buildroot-linux-uclibcgnueabihf/sysroot/usr/lib/crtn.o]
    arg [/usr/src/output/host/libexec/gcc/arm-buildroot-linux-uclibcgnueabihf/6.4.0/collect2] ==> ignore
    arg [-plugin] ==> ignore
    arg [/usr/src/output/host/libexec/gcc/arm-buildroot-linux-uclibcgnueabihf/6.4.0/liblto_plugin.so] ==> ignore
    arg [-plugin-opt=/usr/src/output/host/libexec/gcc/arm-buildroot-linux-uclibcgnueabihf/6.4.0/lto-wrapper] ==> ignore
    arg [-plugin-opt=-fresolution=/tmp/ccckTBrZ.res] ==> ignore
    arg [-plugin-opt=-pass-through=-lgcc] ==> ignore
    arg [-plugin-opt=-pass-through=-lgcc_s] ==> ignore
    arg [-plugin-opt=-pass-through=-lc] ==> ignore
    arg [-plugin-opt=-pass-through=-lgcc] ==> ignore
    arg [-plugin-opt=-pass-through=-lgcc_s] ==> ignore
    arg [--sysroot=/usr/src/output/host/arm-buildroot-linux-uclibcgnueabihf/sysroot] ==> ignore
    arg [--eh-frame-hdr] ==> ignore
    arg [-export-dynamic] ==> ignore
    arg [-dynamic-linker] ==> ignore
    arg [/lib/ld-uClibc.so.0] ==> ignore
    arg [-X] ==> ignore
    arg [-m] ==> ignore
    arg [armelf_linux_eabi] ==> ignore
    arg [-o] ==> ignore
    arg [cmTC_a4cb5] ==> ignore
    arg [/usr/src/output/host/arm-buildroot-linux-uclibcgnueabihf/sysroot/usr/lib/crt1.o] ==> ignore
    arg [/usr/src/output/host/arm-buildroot-linux-uclibcgnueabihf/sysroot/usr/lib/crti.o] ==> ignore
    arg [/usr/src/output/host/lib/gcc/arm-buildroot-linux-uclibcgnueabihf/6.4.0/crtbegin.o] ==> ignore
    arg [-L/usr/src/output/host/lib/gcc/arm-buildroot-linux-uclibcgnueabihf/6.4.0] ==> dir [/usr/src/output/host/lib/gcc/arm-buildroot-linux-uclibcgnueabihf/6.4.0]
    arg [-L/usr/src/output/host/lib/gcc/arm-buildroot-linux-uclibcgnueabihf/6.4.0/../../../../arm-buildroot-linux-uclibcgnueabihf/lib] ==> dir [/usr/src/output/host/lib/gcc/arm-buildroot-linux-uclibcgnueabihf/6.4.0/../../../../arm-buildroot-linux-uclibcgnueabihf/lib]
    arg [-L/usr/src/output/host/arm-buildroot-linux-uclibcgnueabihf/sysroot/lib] ==> dir [/usr/src/output/host/arm-buildroot-linux-uclibcgnueabihf/sysroot/lib]
    arg [-L/usr/src/output/host/arm-buildroot-linux-uclibcgnueabihf/sysroot/usr/lib] ==> dir [/usr/src/output/host/arm-buildroot-linux-uclibcgnueabihf/sysroot/usr/lib]
    arg [CMakeFiles/cmTC_a4cb5.dir/CMakeCCompilerABI.c.o] ==> ignore
    arg [-lgcc] ==> lib [gcc]
    arg [--as-needed] ==> ignore
    arg [-lgcc_s] ==> lib [gcc_s]
    arg [--no-as-needed] ==> ignore
    arg [-lc] ==> lib [c]
    arg [-lgcc] ==> lib [gcc]
    arg [--as-needed] ==> ignore
    arg [-lgcc_s] ==> lib [gcc_s]
    arg [--no-as-needed] ==> ignore
    arg [/usr/src/output/host/lib/gcc/arm-buildroot-linux-uclibcgnueabihf/6.4.0/crtend.o] ==> ignore
    arg [/usr/src/output/host/arm-buildroot-linux-uclibcgnueabihf/sysroot/usr/lib/crtn.o] ==> ignore
  remove lib [gcc]
  remove lib [gcc_s]
  remove lib [gcc]
  remove lib [gcc_s]
  collapse library dir [/usr/src/output/host/lib/gcc/arm-buildroot-linux-uclibcgnueabihf/6.4.0] ==> [/usr/src/output/host/lib/gcc/arm-buildroot-linux-uclibcgnueabihf/6.4.0]
  collapse library dir [/usr/src/output/host/lib/gcc/arm-buildroot-linux-uclibcgnueabihf/6.4.0/../../../../arm-buildroot-linux-uclibcgnueabihf/lib] ==> [/usr/src/output/host/arm-buildroot-linux-uclibcgnueabihf/lib]
  collapse library dir [/usr/src/output/host/arm-buildroot-linux-uclibcgnueabihf/sysroot/lib] ==> [/usr/src/output/host/arm-buildroot-linux-uclibcgnueabihf/sysroot/lib]
  collapse library dir [/usr/src/output/host/arm-buildroot-linux-uclibcgnueabihf/sysroot/usr/lib] ==> [/usr/src/output/host/arm-buildroot-linux-uclibcgnueabihf/sysroot/usr/lib]
  implicit libs: [c]
  implicit dirs: [/usr/src/output/host/lib/gcc/arm-buildroot-linux-uclibcgnueabihf/6.4.0;/usr/src/output/host/arm-buildroot-linux-uclibcgnueabihf/lib;/usr/src/output/host/arm-buildroot-linux-uclibcgnueabihf/sysroot/lib;/usr/src/output/host/arm-buildroot-linux-uclibcgnueabihf/sysroot/usr/lib]
  implicit fwks: []




Detecting C [-std=c11] compiler features compiled with the following output:
Change Dir: /usr/src/output/build/jsoncpp-1.8.3/CMakeFiles/CMakeTmp

Run Build Command:"/usr/bin/make" "cmTC_c6092/fast"
make[1]: Entering directory '/usr/src/output/build/jsoncpp-1.8.3/CMakeFiles/CMakeTmp'
/usr/bin/make -f CMakeFiles/cmTC_c6092.dir/build.make CMakeFiles/cmTC_c6092.dir/build
make[2]: Entering directory '/usr/src/output/build/jsoncpp-1.8.3/CMakeFiles/CMakeTmp'
Building C object CMakeFiles/cmTC_c6092.dir/feature_tests.c.o
/usr/src/output/host/bin/arm-buildroot-linux-uclibcgnueabihf-gcc --sysroot=/usr/src/output/host/arm-buildroot-linux-uclibcgnueabihf/sysroot   -D_LARGEFILE_SOURCE -D_LARGEFILE64_SOURCE -D_FILE_OFFSET_BITS=64 -Os   -DNDEBUG   -std=c11 -o CMakeFiles/cmTC_c6092.dir/feature_tests.c.o   -c /usr/src/output/build/jsoncpp-1.8.3/CMakeFiles/feature_tests.c
Linking C executable cmTC_c6092
/usr/src/output/host/bin/cmake -E cmake_link_script CMakeFiles/cmTC_c6092.dir/link.txt --verbose=1
/usr/src/output/host/bin/arm-buildroot-linux-uclibcgnueabihf-gcc --sysroot=/usr/src/output/host/arm-buildroot-linux-uclibcgnueabihf/sysroot -D_LARGEFILE_SOURCE -D_LARGEFILE64_SOURCE -D_FILE_OFFSET_BITS=64 -Os   -DNDEBUG    -rdynamic CMakeFiles/cmTC_c6092.dir/feature_tests.c.o  -o cmTC_c6092 
make[2]: Leaving directory '/usr/src/output/build/jsoncpp-1.8.3/CMakeFiles/CMakeTmp'
make[1]: Leaving directory '/usr/src/output/build/jsoncpp-1.8.3/CMakeFiles/CMakeTmp'


    Feature record: C_FEATURE:1c_function_prototypes
    Feature record: C_FEATURE:1c_restrict
    Feature record: C_FEATURE:1c_static_assert
    Feature record: C_FEATURE:1c_variadic_macros


Detecting C [-std=c99] compiler features compiled with the following output:
Change Dir: /usr/src/output/build/jsoncpp-1.8.3/CMakeFiles/CMakeTmp

Run Build Command:"/usr/bin/make" "cmTC_e1b24/fast"
make[1]: Entering directory '/usr/src/output/build/jsoncpp-1.8.3/CMakeFiles/CMakeTmp'
/usr/bin/make -f CMakeFiles/cmTC_e1b24.dir/build.make CMakeFiles/cmTC_e1b24.dir/build
make[2]: Entering directory '/usr/src/output/build/jsoncpp-1.8.3/CMakeFiles/CMakeTmp'
Building C object CMakeFiles/cmTC_e1b24.dir/feature_tests.c.o
/usr/src/output/host/bin/arm-buildroot-linux-uclibcgnueabihf-gcc --sysroot=/usr/src/output/host/arm-buildroot-linux-uclibcgnueabihf/sysroot   -D_LARGEFILE_SOURCE -D_LARGEFILE64_SOURCE -D_FILE_OFFSET_BITS=64 -Os   -DNDEBUG   -std=c99 -o CMakeFiles/cmTC_e1b24.dir/feature_tests.c.o   -c /usr/src/output/build/jsoncpp-1.8.3/CMakeFiles/feature_tests.c
Linking C executable cmTC_e1b24
/usr/src/output/host/bin/cmake -E cmake_link_script CMakeFiles/cmTC_e1b24.dir/link.txt --verbose=1
/usr/src/output/host/bin/arm-buildroot-linux-uclibcgnueabihf-gcc --sysroot=/usr/src/output/host/arm-buildroot-linux-uclibcgnueabihf/sysroot -D_LARGEFILE_SOURCE -D_LARGEFILE64_SOURCE -D_FILE_OFFSET_BITS=64 -Os   -DNDEBUG    -rdynamic CMakeFiles/cmTC_e1b24.dir/feature_tests.c.o  -o cmTC_e1b24 
make[2]: Leaving directory '/usr/src/output/build/jsoncpp-1.8.3/CMakeFiles/CMakeTmp'
make[1]: Leaving directory '/usr/src/output/build/jsoncpp-1.8.3/CMakeFiles/CMakeTmp'


    Feature record: C_FEATURE:1c_function_prototypes
    Feature record: C_FEATURE:1c_restrict
    Feature record: C_FEATURE:0c_static_assert
    Feature record: C_FEATURE:1c_variadic_macros


Detecting C [-std=c90] compiler features compiled with the following output:
Change Dir: /usr/src/output/build/jsoncpp-1.8.3/CMakeFiles/CMakeTmp

Run Build Command:"/usr/bin/make" "cmTC_320ab/fast"
make[1]: Entering directory '/usr/src/output/build/jsoncpp-1.8.3/CMakeFiles/CMakeTmp'
/usr/bin/make -f CMakeFiles/cmTC_320ab.dir/build.make CMakeFiles/cmTC_320ab.dir/build
make[2]: Entering directory '/usr/src/output/build/jsoncpp-1.8.3/CMakeFiles/CMakeTmp'
Building C object CMakeFiles/cmTC_320ab.dir/feature_tests.c.o
/usr/src/output/host/bin/arm-buildroot-linux-uclibcgnueabihf-gcc --sysroot=/usr/src/output/host/arm-buildroot-linux-uclibcgnueabihf/sysroot   -D_LARGEFILE_SOURCE -D_LARGEFILE64_SOURCE -D_FILE_OFFSET_BITS=64 -Os   -DNDEBUG   -std=c90 -o CMakeFiles/cmTC_320ab.dir/feature_tests.c.o   -c /usr/src/output/build/jsoncpp-1.8.3/CMakeFiles/feature_tests.c
Linking C executable cmTC_320ab
/usr/src/output/host/bin/cmake -E cmake_link_script CMakeFiles/cmTC_320ab.dir/link.txt --verbose=1
/usr/src/output/host/bin/arm-buildroot-linux-uclibcgnueabihf-gcc --sysroot=/usr/src/output/host/arm-buildroot-linux-uclibcgnueabihf/sysroot -D_LARGEFILE_SOURCE -D_LARGEFILE64_SOURCE -D_FILE_OFFSET_BITS=64 -Os   -DNDEBUG    -rdynamic CMakeFiles/cmTC_320ab.dir/feature_tests.c.o  -o cmTC_320ab 
make[2]: Leaving directory '/usr/src/output/build/jsoncpp-1.8.3/CMakeFiles/CMakeTmp'
make[1]: Leaving directory '/usr/src/output/build/jsoncpp-1.8.3/CMakeFiles/CMakeTmp'


    Feature record: C_FEATURE:1c_function_prototypes
    Feature record: C_FEATURE:0c_restrict
    Feature record: C_FEATURE:0c_static_assert
    Feature record: C_FEATURE:0c_variadic_macros
Determining if the CXX compiler works passed with the following output:
Change Dir: /usr/src/output/build/jsoncpp-1.8.3/CMakeFiles/CMakeTmp

Run Build Command:"/usr/bin/make" "cmTC_89faa/fast"
make[1]: Entering directory '/usr/src/output/build/jsoncpp-1.8.3/CMakeFiles/CMakeTmp'
/usr/bin/make -f CMakeFiles/cmTC_89faa.dir/build.make CMakeFiles/cmTC_89faa.dir/build
make[2]: Entering directory '/usr/src/output/build/jsoncpp-1.8.3/CMakeFiles/CMakeTmp'
Building CXX object CMakeFiles/cmTC_89faa.dir/testCXXCompiler.cxx.o
/usr/src/output/host/bin/arm-buildroot-linux-uclibcgnueabihf-g++ --sysroot=/usr/src/output/host/arm-buildroot-linux-uclibcgnueabihf/sysroot    -D_LARGEFILE_SOURCE -D_LARGEFILE64_SOURCE -D_FILE_OFFSET_BITS=64 -Os   -DNDEBUG   -o CMakeFiles/cmTC_89faa.dir/testCXXCompiler.cxx.o -c /usr/src/output/build/jsoncpp-1.8.3/CMakeFiles/CMakeTmp/testCXXCompiler.cxx
Linking CXX executable cmTC_89faa
/usr/src/output/host/bin/cmake -E cmake_link_script CMakeFiles/cmTC_89faa.dir/link.txt --verbose=1
/usr/src/output/host/bin/arm-buildroot-linux-uclibcgnueabihf-g++ --sysroot=/usr/src/output/host/arm-buildroot-linux-uclibcgnueabihf/sysroot  -D_LARGEFILE_SOURCE -D_LARGEFILE64_SOURCE -D_FILE_OFFSET_BITS=64 -Os   -DNDEBUG    -rdynamic CMakeFiles/cmTC_89faa.dir/testCXXCompiler.cxx.o  -o cmTC_89faa 
make[2]: Leaving directory '/usr/src/output/build/jsoncpp-1.8.3/CMakeFiles/CMakeTmp'
make[1]: Leaving directory '/usr/src/output/build/jsoncpp-1.8.3/CMakeFiles/CMakeTmp'


Detecting CXX compiler ABI info compiled with the following output:
Change Dir: /usr/src/output/build/jsoncpp-1.8.3/CMakeFiles/CMakeTmp

Run Build Command:"/usr/bin/make" "cmTC_491db/fast"
make[1]: Entering directory '/usr/src/output/build/jsoncpp-1.8.3/CMakeFiles/CMakeTmp'
/usr/bin/make -f CMakeFiles/cmTC_491db.dir/build.make CMakeFiles/cmTC_491db.dir/build
make[2]: Entering directory '/usr/src/output/build/jsoncpp-1.8.3/CMakeFiles/CMakeTmp'
Building CXX object CMakeFiles/cmTC_491db.dir/CMakeCXXCompilerABI.cpp.o
/usr/src/output/host/bin/arm-buildroot-linux-uclibcgnueabihf-g++ --sysroot=/usr/src/output/host/arm-buildroot-linux-uclibcgnueabihf/sysroot    -D_LARGEFILE_SOURCE -D_LARGEFILE64_SOURCE -D_FILE_OFFSET_BITS=64 -Os   -DNDEBUG   -o CMakeFiles/cmTC_491db.dir/CMakeCXXCompilerABI.cpp.o -c /usr/src/output/host/share/cmake-3.8/Modules/CMakeCXXCompilerABI.cpp
Linking CXX executable cmTC_491db
/usr/src/output/host/bin/cmake -E cmake_link_script CMakeFiles/cmTC_491db.dir/link.txt --verbose=1
/usr/src/output/host/bin/arm-buildroot-linux-uclibcgnueabihf-g++ --sysroot=/usr/src/output/host/arm-buildroot-linux-uclibcgnueabihf/sysroot  -D_LARGEFILE_SOURCE -D_LARGEFILE64_SOURCE -D_FILE_OFFSET_BITS=64 -Os   -DNDEBUG   -v -rdynamic CMakeFiles/cmTC_491db.dir/CMakeCXXCompilerABI.cpp.o  -o cmTC_491db 
Using built-in specs.
COLLECT_GCC=/usr/src/output/host/bin/arm-buildroot-linux-uclibcgnueabihf-g++.br_real
COLLECT_LTO_WRAPPER=/usr/src/output/host/libexec/gcc/arm-buildroot-linux-uclibcgnueabihf/6.4.0/lto-wrapper
Target: arm-buildroot-linux-uclibcgnueabihf
Configured with: ./configure --prefix=/usr/src/output/host --sysconfdir=/usr/src/output/host/etc --enable-static --target=arm-buildroot-linux-uclibcgnueabihf --with-sysroot=/usr/src/output/host/arm-buildroot-linux-uclibcgnueabihf/sysroot --disable-__cxa_atexit --with-gnu-ld --disable-libssp --disable-multilib --with-gmp=/usr/src/output/host --with-mpc=/usr/src/output/host --with-mpfr=/usr/src/output/host --with-pkgversion='Buildroot 2018.02.1-gba7f6ed-dirty' --with-bugurl=http://bugs.buildroot.net/ --disable-libquadmath --disable-libsanitizer --enable-tls --disable-libmudflap --enable-threads --without-isl --without-cloog --disable-decimal-float --with-abi=aapcs-linux --with-cpu=cortex-a7 --with-fpu=neon-vfpv4 --with-float=hard --with-mode=arm --enable-languages=c,c++ --with-build-time-tools=/usr/src/output/host/arm-buildroot-linux-uclibcgnueabihf/bin --enable-shared --disable-libgomp
Thread model: posix
gcc version 6.4.0 (Buildroot 2018.02.1-gba7f6ed-dirty) 
COMPILER_PATH=/usr/src/output/host/libexec/gcc/arm-buildroot-linux-uclibcgnueabihf/6.4.0/:/usr/src/output/host/libexec/gcc/arm-buildroot-linux-uclibcgnueabihf/6.4.0/:/usr/src/output/host/libexec/gcc/arm-buildroot-linux-uclibcgnueabihf/:/usr/src/output/host/lib/gcc/arm-buildroot-linux-uclibcgnueabihf/6.4.0/:/usr/src/output/host/lib/gcc/arm-buildroot-linux-uclibcgnueabihf/:/usr/src/output/host/lib/gcc/arm-buildroot-linux-uclibcgnueabihf/6.4.0/../../../../arm-buildroot-linux-uclibcgnueabihf/bin/
LIBRARY_PATH=/usr/src/output/host/lib/gcc/arm-buildroot-linux-uclibcgnueabihf/6.4.0/:/usr/src/output/host/lib/gcc/arm-buildroot-linux-uclibcgnueabihf/6.4.0/../../../../arm-buildroot-linux-uclibcgnueabihf/lib/:/usr/src/output/host/arm-buildroot-linux-uclibcgnueabihf/sysroot/lib/:/usr/src/output/host/arm-buildroot-linux-uclibcgnueabihf/sysroot/usr/lib/
COLLECT_GCC_OPTIONS='-D' '_LARGEFILE_SOURCE' '-D' '_LARGEFILE64_SOURCE' '-D' '_FILE_OFFSET_BITS=64' '-Os' '-D' 'NDEBUG' '-v' '-rdynamic' '-o' 'cmTC_491db' '-shared-libgcc' '-mcpu=cortex-a7' '-mfloat-abi=hard' '-mfpu=neon-vfpv4' '-mabi=aapcs-linux' '-marm' '-mtls-dialect=gnu'
 /usr/src/output/host/libexec/gcc/arm-buildroot-linux-uclibcgnueabihf/6.4.0/collect2 -plugin /usr/src/output/host/libexec/gcc/arm-buildroot-linux-uclibcgnueabihf/6.4.0/liblto_plugin.so -plugin-opt=/usr/src/output/host/libexec/gcc/arm-buildroot-linux-uclibcgnueabihf/6.4.0/lto-wrapper -plugin-opt=-fresolution=/tmp/ccT14AKx.res -plugin-opt=-pass-through=-lgcc_s -plugin-opt=-pass-through=-lgcc -plugin-opt=-pass-through=-lc -plugin-opt=-pass-through=-lgcc_s -plugin-opt=-pass-through=-lgcc --sysroot=/usr/src/output/host/arm-buildroot-linux-uclibcgnueabihf/sysroot --eh-frame-hdr -export-dynamic -dynamic-linker /lib/ld-uClibc.so.0 -X -m armelf_linux_eabi -o cmTC_491db /usr/src/output/host/arm-buildroot-linux-uclibcgnueabihf/sysroot/usr/lib/crt1.o /usr/src/output/host/arm-buildroot-linux-uclibcgnueabihf/sysroot/usr/lib/crti.o /usr/src/output/host/lib/gcc/arm-buildroot-linux-uclibcgnueabihf/6.4.0/crtbegin.o -L/usr/src/output/host/lib/gcc/arm-buildroot-linux-uclibcgnueabihf/6.4.0 -L/usr/src/output/host/lib/gcc/arm-buildroot-linux-uclibcgnueabihf/6.4.0/../../../../arm-buildroot-linux-uclibcgnueabihf/lib -L/usr/src/output/host/arm-buildroot-linux-uclibcgnueabihf/sysroot/lib -L/usr/src/output/host/arm-buildroot-linux-uclibcgnueabihf/sysroot/usr/lib CMakeFiles/cmTC_491db.dir/CMakeCXXCompilerABI.cpp.o -lstdc++ -lm -lgcc_s -lgcc -lc -lgcc_s -lgcc /usr/src/output/host/lib/gcc/arm-buildroot-linux-uclibcgnueabihf/6.4.0/crtend.o /usr/src/output/host/arm-buildroot-linux-uclibcgnueabihf/sysroot/usr/lib/crtn.o
COLLECT_GCC_OPTIONS='-D' '_LARGEFILE_SOURCE' '-D' '_LARGEFILE64_SOURCE' '-D' '_FILE_OFFSET_BITS=64' '-Os' '-D' 'NDEBUG' '-v' '-rdynamic' '-o' 'cmTC_491db' '-shared-libgcc' '-mcpu=cortex-a7' '-mfloat-abi=hard' '-mfpu=neon-vfpv4' '-mabi=aapcs-linux' '-marm' '-mtls-dialect=gnu'
make[2]: Leaving directory '/usr/src/output/build/jsoncpp-1.8.3/CMakeFiles/CMakeTmp'
make[1]: Leaving directory '/usr/src/output/build/jsoncpp-1.8.3/CMakeFiles/CMakeTmp'


Parsed CXX implicit link information from above output:
  link line regex: [^( *|.*[/\])(arm-buildroot-linux-uclibcgnueabihf-ld|([^/\]+-)?ld|collect2)[^/\]*( |$)]
  ignore line: [Change Dir: /usr/src/output/build/jsoncpp-1.8.3/CMakeFiles/CMakeTmp]
  ignore line: []
  ignore line: [Run Build Command:"/usr/bin/make" "cmTC_491db/fast"]
  ignore line: [make[1]: Entering directory '/usr/src/output/build/jsoncpp-1.8.3/CMakeFiles/CMakeTmp']
  ignore line: [/usr/bin/make -f CMakeFiles/cmTC_491db.dir/build.make CMakeFiles/cmTC_491db.dir/build]
  ignore line: [make[2]: Entering directory '/usr/src/output/build/jsoncpp-1.8.3/CMakeFiles/CMakeTmp']
  ignore line: [Building CXX object CMakeFiles/cmTC_491db.dir/CMakeCXXCompilerABI.cpp.o]
  ignore line: [/usr/src/output/host/bin/arm-buildroot-linux-uclibcgnueabihf-g++ --sysroot=/usr/src/output/host/arm-buildroot-linux-uclibcgnueabihf/sysroot    -D_LARGEFILE_SOURCE -D_LARGEFILE64_SOURCE -D_FILE_OFFSET_BITS=64 -Os   -DNDEBUG   -o CMakeFiles/cmTC_491db.dir/CMakeCXXCompilerABI.cpp.o -c /usr/src/output/host/share/cmake-3.8/Modules/CMakeCXXCompilerABI.cpp]
  ignore line: [Linking CXX executable cmTC_491db]
  ignore line: [/usr/src/output/host/bin/cmake -E cmake_link_script CMakeFiles/cmTC_491db.dir/link.txt --verbose=1]
  ignore line: [/usr/src/output/host/bin/arm-buildroot-linux-uclibcgnueabihf-g++ --sysroot=/usr/src/output/host/arm-buildroot-linux-uclibcgnueabihf/sysroot  -D_LARGEFILE_SOURCE -D_LARGEFILE64_SOURCE -D_FILE_OFFSET_BITS=64 -Os   -DNDEBUG   -v -rdynamic CMakeFiles/cmTC_491db.dir/CMakeCXXCompilerABI.cpp.o  -o cmTC_491db ]
  ignore line: [Using built-in specs.]
  ignore line: [COLLECT_GCC=/usr/src/output/host/bin/arm-buildroot-linux-uclibcgnueabihf-g++.br_real]
  ignore line: [COLLECT_LTO_WRAPPER=/usr/src/output/host/libexec/gcc/arm-buildroot-linux-uclibcgnueabihf/6.4.0/lto-wrapper]
  ignore line: [Target: arm-buildroot-linux-uclibcgnueabihf]
  ignore line: [Configured with: ./configure --prefix=/usr/src/output/host --sysconfdir=/usr/src/output/host/etc --enable-static --target=arm-buildroot-linux-uclibcgnueabihf --with-sysroot=/usr/src/output/host/arm-buildroot-linux-uclibcgnueabihf/sysroot --disable-__cxa_atexit --with-gnu-ld --disable-libssp --disable-multilib --with-gmp=/usr/src/output/host --with-mpc=/usr/src/output/host --with-mpfr=/usr/src/output/host --with-pkgversion='Buildroot 2018.02.1-gba7f6ed-dirty' --with-bugurl=http://bugs.buildroot.net/ --disable-libquadmath --disable-libsanitizer --enable-tls --disable-libmudflap --enable-threads --without-isl --without-cloog --disable-decimal-float --with-abi=aapcs-linux --with-cpu=cortex-a7 --with-fpu=neon-vfpv4 --with-float=hard --with-mode=arm --enable-languages=c,c++ --with-build-time-tools=/usr/src/output/host/arm-buildroot-linux-uclibcgnueabihf/bin --enable-shared --disable-libgomp]
  ignore line: [Thread model: posix]
  ignore line: [gcc version 6.4.0 (Buildroot 2018.02.1-gba7f6ed-dirty) ]
  ignore line: [COMPILER_PATH=/usr/src/output/host/libexec/gcc/arm-buildroot-linux-uclibcgnueabihf/6.4.0/:/usr/src/output/host/libexec/gcc/arm-buildroot-linux-uclibcgnueabihf/6.4.0/:/usr/src/output/host/libexec/gcc/arm-buildroot-linux-uclibcgnueabihf/:/usr/src/output/host/lib/gcc/arm-buildroot-linux-uclibcgnueabihf/6.4.0/:/usr/src/output/host/lib/gcc/arm-buildroot-linux-uclibcgnueabihf/:/usr/src/output/host/lib/gcc/arm-buildroot-linux-uclibcgnueabihf/6.4.0/../../../../arm-buildroot-linux-uclibcgnueabihf/bin/]
  ignore line: [LIBRARY_PATH=/usr/src/output/host/lib/gcc/arm-buildroot-linux-uclibcgnueabihf/6.4.0/:/usr/src/output/host/lib/gcc/arm-buildroot-linux-uclibcgnueabihf/6.4.0/../../../../arm-buildroot-linux-uclibcgnueabihf/lib/:/usr/src/output/host/arm-buildroot-linux-uclibcgnueabihf/sysroot/lib/:/usr/src/output/host/arm-buildroot-linux-uclibcgnueabihf/sysroot/usr/lib/]
  ignore line: [COLLECT_GCC_OPTIONS='-D' '_LARGEFILE_SOURCE' '-D' '_LARGEFILE64_SOURCE' '-D' '_FILE_OFFSET_BITS=64' '-Os' '-D' 'NDEBUG' '-v' '-rdynamic' '-o' 'cmTC_491db' '-shared-libgcc' '-mcpu=cortex-a7' '-mfloat-abi=hard' '-mfpu=neon-vfpv4' '-mabi=aapcs-linux' '-marm' '-mtls-dialect=gnu']
  link line: [ /usr/src/output/host/libexec/gcc/arm-buildroot-linux-uclibcgnueabihf/6.4.0/collect2 -plugin /usr/src/output/host/libexec/gcc/arm-buildroot-linux-uclibcgnueabihf/6.4.0/liblto_plugin.so -plugin-opt=/usr/src/output/host/libexec/gcc/arm-buildroot-linux-uclibcgnueabihf/6.4.0/lto-wrapper -plugin-opt=-fresolution=/tmp/ccT14AKx.res -plugin-opt=-pass-through=-lgcc_s -plugin-opt=-pass-through=-lgcc -plugin-opt=-pass-through=-lc -plugin-opt=-pass-through=-lgcc_s -plugin-opt=-pass-through=-lgcc --sysroot=/usr/src/output/host/arm-buildroot-linux-uclibcgnueabihf/sysroot --eh-frame-hdr -export-dynamic -dynamic-linker /lib/ld-uClibc.so.0 -X -m armelf_linux_eabi -o cmTC_491db /usr/src/output/host/arm-buildroot-linux-uclibcgnueabihf/sysroot/usr/lib/crt1.o /usr/src/output/host/arm-buildroot-linux-uclibcgnueabihf/sysroot/usr/lib/crti.o /usr/src/output/host/lib/gcc/arm-buildroot-linux-uclibcgnueabihf/6.4.0/crtbegin.o -L/usr/src/output/host/lib/gcc/arm-buildroot-linux-uclibcgnueabihf/6.4.0 -L/usr/src/output/host/lib/gcc/arm-buildroot-linux-uclibcgnueabihf/6.4.0/../../../../arm-buildroot-linux-uclibcgnueabihf/lib -L/usr/src/output/host/arm-buildroot-linux-uclibcgnueabihf/sysroot/lib -L/usr/src/output/host/arm-buildroot-linux-uclibcgnueabihf/sysroot/usr/lib CMakeFiles/cmTC_491db.dir/CMakeCXXCompilerABI.cpp.o -lstdc++ -lm -lgcc_s -lgcc -lc -lgcc_s -lgcc /usr/src/output/host/lib/gcc/arm-buildroot-linux-uclibcgnueabihf/6.4.0/crtend.o /usr/src/output/host/arm-buildroot-linux-uclibcgnueabihf/sysroot/usr/lib/crtn.o]
    arg [/usr/src/output/host/libexec/gcc/arm-buildroot-linux-uclibcgnueabihf/6.4.0/collect2] ==> ignore
    arg [-plugin] ==> ignore
    arg [/usr/src/output/host/libexec/gcc/arm-buildroot-linux-uclibcgnueabihf/6.4.0/liblto_plugin.so] ==> ignore
    arg [-plugin-opt=/usr/src/output/host/libexec/gcc/arm-buildroot-linux-uclibcgnueabihf/6.4.0/lto-wrapper] ==> ignore
    arg [-plugin-opt=-fresolution=/tmp/ccT14AKx.res] ==> ignore
    arg [-plugin-opt=-pass-through=-lgcc_s] ==> ignore
    arg [-plugin-opt=-pass-through=-lgcc] ==> ignore
    arg [-plugin-opt=-pass-through=-lc] ==> ignore
    arg [-plugin-opt=-pass-through=-lgcc_s] ==> ignore
    arg [-plugin-opt=-pass-through=-lgcc] ==> ignore
    arg [--sysroot=/usr/src/output/host/arm-buildroot-linux-uclibcgnueabihf/sysroot] ==> ignore
    arg [--eh-frame-hdr] ==> ignore
    arg [-export-dynamic] ==> ignore
    arg [-dynamic-linker] ==> ignore
    arg [/lib/ld-uClibc.so.0] ==> ignore
    arg [-X] ==> ignore
    arg [-m] ==> ignore
    arg [armelf_linux_eabi] ==> ignore
    arg [-o] ==> ignore
    arg [cmTC_491db] ==> ignore
    arg [/usr/src/output/host/arm-buildroot-linux-uclibcgnueabihf/sysroot/usr/lib/crt1.o] ==> ignore
    arg [/usr/src/output/host/arm-buildroot-linux-uclibcgnueabihf/sysroot/usr/lib/crti.o] ==> ignore
    arg [/usr/src/output/host/lib/gcc/arm-buildroot-linux-uclibcgnueabihf/6.4.0/crtbegin.o] ==> ignore
    arg [-L/usr/src/output/host/lib/gcc/arm-buildroot-linux-uclibcgnueabihf/6.4.0] ==> dir [/usr/src/output/host/lib/gcc/arm-buildroot-linux-uclibcgnueabihf/6.4.0]
    arg [-L/usr/src/output/host/lib/gcc/arm-buildroot-linux-uclibcgnueabihf/6.4.0/../../../../arm-buildroot-linux-uclibcgnueabihf/lib] ==> dir [/usr/src/output/host/lib/gcc/arm-buildroot-linux-uclibcgnueabihf/6.4.0/../../../../arm-buildroot-linux-uclibcgnueabihf/lib]
    arg [-L/usr/src/output/host/arm-buildroot-linux-uclibcgnueabihf/sysroot/lib] ==> dir [/usr/src/output/host/arm-buildroot-linux-uclibcgnueabihf/sysroot/lib]
    arg [-L/usr/src/output/host/arm-buildroot-linux-uclibcgnueabihf/sysroot/usr/lib] ==> dir [/usr/src/output/host/arm-buildroot-linux-uclibcgnueabihf/sysroot/usr/lib]
    arg [CMakeFiles/cmTC_491db.dir/CMakeCXXCompilerABI.cpp.o] ==> ignore
    arg [-lstdc++] ==> lib [stdc++]
    arg [-lm] ==> lib [m]
    arg [-lgcc_s] ==> lib [gcc_s]
    arg [-lgcc] ==> lib [gcc]
    arg [-lc] ==> lib [c]
    arg [-lgcc_s] ==> lib [gcc_s]
    arg [-lgcc] ==> lib [gcc]
    arg [/usr/src/output/host/lib/gcc/arm-buildroot-linux-uclibcgnueabihf/6.4.0/crtend.o] ==> ignore
    arg [/usr/src/output/host/arm-buildroot-linux-uclibcgnueabihf/sysroot/usr/lib/crtn.o] ==> ignore
  remove lib [gcc_s]
  remove lib [gcc]
  remove lib [gcc_s]
  remove lib [gcc]
  collapse library dir [/usr/src/output/host/lib/gcc/arm-buildroot-linux-uclibcgnueabihf/6.4.0] ==> [/usr/src/output/host/lib/gcc/arm-buildroot-linux-uclibcgnueabihf/6.4.0]
  collapse library dir [/usr/src/output/host/lib/gcc/arm-buildroot-linux-uclibcgnueabihf/6.4.0/../../../../arm-buildroot-linux-uclibcgnueabihf/lib] ==> [/usr/src/output/host/arm-buildroot-linux-uclibcgnueabihf/lib]
  collapse library dir [/usr/src/output/host/arm-buildroot-linux-uclibcgnueabihf/sysroot/lib] ==> [/usr/src/output/host/arm-buildroot-linux-uclibcgnueabihf/sysroot/lib]
  collapse library dir [/usr/src/output/host/arm-buildroot-linux-uclibcgnueabihf/sysroot/usr/lib] ==> [/usr/src/output/host/arm-buildroot-linux-uclibcgnueabihf/sysroot/usr/lib]
  implicit libs: [stdc++;m;c]
  implicit dirs: [/usr/src/output/host/lib/gcc/arm-buildroot-linux-uclibcgnueabihf/6.4.0;/usr/src/output/host/arm-buildroot-linux-uclibcgnueabihf/lib;/usr/src/output/host/arm-buildroot-linux-uclibcgnueabihf/sysroot/lib;/usr/src/output/host/arm-buildroot-linux-uclibcgnueabihf/sysroot/usr/lib]
  implicit fwks: []




Detecting CXX [-std=c++1z] compiler features compiled with the following output:
Change Dir: /usr/src/output/build/jsoncpp-1.8.3/CMakeFiles/CMakeTmp

Run Build Command:"/usr/bin/make" "cmTC_81ec3/fast"
make[1]: Entering directory '/usr/src/output/build/jsoncpp-1.8.3/CMakeFiles/CMakeTmp'
/usr/bin/make -f CMakeFiles/cmTC_81ec3.dir/build.make CMakeFiles/cmTC_81ec3.dir/build
make[2]: Entering directory '/usr/src/output/build/jsoncpp-1.8.3/CMakeFiles/CMakeTmp'
Building CXX object CMakeFiles/cmTC_81ec3.dir/feature_tests.cxx.o
/usr/src/output/host/bin/arm-buildroot-linux-uclibcgnueabihf-g++ --sysroot=/usr/src/output/host/arm-buildroot-linux-uclibcgnueabihf/sysroot    -D_LARGEFILE_SOURCE -D_LARGEFILE64_SOURCE -D_FILE_OFFSET_BITS=64 -Os   -DNDEBUG   -std=c++1z -o CMakeFiles/cmTC_81ec3.dir/feature_tests.cxx.o -c /usr/src/output/build/jsoncpp-1.8.3/CMakeFiles/feature_tests.cxx
Linking CXX executable cmTC_81ec3
/usr/src/output/host/bin/cmake -E cmake_link_script CMakeFiles/cmTC_81ec3.dir/link.txt --verbose=1
/usr/src/output/host/bin/arm-buildroot-linux-uclibcgnueabihf-g++ --sysroot=/usr/src/output/host/arm-buildroot-linux-uclibcgnueabihf/sysroot  -D_LARGEFILE_SOURCE -D_LARGEFILE64_SOURCE -D_FILE_OFFSET_BITS=64 -Os   -DNDEBUG    -rdynamic CMakeFiles/cmTC_81ec3.dir/feature_tests.cxx.o  -o cmTC_81ec3 
make[2]: Leaving directory '/usr/src/output/build/jsoncpp-1.8.3/CMakeFiles/CMakeTmp'
make[1]: Leaving directory '/usr/src/output/build/jsoncpp-1.8.3/CMakeFiles/CMakeTmp'


    Feature record: CXX_FEATURE:1cxx_aggregate_default_initializers
    Feature record: CXX_FEATURE:1cxx_alias_templates
    Feature record: CXX_FEATURE:1cxx_alignas
    Feature record: CXX_FEATURE:1cxx_alignof
    Feature record: CXX_FEATURE:1cxx_attributes
    Feature record: CXX_FEATURE:1cxx_attribute_deprecated
    Feature record: CXX_FEATURE:1cxx_auto_type
    Feature record: CXX_FEATURE:1cxx_binary_literals
    Feature record: CXX_FEATURE:1cxx_constexpr
    Feature record: CXX_FEATURE:1cxx_contextual_conversions
    Feature record: CXX_FEATURE:1cxx_decltype
    Feature record: CXX_FEATURE:1cxx_decltype_auto
    Feature record: CXX_FEATURE:1cxx_decltype_incomplete_return_types
    Feature record: CXX_FEATURE:1cxx_default_function_template_args
    Feature record: CXX_FEATURE:1cxx_defaulted_functions
    Feature record: CXX_FEATURE:1cxx_defaulted_move_initializers
    Feature record: CXX_FEATURE:1cxx_delegating_constructors
    Feature record: CXX_FEATURE:1cxx_deleted_functions
    Feature record: CXX_FEATURE:1cxx_digit_separators
    Feature record: CXX_FEATURE:1cxx_enum_forward_declarations
    Feature record: CXX_FEATURE:1cxx_explicit_conversions
    Feature record: CXX_FEATURE:1cxx_extended_friend_declarations
    Feature record: CXX_FEATURE:1cxx_extern_templates
    Feature record: CXX_FEATURE:1cxx_final
    Feature record: CXX_FEATURE:1cxx_func_identifier
    Feature record: CXX_FEATURE:1cxx_generalized_initializers
    Feature record: CXX_FEATURE:1cxx_generic_lambdas
    Feature record: CXX_FEATURE:1cxx_inheriting_constructors
    Feature record: CXX_FEATURE:1cxx_inline_namespaces
    Feature record: CXX_FEATURE:1cxx_lambdas
    Feature record: CXX_FEATURE:1cxx_lambda_init_captures
    Feature record: CXX_FEATURE:1cxx_local_type_template_args
    Feature record: CXX_FEATURE:1cxx_long_long_type
    Feature record: CXX_FEATURE:1cxx_noexcept
    Feature record: CXX_FEATURE:1cxx_nonstatic_member_init
    Feature record: CXX_FEATURE:1cxx_nullptr
    Feature record: CXX_FEATURE:1cxx_override
    Feature record: CXX_FEATURE:1cxx_range_for
    Feature record: CXX_FEATURE:1cxx_raw_string_literals
    Feature record: CXX_FEATURE:1cxx_reference_qualified_functions
    Feature record: CXX_FEATURE:1cxx_relaxed_constexpr
    Feature record: CXX_FEATURE:1cxx_return_type_deduction
    Feature record: CXX_FEATURE:1cxx_right_angle_brackets
    Feature record: CXX_FEATURE:1cxx_rvalue_references
    Feature record: CXX_FEATURE:1cxx_sizeof_member
    Feature record: CXX_FEATURE:1cxx_static_assert
    Feature record: CXX_FEATURE:1cxx_strong_enums
    Feature record: CXX_FEATURE:1cxx_template_template_parameters
    Feature record: CXX_FEATURE:1cxx_thread_local
    Feature record: CXX_FEATURE:1cxx_trailing_return_types
    Feature record: CXX_FEATURE:1cxx_unicode_literals
    Feature record: CXX_FEATURE:1cxx_uniform_initialization
    Feature record: CXX_FEATURE:1cxx_unrestricted_unions
    Feature record: CXX_FEATURE:1cxx_user_literals
    Feature record: CXX_FEATURE:1cxx_variable_templates
    Feature record: CXX_FEATURE:1cxx_variadic_macros
    Feature record: CXX_FEATURE:1cxx_variadic_templates


Detecting CXX [-std=c++14] compiler features compiled with the following output:
Change Dir: /usr/src/output/build/jsoncpp-1.8.3/CMakeFiles/CMakeTmp

Run Build Command:"/usr/bin/make" "cmTC_6821c/fast"
make[1]: Entering directory '/usr/src/output/build/jsoncpp-1.8.3/CMakeFiles/CMakeTmp'
/usr/bin/make -f CMakeFiles/cmTC_6821c.dir/build.make CMakeFiles/cmTC_6821c.dir/build
make[2]: Entering directory '/usr/src/output/build/jsoncpp-1.8.3/CMakeFiles/CMakeTmp'
Building CXX object CMakeFiles/cmTC_6821c.dir/feature_tests.cxx.o
/usr/src/output/host/bin/arm-buildroot-linux-uclibcgnueabihf-g++ --sysroot=/usr/src/output/host/arm-buildroot-linux-uclibcgnueabihf/sysroot    -D_LARGEFILE_SOURCE -D_LARGEFILE64_SOURCE -D_FILE_OFFSET_BITS=64 -Os   -DNDEBUG   -std=c++14 -o CMakeFiles/cmTC_6821c.dir/feature_tests.cxx.o -c /usr/src/output/build/jsoncpp-1.8.3/CMakeFiles/feature_tests.cxx
Linking CXX executable cmTC_6821c
/usr/src/output/host/bin/cmake -E cmake_link_script CMakeFiles/cmTC_6821c.dir/link.txt --verbose=1
/usr/src/output/host/bin/arm-buildroot-linux-uclibcgnueabihf-g++ --sysroot=/usr/src/output/host/arm-buildroot-linux-uclibcgnueabihf/sysroot  -D_LARGEFILE_SOURCE -D_LARGEFILE64_SOURCE -D_FILE_OFFSET_BITS=64 -Os   -DNDEBUG    -rdynamic CMakeFiles/cmTC_6821c.dir/feature_tests.cxx.o  -o cmTC_6821c 
make[2]: Leaving directory '/usr/src/output/build/jsoncpp-1.8.3/CMakeFiles/CMakeTmp'
make[1]: Leaving directory '/usr/src/output/build/jsoncpp-1.8.3/CMakeFiles/CMakeTmp'


    Feature record: CXX_FEATURE:1cxx_aggregate_default_initializers
    Feature record: CXX_FEATURE:1cxx_alias_templates
    Feature record: CXX_FEATURE:1cxx_alignas
    Feature record: CXX_FEATURE:1cxx_alignof
    Feature record: CXX_FEATURE:1cxx_attributes
    Feature record: CXX_FEATURE:1cxx_attribute_deprecated
    Feature record: CXX_FEATURE:1cxx_auto_type
    Feature record: CXX_FEATURE:1cxx_binary_literals
    Feature record: CXX_FEATURE:1cxx_constexpr
    Feature record: CXX_FEATURE:1cxx_contextual_conversions
    Feature record: CXX_FEATURE:1cxx_decltype
    Feature record: CXX_FEATURE:1cxx_decltype_auto
    Feature record: CXX_FEATURE:1cxx_decltype_incomplete_return_types
    Feature record: CXX_FEATURE:1cxx_default_function_template_args
    Feature record: CXX_FEATURE:1cxx_defaulted_functions
    Feature record: CXX_FEATURE:1cxx_defaulted_move_initializers
    Feature record: CXX_FEATURE:1cxx_delegating_constructors
    Feature record: CXX_FEATURE:1cxx_deleted_functions
    Feature record: CXX_FEATURE:1cxx_digit_separators
    Feature record: CXX_FEATURE:1cxx_enum_forward_declarations
    Feature record: CXX_FEATURE:1cxx_explicit_conversions
    Feature record: CXX_FEATURE:1cxx_extended_friend_declarations
    Feature record: CXX_FEATURE:1cxx_extern_templates
    Feature record: CXX_FEATURE:1cxx_final
    Feature record: CXX_FEATURE:1cxx_func_identifier
    Feature record: CXX_FEATURE:1cxx_generalized_initializers
    Feature record: CXX_FEATURE:1cxx_generic_lambdas
    Feature record: CXX_FEATURE:1cxx_inheriting_constructors
    Feature record: CXX_FEATURE:1cxx_inline_namespaces
    Feature record: CXX_FEATURE:1cxx_lambdas
    Feature record: CXX_FEATURE:1cxx_lambda_init_captures
    Feature record: CXX_FEATURE:1cxx_local_type_template_args
    Feature record: CXX_FEATURE:1cxx_long_long_type
    Feature record: CXX_FEATURE:1cxx_noexcept
    Feature record: CXX_FEATURE:1cxx_nonstatic_member_init
    Feature record: CXX_FEATURE:1cxx_nullptr
    Feature record: CXX_FEATURE:1cxx_override
    Feature record: CXX_FEATURE:1cxx_range_for
    Feature record: CXX_FEATURE:1cxx_raw_string_literals
    Feature record: CXX_FEATURE:1cxx_reference_qualified_functions
    Feature record: CXX_FEATURE:1cxx_relaxed_constexpr
    Feature record: CXX_FEATURE:1cxx_return_type_deduction
    Feature record: CXX_FEATURE:1cxx_right_angle_brackets
    Feature record: CXX_FEATURE:1cxx_rvalue_references
    Feature record: CXX_FEATURE:1cxx_sizeof_member
    Feature record: CXX_FEATURE:1cxx_static_assert
    Feature record: CXX_FEATURE:1cxx_strong_enums
    Feature record: CXX_FEATURE:1cxx_template_template_parameters
    Feature record: CXX_FEATURE:1cxx_thread_local
    Feature record: CXX_FEATURE:1cxx_trailing_return_types
    Feature record: CXX_FEATURE:1cxx_unicode_literals
    Feature record: CXX_FEATURE:1cxx_uniform_initialization
    Feature record: CXX_FEATURE:1cxx_unrestricted_unions
    Feature record: CXX_FEATURE:1cxx_user_literals
    Feature record: CXX_FEATURE:1cxx_variable_templates
    Feature record: CXX_FEATURE:1cxx_variadic_macros
    Feature record: CXX_FEATURE:1cxx_variadic_templates


Detecting CXX [-std=c++11] compiler features compiled with the following output:
Change Dir: /usr/src/output/build/jsoncpp-1.8.3/CMakeFiles/CMakeTmp

Run Build Command:"/usr/bin/make" "cmTC_2b1b5/fast"
make[1]: Entering directory '/usr/src/output/build/jsoncpp-1.8.3/CMakeFiles/CMakeTmp'
/usr/bin/make -f CMakeFiles/cmTC_2b1b5.dir/build.make CMakeFiles/cmTC_2b1b5.dir/build
make[2]: Entering directory '/usr/src/output/build/jsoncpp-1.8.3/CMakeFiles/CMakeTmp'
Building CXX object CMakeFiles/cmTC_2b1b5.dir/feature_tests.cxx.o
/usr/src/output/host/bin/arm-buildroot-linux-uclibcgnueabihf-g++ --sysroot=/usr/src/output/host/arm-buildroot-linux-uclibcgnueabihf/sysroot    -D_LARGEFILE_SOURCE -D_LARGEFILE64_SOURCE -D_FILE_OFFSET_BITS=64 -Os   -DNDEBUG   -std=c++11 -o CMakeFiles/cmTC_2b1b5.dir/feature_tests.cxx.o -c /usr/src/output/build/jsoncpp-1.8.3/CMakeFiles/feature_tests.cxx
Linking CXX executable cmTC_2b1b5
/usr/src/output/host/bin/cmake -E cmake_link_script CMakeFiles/cmTC_2b1b5.dir/link.txt --verbose=1
/usr/src/output/host/bin/arm-buildroot-linux-uclibcgnueabihf-g++ --sysroot=/usr/src/output/host/arm-buildroot-linux-uclibcgnueabihf/sysroot  -D_LARGEFILE_SOURCE -D_LARGEFILE64_SOURCE -D_FILE_OFFSET_BITS=64 -Os   -DNDEBUG    -rdynamic CMakeFiles/cmTC_2b1b5.dir/feature_tests.cxx.o  -o cmTC_2b1b5 
make[2]: Leaving directory '/usr/src/output/build/jsoncpp-1.8.3/CMakeFiles/CMakeTmp'
make[1]: Leaving directory '/usr/src/output/build/jsoncpp-1.8.3/CMakeFiles/CMakeTmp'


    Feature record: CXX_FEATURE:0cxx_aggregate_default_initializers
    Feature record: CXX_FEATURE:1cxx_alias_templates
    Feature record: CXX_FEATURE:1cxx_alignas
    Feature record: CXX_FEATURE:1cxx_alignof
    Feature record: CXX_FEATURE:1cxx_attributes
    Feature record: CXX_FEATURE:0cxx_attribute_deprecated
    Feature record: CXX_FEATURE:1cxx_auto_type
    Feature record: CXX_FEATURE:0cxx_binary_literals
    Feature record: CXX_FEATURE:1cxx_constexpr
    Feature record: CXX_FEATURE:0cxx_contextual_conversions
    Feature record: CXX_FEATURE:1cxx_decltype
    Feature record: CXX_FEATURE:0cxx_decltype_auto
    Feature record: CXX_FEATURE:1cxx_decltype_incomplete_return_types
    Feature record: CXX_FEATURE:1cxx_default_function_template_args
    Feature record: CXX_FEATURE:1cxx_defaulted_functions
    Feature record: CXX_FEATURE:1cxx_defaulted_move_initializers
    Feature record: CXX_FEATURE:1cxx_delegating_constructors
    Feature record: CXX_FEATURE:1cxx_deleted_functions
    Feature record: CXX_FEATURE:0cxx_digit_separators
    Feature record: CXX_FEATURE:1cxx_enum_forward_declarations
    Feature record: CXX_FEATURE:1cxx_explicit_conversions
    Feature record: CXX_FEATURE:1cxx_extended_friend_declarations
    Feature record: CXX_FEATURE:1cxx_extern_templates
    Feature record: CXX_FEATURE:1cxx_final
    Feature record: CXX_FEATURE:1cxx_func_identifier
    Feature record: CXX_FEATURE:1cxx_generalized_initializers
    Feature record: CXX_FEATURE:0cxx_generic_lambdas
    Feature record: CXX_FEATURE:1cxx_inheriting_constructors
    Feature record: CXX_FEATURE:1cxx_inline_namespaces
    Feature record: CXX_FEATURE:1cxx_lambdas
    Feature record: CXX_FEATURE:0cxx_lambda_init_captures
    Feature record: CXX_FEATURE:1cxx_local_type_template_args
    Feature record: CXX_FEATURE:1cxx_long_long_type
    Feature record: CXX_FEATURE:1cxx_noexcept
    Feature record: CXX_FEATURE:1cxx_nonstatic_member_init
    Feature record: CXX_FEATURE:1cxx_nullptr
    Feature record: CXX_FEATURE:1cxx_override
    Feature record: CXX_FEATURE:1cxx_range_for
    Feature record: CXX_FEATURE:1cxx_raw_string_literals
    Feature record: CXX_FEATURE:1cxx_reference_qualified_functions
    Feature record: CXX_FEATURE:0cxx_relaxed_constexpr
    Feature record: CXX_FEATURE:0cxx_return_type_deduction
    Feature record: CXX_FEATURE:1cxx_right_angle_brackets
    Feature record: CXX_FEATURE:1cxx_rvalue_references
    Feature record: CXX_FEATURE:1cxx_sizeof_member
    Feature record: CXX_FEATURE:1cxx_static_assert
    Feature record: CXX_FEATURE:1cxx_strong_enums
    Feature record: CXX_FEATURE:1cxx_template_template_parameters
    Feature record: CXX_FEATURE:1cxx_thread_local
    Feature record: CXX_FEATURE:1cxx_trailing_return_types
    Feature record: CXX_FEATURE:1cxx_unicode_literals
    Feature record: CXX_FEATURE:1cxx_uniform_initialization
    Feature record: CXX_FEATURE:1cxx_unrestricted_unions
    Feature record: CXX_FEATURE:1cxx_user_literals
    Feature record: CXX_FEATURE:0cxx_variable_templates
    Feature record: CXX_FEATURE:1cxx_variadic_macros
    Feature record: CXX_FEATURE:1cxx_variadic_templates


Detecting CXX [-std=c++98] compiler features compiled with the following output:
Change Dir: /usr/src/output/build/jsoncpp-1.8.3/CMakeFiles/CMakeTmp

Run Build Command:"/usr/bin/make" "cmTC_6ca3f/fast"
make[1]: Entering directory '/usr/src/output/build/jsoncpp-1.8.3/CMakeFiles/CMakeTmp'
/usr/bin/make -f CMakeFiles/cmTC_6ca3f.dir/build.make CMakeFiles/cmTC_6ca3f.dir/build
make[2]: Entering directory '/usr/src/output/build/jsoncpp-1.8.3/CMakeFiles/CMakeTmp'
Building CXX object CMakeFiles/cmTC_6ca3f.dir/feature_tests.cxx.o
/usr/src/output/host/bin/arm-buildroot-linux-uclibcgnueabihf-g++ --sysroot=/usr/src/output/host/arm-buildroot-linux-uclibcgnueabihf/sysroot    -D_LARGEFILE_SOURCE -D_LARGEFILE64_SOURCE -D_FILE_OFFSET_BITS=64 -Os   -DNDEBUG   -std=c++98 -o CMakeFiles/cmTC_6ca3f.dir/feature_tests.cxx.o -c /usr/src/output/build/jsoncpp-1.8.3/CMakeFiles/feature_tests.cxx
Linking CXX executable cmTC_6ca3f
/usr/src/output/host/bin/cmake -E cmake_link_script CMakeFiles/cmTC_6ca3f.dir/link.txt --verbose=1
/usr/src/output/host/bin/arm-buildroot-linux-uclibcgnueabihf-g++ --sysroot=/usr/src/output/host/arm-buildroot-linux-uclibcgnueabihf/sysroot  -D_LARGEFILE_SOURCE -D_LARGEFILE64_SOURCE -D_FILE_OFFSET_BITS=64 -Os   -DNDEBUG    -rdynamic CMakeFiles/cmTC_6ca3f.dir/feature_tests.cxx.o  -o cmTC_6ca3f 
make[2]: Leaving directory '/usr/src/output/build/jsoncpp-1.8.3/CMakeFiles/CMakeTmp'
make[1]: Leaving directory '/usr/src/output/build/jsoncpp-1.8.3/CMakeFiles/CMakeTmp'


    Feature record: CXX_FEATURE:0cxx_aggregate_default_initializers
    Feature record: CXX_FEATURE:0cxx_alias_templates
    Feature record: CXX_FEATURE:0cxx_alignas
    Feature record: CXX_FEATURE:0cxx_alignof
    Feature record: CXX_FEATURE:0cxx_attributes
    Feature record: CXX_FEATURE:0cxx_attribute_deprecated
    Feature record: CXX_FEATURE:0cxx_auto_type
    Feature record: CXX_FEATURE:0cxx_binary_literals
    Feature record: CXX_FEATURE:0cxx_constexpr
    Feature record: CXX_FEATURE:0cxx_contextual_conversions
    Feature record: CXX_FEATURE:0cxx_decltype
    Feature record: CXX_FEATURE:0cxx_decltype_auto
    Feature record: CXX_FEATURE:0cxx_decltype_incomplete_return_types
    Feature record: CXX_FEATURE:0cxx_default_function_template_args
    Feature record: CXX_FEATURE:0cxx_defaulted_functions
    Feature record: CXX_FEATURE:0cxx_defaulted_move_initializers
    Feature record: CXX_FEATURE:0cxx_delegating_constructors
    Feature record: CXX_FEATURE:0cxx_deleted_functions
    Feature record: CXX_FEATURE:0cxx_digit_separators
    Feature record: CXX_FEATURE:0cxx_enum_forward_declarations
    Feature record: CXX_FEATURE:0cxx_explicit_conversions
    Feature record: CXX_FEATURE:0cxx_extended_friend_declarations
    Feature record: CXX_FEATURE:0cxx_extern_templates
    Feature record: CXX_FEATURE:0cxx_final
    Feature record: CXX_FEATURE:0cxx_func_identifier
    Feature record: CXX_FEATURE:0cxx_generalized_initializers
    Feature record: CXX_FEATURE:0cxx_generic_lambdas
    Feature record: CXX_FEATURE:0cxx_inheriting_constructors
    Feature record: CXX_FEATURE:0cxx_inline_namespaces
    Feature record: CXX_FEATURE:0cxx_lambdas
    Feature record: CXX_FEATURE:0cxx_lambda_init_captures
    Feature record: CXX_FEATURE:0cxx_local_type_template_args
    Feature record: CXX_FEATURE:0cxx_long_long_type
    Feature record: CXX_FEATURE:0cxx_noexcept
    Feature record: CXX_FEATURE:0cxx_nonstatic_member_init
    Feature record: CXX_FEATURE:0cxx_nullptr
    Feature record: CXX_FEATURE:0cxx_override
    Feature record: CXX_FEATURE:0cxx_range_for
    Feature record: CXX_FEATURE:0cxx_raw_string_literals
    Feature record: CXX_FEATURE:0cxx_reference_qualified_functions
    Feature record: CXX_FEATURE:0cxx_relaxed_constexpr
    Feature record: CXX_FEATURE:0cxx_return_type_deduction
    Feature record: CXX_FEATURE:0cxx_right_angle_brackets
    Feature record: CXX_FEATURE:0cxx_rvalue_references
    Feature record: CXX_FEATURE:0cxx_sizeof_member
    Feature record: CXX_FEATURE:0cxx_static_assert
    Feature record: CXX_FEATURE:0cxx_strong_enums
    Feature record: CXX_FEATURE:1cxx_template_template_parameters
    Feature record: CXX_FEATURE:0cxx_thread_local
    Feature record: CXX_FEATURE:0cxx_trailing_return_types
    Feature record: CXX_FEATURE:0cxx_unicode_literals
    Feature record: CXX_FEATURE:0cxx_uniform_initialization
    Feature record: CXX_FEATURE:0cxx_unrestricted_unions
    Feature record: CXX_FEATURE:0cxx_user_literals
    Feature record: CXX_FEATURE:0cxx_variable_templates
    Feature record: CXX_FEATURE:0cxx_variadic_macros
    Feature record: CXX_FEATURE:0cxx_variadic_templates
Determining if the include file clocale exists passed with the following output:
Change Dir: /usr/src/output/build/jsoncpp-1.8.3/CMakeFiles/CMakeTmp

Run Build Command:"/usr/bin/make" "cmTC_87916/fast"
make[1]: Entering directory '/usr/src/output/build/jsoncpp-1.8.3/CMakeFiles/CMakeTmp'
/usr/bin/make -f CMakeFiles/cmTC_87916.dir/build.make CMakeFiles/cmTC_87916.dir/build
make[2]: Entering directory '/usr/src/output/build/jsoncpp-1.8.3/CMakeFiles/CMakeTmp'
Building CXX object CMakeFiles/cmTC_87916.dir/CheckIncludeFile.cxx.o
/usr/src/output/host/bin/arm-buildroot-linux-uclibcgnueabihf-g++ --sysroot=/usr/src/output/host/arm-buildroot-linux-uclibcgnueabihf/sysroot    -D_LARGEFILE_SOURCE -D_LARGEFILE64_SOURCE -D_FILE_OFFSET_BITS=64 -Os -Wall -Wconversion -Wshadow -Wextra -Werror=strict-aliasing   -DNDEBUG   -o CMakeFiles/cmTC_87916.dir/CheckIncludeFile.cxx.o -c /usr/src/output/build/jsoncpp-1.8.3/CMakeFiles/CMakeTmp/CheckIncludeFile.cxx
Linking CXX executable cmTC_87916
/usr/src/output/host/bin/cmake -E cmake_link_script CMakeFiles/cmTC_87916.dir/link.txt --verbose=1
/usr/src/output/host/bin/arm-buildroot-linux-uclibcgnueabihf-g++ --sysroot=/usr/src/output/host/arm-buildroot-linux-uclibcgnueabihf/sysroot  -D_LARGEFILE_SOURCE -D_LARGEFILE64_SOURCE -D_FILE_OFFSET_BITS=64 -Os -Wall -Wconversion -Wshadow -Wextra -Werror=strict-aliasing   -DNDEBUG    -rdynamic CMakeFiles/cmTC_87916.dir/CheckIncludeFile.cxx.o  -o cmTC_87916 
make[2]: Leaving directory '/usr/src/output/build/jsoncpp-1.8.3/CMakeFiles/CMakeTmp'
make[1]: Leaving directory '/usr/src/output/build/jsoncpp-1.8.3/CMakeFiles/CMakeTmp'


Determining if the localeconv exist passed with the following output:
Change Dir: /usr/src/output/build/jsoncpp-1.8.3/CMakeFiles/CMakeTmp

Run Build Command:"/usr/bin/make" "cmTC_3028f/fast"
make[1]: Entering directory '/usr/src/output/build/jsoncpp-1.8.3/CMakeFiles/CMakeTmp'
/usr/bin/make -f CMakeFiles/cmTC_3028f.dir/build.make CMakeFiles/cmTC_3028f.dir/build
make[2]: Entering directory '/usr/src/output/build/jsoncpp-1.8.3/CMakeFiles/CMakeTmp'
Building CXX object CMakeFiles/cmTC_3028f.dir/CheckSymbolExists.cxx.o
/usr/src/output/host/bin/arm-buildroot-linux-uclibcgnueabihf-g++ --sysroot=/usr/src/output/host/arm-buildroot-linux-uclibcgnueabihf/sysroot    -D_LARGEFILE_SOURCE -D_LARGEFILE64_SOURCE -D_FILE_OFFSET_BITS=64 -Os -Wall -Wconversion -Wshadow -Wextra -Werror=strict-aliasing   -DNDEBUG   -o CMakeFiles/cmTC_3028f.dir/CheckSymbolExists.cxx.o -c /usr/src/output/build/jsoncpp-1.8.3/CMakeFiles/CMakeTmp/CheckSymbolExists.cxx
Linking CXX executable cmTC_3028f
/usr/src/output/host/bin/cmake -E cmake_link_script CMakeFiles/cmTC_3028f.dir/link.txt --verbose=1
/usr/src/output/host/bin/arm-buildroot-linux-uclibcgnueabihf-g++ --sysroot=/usr/src/output/host/arm-buildroot-linux-uclibcgnueabihf/sysroot  -D_LARGEFILE_SOURCE -D_LARGEFILE64_SOURCE -D_FILE_OFFSET_BITS=64 -Os -Wall -Wconversion -Wshadow -Wextra -Werror=strict-aliasing   -DNDEBUG    -rdynamic CMakeFiles/cmTC_3028f.dir/CheckSymbolExists.cxx.o  -o cmTC_3028f 
make[2]: Leaving directory '/usr/src/output/build/jsoncpp-1.8.3/CMakeFiles/CMakeTmp'
make[1]: Leaving directory '/usr/src/output/build/jsoncpp-1.8.3/CMakeFiles/CMakeTmp'

File /usr/src/output/build/jsoncpp-1.8.3/CMakeFiles/CMakeTmp/CheckSymbolExists.cxx:
/* */
#include <clocale>

int main(int argc, char** argv)
{
  (void)argv;
#ifndef localeconv
  return ((int*)(&localeconv))[argc];
#else
  (void)argc;
  return 0;
#endif
}

Determining if the include file sys/types.h exists passed with the following output:
Change Dir: /usr/src/output/build/jsoncpp-1.8.3/CMakeFiles/CMakeTmp

Run Build Command:"/usr/bin/make" "cmTC_0f33d/fast"
make[1]: Entering directory '/usr/src/output/build/jsoncpp-1.8.3/CMakeFiles/CMakeTmp'
/usr/bin/make -f CMakeFiles/cmTC_0f33d.dir/build.make CMakeFiles/cmTC_0f33d.dir/build
make[2]: Entering directory '/usr/src/output/build/jsoncpp-1.8.3/CMakeFiles/CMakeTmp'
Building CXX object CMakeFiles/cmTC_0f33d.dir/CheckIncludeFile.cxx.o
/usr/src/output/host/bin/arm-buildroot-linux-uclibcgnueabihf-g++ --sysroot=/usr/src/output/host/arm-buildroot-linux-uclibcgnueabihf/sysroot    -D_LARGEFILE_SOURCE -D_LARGEFILE64_SOURCE -D_FILE_OFFSET_BITS=64 -Os -Wall -Wconversion -Wshadow -Wextra -Werror=strict-aliasing   -DNDEBUG   -o CMakeFiles/cmTC_0f33d.dir/CheckIncludeFile.cxx.o -c /usr/src/output/build/jsoncpp-1.8.3/CMakeFiles/CMakeTmp/CheckIncludeFile.cxx
Linking CXX executable cmTC_0f33d
/usr/src/output/host/bin/cmake -E cmake_link_script CMakeFiles/cmTC_0f33d.dir/link.txt --verbose=1
/usr/src/output/host/bin/arm-buildroot-linux-uclibcgnueabihf-g++ --sysroot=/usr/src/output/host/arm-buildroot-linux-uclibcgnueabihf/sysroot  -D_LARGEFILE_SOURCE -D_LARGEFILE64_SOURCE -D_FILE_OFFSET_BITS=64 -Os -Wall -Wconversion -Wshadow -Wextra -Werror=strict-aliasing   -DNDEBUG    -rdynamic CMakeFiles/cmTC_0f33d.dir/CheckIncludeFile.cxx.o  -o cmTC_0f33d 
make[2]: Leaving directory '/usr/src/output/build/jsoncpp-1.8.3/CMakeFiles/CMakeTmp'
make[1]: Leaving directory '/usr/src/output/build/jsoncpp-1.8.3/CMakeFiles/CMakeTmp'


Determining if the include file stdint.h exists passed with the following output:
Change Dir: /usr/src/output/build/jsoncpp-1.8.3/CMakeFiles/CMakeTmp

Run Build Command:"/usr/bin/make" "cmTC_dafce/fast"
make[1]: Entering directory '/usr/src/output/build/jsoncpp-1.8.3/CMakeFiles/CMakeTmp'
/usr/bin/make -f CMakeFiles/cmTC_dafce.dir/build.make CMakeFiles/cmTC_dafce.dir/build
make[2]: Entering directory '/usr/src/output/build/jsoncpp-1.8.3/CMakeFiles/CMakeTmp'
Building CXX object CMakeFiles/cmTC_dafce.dir/CheckIncludeFile.cxx.o
/usr/src/output/host/bin/arm-buildroot-linux-uclibcgnueabihf-g++ --sysroot=/usr/src/output/host/arm-buildroot-linux-uclibcgnueabihf/sysroot    -D_LARGEFILE_SOURCE -D_LARGEFILE64_SOURCE -D_FILE_OFFSET_BITS=64 -Os -Wall -Wconversion -Wshadow -Wextra -Werror=strict-aliasing   -DNDEBUG   -o CMakeFiles/cmTC_dafce.dir/CheckIncludeFile.cxx.o -c /usr/src/output/build/jsoncpp-1.8.3/CMakeFiles/CMakeTmp/CheckIncludeFile.cxx
Linking CXX executable cmTC_dafce
/usr/src/output/host/bin/cmake -E cmake_link_script CMakeFiles/cmTC_dafce.dir/link.txt --verbose=1
/usr/src/output/host/bin/arm-buildroot-linux-uclibcgnueabihf-g++ --sysroot=/usr/src/output/host/arm-buildroot-linux-uclibcgnueabihf/sysroot  -D_LARGEFILE_SOURCE -D_LARGEFILE64_SOURCE -D_FILE_OFFSET_BITS=64 -Os -Wall -Wconversion -Wshadow -Wextra -Werror=strict-aliasing   -DNDEBUG    -rdynamic CMakeFiles/cmTC_dafce.dir/CheckIncludeFile.cxx.o  -o cmTC_dafce 
make[2]: Leaving directory '/usr/src/output/build/jsoncpp-1.8.3/CMakeFiles/CMakeTmp'
make[1]: Leaving directory '/usr/src/output/build/jsoncpp-1.8.3/CMakeFiles/CMakeTmp'


Determining if the include file stddef.h exists passed with the following output:
Change Dir: /usr/src/output/build/jsoncpp-1.8.3/CMakeFiles/CMakeTmp

Run Build Command:"/usr/bin/make" "cmTC_648d2/fast"
make[1]: Entering directory '/usr/src/output/build/jsoncpp-1.8.3/CMakeFiles/CMakeTmp'
/usr/bin/make -f CMakeFiles/cmTC_648d2.dir/build.make CMakeFiles/cmTC_648d2.dir/build
make[2]: Entering directory '/usr/src/output/build/jsoncpp-1.8.3/CMakeFiles/CMakeTmp'
Building CXX object CMakeFiles/cmTC_648d2.dir/CheckIncludeFile.cxx.o
/usr/src/output/host/bin/arm-buildroot-linux-uclibcgnueabihf-g++ --sysroot=/usr/src/output/host/arm-buildroot-linux-uclibcgnueabihf/sysroot    -D_LARGEFILE_SOURCE -D_LARGEFILE64_SOURCE -D_FILE_OFFSET_BITS=64 -Os -Wall -Wconversion -Wshadow -Wextra -Werror=strict-aliasing   -DNDEBUG   -o CMakeFiles/cmTC_648d2.dir/CheckIncludeFile.cxx.o -c /usr/src/output/build/jsoncpp-1.8.3/CMakeFiles/CMakeTmp/CheckIncludeFile.cxx
Linking CXX executable cmTC_648d2
/usr/src/output/host/bin/cmake -E cmake_link_script CMakeFiles/cmTC_648d2.dir/link.txt --verbose=1
/usr/src/output/host/bin/arm-buildroot-linux-uclibcgnueabihf-g++ --sysroot=/usr/src/output/host/arm-buildroot-linux-uclibcgnueabihf/sysroot  -D_LARGEFILE_SOURCE -D_LARGEFILE64_SOURCE -D_FILE_OFFSET_BITS=64 -Os -Wall -Wconversion -Wshadow -Wextra -Werror=strict-aliasing   -DNDEBUG    -rdynamic CMakeFiles/cmTC_648d2.dir/CheckIncludeFile.cxx.o  -o cmTC_648d2 
make[2]: Leaving directory '/usr/src/output/build/jsoncpp-1.8.3/CMakeFiles/CMakeTmp'
make[1]: Leaving directory '/usr/src/output/build/jsoncpp-1.8.3/CMakeFiles/CMakeTmp'


Determining size of lconv passed with the following output:
Change Dir: /usr/src/output/build/jsoncpp-1.8.3/CMakeFiles/CMakeTmp

Run Build Command:"/usr/bin/make" "cmTC_f88e6/fast"
make[1]: Entering directory '/usr/src/output/build/jsoncpp-1.8.3/CMakeFiles/CMakeTmp'
/usr/bin/make -f CMakeFiles/cmTC_f88e6.dir/build.make CMakeFiles/cmTC_f88e6.dir/build
make[2]: Entering directory '/usr/src/output/build/jsoncpp-1.8.3/CMakeFiles/CMakeTmp'
Building CXX object CMakeFiles/cmTC_f88e6.dir/LCONV_SIZE.cpp.o
/usr/src/output/host/bin/arm-buildroot-linux-uclibcgnueabihf-g++ --sysroot=/usr/src/output/host/arm-buildroot-linux-uclibcgnueabihf/sysroot    -D_LARGEFILE_SOURCE -D_LARGEFILE64_SOURCE -D_FILE_OFFSET_BITS=64 -Os -Wall -Wconversion -Wshadow -Wextra -Werror=strict-aliasing   -DNDEBUG   -o CMakeFiles/cmTC_f88e6.dir/LCONV_SIZE.cpp.o -c /usr/src/output/build/jsoncpp-1.8.3/CMakeFiles/CheckTypeSize/LCONV_SIZE.cpp
Linking CXX executable cmTC_f88e6
/usr/src/output/host/bin/cmake -E cmake_link_script CMakeFiles/cmTC_f88e6.dir/link.txt --verbose=1
/usr/src/output/host/bin/arm-buildroot-linux-uclibcgnueabihf-g++ --sysroot=/usr/src/output/host/arm-buildroot-linux-uclibcgnueabihf/sysroot  -D_LARGEFILE_SOURCE -D_LARGEFILE64_SOURCE -D_FILE_OFFSET_BITS=64 -Os -Wall -Wconversion -Wshadow -Wextra -Werror=strict-aliasing   -DNDEBUG    -rdynamic CMakeFiles/cmTC_f88e6.dir/LCONV_SIZE.cpp.o  -o cmTC_f88e6 
make[2]: Leaving directory '/usr/src/output/build/jsoncpp-1.8.3/CMakeFiles/CMakeTmp'
make[1]: Leaving directory '/usr/src/output/build/jsoncpp-1.8.3/CMakeFiles/CMakeTmp'


Performing C++ SOURCE FILE Test HAVE_DECIMAL_POINT succeeded with the following output:
Change Dir: /usr/src/output/build/jsoncpp-1.8.3/CMakeFiles/CMakeTmp

Run Build Command:"/usr/bin/make" "cmTC_09fe4/fast"
make[1]: Entering directory '/usr/src/output/build/jsoncpp-1.8.3/CMakeFiles/CMakeTmp'
/usr/bin/make -f CMakeFiles/cmTC_09fe4.dir/build.make CMakeFiles/cmTC_09fe4.dir/build
make[2]: Entering directory '/usr/src/output/build/jsoncpp-1.8.3/CMakeFiles/CMakeTmp'
Building CXX object CMakeFiles/cmTC_09fe4.dir/src.cxx.o
/usr/src/output/host/bin/arm-buildroot-linux-uclibcgnueabihf-g++ --sysroot=/usr/src/output/host/arm-buildroot-linux-uclibcgnueabihf/sysroot    -D_LARGEFILE_SOURCE -D_LARGEFILE64_SOURCE -D_FILE_OFFSET_BITS=64 -Os -Wall -Wconversion -Wshadow -Wextra -Werror=strict-aliasing -DHAVE_DECIMAL_POINT  -DNDEBUG   -o CMakeFiles/cmTC_09fe4.dir/src.cxx.o -c /usr/src/output/build/jsoncpp-1.8.3/CMakeFiles/CMakeTmp/src.cxx
Linking CXX executable cmTC_09fe4
/usr/src/output/host/bin/cmake -E cmake_link_script CMakeFiles/cmTC_09fe4.dir/link.txt --verbose=1
/usr/src/output/host/bin/arm-buildroot-linux-uclibcgnueabihf-g++ --sysroot=/usr/src/output/host/arm-buildroot-linux-uclibcgnueabihf/sysroot  -D_LARGEFILE_SOURCE -D_LARGEFILE64_SOURCE -D_FILE_OFFSET_BITS=64 -Os -Wall -Wconversion -Wshadow -Wextra -Werror=strict-aliasing -DHAVE_DECIMAL_POINT  -DNDEBUG    -rdynamic CMakeFiles/cmTC_09fe4.dir/src.cxx.o  -o cmTC_09fe4 
make[2]: Leaving directory '/usr/src/output/build/jsoncpp-1.8.3/CMakeFiles/CMakeTmp'
make[1]: Leaving directory '/usr/src/output/build/jsoncpp-1.8.3/CMakeFiles/CMakeTmp'

Source file was:

#include <clocale>

int main()
{
   (void)sizeof(((lconv *)0)->decimal_point);
   return 0;
}

