This file contains any messages produced by compilers while
running configure, to aid debugging if configure makes a mistake.

It was created by ld configure 2.29.1, which was
generated by GNU Autoconf 2.64.  Invocation command line was

  $ /usr/src/output/build/host-binutils-2.29.1/ld/configure --srcdir=.././ld --cache-file=./config.cache --with-gnu-as --with-gnu-ld --prefix=/usr/src/output/host --sysconfdir=/usr/src/output/host/etc --localstatedir=/usr/src/output/host/var --enable-shared --disable-static --disable-gtk-doc --disable-gtk-doc-html --disable-doc --disable-docs --disable-documentation --disable-debug --with-xmlto=no --with-fop=no --disable-dependency-tracking --disable-multilib --disable-werror --disable-shared --enable-static --with-sysroot=/usr/src/output/host/arm-buildroot-linux-uclibcgnueabihf/sysroot --enable-poison-system-directories --disable-sim --disable-gdb --program-transform-name=s&^&arm-buildroot-linux-uclibcgnueabihf-& --disable-option-checking --build=x86_64-pc-linux-gnu --host=x86_64-pc-linux-gnu --target=arm-buildroot-linux-uclibcgnueabihf

## --------- ##
## Platform. ##
## --------- ##

hostname = c37c58f94407
uname -m = x86_64
uname -r = 4.15.0-42-generic
uname -s = Linux
uname -v = #45~16.04.1-Ubuntu SMP Mon Nov 19 13:02:27 UTC 2018

/usr/bin/uname -p = unknown
/bin/uname -X     = unknown

/bin/arch              = unknown
/usr/bin/arch -k       = unknown
/usr/convex/getsysinfo = unknown
/usr/bin/hostinfo      = unknown
/bin/machine           = unknown
/usr/bin/oslevel       = unknown
/bin/universe          = unknown

PATH: /usr/src/output/host/bin
PATH: /usr/src/output/host/sbin
PATH: /usr/local/sbin
PATH: /usr/local/bin
PATH: /usr/sbin
PATH: /usr/bin
PATH: /sbin
PATH: /bin


## ----------- ##
## Core tests. ##
## ----------- ##

configure:2537: creating cache ./config.cache
configure:2642: checking build system type
configure:2656: result: x86_64-pc-linux-gnu
configure:2676: checking host system type
configure:2689: result: x86_64-pc-linux-gnu
configure:2709: checking target system type
configure:2722: result: arm-buildroot-linux-uclibcgnueabihf
configure:2757: checking for x86_64-pc-linux-gnu-gcc
configure:2784: result: /usr/bin/gcc
configure:3053: checking for C compiler version
configure:3062: /usr/bin/gcc --version >&5
gcc (Debian 6.3.0-18+deb9u1) 6.3.0 20170516
Copyright (C) 2016 Free Software Foundation, Inc.
This is free software; see the source for copying conditions.  There is NO
warranty; not even for MERCHANTABILITY or FITNESS FOR A PARTICULAR PURPOSE.

configure:3073: $? = 0
configure:3062: /usr/bin/gcc -v >&5
Using built-in specs.
COLLECT_GCC=/usr/bin/gcc
COLLECT_LTO_WRAPPER=/usr/lib/gcc/x86_64-linux-gnu/6/lto-wrapper
Target: x86_64-linux-gnu
Configured with: ../src/configure -v --with-pkgversion='Debian 6.3.0-18+deb9u1' --with-bugurl=file:///usr/share/doc/gcc-6/README.Bugs --enable-languages=c,ada,c++,java,go,d,fortran,objc,obj-c++ --prefix=/usr --program-suffix=-6 --program-prefix=x86_64-linux-gnu- --enable-shared --enable-linker-build-id --libexecdir=/usr/lib --without-included-gettext --enable-threads=posix --libdir=/usr/lib --enable-nls --with-sysroot=/ --enable-clocale=gnu --enable-libstdcxx-debug --enable-libstdcxx-time=yes --with-default-libstdcxx-abi=new --enable-gnu-unique-object --disable-vtable-verify --enable-libmpx --enable-plugin --enable-default-pie --with-system-zlib --disable-browser-plugin --enable-java-awt=gtk --enable-gtk-cairo --with-java-home=/usr/lib/jvm/java-1.5.0-gcj-6-amd64/jre --enable-java-home --with-jvm-root-dir=/usr/lib/jvm/java-1.5.0-gcj-6-amd64 --with-jvm-jar-dir=/usr/lib/jvm-exports/java-1.5.0-gcj-6-amd64 --with-arch-directory=amd64 --with-ecj-jar=/usr/share/java/eclipse-ecj.jar --with-target-system-zlib --enable-objc-gc=auto --enable-multiarch --with-arch-32=i686 --with-abi=m64 --with-multilib-list=m32,m64,mx32 --enable-multilib --with-tune=generic --enable-checking=release --build=x86_64-linux-gnu --host=x86_64-linux-gnu --target=x86_64-linux-gnu
Thread model: posix
gcc version 6.3.0 20170516 (Debian 6.3.0-18+deb9u1) 
configure:3073: $? = 0
configure:3062: /usr/bin/gcc -V >&5
gcc: error: unrecognized command line option '-V'
gcc: fatal error: no input files
compilation terminated.
configure:3073: $? = 1
configure:3062: /usr/bin/gcc -qversion >&5
gcc: error: unrecognized command line option '-qversion'; did you mean '--version'?
gcc: fatal error: no input files
compilation terminated.
configure:3073: $? = 1
configure:3093: checking for C compiler default output file name
configure:3115: /usr/bin/gcc -O2 -I/usr/src/output/host/include  -static-libstdc++ -static-libgcc -L/usr/src/output/host/lib -Wl,-rpath,/usr/src/output/host/lib conftest.c  >&5
configure:3119: $? = 0
configure:3156: result: a.out
configure:3172: checking whether the C compiler works
configure:3181: ./a.out
configure:3185: $? = 0
configure:3200: result: yes
configure:3207: checking whether we are cross compiling
configure:3209: result: no
configure:3212: checking for suffix of executables
configure:3219: /usr/bin/gcc -o conftest -O2 -I/usr/src/output/host/include  -static-libstdc++ -static-libgcc -L/usr/src/output/host/lib -Wl,-rpath,/usr/src/output/host/lib conftest.c  >&5
configure:3223: $? = 0
configure:3245: result: 
configure:3251: checking for suffix of object files
configure:3273: /usr/bin/gcc -c -O2 -I/usr/src/output/host/include  conftest.c >&5
configure:3277: $? = 0
configure:3298: result: o
configure:3302: checking whether we are using the GNU C compiler
configure:3321: /usr/bin/gcc -c -O2 -I/usr/src/output/host/include  conftest.c >&5
configure:3321: $? = 0
configure:3330: result: yes
configure:3339: checking whether /usr/bin/gcc accepts -g
configure:3359: /usr/bin/gcc -c -g  conftest.c >&5
configure:3359: $? = 0
configure:3400: result: yes
configure:3417: checking for /usr/bin/gcc option to accept ISO C89
configure:3481: /usr/bin/gcc  -c -O2 -I/usr/src/output/host/include  conftest.c >&5
configure:3481: $? = 0
configure:3494: result: none needed
configure:3515: checking for library containing strerror
configure:3546: /usr/bin/gcc -o conftest -O2 -I/usr/src/output/host/include  -static-libstdc++ -static-libgcc -L/usr/src/output/host/lib -Wl,-rpath,/usr/src/output/host/lib conftest.c  >&5
configure:3546: $? = 0
configure:3563: result: none required
configure:3588: checking for a BSD-compatible install
configure:3656: result: /usr/bin/install -c
configure:3667: checking whether build environment is sane
configure:3717: result: yes
configure:3858: checking for a thread-safe mkdir -p
configure:3897: result: /bin/mkdir -p
configure:3910: checking for gawk
configure:3937: result: mawk
configure:3948: checking whether /usr/bin/make sets $(MAKE)
configure:3970: result: yes
configure:4000: checking for style of include used by /usr/bin/make
configure:4028: result: GNU
configure:4114: checking dependency style of /usr/bin/gcc
configure:4225: result: none
configure:4242: checking whether to enable maintainer-specific portions of Makefiles
configure:4251: result: no
configure:4273: checking for x86_64-pc-linux-gnu-gcc
configure:4300: result: /usr/bin/gcc
configure:4569: checking for C compiler version
configure:4578: /usr/bin/gcc --version >&5
gcc (Debian 6.3.0-18+deb9u1) 6.3.0 20170516
Copyright (C) 2016 Free Software Foundation, Inc.
This is free software; see the source for copying conditions.  There is NO
warranty; not even for MERCHANTABILITY or FITNESS FOR A PARTICULAR PURPOSE.

configure:4589: $? = 0
configure:4578: /usr/bin/gcc -v >&5
Using built-in specs.
COLLECT_GCC=/usr/bin/gcc
COLLECT_LTO_WRAPPER=/usr/lib/gcc/x86_64-linux-gnu/6/lto-wrapper
Target: x86_64-linux-gnu
Configured with: ../src/configure -v --with-pkgversion='Debian 6.3.0-18+deb9u1' --with-bugurl=file:///usr/share/doc/gcc-6/README.Bugs --enable-languages=c,ada,c++,java,go,d,fortran,objc,obj-c++ --prefix=/usr --program-suffix=-6 --program-prefix=x86_64-linux-gnu- --enable-shared --enable-linker-build-id --libexecdir=/usr/lib --without-included-gettext --enable-threads=posix --libdir=/usr/lib --enable-nls --with-sysroot=/ --enable-clocale=gnu --enable-libstdcxx-debug --enable-libstdcxx-time=yes --with-default-libstdcxx-abi=new --enable-gnu-unique-object --disable-vtable-verify --enable-libmpx --enable-plugin --enable-default-pie --with-system-zlib --disable-browser-plugin --enable-java-awt=gtk --enable-gtk-cairo --with-java-home=/usr/lib/jvm/java-1.5.0-gcj-6-amd64/jre --enable-java-home --with-jvm-root-dir=/usr/lib/jvm/java-1.5.0-gcj-6-amd64 --with-jvm-jar-dir=/usr/lib/jvm-exports/java-1.5.0-gcj-6-amd64 --with-arch-directory=amd64 --with-ecj-jar=/usr/share/java/eclipse-ecj.jar --with-target-system-zlib --enable-objc-gc=auto --enable-multiarch --with-arch-32=i686 --with-abi=m64 --with-multilib-list=m32,m64,mx32 --enable-multilib --with-tune=generic --enable-checking=release --build=x86_64-linux-gnu --host=x86_64-linux-gnu --target=x86_64-linux-gnu
Thread model: posix
gcc version 6.3.0 20170516 (Debian 6.3.0-18+deb9u1) 
configure:4589: $? = 0
configure:4578: /usr/bin/gcc -V >&5
gcc: error: unrecognized command line option '-V'
gcc: fatal error: no input files
compilation terminated.
configure:4589: $? = 1
configure:4578: /usr/bin/gcc -qversion >&5
gcc: error: unrecognized command line option '-qversion'; did you mean '--version'?
gcc: fatal error: no input files
compilation terminated.
configure:4589: $? = 1
configure:4593: checking whether we are using the GNU C compiler
configure:4621: result: yes
configure:4630: checking whether /usr/bin/gcc accepts -g
configure:4691: result: yes
configure:4708: checking for /usr/bin/gcc option to accept ISO C89
configure:4785: result: none needed
configure:4917: checking for C++ compiler version
configure:4926: /usr/bin/g++ --version >&5
g++ (Debian 6.3.0-18+deb9u1) 6.3.0 20170516
Copyright (C) 2016 Free Software Foundation, Inc.
This is free software; see the source for copying conditions.  There is NO
warranty; not even for MERCHANTABILITY or FITNESS FOR A PARTICULAR PURPOSE.

configure:4937: $? = 0
configure:4926: /usr/bin/g++ -v >&5
Using built-in specs.
COLLECT_GCC=/usr/bin/g++
COLLECT_LTO_WRAPPER=/usr/lib/gcc/x86_64-linux-gnu/6/lto-wrapper
Target: x86_64-linux-gnu
Configured with: ../src/configure -v --with-pkgversion='Debian 6.3.0-18+deb9u1' --with-bugurl=file:///usr/share/doc/gcc-6/README.Bugs --enable-languages=c,ada,c++,java,go,d,fortran,objc,obj-c++ --prefix=/usr --program-suffix=-6 --program-prefix=x86_64-linux-gnu- --enable-shared --enable-linker-build-id --libexecdir=/usr/lib --without-included-gettext --enable-threads=posix --libdir=/usr/lib --enable-nls --with-sysroot=/ --enable-clocale=gnu --enable-libstdcxx-debug --enable-libstdcxx-time=yes --with-default-libstdcxx-abi=new --enable-gnu-unique-object --disable-vtable-verify --enable-libmpx --enable-plugin --enable-default-pie --with-system-zlib --disable-browser-plugin --enable-java-awt=gtk --enable-gtk-cairo --with-java-home=/usr/lib/jvm/java-1.5.0-gcj-6-amd64/jre --enable-java-home --with-jvm-root-dir=/usr/lib/jvm/java-1.5.0-gcj-6-amd64 --with-jvm-jar-dir=/usr/lib/jvm-exports/java-1.5.0-gcj-6-amd64 --with-arch-directory=amd64 --with-ecj-jar=/usr/share/java/eclipse-ecj.jar --with-target-system-zlib --enable-objc-gc=auto --enable-multiarch --with-arch-32=i686 --with-abi=m64 --with-multilib-list=m32,m64,mx32 --enable-multilib --with-tune=generic --enable-checking=release --build=x86_64-linux-gnu --host=x86_64-linux-gnu --target=x86_64-linux-gnu
Thread model: posix
gcc version 6.3.0 20170516 (Debian 6.3.0-18+deb9u1) 
configure:4937: $? = 0
configure:4926: /usr/bin/g++ -V >&5
g++: error: unrecognized command line option '-V'
g++: fatal error: no input files
compilation terminated.
configure:4937: $? = 1
configure:4926: /usr/bin/g++ -qversion >&5
g++: error: unrecognized command line option '-qversion'; did you mean '--version'?
g++: fatal error: no input files
compilation terminated.
configure:4937: $? = 1
configure:4941: checking whether we are using the GNU C++ compiler
configure:4960: /usr/bin/g++ -c -O2 -I/usr/src/output/host/include  conftest.cpp >&5
configure:4960: $? = 0
configure:4969: result: yes
configure:4978: checking whether /usr/bin/g++ accepts -g
configure:4998: /usr/bin/g++ -c -g  conftest.cpp >&5
configure:4998: $? = 0
configure:5039: result: yes
configure:5064: checking dependency style of /usr/bin/g++
configure:5175: result: none
configure:5190: checking for grep that handles long lines and -e
configure:5248: result: /bin/grep
configure:5258: checking how to run the C preprocessor
configure:5289: /usr/bin/gcc -E  conftest.c
configure:5289: $? = 0
configure:5303: /usr/bin/gcc -E  conftest.c
conftest.c:11:28: fatal error: ac_nonexistent.h: No such file or directory
 #include <ac_nonexistent.h>
                            ^
compilation terminated.
configure:5303: $? = 1
configure: failed program was:
| /* confdefs.h */
| #define PACKAGE_NAME "ld"
| #define PACKAGE_TARNAME "ld"
| #define PACKAGE_VERSION "2.29.1"
| #define PACKAGE_STRING "ld 2.29.1"
| #define PACKAGE_BUGREPORT ""
| #define PACKAGE_URL ""
| #define PACKAGE "ld"
| #define VERSION "2.29.1"
| /* end confdefs.h.  */
| #include <ac_nonexistent.h>
configure:5328: result: /usr/bin/gcc -E
configure:5348: /usr/bin/gcc -E  conftest.c
configure:5348: $? = 0
configure:5362: /usr/bin/gcc -E  conftest.c
conftest.c:11:28: fatal error: ac_nonexistent.h: No such file or directory
 #include <ac_nonexistent.h>
                            ^
compilation terminated.
configure:5362: $? = 1
configure: failed program was:
| /* confdefs.h */
| #define PACKAGE_NAME "ld"
| #define PACKAGE_TARNAME "ld"
| #define PACKAGE_VERSION "2.29.1"
| #define PACKAGE_STRING "ld 2.29.1"
| #define PACKAGE_BUGREPORT ""
| #define PACKAGE_URL ""
| #define PACKAGE "ld"
| #define VERSION "2.29.1"
| /* end confdefs.h.  */
| #include <ac_nonexistent.h>
configure:5391: checking for egrep
configure:5453: result: /bin/grep -E
configure:5458: checking for ANSI C header files
configure:5478: /usr/bin/gcc -c -O2 -I/usr/src/output/host/include  conftest.c >&5
configure:5478: $? = 0
configure:5551: /usr/bin/gcc -o conftest -O2 -I/usr/src/output/host/include  -static-libstdc++ -static-libgcc -L/usr/src/output/host/lib -Wl,-rpath,/usr/src/output/host/lib conftest.c  >&5
configure:5551: $? = 0
configure:5551: ./conftest
configure:5551: $? = 0
configure:5562: result: yes
configure:5575: checking for sys/types.h
configure:5575: /usr/bin/gcc -c -O2 -I/usr/src/output/host/include  conftest.c >&5
configure:5575: $? = 0
configure:5575: result: yes
configure:5575: checking for sys/stat.h
configure:5575: /usr/bin/gcc -c -O2 -I/usr/src/output/host/include  conftest.c >&5
configure:5575: $? = 0
configure:5575: result: yes
configure:5575: checking for stdlib.h
configure:5575: /usr/bin/gcc -c -O2 -I/usr/src/output/host/include  conftest.c >&5
configure:5575: $? = 0
configure:5575: result: yes
configure:5575: checking for string.h
configure:5575: /usr/bin/gcc -c -O2 -I/usr/src/output/host/include  conftest.c >&5
configure:5575: $? = 0
configure:5575: result: yes
configure:5575: checking for memory.h
configure:5575: /usr/bin/gcc -c -O2 -I/usr/src/output/host/include  conftest.c >&5
configure:5575: $? = 0
configure:5575: result: yes
configure:5575: checking for strings.h
configure:5575: /usr/bin/gcc -c -O2 -I/usr/src/output/host/include  conftest.c >&5
configure:5575: $? = 0
configure:5575: result: yes
configure:5575: checking for inttypes.h
configure:5575: /usr/bin/gcc -c -O2 -I/usr/src/output/host/include  conftest.c >&5
configure:5575: $? = 0
configure:5575: result: yes
configure:5575: checking for stdint.h
configure:5575: /usr/bin/gcc -c -O2 -I/usr/src/output/host/include  conftest.c >&5
configure:5575: $? = 0
configure:5575: result: yes
configure:5575: checking for unistd.h
configure:5575: /usr/bin/gcc -c -O2 -I/usr/src/output/host/include  conftest.c >&5
configure:5575: $? = 0
configure:5575: result: yes
configure:5589: checking minix/config.h usability
configure:5589: /usr/bin/gcc -c -O2 -I/usr/src/output/host/include  conftest.c >&5
conftest.c:54:26: fatal error: minix/config.h: No such file or directory
 #include <minix/config.h>
                          ^
compilation terminated.
configure:5589: $? = 1
configure: failed program was:
| /* confdefs.h */
| #define PACKAGE_NAME "ld"
| #define PACKAGE_TARNAME "ld"
| #define PACKAGE_VERSION "2.29.1"
| #define PACKAGE_STRING "ld 2.29.1"
| #define PACKAGE_BUGREPORT ""
| #define PACKAGE_URL ""
| #define PACKAGE "ld"
| #define VERSION "2.29.1"
| #define STDC_HEADERS 1
| #define HAVE_SYS_TYPES_H 1
| #define HAVE_SYS_STAT_H 1
| #define HAVE_STDLIB_H 1
| #define HAVE_STRING_H 1
| #define HAVE_MEMORY_H 1
| #define HAVE_STRINGS_H 1
| #define HAVE_INTTYPES_H 1
| #define HAVE_STDINT_H 1
| #define HAVE_UNISTD_H 1
| /* end confdefs.h.  */
| #include <stdio.h>
| #ifdef HAVE_SYS_TYPES_H
| # include <sys/types.h>
| #endif
| #ifdef HAVE_SYS_STAT_H
| # include <sys/stat.h>
| #endif
| #ifdef STDC_HEADERS
| # include <stdlib.h>
| # include <stddef.h>
| #else
| # ifdef HAVE_STDLIB_H
| #  include <stdlib.h>
| # endif
| #endif
| #ifdef HAVE_STRING_H
| # if !defined STDC_HEADERS && defined HAVE_MEMORY_H
| #  include <memory.h>
| # endif
| # include <string.h>
| #endif
| #ifdef HAVE_STRINGS_H
| # include <strings.h>
| #endif
| #ifdef HAVE_INTTYPES_H
| # include <inttypes.h>
| #endif
| #ifdef HAVE_STDINT_H
| # include <stdint.h>
| #endif
| #ifdef HAVE_UNISTD_H
| # include <unistd.h>
| #endif
| #include <minix/config.h>
configure:5589: result: no
configure:5589: checking minix/config.h presence
configure:5589: /usr/bin/gcc -E  conftest.c
conftest.c:21:26: fatal error: minix/config.h: No such file or directory
 #include <minix/config.h>
                          ^
compilation terminated.
configure:5589: $? = 1
configure: failed program was:
| /* confdefs.h */
| #define PACKAGE_NAME "ld"
| #define PACKAGE_TARNAME "ld"
| #define PACKAGE_VERSION "2.29.1"
| #define PACKAGE_STRING "ld 2.29.1"
| #define PACKAGE_BUGREPORT ""
| #define PACKAGE_URL ""
| #define PACKAGE "ld"
| #define VERSION "2.29.1"
| #define STDC_HEADERS 1
| #define HAVE_SYS_TYPES_H 1
| #define HAVE_SYS_STAT_H 1
| #define HAVE_STDLIB_H 1
| #define HAVE_STRING_H 1
| #define HAVE_MEMORY_H 1
| #define HAVE_STRINGS_H 1
| #define HAVE_INTTYPES_H 1
| #define HAVE_STDINT_H 1
| #define HAVE_UNISTD_H 1
| /* end confdefs.h.  */
| #include <minix/config.h>
configure:5589: result: no
configure:5589: checking for minix/config.h
configure:5589: result: no
configure:5610: checking whether it is safe to define __EXTENSIONS__
configure:5628: /usr/bin/gcc -c -O2 -I/usr/src/output/host/include  conftest.c >&5
configure:5628: $? = 0
configure:5635: result: yes
configure:5699: checking how to print strings
configure:5726: result: printf
configure:5747: checking for a sed that does not truncate output
configure:5811: result: /bin/sed
configure:5829: checking for fgrep
configure:5891: result: /bin/grep -F
configure:5926: checking for ld used by /usr/bin/gcc
configure:5993: result: /usr/bin/ld
configure:6000: checking if the linker (/usr/bin/ld) is GNU ld
configure:6015: result: yes
configure:6027: checking for BSD- or MS-compatible name lister (nm)
configure:6076: result: /usr/bin/nm
configure:6206: checking the name lister (/usr/bin/nm) interface
configure:6213: /usr/bin/gcc -c -O2 -I/usr/src/output/host/include  conftest.c >&5
configure:6216: /usr/bin/nm "conftest.o"
configure:6219: output
0000000000000000 B some_variable
configure:6226: result: BSD nm
configure:6229: checking whether ln -s works
configure:6233: result: yes
configure:6241: checking the maximum length of command line arguments
configure:6366: result: 1572864
configure:6383: checking whether the shell understands some XSI constructs
configure:6393: result: yes
configure:6397: checking whether the shell understands "+="
configure:6403: result: yes
configure:6438: checking for /usr/bin/ld option to reload object files
configure:6445: result: -r
configure:6474: checking for x86_64-pc-linux-gnu-objdump
configure:6501: result: objdump
configure:6573: checking how to recognize dependent libraries
configure:6774: result: pass_all
configure:6794: checking for x86_64-pc-linux-gnu-ar
configure:6821: result: /usr/bin/ar
configure:6899: checking for x86_64-pc-linux-gnu-strip
configure:6929: result: no
configure:6939: checking for strip
configure:6955: found /usr/bin/strip
configure:6966: result: strip
configure:6998: checking for x86_64-pc-linux-gnu-ranlib
configure:7025: result: /usr/bin/ranlib
configure:7167: checking command to parse /usr/bin/nm output from /usr/bin/gcc object
configure:7285: /usr/bin/gcc -c -O2 -I/usr/src/output/host/include  conftest.c >&5
configure:7288: $? = 0
configure:7292: /usr/bin/nm conftest.o \| sed -n -e 's/^.*[ ]\([ABCDGIRSTW][ABCDGIRSTW]*\)[ ][ ]*\([_A-Za-z][_A-Za-z0-9]*\)$/\1 \2 \2/p' \> conftest.nm
configure:7295: $? = 0
configure:7349: /usr/bin/gcc -o conftest -O2 -I/usr/src/output/host/include  -static-libstdc++ -static-libgcc -L/usr/src/output/host/lib -Wl,-rpath,/usr/src/output/host/lib conftest.c conftstm.o >&5
configure:7352: $? = 0
configure:7390: result: ok
configure:7485: /usr/bin/gcc -c -O2 -I/usr/src/output/host/include  conftest.c >&5
configure:7488: $? = 0
configure:8238: checking for dlfcn.h
configure:8238: /usr/bin/gcc -c -O2 -I/usr/src/output/host/include  conftest.c >&5
configure:8238: $? = 0
configure:8238: result: yes
configure:8426: checking for objdir
configure:8441: result: .libs
configure:8712: checking if /usr/bin/gcc supports -fno-rtti -fno-exceptions
configure:8730: /usr/bin/gcc -c -O2 -I/usr/src/output/host/include  -fno-rtti -fno-exceptions conftest.c >&5
cc1: warning: command line option '-fno-rtti' is valid for C++/ObjC++ but not for C
configure:8734: $? = 0
configure:8747: result: no
configure:8767: checking for /usr/bin/gcc option to produce PIC
configure:9053: result: -fPIC -DPIC
configure:9065: checking if /usr/bin/gcc PIC flag -fPIC -DPIC works
configure:9083: /usr/bin/gcc -c -O2 -I/usr/src/output/host/include  -fPIC -DPIC -DPIC conftest.c >&5
configure:9087: $? = 0
configure:9100: result: yes
configure:9124: checking if /usr/bin/gcc static flag -static works
configure:9152: result: yes
configure:9167: checking if /usr/bin/gcc supports -c -o file.o
configure:9188: /usr/bin/gcc -c -O2 -I/usr/src/output/host/include  -o out/conftest2.o conftest.c >&5
configure:9192: $? = 0
configure:9214: result: yes
configure:9222: checking if /usr/bin/gcc supports -c -o file.o
configure:9269: result: yes
configure:9302: checking whether the /usr/bin/gcc linker (/usr/bin/ld -m elf_x86_64) supports shared libraries
configure:10373: result: yes
configure:10618: checking dynamic linker characteristics
configure:11069: /usr/bin/gcc -o conftest -O2 -I/usr/src/output/host/include  -static-libstdc++ -static-libgcc -L/usr/src/output/host/lib -Wl,-rpath,/usr/src/output/host/lib -Wl,-rpath -Wl,/foo conftest.c  >&5
configure:11069: $? = 0
configure:11291: result: GNU/Linux ld.so
configure:11398: checking how to hardcode library paths into programs
configure:11423: result: immediate
configure:11963: checking whether stripping libraries is possible
configure:11968: result: yes
configure:12003: checking if libtool supports shared libraries
configure:12005: result: yes
configure:12008: checking whether to build shared libraries
configure:12029: result: no
configure:12032: checking whether to build static libraries
configure:12036: result: yes
configure:12059: checking how to run the C++ preprocessor
configure:12086: /usr/bin/g++ -E  conftest.cpp
configure:12086: $? = 0
configure:12100: /usr/bin/g++ -E  conftest.cpp
conftest.cpp:28:28: fatal error: ac_nonexistent.h: No such file or directory
 #include <ac_nonexistent.h>
                            ^
compilation terminated.
configure:12100: $? = 1
configure: failed program was:
| /* confdefs.h */
| #define PACKAGE_NAME "ld"
| #define PACKAGE_TARNAME "ld"
| #define PACKAGE_VERSION "2.29.1"
| #define PACKAGE_STRING "ld 2.29.1"
| #define PACKAGE_BUGREPORT ""
| #define PACKAGE_URL ""
| #define PACKAGE "ld"
| #define VERSION "2.29.1"
| #define STDC_HEADERS 1
| #define HAVE_SYS_TYPES_H 1
| #define HAVE_SYS_STAT_H 1
| #define HAVE_STDLIB_H 1
| #define HAVE_STRING_H 1
| #define HAVE_MEMORY_H 1
| #define HAVE_STRINGS_H 1
| #define HAVE_INTTYPES_H 1
| #define HAVE_STDINT_H 1
| #define HAVE_UNISTD_H 1
| #define __EXTENSIONS__ 1
| #define _ALL_SOURCE 1
| #define _GNU_SOURCE 1
| #define _POSIX_PTHREAD_SEMANTICS 1
| #define _TANDEM_SOURCE 1
| #define HAVE_DLFCN_H 1
| #define LT_OBJDIR ".libs/"
| /* end confdefs.h.  */
| #include <ac_nonexistent.h>
configure:12125: result: /usr/bin/g++ -E
configure:12145: /usr/bin/g++ -E  conftest.cpp
configure:12145: $? = 0
configure:12159: /usr/bin/g++ -E  conftest.cpp
conftest.cpp:28:28: fatal error: ac_nonexistent.h: No such file or directory
 #include <ac_nonexistent.h>
                            ^
compilation terminated.
configure:12159: $? = 1
configure: failed program was:
| /* confdefs.h */
| #define PACKAGE_NAME "ld"
| #define PACKAGE_TARNAME "ld"
| #define PACKAGE_VERSION "2.29.1"
| #define PACKAGE_STRING "ld 2.29.1"
| #define PACKAGE_BUGREPORT ""
| #define PACKAGE_URL ""
| #define PACKAGE "ld"
| #define VERSION "2.29.1"
| #define STDC_HEADERS 1
| #define HAVE_SYS_TYPES_H 1
| #define HAVE_SYS_STAT_H 1
| #define HAVE_STDLIB_H 1
| #define HAVE_STRING_H 1
| #define HAVE_MEMORY_H 1
| #define HAVE_STRINGS_H 1
| #define HAVE_INTTYPES_H 1
| #define HAVE_STDINT_H 1
| #define HAVE_UNISTD_H 1
| #define __EXTENSIONS__ 1
| #define _ALL_SOURCE 1
| #define _GNU_SOURCE 1
| #define _POSIX_PTHREAD_SEMANTICS 1
| #define _TANDEM_SOURCE 1
| #define HAVE_DLFCN_H 1
| #define LT_OBJDIR ".libs/"
| /* end confdefs.h.  */
| #include <ac_nonexistent.h>
configure:12327: checking for ld used by /usr/bin/g++
configure:12394: result: /usr/bin/ld -m elf_x86_64
configure:12401: checking if the linker (/usr/bin/ld -m elf_x86_64) is GNU ld
configure:12416: result: yes
configure:12471: checking whether the /usr/bin/g++ linker (/usr/bin/ld -m elf_x86_64) supports shared libraries
configure:13403: result: yes
configure:13431: /usr/bin/g++ -c -O2 -I/usr/src/output/host/include  conftest.cpp >&5
configure:13434: $? = 0
configure:13616: checking for /usr/bin/g++ option to produce PIC
configure:13939: result: -fPIC -DPIC
configure:13948: checking if /usr/bin/g++ PIC flag -fPIC -DPIC works
configure:13966: /usr/bin/g++ -c -O2 -I/usr/src/output/host/include  -fPIC -DPIC -DPIC conftest.cpp >&5
configure:13970: $? = 0
configure:13983: result: yes
configure:14004: checking if /usr/bin/g++ static flag -static works
configure:14032: result: yes
configure:14044: checking if /usr/bin/g++ supports -c -o file.o
configure:14065: /usr/bin/g++ -c -O2 -I/usr/src/output/host/include  -o out/conftest2.o conftest.cpp >&5
configure:14069: $? = 0
configure:14091: result: yes
configure:14096: checking if /usr/bin/g++ supports -c -o file.o
configure:14143: result: yes
configure:14173: checking whether the /usr/bin/g++ linker (/usr/bin/ld -m elf_x86_64) supports shared libraries
configure:14201: result: yes
configure:14344: checking dynamic linker characteristics
configure:14951: result: GNU/Linux ld.so
configure:15004: checking how to hardcode library paths into programs
configure:15029: result: immediate
configure:15100: checking for dlfcn.h
configure:15100: result: yes
configure:15113: checking for windows.h
configure:15113: /usr/bin/gcc -c -O2 -I/usr/src/output/host/include  conftest.c >&5
conftest.c:63:21: fatal error: windows.h: No such file or directory
 #include <windows.h>
                     ^
compilation terminated.
configure:15113: $? = 1
configure: failed program was:
| /* confdefs.h */
| #define PACKAGE_NAME "ld"
| #define PACKAGE_TARNAME "ld"
| #define PACKAGE_VERSION "2.29.1"
| #define PACKAGE_STRING "ld 2.29.1"
| #define PACKAGE_BUGREPORT ""
| #define PACKAGE_URL ""
| #define PACKAGE "ld"
| #define VERSION "2.29.1"
| #define STDC_HEADERS 1
| #define HAVE_SYS_TYPES_H 1
| #define HAVE_SYS_STAT_H 1
| #define HAVE_STDLIB_H 1
| #define HAVE_STRING_H 1
| #define HAVE_MEMORY_H 1
| #define HAVE_STRINGS_H 1
| #define HAVE_INTTYPES_H 1
| #define HAVE_STDINT_H 1
| #define HAVE_UNISTD_H 1
| #define __EXTENSIONS__ 1
| #define _ALL_SOURCE 1
| #define _GNU_SOURCE 1
| #define _POSIX_PTHREAD_SEMANTICS 1
| #define _TANDEM_SOURCE 1
| #define HAVE_DLFCN_H 1
| #define LT_OBJDIR ".libs/"
| #define HAVE_DLFCN_H 1
| /* end confdefs.h.  */
| #include <stdio.h>
| #ifdef HAVE_SYS_TYPES_H
| # include <sys/types.h>
| #endif
| #ifdef HAVE_SYS_STAT_H
| # include <sys/stat.h>
| #endif
| #ifdef STDC_HEADERS
| # include <stdlib.h>
| # include <stddef.h>
| #else
| # ifdef HAVE_STDLIB_H
| #  include <stdlib.h>
| # endif
| #endif
| #ifdef HAVE_STRING_H
| # if !defined STDC_HEADERS && defined HAVE_MEMORY_H
| #  include <memory.h>
| # endif
| # include <string.h>
| #endif
| #ifdef HAVE_STRINGS_H
| # include <strings.h>
| #endif
| #ifdef HAVE_INTTYPES_H
| # include <inttypes.h>
| #endif
| #ifdef HAVE_STDINT_H
| # include <stdint.h>
| #endif
| #ifdef HAVE_UNISTD_H
| # include <unistd.h>
| #endif
| 
| #include <windows.h>
configure:15113: result: no
configure:15140: checking for library containing dlopen
configure:15171: /usr/bin/gcc -o conftest -O2 -I/usr/src/output/host/include  -static-libstdc++ -static-libgcc -L/usr/src/output/host/lib -Wl,-rpath,/usr/src/output/host/lib conftest.c  >&5
/tmp/cc0SEgy2.o: In function `main':
conftest.c:(.text.startup+0x7): undefined reference to `dlopen'
collect2: error: ld returned 1 exit status
configure:15171: $? = 1
configure: failed program was:
| /* confdefs.h */
| #define PACKAGE_NAME "ld"
| #define PACKAGE_TARNAME "ld"
| #define PACKAGE_VERSION "2.29.1"
| #define PACKAGE_STRING "ld 2.29.1"
| #define PACKAGE_BUGREPORT ""
| #define PACKAGE_URL ""
| #define PACKAGE "ld"
| #define VERSION "2.29.1"
| #define STDC_HEADERS 1
| #define HAVE_SYS_TYPES_H 1
| #define HAVE_SYS_STAT_H 1
| #define HAVE_STDLIB_H 1
| #define HAVE_STRING_H 1
| #define HAVE_MEMORY_H 1
| #define HAVE_STRINGS_H 1
| #define HAVE_INTTYPES_H 1
| #define HAVE_STDINT_H 1
| #define HAVE_UNISTD_H 1
| #define __EXTENSIONS__ 1
| #define _ALL_SOURCE 1
| #define _GNU_SOURCE 1
| #define _POSIX_PTHREAD_SEMANTICS 1
| #define _TANDEM_SOURCE 1
| #define HAVE_DLFCN_H 1
| #define LT_OBJDIR ".libs/"
| #define HAVE_DLFCN_H 1
| /* end confdefs.h.  */
| 
| /* Override any GCC internal prototype to avoid an error.
|    Use char because int might match the return type of a GCC
|    builtin and then its argument prototype would still apply.  */
| #ifdef __cplusplus
| extern "C"
| #endif
| char dlopen ();
| int
| main ()
| {
| return dlopen ();
|   ;
|   return 0;
| }
configure:15171: /usr/bin/gcc -o conftest -O2 -I/usr/src/output/host/include  -static-libstdc++ -static-libgcc -L/usr/src/output/host/lib -Wl,-rpath,/usr/src/output/host/lib conftest.c -ldl   >&5
configure:15171: $? = 0
configure:15188: result: -ldl
configure:15219: checking for special C compiler options needed for large files
configure:15264: result: no
configure:15270: checking for _FILE_OFFSET_BITS value needed for large files
configure:15295: /usr/bin/gcc -c -O2 -I/usr/src/output/host/include  conftest.c >&5
configure:15295: $? = 0
configure:15327: result: no
configure:15735: checking for LC_MESSAGES
configure:15751: /usr/bin/gcc -o conftest -O2 -I/usr/src/output/host/include  -static-libstdc++ -static-libgcc -L/usr/src/output/host/lib -Wl,-rpath,/usr/src/output/host/lib conftest.c -ldl  >&5
configure:15751: $? = 0
configure:15759: result: yes
configure:15797: checking whether NLS is requested
configure:15803: result: yes
configure:15809: checking for catalogs to be installed
configure:15841: result:  bg da de es fi fr ga id it ja ru sr sv tr uk vi zh_CN zh_TW bg da de es fi fr ga id it ja ru sr sv tr uk vi zh_CN zh_TW
configure:15868: checking whether NLS is requested
configure:15877: result: yes
configure:15915: checking for msgfmt
configure:15949: result: no
configure:15955: checking for gmsgfmt
configure:15986: result: :
configure:16026: checking for xgettext
configure:16060: result: no
configure:16097: checking for msgmerge
configure:16130: result: no
configure:16169: checking for bison
configure:16196: result: /usr/src/output/build/host-binutils-2.29.1/missing bison -y
configure:16212: checking for flex
configure:16239: result: /usr/src/output/build/host-binutils-2.29.1/missing flex
configure:16371: checking whether to enable maintainer-specific portions of Makefiles
configure:16380: result: no
configure:16401: checking how to compare bootstrapped objects
configure:16426: result: cmp --ignore-initial=16 $$f1 $$f2
configure:16440: checking for string.h
configure:16440: result: yes
configure:16440: checking for strings.h
configure:16440: result: yes
configure:16440: checking for stdlib.h
configure:16440: result: yes
configure:16440: checking for unistd.h
configure:16440: result: yes
configure:16440: checking elf-hints.h usability
configure:16440: /usr/bin/gcc -c -O2 -I/usr/src/output/host/include  conftest.c >&5
conftest.c:70:23: fatal error: elf-hints.h: No such file or directory
 #include <elf-hints.h>
                       ^
compilation terminated.
configure:16440: $? = 1
configure: failed program was:
| /* confdefs.h */
| #define PACKAGE_NAME "ld"
| #define PACKAGE_TARNAME "ld"
| #define PACKAGE_VERSION "2.29.1"
| #define PACKAGE_STRING "ld 2.29.1"
| #define PACKAGE_BUGREPORT ""
| #define PACKAGE_URL ""
| #define PACKAGE "ld"
| #define VERSION "2.29.1"
| #define STDC_HEADERS 1
| #define HAVE_SYS_TYPES_H 1
| #define HAVE_SYS_STAT_H 1
| #define HAVE_STDLIB_H 1
| #define HAVE_STRING_H 1
| #define HAVE_MEMORY_H 1
| #define HAVE_STRINGS_H 1
| #define HAVE_INTTYPES_H 1
| #define HAVE_STDINT_H 1
| #define HAVE_UNISTD_H 1
| #define __EXTENSIONS__ 1
| #define _ALL_SOURCE 1
| #define _GNU_SOURCE 1
| #define _POSIX_PTHREAD_SEMANTICS 1
| #define _TANDEM_SOURCE 1
| #define HAVE_DLFCN_H 1
| #define LT_OBJDIR ".libs/"
| #define HAVE_DLFCN_H 1
| #define ENABLE_POISON_SYSTEM_DIRECTORIES 1
| #define GOT_HANDLING_DEFAULT GOT_HANDLING_TARGET_DEFAULT
| #define HAVE_LC_MESSAGES 1
| #define ENABLE_NLS 1
| #define HAVE_STRING_H 1
| #define HAVE_STRINGS_H 1
| #define HAVE_STDLIB_H 1
| #define HAVE_UNISTD_H 1
| /* end confdefs.h.  */
| #include <stdio.h>
| #ifdef HAVE_SYS_TYPES_H
| # include <sys/types.h>
| #endif
| #ifdef HAVE_SYS_STAT_H
| # include <sys/stat.h>
| #endif
| #ifdef STDC_HEADERS
| # include <stdlib.h>
| # include <stddef.h>
| #else
| # ifdef HAVE_STDLIB_H
| #  include <stdlib.h>
| # endif
| #endif
| #ifdef HAVE_STRING_H
| # if !defined STDC_HEADERS && defined HAVE_MEMORY_H
| #  include <memory.h>
| # endif
| # include <string.h>
| #endif
| #ifdef HAVE_STRINGS_H
| # include <strings.h>
| #endif
| #ifdef HAVE_INTTYPES_H
| # include <inttypes.h>
| #endif
| #ifdef HAVE_STDINT_H
| # include <stdint.h>
| #endif
| #ifdef HAVE_UNISTD_H
| # include <unistd.h>
| #endif
| #include <elf-hints.h>
configure:16440: result: no
configure:16440: checking elf-hints.h presence
configure:16440: /usr/bin/gcc -E  conftest.c
conftest.c:37:23: fatal error: elf-hints.h: No such file or directory
 #include <elf-hints.h>
                       ^
compilation terminated.
configure:16440: $? = 1
configure: failed program was:
| /* confdefs.h */
| #define PACKAGE_NAME "ld"
| #define PACKAGE_TARNAME "ld"
| #define PACKAGE_VERSION "2.29.1"
| #define PACKAGE_STRING "ld 2.29.1"
| #define PACKAGE_BUGREPORT ""
| #define PACKAGE_URL ""
| #define PACKAGE "ld"
| #define VERSION "2.29.1"
| #define STDC_HEADERS 1
| #define HAVE_SYS_TYPES_H 1
| #define HAVE_SYS_STAT_H 1
| #define HAVE_STDLIB_H 1
| #define HAVE_STRING_H 1
| #define HAVE_MEMORY_H 1
| #define HAVE_STRINGS_H 1
| #define HAVE_INTTYPES_H 1
| #define HAVE_STDINT_H 1
| #define HAVE_UNISTD_H 1
| #define __EXTENSIONS__ 1
| #define _ALL_SOURCE 1
| #define _GNU_SOURCE 1
| #define _POSIX_PTHREAD_SEMANTICS 1
| #define _TANDEM_SOURCE 1
| #define HAVE_DLFCN_H 1
| #define LT_OBJDIR ".libs/"
| #define HAVE_DLFCN_H 1
| #define ENABLE_POISON_SYSTEM_DIRECTORIES 1
| #define GOT_HANDLING_DEFAULT GOT_HANDLING_TARGET_DEFAULT
| #define HAVE_LC_MESSAGES 1
| #define ENABLE_NLS 1
| #define HAVE_STRING_H 1
| #define HAVE_STRINGS_H 1
| #define HAVE_STDLIB_H 1
| #define HAVE_UNISTD_H 1
| /* end confdefs.h.  */
| #include <elf-hints.h>
configure:16440: result: no
configure:16440: checking for elf-hints.h
configure:16440: result: no
configure:16440: checking limits.h usability
configure:16440: /usr/bin/gcc -c -O2 -I/usr/src/output/host/include  conftest.c >&5
configure:16440: $? = 0
configure:16440: result: yes
configure:16440: checking limits.h presence
configure:16440: /usr/bin/gcc -E  conftest.c
configure:16440: $? = 0
configure:16440: result: yes
configure:16440: checking for limits.h
configure:16440: result: yes
configure:16440: checking locale.h usability
configure:16440: /usr/bin/gcc -c -O2 -I/usr/src/output/host/include  conftest.c >&5
configure:16440: $? = 0
configure:16440: result: yes
configure:16440: checking locale.h presence
configure:16440: /usr/bin/gcc -E  conftest.c
configure:16440: $? = 0
configure:16440: result: yes
configure:16440: checking for locale.h
configure:16440: result: yes
configure:16440: checking sys/param.h usability
configure:16440: /usr/bin/gcc -c -O2 -I/usr/src/output/host/include  conftest.c >&5
configure:16440: $? = 0
configure:16440: result: yes
configure:16440: checking sys/param.h presence
configure:16440: /usr/bin/gcc -E  conftest.c
configure:16440: $? = 0
configure:16440: result: yes
configure:16440: checking for sys/param.h
configure:16440: result: yes
configure:16454: checking fcntl.h usability
configure:16454: /usr/bin/gcc -c -O2 -I/usr/src/output/host/include  conftest.c >&5
configure:16454: $? = 0
configure:16454: result: yes
configure:16454: checking fcntl.h presence
configure:16454: /usr/bin/gcc -E  conftest.c
configure:16454: $? = 0
configure:16454: result: yes
configure:16454: checking for fcntl.h
configure:16454: result: yes
configure:16454: checking sys/file.h usability
configure:16454: /usr/bin/gcc -c -O2 -I/usr/src/output/host/include  conftest.c >&5
configure:16454: $? = 0
configure:16454: result: yes
configure:16454: checking sys/file.h presence
configure:16454: /usr/bin/gcc -E  conftest.c
configure:16454: $? = 0
configure:16454: result: yes
configure:16454: checking for sys/file.h
configure:16454: result: yes
configure:16454: checking sys/time.h usability
configure:16454: /usr/bin/gcc -c -O2 -I/usr/src/output/host/include  conftest.c >&5
configure:16454: $? = 0
configure:16454: result: yes
configure:16454: checking sys/time.h presence
configure:16454: /usr/bin/gcc -E  conftest.c
configure:16454: $? = 0
configure:16454: result: yes
configure:16454: checking for sys/time.h
configure:16454: result: yes
configure:16454: checking for sys/stat.h
configure:16454: result: yes
configure:16465: checking whether string.h and strings.h may both be included
configure:16482: /usr/bin/gcc -c -O2 -I/usr/src/output/host/include  conftest.c >&5
configure:16482: $? = 0
configure:16489: result: yes
configure:16500: checking for glob
configure:16500: /usr/bin/gcc -o conftest -O2 -I/usr/src/output/host/include  -static-libstdc++ -static-libgcc -L/usr/src/output/host/lib -Wl,-rpath,/usr/src/output/host/lib conftest.c -ldl  >&5
configure:16500: $? = 0
configure:16500: result: yes
configure:16500: checking for mkstemp
configure:16500: /usr/bin/gcc -o conftest -O2 -I/usr/src/output/host/include  -static-libstdc++ -static-libgcc -L/usr/src/output/host/lib -Wl,-rpath,/usr/src/output/host/lib conftest.c -ldl  >&5
configure:16500: $? = 0
configure:16500: result: yes
configure:16500: checking for realpath
configure:16500: /usr/bin/gcc -o conftest -O2 -I/usr/src/output/host/include  -static-libstdc++ -static-libgcc -L/usr/src/output/host/lib -Wl,-rpath,/usr/src/output/host/lib conftest.c -ldl  >&5
configure:16500: $? = 0
configure:16500: result: yes
configure:16500: checking for sbrk
configure:16500: /usr/bin/gcc -o conftest -O2 -I/usr/src/output/host/include  -static-libstdc++ -static-libgcc -L/usr/src/output/host/lib -Wl,-rpath,/usr/src/output/host/lib conftest.c -ldl  >&5
configure:16500: $? = 0
configure:16500: result: yes
configure:16500: checking for setlocale
configure:16500: /usr/bin/gcc -o conftest -O2 -I/usr/src/output/host/include  -static-libstdc++ -static-libgcc -L/usr/src/output/host/lib -Wl,-rpath,/usr/src/output/host/lib conftest.c -ldl  >&5
configure:16500: $? = 0
configure:16500: result: yes
configure:16500: checking for waitpid
configure:16500: /usr/bin/gcc -o conftest -O2 -I/usr/src/output/host/include  -static-libstdc++ -static-libgcc -L/usr/src/output/host/lib -Wl,-rpath,/usr/src/output/host/lib conftest.c -ldl  >&5
configure:16500: $? = 0
configure:16500: result: yes
configure:16513: checking for open
configure:16513: /usr/bin/gcc -o conftest -O2 -I/usr/src/output/host/include  -static-libstdc++ -static-libgcc -L/usr/src/output/host/lib -Wl,-rpath,/usr/src/output/host/lib conftest.c -ldl  >&5
configure:16513: $? = 0
configure:16513: result: yes
configure:16513: checking for lseek
configure:16513: /usr/bin/gcc -o conftest -O2 -I/usr/src/output/host/include  -static-libstdc++ -static-libgcc -L/usr/src/output/host/lib -Wl,-rpath,/usr/src/output/host/lib conftest.c -ldl  >&5
configure:16513: $? = 0
configure:16513: result: yes
configure:16513: checking for close
configure:16513: /usr/bin/gcc -o conftest -O2 -I/usr/src/output/host/include  -static-libstdc++ -static-libgcc -L/usr/src/output/host/lib -Wl,-rpath,/usr/src/output/host/lib conftest.c -ldl  >&5
configure:16513: $? = 0
configure:16513: result: yes
configure:16526: checking for dirent.h that defines DIR
configure:16545: /usr/bin/gcc -c -O2 -I/usr/src/output/host/include  conftest.c >&5
configure:16545: $? = 0
configure:16553: result: yes
configure:16567: checking for library containing opendir
configure:16598: /usr/bin/gcc -o conftest -O2 -I/usr/src/output/host/include  -static-libstdc++ -static-libgcc -L/usr/src/output/host/lib -Wl,-rpath,/usr/src/output/host/lib conftest.c -ldl  >&5
configure:16598: $? = 0
configure:16615: result: none required
configure:16686: checking for stdlib.h
configure:16686: result: yes
configure:16686: checking for unistd.h
configure:16686: result: yes
configure:16699: checking for getpagesize
configure:16699: /usr/bin/gcc -o conftest -O2 -I/usr/src/output/host/include  -static-libstdc++ -static-libgcc -L/usr/src/output/host/lib -Wl,-rpath,/usr/src/output/host/lib conftest.c -ldl  >&5
configure:16699: $? = 0
configure:16699: result: yes
configure:16708: checking for working mmap
configure:16845: /usr/bin/gcc -o conftest -O2 -I/usr/src/output/host/include  -static-libstdc++ -static-libgcc -L/usr/src/output/host/lib -Wl,-rpath,/usr/src/output/host/lib conftest.c -ldl  >&5
configure:16845: $? = 0
configure:16845: ./conftest
configure:16845: $? = 0
configure:16855: result: yes
configure:16865: checking for library containing dlopen
configure:16913: result: -ldl
configure:16947: checking for a known getopt prototype in unistd.h
configure:16963: /usr/bin/gcc -c -O2 -I/usr/src/output/host/include  conftest.c >&5
configure:16963: $? = 0
configure:16971: result: yes
configure:16987: checking whether strstr is declared
configure:16987: /usr/bin/gcc -c -O2 -I/usr/src/output/host/include  conftest.c >&5
configure:16987: $? = 0
configure:16987: result: yes
configure:16997: checking whether free is declared
configure:16997: /usr/bin/gcc -c -O2 -I/usr/src/output/host/include  conftest.c >&5
configure:16997: $? = 0
configure:16997: result: yes
configure:17007: checking whether sbrk is declared
configure:17007: /usr/bin/gcc -c -O2 -I/usr/src/output/host/include  conftest.c >&5
configure:17007: $? = 0
configure:17007: result: yes
configure:17017: checking whether getenv is declared
configure:17017: /usr/bin/gcc -c -O2 -I/usr/src/output/host/include  conftest.c >&5
configure:17017: $? = 0
configure:17017: result: yes
configure:17027: checking whether environ is declared
configure:17027: /usr/bin/gcc -c -O2 -I/usr/src/output/host/include  conftest.c >&5
configure:17027: $? = 0
configure:17027: result: yes
configure:17045: checking whether ANSI C string concatenation works
configure:17061: /usr/bin/gcc -c -O2 -I/usr/src/output/host/include  conftest.c >&5
configure:17061: $? = 0
configure:17069: result: yes
configure:17095: checking size of void *
configure:17100: /usr/bin/gcc -o conftest -O2 -I/usr/src/output/host/include  -static-libstdc++ -static-libgcc -L/usr/src/output/host/lib -Wl,-rpath,/usr/src/output/host/lib conftest.c -ldl -ldl  >&5
configure:17100: $? = 0
configure:17100: ./conftest
configure:17100: $? = 0
configure:17115: result: 8
configure:17368: updating cache ./config.cache
configure:17441: creating ./config.status

## ---------------------- ##
## Running config.status. ##
## ---------------------- ##

This file was extended by ld config.status 2.29.1, which was
generated by GNU Autoconf 2.64.  Invocation command line was

  CONFIG_FILES    = 
  CONFIG_HEADERS  = 
  CONFIG_LINKS    = 
  CONFIG_COMMANDS = 
  $ ./config.status 

on c37c58f94407

config.status:1262: creating Makefile
config.status:1262: creating po/Makefile.in
config.status:1262: creating config.h
config.status:1487: executing depfiles commands
config.status:1487: executing libtool commands
config.status:1487: executing default-1 commands

## ---------------- ##
## Cache variables. ##
## ---------------- ##

ac_cv_build=x86_64-pc-linux-gnu
ac_cv_c_compiler_gnu=yes
ac_cv_cxx_compiler_gnu=yes
ac_cv_env_CCC_set=
ac_cv_env_CCC_value=
ac_cv_env_CC_set=set
ac_cv_env_CC_value=/usr/bin/gcc
ac_cv_env_CFLAGS_set=set
ac_cv_env_CFLAGS_value='-O2 -I/usr/src/output/host/include'
ac_cv_env_CPPFLAGS_set=
ac_cv_env_CPPFLAGS_value=
ac_cv_env_CPP_set=
ac_cv_env_CPP_value=
ac_cv_env_CXXCPP_set=
ac_cv_env_CXXCPP_value=
ac_cv_env_CXXFLAGS_set=set
ac_cv_env_CXXFLAGS_value='-O2 -I/usr/src/output/host/include'
ac_cv_env_CXX_set=set
ac_cv_env_CXX_value=/usr/bin/g++
ac_cv_env_LDFLAGS_set=set
ac_cv_env_LDFLAGS_value='-static-libstdc++ -static-libgcc -L/usr/src/output/host/lib -Wl,-rpath,/usr/src/output/host/lib'
ac_cv_env_LIBS_set=
ac_cv_env_LIBS_value=
ac_cv_env_YACC_set=set
ac_cv_env_YACC_value='/usr/src/output/build/host-binutils-2.29.1/missing bison -y'
ac_cv_env_YFLAGS_set=
ac_cv_env_YFLAGS_value=
ac_cv_env_build_alias_set=set
ac_cv_env_build_alias_value=x86_64-pc-linux-gnu
ac_cv_env_host_alias_set=set
ac_cv_env_host_alias_value=x86_64-pc-linux-gnu
ac_cv_env_target_alias_set=set
ac_cv_env_target_alias_value=arm-buildroot-linux-uclibcgnueabihf
ac_cv_func_close=yes
ac_cv_func_getpagesize=yes
ac_cv_func_glob=yes
ac_cv_func_lseek=yes
ac_cv_func_mkstemp=yes
ac_cv_func_mmap_fixed_mapped=yes
ac_cv_func_open=yes
ac_cv_func_realpath=yes
ac_cv_func_sbrk=yes
ac_cv_func_setlocale=yes
ac_cv_func_waitpid=yes
ac_cv_have_decl_environ=yes
ac_cv_have_decl_free=yes
ac_cv_have_decl_getenv=yes
ac_cv_have_decl_sbrk=yes
ac_cv_have_decl_strstr=yes
ac_cv_header_dirent_dirent_h=yes
ac_cv_header_dlfcn_h=yes
ac_cv_header_elf_hints_h=no
ac_cv_header_fcntl_h=yes
ac_cv_header_inttypes_h=yes
ac_cv_header_limits_h=yes
ac_cv_header_locale_h=yes
ac_cv_header_memory_h=yes
ac_cv_header_minix_config_h=no
ac_cv_header_stdc=yes
ac_cv_header_stdint_h=yes
ac_cv_header_stdlib_h=yes
ac_cv_header_string_h=yes
ac_cv_header_strings_h=yes
ac_cv_header_sys_file_h=yes
ac_cv_header_sys_param_h=yes
ac_cv_header_sys_stat_h=yes
ac_cv_header_sys_time_h=yes
ac_cv_header_sys_types_h=yes
ac_cv_header_unistd_h=yes
ac_cv_header_windows_h=no
ac_cv_host=x86_64-pc-linux-gnu
ac_cv_objext=o
ac_cv_path_EGREP='/bin/grep -E'
ac_cv_path_FGREP='/bin/grep -F'
ac_cv_path_GMSGFMT=:
ac_cv_path_GREP=/bin/grep
ac_cv_path_MSGFMT=:
ac_cv_path_MSGMERGE=:
ac_cv_path_SED=/bin/sed
ac_cv_path_XGETTEXT=:
ac_cv_path_mkdir=/bin/mkdir
ac_cv_prog_AR=/usr/bin/ar
ac_cv_prog_AWK=mawk
ac_cv_prog_CC=/usr/bin/gcc
ac_cv_prog_CPP='/usr/bin/gcc -E'
ac_cv_prog_CXXCPP='/usr/bin/g++ -E'
ac_cv_prog_LEX='/usr/src/output/build/host-binutils-2.29.1/missing flex'
ac_cv_prog_OBJDUMP=objdump
ac_cv_prog_RANLIB=/usr/bin/ranlib
ac_cv_prog_YACC='/usr/src/output/build/host-binutils-2.29.1/missing bison -y'
ac_cv_prog_ac_ct_STRIP=strip
ac_cv_prog_cc_c89=
ac_cv_prog_cc_g=yes
ac_cv_prog_cxx_g=yes
ac_cv_prog_make__usr_bin_make_set=yes
ac_cv_safe_to_define___extensions__=yes
ac_cv_search_dlopen=-ldl
ac_cv_search_opendir='none required'
ac_cv_search_strerror='none required'
ac_cv_sizeof_void_p=8
ac_cv_sys_file_offset_bits=no
ac_cv_sys_largefile_CC=no
ac_cv_target=arm-buildroot-linux-uclibcgnueabihf
am_cv_CC_dependencies_compiler_type=none
am_cv_CXX_dependencies_compiler_type=none
am_cv_val_LC_MESSAGES=yes
gcc_cv_header_string=yes
gcc_cv_prog_cmp_skip='cmp --ignore-initial=16 $$f1 $$f2'
ld_cv_decl_getopt_unistd_h=yes
ld_cv_string_concatenation=yes
lt_cv_deplibs_check_method=pass_all
lt_cv_file_magic_cmd='$MAGIC_CMD'
lt_cv_file_magic_test_file=
lt_cv_ld_reload_flag=-r
lt_cv_nm_interface='BSD nm'
lt_cv_objdir=.libs
lt_cv_path_LD=/usr/bin/ld
lt_cv_path_LDCXX='/usr/bin/ld -m elf_x86_64'
lt_cv_path_NM=/usr/bin/nm
lt_cv_prog_compiler_c_o=yes
lt_cv_prog_compiler_c_o_CXX=yes
lt_cv_prog_compiler_pic_works=yes
lt_cv_prog_compiler_pic_works_CXX=yes
lt_cv_prog_compiler_rtti_exceptions=no
lt_cv_prog_compiler_static_works=yes
lt_cv_prog_compiler_static_works_CXX=yes
lt_cv_prog_gnu_ld=yes
lt_cv_prog_gnu_ldcxx=yes
lt_cv_shlibpath_overrides_runpath=yes
lt_cv_sys_global_symbol_pipe='sed -n -e '\''s/^.*[	 ]\([ABCDGIRSTW][ABCDGIRSTW]*\)[	 ][	 ]*\([_A-Za-z][_A-Za-z0-9]*\)$/\1 \2 \2/p'\'''
lt_cv_sys_global_symbol_to_c_name_address='sed -n -e '\''s/^: \([^ ]*\) $/  {\"\1\", (void *) 0},/p'\'' -e '\''s/^[ABCDGIRSTW]* \([^ ]*\) \([^ ]*\)$/  {"\2", (void *) \&\2},/p'\'''
lt_cv_sys_global_symbol_to_c_name_address_lib_prefix='sed -n -e '\''s/^: \([^ ]*\) $/  {\"\1\", (void *) 0},/p'\'' -e '\''s/^[ABCDGIRSTW]* \([^ ]*\) \(lib[^ ]*\)$/  {"\2", (void *) \&\2},/p'\'' -e '\''s/^[ABCDGIRSTW]* \([^ ]*\) \([^ ]*\)$/  {"lib\2", (void *) \&\2},/p'\'''
lt_cv_sys_global_symbol_to_cdecl='sed -n -e '\''s/^T .* \(.*\)$/extern int \1();/p'\'' -e '\''s/^[ABCDGIRSTW]* .* \(.*\)$/extern char \1;/p'\'''
lt_cv_sys_max_cmd_len=1572864

## ----------------- ##
## Output variables. ##
## ----------------- ##

ACLOCAL='${SHELL} /usr/src/output/build/host-binutils-2.29.1/missing --run aclocal-1.11'
AMDEPBACKSLASH=''
AMDEP_FALSE=''
AMDEP_TRUE='#'
AMTAR='$${TAR-tar}'
AR='/usr/bin/ar'
AUTOCONF='${SHELL} /usr/src/output/build/host-binutils-2.29.1/missing --run autoconf'
AUTOHEADER='${SHELL} /usr/src/output/build/host-binutils-2.29.1/missing --run autoheader'
AUTOMAKE='${SHELL} /usr/src/output/build/host-binutils-2.29.1/missing --run automake-1.11'
AWK='mawk'
CATALOGS=' bg.gmo da.gmo de.gmo es.gmo fi.gmo fr.gmo ga.gmo id.gmo it.gmo ja.gmo ru.gmo sr.gmo sv.gmo tr.gmo uk.gmo vi.gmo zh_CN.gmo zh_TW.gmo bg.gmo da.gmo de.gmo es.gmo fi.gmo fr.gmo ga.gmo id.gmo it.gmo ja.gmo ru.gmo sr.gmo sv.gmo tr.gmo uk.gmo vi.gmo zh_CN.gmo zh_TW.gmo'
CATOBJEXT='.gmo'
CC='/usr/bin/gcc'
CCDEPMODE='depmode=none'
CFLAGS='-O2 -I/usr/src/output/host/include'
CPP='/usr/bin/gcc -E'
CPPFLAGS=''
CXX='/usr/bin/g++'
CXXCPP='/usr/bin/g++ -E'
CXXDEPMODE='depmode=none'
CXXFLAGS='-O2 -I/usr/src/output/host/include'
CYGPATH_W='echo'
DATADIRNAME='share'
DEFS='-DHAVE_CONFIG_H'
DEPDIR='.deps'
DSYMUTIL=''
DUMPBIN=''
ECHO_C=''
ECHO_N='-n'
ECHO_T=''
EGREP='/bin/grep -E'
EMUL='armelf_linux_eabi'
EMULATION_LIBPATH='armelf_linux_eabi armelfb_linux_eabi'
EMULATION_OFILES=' earmelf_linux_eabi.o earmelfb_linux_eabi.o'
EMUL_EXTRA_OFILES=''
ENABLE_PLUGINS_FALSE='#'
ENABLE_PLUGINS_TRUE=''
EXEEXT=''
FGREP='/bin/grep -F'
GENCAT='gencat'
GENINSRC_NEVER_FALSE=''
GENINSRC_NEVER_TRUE='#'
GMSGFMT=':'
GREP='/bin/grep'
HDEFINES=''
INCINTL=''
INSTALL_DATA='/usr/bin/install -c -m 644'
INSTALL_PROGRAM='/usr/bin/install -c'
INSTALL_SCRIPT='/usr/bin/install -c'
INSTALL_STRIP_PROGRAM='$(install_sh) -c -s'
INSTOBJEXT='.mo'
LD='/usr/bin/ld -m elf_x86_64'
LDFLAGS='-static-libstdc++ -static-libgcc -L/usr/src/output/host/lib -Wl,-rpath,/usr/src/output/host/lib'
LEX='/usr/src/output/build/host-binutils-2.29.1/missing flex'
LEXLIB=''
LEX_OUTPUT_ROOT=''
LIBINTL=''
LIBINTL_DEP=''
LIBOBJS=''
LIBS='-ldl -ldl '
LIBTOOL='$(SHELL) $(top_builddir)/libtool'
LIB_PATH=''
LIPO=''
LN_S='ln -s'
LTLIBOBJS=''
MAINT='#'
MAINTAINER_MODE_FALSE=''
MAINTAINER_MODE_TRUE='#'
MAKEINFO='true --split-size=5000000'
MKDIR_P='/bin/mkdir -p'
MKINSTALLDIRS='$(top_builddir)/./../mkinstalldirs'
MSGFMT=':'
MSGMERGE=':'
NATIVE_LIB_DIRS='/usr/local/lib /lib /usr/lib'
NM='/usr/bin/nm'
NMEDIT=''
NO_WERROR=''
OBJDUMP='objdump'
OBJEXT='o'
OTOOL64=''
OTOOL=''
PACKAGE='ld'
PACKAGE_BUGREPORT=''
PACKAGE_NAME='ld'
PACKAGE_STRING='ld 2.29.1'
PACKAGE_TARNAME='ld'
PACKAGE_URL=''
PACKAGE_VERSION='2.29.1'
PATH_SEPARATOR=':'
POSUB='po'
RANLIB='/usr/bin/ranlib'
SED='/bin/sed'
SET_MAKE=''
SHELL='/bin/bash'
STRINGIFY='astring.sed'
STRIP='strip'
TARGET_SYSTEM_ROOT='/usr/src/output/host/arm-buildroot-linux-uclibcgnueabihf/sysroot'
TARGET_SYSTEM_ROOT_DEFINE='-DTARGET_SYSTEM_ROOT=\"$(TARGET_SYSTEM_ROOT)\" -DTARGET_SYSTEM_ROOT_RELOCATABLE'
TESTBFDLIB='../bfd/.libs/libbfd.a'
USE_NLS='yes'
VERSION='2.29.1'
WARN_CFLAGS='-W -Wall -Wstrict-prototypes -Wmissing-prototypes -Wshadow -Wstack-usage=262144'
WARN_CFLAGS_FOR_BUILD='-W -Wall -Wstrict-prototypes -Wmissing-prototypes -Wshadow -Wstack-usage=262144'
WARN_WRITE_STRINGS='-Wwrite-strings'
XGETTEXT=':'
YACC='/usr/src/output/build/host-binutils-2.29.1/missing bison -y'
YFLAGS=''
ac_ct_CC=''
ac_ct_CXX=''
ac_ct_DUMPBIN=''
am__EXEEXT_FALSE=''
am__EXEEXT_TRUE='#'
am__fastdepCC_FALSE=''
am__fastdepCC_TRUE='#'
am__fastdepCXX_FALSE=''
am__fastdepCXX_TRUE='#'
am__include='include'
am__isrc=''
am__leading_dot='.'
am__nodep=''
am__quote=''
am__tar='$${TAR-tar} chof - "$$tardir"'
am__untar='$${TAR-tar} xf -'
bindir='${exec_prefix}/bin'
build='x86_64-pc-linux-gnu'
build_alias='x86_64-pc-linux-gnu'
build_cpu='x86_64'
build_os='linux-gnu'
build_vendor='pc'
datadir='${datarootdir}'
datarootdir='${prefix}/share'
do_compare='cmp --ignore-initial=16 $$f1 $$f2'
docdir='${datarootdir}/doc/${PACKAGE_TARNAME}'
dvidir='${docdir}'
elf_list_options='TRUE'
elf_plt_unwind_list_options='FALSE'
elf_shlib_list_options='TRUE'
enable_initfini_array='yes'
exec_prefix='${prefix}'
host='x86_64-pc-linux-gnu'
host_alias='x86_64-pc-linux-gnu'
host_cpu='x86_64'
host_os='linux-gnu'
host_vendor='pc'
htmldir='${docdir}'
includedir='${prefix}/include'
infodir='${datarootdir}/info'
install_as_default='yes'
install_sh='${SHELL} /usr/src/output/build/host-binutils-2.29.1/install-sh'
installed_linker='ld.bfd'
libdir='${exec_prefix}/lib'
libexecdir='${exec_prefix}/libexec'
localedir='${datarootdir}/locale'
localstatedir='/usr/src/output/host/var'
mandir='${datarootdir}/man'
mkdir_p='/bin/mkdir -p'
oldincludedir='/usr/include'
pdfdir='${docdir}'
prefix='/usr/src/output/host'
program_transform_name='s&^&arm-buildroot-linux-uclibcgnueabihf-&'
psdir='${docdir}'
sbindir='${exec_prefix}/sbin'
sharedstatedir='${prefix}/com'
sysconfdir='/usr/src/output/host/etc'
target='arm-buildroot-linux-uclibcgnueabihf'
target_alias='arm-buildroot-linux-uclibcgnueabihf'
target_cpu='arm'
target_os='linux-uclibcgnueabihf'
target_vendor='buildroot'
use_sysroot='yes'

## ------------------- ##
## File substitutions. ##
## ------------------- ##

TDIRS='tdirs'

## ----------- ##
## confdefs.h. ##
## ----------- ##

/* confdefs.h */
#define PACKAGE_NAME "ld"
#define PACKAGE_TARNAME "ld"
#define PACKAGE_VERSION "2.29.1"
#define PACKAGE_STRING "ld 2.29.1"
#define PACKAGE_BUGREPORT ""
#define PACKAGE_URL ""
#define PACKAGE "ld"
#define VERSION "2.29.1"
#define STDC_HEADERS 1
#define HAVE_SYS_TYPES_H 1
#define HAVE_SYS_STAT_H 1
#define HAVE_STDLIB_H 1
#define HAVE_STRING_H 1
#define HAVE_MEMORY_H 1
#define HAVE_STRINGS_H 1
#define HAVE_INTTYPES_H 1
#define HAVE_STDINT_H 1
#define HAVE_UNISTD_H 1
#define __EXTENSIONS__ 1
#define _ALL_SOURCE 1
#define _GNU_SOURCE 1
#define _POSIX_PTHREAD_SEMANTICS 1
#define _TANDEM_SOURCE 1
#define HAVE_DLFCN_H 1
#define LT_OBJDIR ".libs/"
#define HAVE_DLFCN_H 1
#define ENABLE_POISON_SYSTEM_DIRECTORIES 1
#define GOT_HANDLING_DEFAULT GOT_HANDLING_TARGET_DEFAULT
#define HAVE_LC_MESSAGES 1
#define ENABLE_NLS 1
#define HAVE_STRING_H 1
#define HAVE_STRINGS_H 1
#define HAVE_STDLIB_H 1
#define HAVE_UNISTD_H 1
#define HAVE_LIMITS_H 1
#define HAVE_LOCALE_H 1
#define HAVE_SYS_PARAM_H 1
#define HAVE_FCNTL_H 1
#define HAVE_SYS_FILE_H 1
#define HAVE_SYS_TIME_H 1
#define HAVE_SYS_STAT_H 1
#define STRING_WITH_STRINGS 1
#define HAVE_GLOB 1
#define HAVE_MKSTEMP 1
#define HAVE_REALPATH 1
#define HAVE_SBRK 1
#define HAVE_SETLOCALE 1
#define HAVE_WAITPID 1
#define HAVE_OPEN 1
#define HAVE_LSEEK 1
#define HAVE_CLOSE 1
#define HAVE_DIRENT_H 1
#define HAVE_STDLIB_H 1
#define HAVE_UNISTD_H 1
#define HAVE_GETPAGESIZE 1
#define HAVE_MMAP 1
#define HAVE_INITFINI_ARRAY 1
#define HAVE_DECL_GETOPT 1
#define HAVE_DECL_STRSTR 1
#define HAVE_DECL_FREE 1
#define HAVE_DECL_SBRK 1
#define HAVE_DECL_GETENV 1
#define HAVE_DECL_ENVIRON 1
#define SIZEOF_VOID_P 8
#define DEFAULT_NEW_DTAGS 0
#define DEFAULT_LD_Z_RELRO 1

configure: exit 0
