This file contains any messages produced by compilers while
running configure, to aid debugging if configure makes a mistake.

It was created by GNU C Runtime Library configure 1.0, which was
generated by GNU Autoconf 2.64.  Invocation command line was

  $ /usr/src/output/build/host-gcc-initial-6.4.0/libgcc/configure --srcdir=../../../libgcc --cache-file=./config.cache --with-cross-host=x86_64-pc-linux-gnu --prefix=/usr/src/output/host --sysconfdir=/usr/src/output/host/etc --localstatedir=/usr/src/output/host/var --enable-shared --disable-static --disable-gtk-doc --disable-gtk-doc-html --disable-doc --disable-docs --disable-documentation --disable-debug --with-xmlto=no --with-fop=no --disable-dependency-tracking --with-sysroot=/usr/src/output/host/arm-buildroot-linux-uclibcgnueabihf/sysroot --disable-__cxa_atexit --with-gnu-ld --disable-libssp --disable-multilib --with-pkgversion=Buildroot 2018.02.1-gba7f6ed-dirty --with-bugurl=http://bugs.buildroot.net/ --disable-libquadmath --disable-libsanitizer --enable-tls --disable-libmudflap --enable-threads --without-cloog --disable-decimal-float --with-abi=aapcs-linux --with-cpu=cortex-a7 --with-fpu=neon-vfpv4 --with-float=hard --with-mode=arm --disable-shared --without-headers --disable-threads --with-newlib --disable-largefile --disable-nls --enable-languages=c,lto --program-transform-name=s&^&arm-buildroot-linux-uclibcgnueabihf-& --disable-option-checking --with-target-subdir=arm-buildroot-linux-uclibcgnueabihf --build=x86_64-pc-linux-gnu --host=arm-buildroot-linux-uclibcgnueabihf --target=arm-buildroot-linux-uclibcgnueabihf

## --------- ##
## Platform. ##
## --------- ##

hostname = c37c58f94407
uname -m = x86_64
uname -r = 4.15.0-42-generic
uname -s = Linux
uname -v = #45~16.04.1-Ubuntu SMP Mon Nov 19 13:02:27 UTC 2018

/usr/bin/uname -p = unknown
/bin/uname -X     = unknown

/bin/arch              = unknown
/usr/bin/arch -k       = unknown
/usr/convex/getsysinfo = unknown
/usr/bin/hostinfo      = unknown
/bin/machine           = unknown
/usr/bin/oslevel       = unknown
/bin/universe          = unknown

PATH: /usr/src/output/host/bin
PATH: /usr/src/output/host/sbin
PATH: /usr/local/sbin
PATH: /usr/local/bin
PATH: /usr/sbin
PATH: /usr/bin
PATH: /sbin
PATH: /bin


## ----------- ##
## Core tests. ##
## ----------- ##

configure:2024: creating cache ./config.cache
configure:2230: checking build system type
configure:2244: result: x86_64-pc-linux-gnu
configure:2264: checking host system type
configure:2277: result: arm-buildroot-linux-uclibcgnueabihf
configure:2380: checking for --enable-version-specific-runtime-libs
configure:2393: result: no
configure:2441: checking for a BSD-compatible install
configure:2509: result: /usr/bin/install -c
configure:2525: checking for gawk
configure:2552: result: mawk
configure:2652: checking for arm-buildroot-linux-uclibcgnueabihf-ar
configure:2679: result: /usr/src/output/host/arm-buildroot-linux-uclibcgnueabihf/bin/ar
configure:2744: checking for arm-buildroot-linux-uclibcgnueabihf-lipo
configure:2771: result: arm-buildroot-linux-uclibcgnueabihf-lipo
configure:2836: checking for arm-buildroot-linux-uclibcgnueabihf-nm
configure:2863: result: /usr/src/output/build/host-gcc-initial-6.4.0/build/./gcc/nm
configure:2928: checking for arm-buildroot-linux-uclibcgnueabihf-ranlib
configure:2955: result: /usr/src/output/host/arm-buildroot-linux-uclibcgnueabihf/bin/ranlib
configure:3020: checking for arm-buildroot-linux-uclibcgnueabihf-strip
configure:3047: result: /usr/src/output/host/arm-buildroot-linux-uclibcgnueabihf/bin/strip
configure:3109: checking whether ln -s works
configure:3113: result: yes
configure:3130: checking for arm-buildroot-linux-uclibcgnueabihf-gcc
configure:3157: result:  /usr/src/output/build/host-gcc-initial-6.4.0/build/./gcc/xgcc -B/usr/src/output/build/host-gcc-initial-6.4.0/build/./gcc/ -B/usr/src/output/host/arm-buildroot-linux-uclibcgnueabihf/bin/ -B/usr/src/output/host/arm-buildroot-linux-uclibcgnueabihf/lib/ -isystem /usr/src/output/host/arm-buildroot-linux-uclibcgnueabihf/include -isystem /usr/src/output/host/arm-buildroot-linux-uclibcgnueabihf/sys-include   
configure:3426: checking for C compiler version
configure:3435:  /usr/src/output/build/host-gcc-initial-6.4.0/build/./gcc/xgcc -B/usr/src/output/build/host-gcc-initial-6.4.0/build/./gcc/ -B/usr/src/output/host/arm-buildroot-linux-uclibcgnueabihf/bin/ -B/usr/src/output/host/arm-buildroot-linux-uclibcgnueabihf/lib/ -isystem /usr/src/output/host/arm-buildroot-linux-uclibcgnueabihf/include -isystem /usr/src/output/host/arm-buildroot-linux-uclibcgnueabihf/sys-include    --version >&5
xgcc (Buildroot 2018.02.1-gba7f6ed-dirty) 6.4.0
Copyright (C) 2017 Free Software Foundation, Inc.
This is free software; see the source for copying conditions.  There is NO
warranty; not even for MERCHANTABILITY or FITNESS FOR A PARTICULAR PURPOSE.

configure:3446: $? = 0
configure:3435:  /usr/src/output/build/host-gcc-initial-6.4.0/build/./gcc/xgcc -B/usr/src/output/build/host-gcc-initial-6.4.0/build/./gcc/ -B/usr/src/output/host/arm-buildroot-linux-uclibcgnueabihf/bin/ -B/usr/src/output/host/arm-buildroot-linux-uclibcgnueabihf/lib/ -isystem /usr/src/output/host/arm-buildroot-linux-uclibcgnueabihf/include -isystem /usr/src/output/host/arm-buildroot-linux-uclibcgnueabihf/sys-include    -v >&5
Reading specs from /usr/src/output/build/host-gcc-initial-6.4.0/build/./gcc/specs
COLLECT_GCC=/usr/src/output/build/host-gcc-initial-6.4.0/build/./gcc/xgcc
COLLECT_LTO_WRAPPER=/usr/src/output/build/host-gcc-initial-6.4.0/build/./gcc/lto-wrapper
Target: arm-buildroot-linux-uclibcgnueabihf
Configured with: ./configure --prefix=/usr/src/output/host --sysconfdir=/usr/src/output/host/etc --localstatedir=/usr/src/output/host/var --enable-shared --disable-static --disable-gtk-doc --disable-gtk-doc-html --disable-doc --disable-docs --disable-documentation --disable-debug --with-xmlto=no --with-fop=no --disable-dependency-tracking --target=arm-buildroot-linux-uclibcgnueabihf --with-sysroot=/usr/src/output/host/arm-buildroot-linux-uclibcgnueabihf/sysroot --disable-__cxa_atexit --with-gnu-ld --disable-libssp --disable-multilib --with-gmp=/usr/src/output/host --with-mpc=/usr/src/output/host --with-mpfr=/usr/src/output/host --with-pkgversion='Buildroot 2018.02.1-gba7f6ed-dirty' --with-bugurl=http://bugs.buildroot.net/ --disable-libquadmath --disable-libsanitizer --enable-tls --disable-libmudflap --enable-threads --without-isl --without-cloog --disable-decimal-float --with-abi=aapcs-linux --with-cpu=cortex-a7 --with-fpu=neon-vfpv4 --with-float=hard --with-mode=arm --enable-languages=c --disable-shared --without-headers --disable-threads --with-newlib --disable-largefile --disable-nls
Thread model: single
gcc version 6.4.0 (Buildroot 2018.02.1-gba7f6ed-dirty) 
configure:3446: $? = 0
configure:3435:  /usr/src/output/build/host-gcc-initial-6.4.0/build/./gcc/xgcc -B/usr/src/output/build/host-gcc-initial-6.4.0/build/./gcc/ -B/usr/src/output/host/arm-buildroot-linux-uclibcgnueabihf/bin/ -B/usr/src/output/host/arm-buildroot-linux-uclibcgnueabihf/lib/ -isystem /usr/src/output/host/arm-buildroot-linux-uclibcgnueabihf/include -isystem /usr/src/output/host/arm-buildroot-linux-uclibcgnueabihf/sys-include    -V >&5
xgcc: error: unrecognized command line option '-V'
xgcc: fatal error: no input files
compilation terminated.
configure:3446: $? = 1
configure:3435:  /usr/src/output/build/host-gcc-initial-6.4.0/build/./gcc/xgcc -B/usr/src/output/build/host-gcc-initial-6.4.0/build/./gcc/ -B/usr/src/output/host/arm-buildroot-linux-uclibcgnueabihf/bin/ -B/usr/src/output/host/arm-buildroot-linux-uclibcgnueabihf/lib/ -isystem /usr/src/output/host/arm-buildroot-linux-uclibcgnueabihf/include -isystem /usr/src/output/host/arm-buildroot-linux-uclibcgnueabihf/sys-include    -qversion >&5
xgcc: error: unrecognized command line option '-qversion'; did you mean '--version'?
xgcc: fatal error: no input files
compilation terminated.
configure:3446: $? = 1
configure:3462:  /usr/src/output/build/host-gcc-initial-6.4.0/build/./gcc/xgcc -B/usr/src/output/build/host-gcc-initial-6.4.0/build/./gcc/ -B/usr/src/output/host/arm-buildroot-linux-uclibcgnueabihf/bin/ -B/usr/src/output/host/arm-buildroot-linux-uclibcgnueabihf/lib/ -isystem /usr/src/output/host/arm-buildroot-linux-uclibcgnueabihf/include -isystem /usr/src/output/host/arm-buildroot-linux-uclibcgnueabihf/sys-include    -o conftest -D_LARGEFILE_SOURCE -D_LARGEFILE64_SOURCE -D_FILE_OFFSET_BITS=64  -Os    conftest.c  >&5
/usr/src/output/host/arm-buildroot-linux-uclibcgnueabihf/bin/ld: cannot find crt1.o: No such file or directory
/usr/src/output/host/arm-buildroot-linux-uclibcgnueabihf/bin/ld: cannot find crti.o: No such file or directory
/usr/src/output/host/arm-buildroot-linux-uclibcgnueabihf/bin/ld: cannot find crtbegin.o: No such file or directory
/usr/src/output/host/arm-buildroot-linux-uclibcgnueabihf/bin/ld: cannot find -lgcc
/usr/src/output/host/arm-buildroot-linux-uclibcgnueabihf/bin/ld: cannot find -lc
/usr/src/output/host/arm-buildroot-linux-uclibcgnueabihf/bin/ld: cannot find -lgcc
/usr/src/output/host/arm-buildroot-linux-uclibcgnueabihf/bin/ld: cannot find crtend.o: No such file or directory
/usr/src/output/host/arm-buildroot-linux-uclibcgnueabihf/bin/ld: cannot find crtn.o: No such file or directory
collect2: error: ld returned 1 exit status
configure:3465: $? = 1
configure:3653: checking for suffix of object files
configure:3675:  /usr/src/output/build/host-gcc-initial-6.4.0/build/./gcc/xgcc -B/usr/src/output/build/host-gcc-initial-6.4.0/build/./gcc/ -B/usr/src/output/host/arm-buildroot-linux-uclibcgnueabihf/bin/ -B/usr/src/output/host/arm-buildroot-linux-uclibcgnueabihf/lib/ -isystem /usr/src/output/host/arm-buildroot-linux-uclibcgnueabihf/include -isystem /usr/src/output/host/arm-buildroot-linux-uclibcgnueabihf/sys-include    -c -D_LARGEFILE_SOURCE -D_LARGEFILE64_SOURCE -D_FILE_OFFSET_BITS=64  -Os   conftest.c >&5
configure:3679: $? = 0
configure:3700: result: o
configure:3704: checking whether we are using the GNU C compiler
configure:3723:  /usr/src/output/build/host-gcc-initial-6.4.0/build/./gcc/xgcc -B/usr/src/output/build/host-gcc-initial-6.4.0/build/./gcc/ -B/usr/src/output/host/arm-buildroot-linux-uclibcgnueabihf/bin/ -B/usr/src/output/host/arm-buildroot-linux-uclibcgnueabihf/lib/ -isystem /usr/src/output/host/arm-buildroot-linux-uclibcgnueabihf/include -isystem /usr/src/output/host/arm-buildroot-linux-uclibcgnueabihf/sys-include    -c -D_LARGEFILE_SOURCE -D_LARGEFILE64_SOURCE -D_FILE_OFFSET_BITS=64  -Os   conftest.c >&5
configure:3723: $? = 0
configure:3732: result: yes
configure:3741: checking whether  /usr/src/output/build/host-gcc-initial-6.4.0/build/./gcc/xgcc -B/usr/src/output/build/host-gcc-initial-6.4.0/build/./gcc/ -B/usr/src/output/host/arm-buildroot-linux-uclibcgnueabihf/bin/ -B/usr/src/output/host/arm-buildroot-linux-uclibcgnueabihf/lib/ -isystem /usr/src/output/host/arm-buildroot-linux-uclibcgnueabihf/include -isystem /usr/src/output/host/arm-buildroot-linux-uclibcgnueabihf/sys-include    accepts -g
configure:3761:  /usr/src/output/build/host-gcc-initial-6.4.0/build/./gcc/xgcc -B/usr/src/output/build/host-gcc-initial-6.4.0/build/./gcc/ -B/usr/src/output/host/arm-buildroot-linux-uclibcgnueabihf/bin/ -B/usr/src/output/host/arm-buildroot-linux-uclibcgnueabihf/lib/ -isystem /usr/src/output/host/arm-buildroot-linux-uclibcgnueabihf/include -isystem /usr/src/output/host/arm-buildroot-linux-uclibcgnueabihf/sys-include    -c -g  conftest.c >&5
configure:3761: $? = 0
configure:3802: result: yes
configure:3819: checking for  /usr/src/output/build/host-gcc-initial-6.4.0/build/./gcc/xgcc -B/usr/src/output/build/host-gcc-initial-6.4.0/build/./gcc/ -B/usr/src/output/host/arm-buildroot-linux-uclibcgnueabihf/bin/ -B/usr/src/output/host/arm-buildroot-linux-uclibcgnueabihf/lib/ -isystem /usr/src/output/host/arm-buildroot-linux-uclibcgnueabihf/include -isystem /usr/src/output/host/arm-buildroot-linux-uclibcgnueabihf/sys-include    option to accept ISO C89
configure:3883:  /usr/src/output/build/host-gcc-initial-6.4.0/build/./gcc/xgcc -B/usr/src/output/build/host-gcc-initial-6.4.0/build/./gcc/ -B/usr/src/output/host/arm-buildroot-linux-uclibcgnueabihf/bin/ -B/usr/src/output/host/arm-buildroot-linux-uclibcgnueabihf/lib/ -isystem /usr/src/output/host/arm-buildroot-linux-uclibcgnueabihf/include -isystem /usr/src/output/host/arm-buildroot-linux-uclibcgnueabihf/sys-include     -c -D_LARGEFILE_SOURCE -D_LARGEFILE64_SOURCE -D_FILE_OFFSET_BITS=64  -Os   conftest.c >&5
conftest.c:10:19: fatal error: stdio.h: No such file or directory
 #include <stdio.h>
                   ^
compilation terminated.
configure:3883: $? = 1
configure: failed program was:
| /* confdefs.h */
| #define PACKAGE_NAME "GNU C Runtime Library"
| #define PACKAGE_TARNAME "libgcc"
| #define PACKAGE_VERSION "1.0"
| #define PACKAGE_STRING "GNU C Runtime Library 1.0"
| #define PACKAGE_BUGREPORT ""
| #define PACKAGE_URL "http://www.gnu.org/software/libgcc/"
| /* end confdefs.h.  */
| #include <stdarg.h>
| #include <stdio.h>
| #include <sys/types.h>
| #include <sys/stat.h>
| /* Most of the following tests are stolen from RCS 5.7's src/conf.sh.  */
| struct buf { int x; };
| FILE * (*rcsopen) (struct buf *, struct stat *, int);
| static char *e (p, i)
|      char **p;
|      int i;
| {
|   return p[i];
| }
| static char *f (char * (*g) (char **, int), char **p, ...)
| {
|   char *s;
|   va_list v;
|   va_start (v,p);
|   s = g (p, va_arg (v,int));
|   va_end (v);
|   return s;
| }
| 
| /* OSF 4.0 Compaq cc is some sort of almost-ANSI by default.  It has
|    function prototypes and stuff, but not '\xHH' hex character constants.
|    These don't provoke an error unfortunately, instead are silently treated
|    as 'x'.  The following induces an error, until -std is added to get
|    proper ANSI mode.  Curiously '\x00'!='x' always comes out true, for an
|    array size at least.  It's necessary to write '\x00'==0 to get something
|    that's true only with -std.  */
| int osf4_cc_array ['\x00' == 0 ? 1 : -1];
| 
| /* IBM C 6 for AIX is almost-ANSI by default, but it replaces macro parameters
|    inside strings and character constants.  */
| #define FOO(x) 'x'
| int xlc6_cc_array[FOO(a) == 'x' ? 1 : -1];
| 
| int test (int i, double x);
| struct s1 {int (*f) (int a);};
| struct s2 {int (*f) (double a);};
| int pairnames (int, char **, FILE *(*)(struct buf *, struct stat *, int), int, int);
| int argc;
| char **argv;
| int
| main ()
| {
| return f (e, argv, 0) != argv[0]  ||  f (e, argv, 1) != argv[1];
|   ;
|   return 0;
| }
configure:3883:  /usr/src/output/build/host-gcc-initial-6.4.0/build/./gcc/xgcc -B/usr/src/output/build/host-gcc-initial-6.4.0/build/./gcc/ -B/usr/src/output/host/arm-buildroot-linux-uclibcgnueabihf/bin/ -B/usr/src/output/host/arm-buildroot-linux-uclibcgnueabihf/lib/ -isystem /usr/src/output/host/arm-buildroot-linux-uclibcgnueabihf/include -isystem /usr/src/output/host/arm-buildroot-linux-uclibcgnueabihf/sys-include    -qlanglvl=extc89 -c -D_LARGEFILE_SOURCE -D_LARGEFILE64_SOURCE -D_FILE_OFFSET_BITS=64  -Os   conftest.c >&5
xgcc: error: unrecognized command line option '-qlanglvl=extc89'
configure:3883: $? = 1
configure: failed program was:
| /* confdefs.h */
| #define PACKAGE_NAME "GNU C Runtime Library"
| #define PACKAGE_TARNAME "libgcc"
| #define PACKAGE_VERSION "1.0"
| #define PACKAGE_STRING "GNU C Runtime Library 1.0"
| #define PACKAGE_BUGREPORT ""
| #define PACKAGE_URL "http://www.gnu.org/software/libgcc/"
| /* end confdefs.h.  */
| #include <stdarg.h>
| #include <stdio.h>
| #include <sys/types.h>
| #include <sys/stat.h>
| /* Most of the following tests are stolen from RCS 5.7's src/conf.sh.  */
| struct buf { int x; };
| FILE * (*rcsopen) (struct buf *, struct stat *, int);
| static char *e (p, i)
|      char **p;
|      int i;
| {
|   return p[i];
| }
| static char *f (char * (*g) (char **, int), char **p, ...)
| {
|   char *s;
|   va_list v;
|   va_start (v,p);
|   s = g (p, va_arg (v,int));
|   va_end (v);
|   return s;
| }
| 
| /* OSF 4.0 Compaq cc is some sort of almost-ANSI by default.  It has
|    function prototypes and stuff, but not '\xHH' hex character constants.
|    These don't provoke an error unfortunately, instead are silently treated
|    as 'x'.  The following induces an error, until -std is added to get
|    proper ANSI mode.  Curiously '\x00'!='x' always comes out true, for an
|    array size at least.  It's necessary to write '\x00'==0 to get something
|    that's true only with -std.  */
| int osf4_cc_array ['\x00' == 0 ? 1 : -1];
| 
| /* IBM C 6 for AIX is almost-ANSI by default, but it replaces macro parameters
|    inside strings and character constants.  */
| #define FOO(x) 'x'
| int xlc6_cc_array[FOO(a) == 'x' ? 1 : -1];
| 
| int test (int i, double x);
| struct s1 {int (*f) (int a);};
| struct s2 {int (*f) (double a);};
| int pairnames (int, char **, FILE *(*)(struct buf *, struct stat *, int), int, int);
| int argc;
| char **argv;
| int
| main ()
| {
| return f (e, argv, 0) != argv[0]  ||  f (e, argv, 1) != argv[1];
|   ;
|   return 0;
| }
configure:3883:  /usr/src/output/build/host-gcc-initial-6.4.0/build/./gcc/xgcc -B/usr/src/output/build/host-gcc-initial-6.4.0/build/./gcc/ -B/usr/src/output/host/arm-buildroot-linux-uclibcgnueabihf/bin/ -B/usr/src/output/host/arm-buildroot-linux-uclibcgnueabihf/lib/ -isystem /usr/src/output/host/arm-buildroot-linux-uclibcgnueabihf/include -isystem /usr/src/output/host/arm-buildroot-linux-uclibcgnueabihf/sys-include    -qlanglvl=ansi -c -D_LARGEFILE_SOURCE -D_LARGEFILE64_SOURCE -D_FILE_OFFSET_BITS=64  -Os   conftest.c >&5
xgcc: error: unrecognized command line option '-qlanglvl=ansi'
configure:3883: $? = 1
configure: failed program was:
| /* confdefs.h */
| #define PACKAGE_NAME "GNU C Runtime Library"
| #define PACKAGE_TARNAME "libgcc"
| #define PACKAGE_VERSION "1.0"
| #define PACKAGE_STRING "GNU C Runtime Library 1.0"
| #define PACKAGE_BUGREPORT ""
| #define PACKAGE_URL "http://www.gnu.org/software/libgcc/"
| /* end confdefs.h.  */
| #include <stdarg.h>
| #include <stdio.h>
| #include <sys/types.h>
| #include <sys/stat.h>
| /* Most of the following tests are stolen from RCS 5.7's src/conf.sh.  */
| struct buf { int x; };
| FILE * (*rcsopen) (struct buf *, struct stat *, int);
| static char *e (p, i)
|      char **p;
|      int i;
| {
|   return p[i];
| }
| static char *f (char * (*g) (char **, int), char **p, ...)
| {
|   char *s;
|   va_list v;
|   va_start (v,p);
|   s = g (p, va_arg (v,int));
|   va_end (v);
|   return s;
| }
| 
| /* OSF 4.0 Compaq cc is some sort of almost-ANSI by default.  It has
|    function prototypes and stuff, but not '\xHH' hex character constants.
|    These don't provoke an error unfortunately, instead are silently treated
|    as 'x'.  The following induces an error, until -std is added to get
|    proper ANSI mode.  Curiously '\x00'!='x' always comes out true, for an
|    array size at least.  It's necessary to write '\x00'==0 to get something
|    that's true only with -std.  */
| int osf4_cc_array ['\x00' == 0 ? 1 : -1];
| 
| /* IBM C 6 for AIX is almost-ANSI by default, but it replaces macro parameters
|    inside strings and character constants.  */
| #define FOO(x) 'x'
| int xlc6_cc_array[FOO(a) == 'x' ? 1 : -1];
| 
| int test (int i, double x);
| struct s1 {int (*f) (int a);};
| struct s2 {int (*f) (double a);};
| int pairnames (int, char **, FILE *(*)(struct buf *, struct stat *, int), int, int);
| int argc;
| char **argv;
| int
| main ()
| {
| return f (e, argv, 0) != argv[0]  ||  f (e, argv, 1) != argv[1];
|   ;
|   return 0;
| }
configure:3883:  /usr/src/output/build/host-gcc-initial-6.4.0/build/./gcc/xgcc -B/usr/src/output/build/host-gcc-initial-6.4.0/build/./gcc/ -B/usr/src/output/host/arm-buildroot-linux-uclibcgnueabihf/bin/ -B/usr/src/output/host/arm-buildroot-linux-uclibcgnueabihf/lib/ -isystem /usr/src/output/host/arm-buildroot-linux-uclibcgnueabihf/include -isystem /usr/src/output/host/arm-buildroot-linux-uclibcgnueabihf/sys-include    -std -c -D_LARGEFILE_SOURCE -D_LARGEFILE64_SOURCE -D_FILE_OFFSET_BITS=64  -Os   conftest.c >&5
xgcc: error: unrecognized command line option '-std'
configure:3883: $? = 1
configure: failed program was:
| /* confdefs.h */
| #define PACKAGE_NAME "GNU C Runtime Library"
| #define PACKAGE_TARNAME "libgcc"
| #define PACKAGE_VERSION "1.0"
| #define PACKAGE_STRING "GNU C Runtime Library 1.0"
| #define PACKAGE_BUGREPORT ""
| #define PACKAGE_URL "http://www.gnu.org/software/libgcc/"
| /* end confdefs.h.  */
| #include <stdarg.h>
| #include <stdio.h>
| #include <sys/types.h>
| #include <sys/stat.h>
| /* Most of the following tests are stolen from RCS 5.7's src/conf.sh.  */
| struct buf { int x; };
| FILE * (*rcsopen) (struct buf *, struct stat *, int);
| static char *e (p, i)
|      char **p;
|      int i;
| {
|   return p[i];
| }
| static char *f (char * (*g) (char **, int), char **p, ...)
| {
|   char *s;
|   va_list v;
|   va_start (v,p);
|   s = g (p, va_arg (v,int));
|   va_end (v);
|   return s;
| }
| 
| /* OSF 4.0 Compaq cc is some sort of almost-ANSI by default.  It has
|    function prototypes and stuff, but not '\xHH' hex character constants.
|    These don't provoke an error unfortunately, instead are silently treated
|    as 'x'.  The following induces an error, until -std is added to get
|    proper ANSI mode.  Curiously '\x00'!='x' always comes out true, for an
|    array size at least.  It's necessary to write '\x00'==0 to get something
|    that's true only with -std.  */
| int osf4_cc_array ['\x00' == 0 ? 1 : -1];
| 
| /* IBM C 6 for AIX is almost-ANSI by default, but it replaces macro parameters
|    inside strings and character constants.  */
| #define FOO(x) 'x'
| int xlc6_cc_array[FOO(a) == 'x' ? 1 : -1];
| 
| int test (int i, double x);
| struct s1 {int (*f) (int a);};
| struct s2 {int (*f) (double a);};
| int pairnames (int, char **, FILE *(*)(struct buf *, struct stat *, int), int, int);
| int argc;
| char **argv;
| int
| main ()
| {
| return f (e, argv, 0) != argv[0]  ||  f (e, argv, 1) != argv[1];
|   ;
|   return 0;
| }
configure:3883:  /usr/src/output/build/host-gcc-initial-6.4.0/build/./gcc/xgcc -B/usr/src/output/build/host-gcc-initial-6.4.0/build/./gcc/ -B/usr/src/output/host/arm-buildroot-linux-uclibcgnueabihf/bin/ -B/usr/src/output/host/arm-buildroot-linux-uclibcgnueabihf/lib/ -isystem /usr/src/output/host/arm-buildroot-linux-uclibcgnueabihf/include -isystem /usr/src/output/host/arm-buildroot-linux-uclibcgnueabihf/sys-include    -Ae -c -D_LARGEFILE_SOURCE -D_LARGEFILE64_SOURCE -D_FILE_OFFSET_BITS=64  -Os   conftest.c >&5
<command-line>:0:1: error: missing '(' after predicate
conftest.c:10:19: fatal error: stdio.h: No such file or directory
 #include <stdio.h>
                   ^
compilation terminated.
configure:3883: $? = 1
configure: failed program was:
| /* confdefs.h */
| #define PACKAGE_NAME "GNU C Runtime Library"
| #define PACKAGE_TARNAME "libgcc"
| #define PACKAGE_VERSION "1.0"
| #define PACKAGE_STRING "GNU C Runtime Library 1.0"
| #define PACKAGE_BUGREPORT ""
| #define PACKAGE_URL "http://www.gnu.org/software/libgcc/"
| /* end confdefs.h.  */
| #include <stdarg.h>
| #include <stdio.h>
| #include <sys/types.h>
| #include <sys/stat.h>
| /* Most of the following tests are stolen from RCS 5.7's src/conf.sh.  */
| struct buf { int x; };
| FILE * (*rcsopen) (struct buf *, struct stat *, int);
| static char *e (p, i)
|      char **p;
|      int i;
| {
|   return p[i];
| }
| static char *f (char * (*g) (char **, int), char **p, ...)
| {
|   char *s;
|   va_list v;
|   va_start (v,p);
|   s = g (p, va_arg (v,int));
|   va_end (v);
|   return s;
| }
| 
| /* OSF 4.0 Compaq cc is some sort of almost-ANSI by default.  It has
|    function prototypes and stuff, but not '\xHH' hex character constants.
|    These don't provoke an error unfortunately, instead are silently treated
|    as 'x'.  The following induces an error, until -std is added to get
|    proper ANSI mode.  Curiously '\x00'!='x' always comes out true, for an
|    array size at least.  It's necessary to write '\x00'==0 to get something
|    that's true only with -std.  */
| int osf4_cc_array ['\x00' == 0 ? 1 : -1];
| 
| /* IBM C 6 for AIX is almost-ANSI by default, but it replaces macro parameters
|    inside strings and character constants.  */
| #define FOO(x) 'x'
| int xlc6_cc_array[FOO(a) == 'x' ? 1 : -1];
| 
| int test (int i, double x);
| struct s1 {int (*f) (int a);};
| struct s2 {int (*f) (double a);};
| int pairnames (int, char **, FILE *(*)(struct buf *, struct stat *, int), int, int);
| int argc;
| char **argv;
| int
| main ()
| {
| return f (e, argv, 0) != argv[0]  ||  f (e, argv, 1) != argv[1];
|   ;
|   return 0;
| }
configure:3883:  /usr/src/output/build/host-gcc-initial-6.4.0/build/./gcc/xgcc -B/usr/src/output/build/host-gcc-initial-6.4.0/build/./gcc/ -B/usr/src/output/host/arm-buildroot-linux-uclibcgnueabihf/bin/ -B/usr/src/output/host/arm-buildroot-linux-uclibcgnueabihf/lib/ -isystem /usr/src/output/host/arm-buildroot-linux-uclibcgnueabihf/include -isystem /usr/src/output/host/arm-buildroot-linux-uclibcgnueabihf/sys-include    -Aa -D_HPUX_SOURCE -c -D_LARGEFILE_SOURCE -D_LARGEFILE64_SOURCE -D_FILE_OFFSET_BITS=64  -Os   conftest.c >&5
<command-line>:0:1: error: missing '(' after predicate
conftest.c:10:19: fatal error: stdio.h: No such file or directory
 #include <stdio.h>
                   ^
compilation terminated.
configure:3883: $? = 1
configure: failed program was:
| /* confdefs.h */
| #define PACKAGE_NAME "GNU C Runtime Library"
| #define PACKAGE_TARNAME "libgcc"
| #define PACKAGE_VERSION "1.0"
| #define PACKAGE_STRING "GNU C Runtime Library 1.0"
| #define PACKAGE_BUGREPORT ""
| #define PACKAGE_URL "http://www.gnu.org/software/libgcc/"
| /* end confdefs.h.  */
| #include <stdarg.h>
| #include <stdio.h>
| #include <sys/types.h>
| #include <sys/stat.h>
| /* Most of the following tests are stolen from RCS 5.7's src/conf.sh.  */
| struct buf { int x; };
| FILE * (*rcsopen) (struct buf *, struct stat *, int);
| static char *e (p, i)
|      char **p;
|      int i;
| {
|   return p[i];
| }
| static char *f (char * (*g) (char **, int), char **p, ...)
| {
|   char *s;
|   va_list v;
|   va_start (v,p);
|   s = g (p, va_arg (v,int));
|   va_end (v);
|   return s;
| }
| 
| /* OSF 4.0 Compaq cc is some sort of almost-ANSI by default.  It has
|    function prototypes and stuff, but not '\xHH' hex character constants.
|    These don't provoke an error unfortunately, instead are silently treated
|    as 'x'.  The following induces an error, until -std is added to get
|    proper ANSI mode.  Curiously '\x00'!='x' always comes out true, for an
|    array size at least.  It's necessary to write '\x00'==0 to get something
|    that's true only with -std.  */
| int osf4_cc_array ['\x00' == 0 ? 1 : -1];
| 
| /* IBM C 6 for AIX is almost-ANSI by default, but it replaces macro parameters
|    inside strings and character constants.  */
| #define FOO(x) 'x'
| int xlc6_cc_array[FOO(a) == 'x' ? 1 : -1];
| 
| int test (int i, double x);
| struct s1 {int (*f) (int a);};
| struct s2 {int (*f) (double a);};
| int pairnames (int, char **, FILE *(*)(struct buf *, struct stat *, int), int, int);
| int argc;
| char **argv;
| int
| main ()
| {
| return f (e, argv, 0) != argv[0]  ||  f (e, argv, 1) != argv[1];
|   ;
|   return 0;
| }
configure:3883:  /usr/src/output/build/host-gcc-initial-6.4.0/build/./gcc/xgcc -B/usr/src/output/build/host-gcc-initial-6.4.0/build/./gcc/ -B/usr/src/output/host/arm-buildroot-linux-uclibcgnueabihf/bin/ -B/usr/src/output/host/arm-buildroot-linux-uclibcgnueabihf/lib/ -isystem /usr/src/output/host/arm-buildroot-linux-uclibcgnueabihf/include -isystem /usr/src/output/host/arm-buildroot-linux-uclibcgnueabihf/sys-include    -Xc -D__EXTENSIONS__ -c -D_LARGEFILE_SOURCE -D_LARGEFILE64_SOURCE -D_FILE_OFFSET_BITS=64  -Os   conftest.c >&5
xgcc: error: unrecognized command line option '-Xc'; did you mean '-c'?
configure:3883: $? = 1
configure: failed program was:
| /* confdefs.h */
| #define PACKAGE_NAME "GNU C Runtime Library"
| #define PACKAGE_TARNAME "libgcc"
| #define PACKAGE_VERSION "1.0"
| #define PACKAGE_STRING "GNU C Runtime Library 1.0"
| #define PACKAGE_BUGREPORT ""
| #define PACKAGE_URL "http://www.gnu.org/software/libgcc/"
| /* end confdefs.h.  */
| #include <stdarg.h>
| #include <stdio.h>
| #include <sys/types.h>
| #include <sys/stat.h>
| /* Most of the following tests are stolen from RCS 5.7's src/conf.sh.  */
| struct buf { int x; };
| FILE * (*rcsopen) (struct buf *, struct stat *, int);
| static char *e (p, i)
|      char **p;
|      int i;
| {
|   return p[i];
| }
| static char *f (char * (*g) (char **, int), char **p, ...)
| {
|   char *s;
|   va_list v;
|   va_start (v,p);
|   s = g (p, va_arg (v,int));
|   va_end (v);
|   return s;
| }
| 
| /* OSF 4.0 Compaq cc is some sort of almost-ANSI by default.  It has
|    function prototypes and stuff, but not '\xHH' hex character constants.
|    These don't provoke an error unfortunately, instead are silently treated
|    as 'x'.  The following induces an error, until -std is added to get
|    proper ANSI mode.  Curiously '\x00'!='x' always comes out true, for an
|    array size at least.  It's necessary to write '\x00'==0 to get something
|    that's true only with -std.  */
| int osf4_cc_array ['\x00' == 0 ? 1 : -1];
| 
| /* IBM C 6 for AIX is almost-ANSI by default, but it replaces macro parameters
|    inside strings and character constants.  */
| #define FOO(x) 'x'
| int xlc6_cc_array[FOO(a) == 'x' ? 1 : -1];
| 
| int test (int i, double x);
| struct s1 {int (*f) (int a);};
| struct s2 {int (*f) (double a);};
| int pairnames (int, char **, FILE *(*)(struct buf *, struct stat *, int), int, int);
| int argc;
| char **argv;
| int
| main ()
| {
| return f (e, argv, 0) != argv[0]  ||  f (e, argv, 1) != argv[1];
|   ;
|   return 0;
| }
configure:3899: result: unsupported
configure:3921: checking how to run the C preprocessor
configure:3952:  /usr/src/output/build/host-gcc-initial-6.4.0/build/./gcc/xgcc -B/usr/src/output/build/host-gcc-initial-6.4.0/build/./gcc/ -B/usr/src/output/host/arm-buildroot-linux-uclibcgnueabihf/bin/ -B/usr/src/output/host/arm-buildroot-linux-uclibcgnueabihf/lib/ -isystem /usr/src/output/host/arm-buildroot-linux-uclibcgnueabihf/include -isystem /usr/src/output/host/arm-buildroot-linux-uclibcgnueabihf/sys-include    -E  conftest.c
configure:3952: $? = 0
configure:3966:  /usr/src/output/build/host-gcc-initial-6.4.0/build/./gcc/xgcc -B/usr/src/output/build/host-gcc-initial-6.4.0/build/./gcc/ -B/usr/src/output/host/arm-buildroot-linux-uclibcgnueabihf/bin/ -B/usr/src/output/host/arm-buildroot-linux-uclibcgnueabihf/lib/ -isystem /usr/src/output/host/arm-buildroot-linux-uclibcgnueabihf/include -isystem /usr/src/output/host/arm-buildroot-linux-uclibcgnueabihf/sys-include    -E  conftest.c
conftest.c:9:28: fatal error: ac_nonexistent.h: No such file or directory
 #include <ac_nonexistent.h>
                            ^
compilation terminated.
configure:3966: $? = 1
configure: failed program was:
| /* confdefs.h */
| #define PACKAGE_NAME "GNU C Runtime Library"
| #define PACKAGE_TARNAME "libgcc"
| #define PACKAGE_VERSION "1.0"
| #define PACKAGE_STRING "GNU C Runtime Library 1.0"
| #define PACKAGE_BUGREPORT ""
| #define PACKAGE_URL "http://www.gnu.org/software/libgcc/"
| /* end confdefs.h.  */
| #include <ac_nonexistent.h>
configure:3991: result:  /usr/src/output/build/host-gcc-initial-6.4.0/build/./gcc/xgcc -B/usr/src/output/build/host-gcc-initial-6.4.0/build/./gcc/ -B/usr/src/output/host/arm-buildroot-linux-uclibcgnueabihf/bin/ -B/usr/src/output/host/arm-buildroot-linux-uclibcgnueabihf/lib/ -isystem /usr/src/output/host/arm-buildroot-linux-uclibcgnueabihf/include -isystem /usr/src/output/host/arm-buildroot-linux-uclibcgnueabihf/sys-include    -E
configure:4011:  /usr/src/output/build/host-gcc-initial-6.4.0/build/./gcc/xgcc -B/usr/src/output/build/host-gcc-initial-6.4.0/build/./gcc/ -B/usr/src/output/host/arm-buildroot-linux-uclibcgnueabihf/bin/ -B/usr/src/output/host/arm-buildroot-linux-uclibcgnueabihf/lib/ -isystem /usr/src/output/host/arm-buildroot-linux-uclibcgnueabihf/include -isystem /usr/src/output/host/arm-buildroot-linux-uclibcgnueabihf/sys-include    -E  conftest.c
configure:4011: $? = 0
configure:4025:  /usr/src/output/build/host-gcc-initial-6.4.0/build/./gcc/xgcc -B/usr/src/output/build/host-gcc-initial-6.4.0/build/./gcc/ -B/usr/src/output/host/arm-buildroot-linux-uclibcgnueabihf/bin/ -B/usr/src/output/host/arm-buildroot-linux-uclibcgnueabihf/lib/ -isystem /usr/src/output/host/arm-buildroot-linux-uclibcgnueabihf/include -isystem /usr/src/output/host/arm-buildroot-linux-uclibcgnueabihf/sys-include    -E  conftest.c
conftest.c:9:28: fatal error: ac_nonexistent.h: No such file or directory
 #include <ac_nonexistent.h>
                            ^
compilation terminated.
configure:4025: $? = 1
configure: failed program was:
| /* confdefs.h */
| #define PACKAGE_NAME "GNU C Runtime Library"
| #define PACKAGE_TARNAME "libgcc"
| #define PACKAGE_VERSION "1.0"
| #define PACKAGE_STRING "GNU C Runtime Library 1.0"
| #define PACKAGE_BUGREPORT ""
| #define PACKAGE_URL "http://www.gnu.org/software/libgcc/"
| /* end confdefs.h.  */
| #include <ac_nonexistent.h>
configure:4062: checking size of double
configure:4067:  /usr/src/output/build/host-gcc-initial-6.4.0/build/./gcc/xgcc -B/usr/src/output/build/host-gcc-initial-6.4.0/build/./gcc/ -B/usr/src/output/host/arm-buildroot-linux-uclibcgnueabihf/bin/ -B/usr/src/output/host/arm-buildroot-linux-uclibcgnueabihf/lib/ -isystem /usr/src/output/host/arm-buildroot-linux-uclibcgnueabihf/include -isystem /usr/src/output/host/arm-buildroot-linux-uclibcgnueabihf/sys-include    -c -D_LARGEFILE_SOURCE -D_LARGEFILE64_SOURCE -D_FILE_OFFSET_BITS=64  -Os   conftest.c >&5
configure:4067: $? = 0
configure:4067:  /usr/src/output/build/host-gcc-initial-6.4.0/build/./gcc/xgcc -B/usr/src/output/build/host-gcc-initial-6.4.0/build/./gcc/ -B/usr/src/output/host/arm-buildroot-linux-uclibcgnueabihf/bin/ -B/usr/src/output/host/arm-buildroot-linux-uclibcgnueabihf/lib/ -isystem /usr/src/output/host/arm-buildroot-linux-uclibcgnueabihf/include -isystem /usr/src/output/host/arm-buildroot-linux-uclibcgnueabihf/sys-include    -c -D_LARGEFILE_SOURCE -D_LARGEFILE64_SOURCE -D_FILE_OFFSET_BITS=64  -Os   conftest.c >&5
conftest.c: In function 'main':
conftest.c:13:12: error: size of array 'test_array' is negative
 static int test_array [1 - 2 * !(((long int) (sizeof (double))) <= 0)];
            ^~~~~~~~~~
configure:4067: $? = 1
configure: failed program was:
| /* confdefs.h */
| #define PACKAGE_NAME "GNU C Runtime Library"
| #define PACKAGE_TARNAME "libgcc"
| #define PACKAGE_VERSION "1.0"
| #define PACKAGE_STRING "GNU C Runtime Library 1.0"
| #define PACKAGE_BUGREPORT ""
| #define PACKAGE_URL "http://www.gnu.org/software/libgcc/"
| /* end confdefs.h.  */
| /* none */
| int
| main ()
| {
| static int test_array [1 - 2 * !(((long int) (sizeof (double))) <= 0)];
| test_array [0] = 0
| 
|   ;
|   return 0;
| }
configure:4067:  /usr/src/output/build/host-gcc-initial-6.4.0/build/./gcc/xgcc -B/usr/src/output/build/host-gcc-initial-6.4.0/build/./gcc/ -B/usr/src/output/host/arm-buildroot-linux-uclibcgnueabihf/bin/ -B/usr/src/output/host/arm-buildroot-linux-uclibcgnueabihf/lib/ -isystem /usr/src/output/host/arm-buildroot-linux-uclibcgnueabihf/include -isystem /usr/src/output/host/arm-buildroot-linux-uclibcgnueabihf/sys-include    -c -D_LARGEFILE_SOURCE -D_LARGEFILE64_SOURCE -D_FILE_OFFSET_BITS=64  -Os   conftest.c >&5
conftest.c: In function 'main':
conftest.c:13:12: error: size of array 'test_array' is negative
 static int test_array [1 - 2 * !(((long int) (sizeof (double))) <= 1)];
            ^~~~~~~~~~
configure:4067: $? = 1
configure: failed program was:
| /* confdefs.h */
| #define PACKAGE_NAME "GNU C Runtime Library"
| #define PACKAGE_TARNAME "libgcc"
| #define PACKAGE_VERSION "1.0"
| #define PACKAGE_STRING "GNU C Runtime Library 1.0"
| #define PACKAGE_BUGREPORT ""
| #define PACKAGE_URL "http://www.gnu.org/software/libgcc/"
| /* end confdefs.h.  */
| /* none */
| int
| main ()
| {
| static int test_array [1 - 2 * !(((long int) (sizeof (double))) <= 1)];
| test_array [0] = 0
| 
|   ;
|   return 0;
| }
configure:4067:  /usr/src/output/build/host-gcc-initial-6.4.0/build/./gcc/xgcc -B/usr/src/output/build/host-gcc-initial-6.4.0/build/./gcc/ -B/usr/src/output/host/arm-buildroot-linux-uclibcgnueabihf/bin/ -B/usr/src/output/host/arm-buildroot-linux-uclibcgnueabihf/lib/ -isystem /usr/src/output/host/arm-buildroot-linux-uclibcgnueabihf/include -isystem /usr/src/output/host/arm-buildroot-linux-uclibcgnueabihf/sys-include    -c -D_LARGEFILE_SOURCE -D_LARGEFILE64_SOURCE -D_FILE_OFFSET_BITS=64  -Os   conftest.c >&5
conftest.c: In function 'main':
conftest.c:13:12: error: size of array 'test_array' is negative
 static int test_array [1 - 2 * !(((long int) (sizeof (double))) <= 3)];
            ^~~~~~~~~~
configure:4067: $? = 1
configure: failed program was:
| /* confdefs.h */
| #define PACKAGE_NAME "GNU C Runtime Library"
| #define PACKAGE_TARNAME "libgcc"
| #define PACKAGE_VERSION "1.0"
| #define PACKAGE_STRING "GNU C Runtime Library 1.0"
| #define PACKAGE_BUGREPORT ""
| #define PACKAGE_URL "http://www.gnu.org/software/libgcc/"
| /* end confdefs.h.  */
| /* none */
| int
| main ()
| {
| static int test_array [1 - 2 * !(((long int) (sizeof (double))) <= 3)];
| test_array [0] = 0
| 
|   ;
|   return 0;
| }
configure:4067:  /usr/src/output/build/host-gcc-initial-6.4.0/build/./gcc/xgcc -B/usr/src/output/build/host-gcc-initial-6.4.0/build/./gcc/ -B/usr/src/output/host/arm-buildroot-linux-uclibcgnueabihf/bin/ -B/usr/src/output/host/arm-buildroot-linux-uclibcgnueabihf/lib/ -isystem /usr/src/output/host/arm-buildroot-linux-uclibcgnueabihf/include -isystem /usr/src/output/host/arm-buildroot-linux-uclibcgnueabihf/sys-include    -c -D_LARGEFILE_SOURCE -D_LARGEFILE64_SOURCE -D_FILE_OFFSET_BITS=64  -Os   conftest.c >&5
conftest.c: In function 'main':
conftest.c:13:12: error: size of array 'test_array' is negative
 static int test_array [1 - 2 * !(((long int) (sizeof (double))) <= 7)];
            ^~~~~~~~~~
configure:4067: $? = 1
configure: failed program was:
| /* confdefs.h */
| #define PACKAGE_NAME "GNU C Runtime Library"
| #define PACKAGE_TARNAME "libgcc"
| #define PACKAGE_VERSION "1.0"
| #define PACKAGE_STRING "GNU C Runtime Library 1.0"
| #define PACKAGE_BUGREPORT ""
| #define PACKAGE_URL "http://www.gnu.org/software/libgcc/"
| /* end confdefs.h.  */
| /* none */
| int
| main ()
| {
| static int test_array [1 - 2 * !(((long int) (sizeof (double))) <= 7)];
| test_array [0] = 0
| 
|   ;
|   return 0;
| }
configure:4067:  /usr/src/output/build/host-gcc-initial-6.4.0/build/./gcc/xgcc -B/usr/src/output/build/host-gcc-initial-6.4.0/build/./gcc/ -B/usr/src/output/host/arm-buildroot-linux-uclibcgnueabihf/bin/ -B/usr/src/output/host/arm-buildroot-linux-uclibcgnueabihf/lib/ -isystem /usr/src/output/host/arm-buildroot-linux-uclibcgnueabihf/include -isystem /usr/src/output/host/arm-buildroot-linux-uclibcgnueabihf/sys-include    -c -D_LARGEFILE_SOURCE -D_LARGEFILE64_SOURCE -D_FILE_OFFSET_BITS=64  -Os   conftest.c >&5
configure:4067: $? = 0
configure:4067:  /usr/src/output/build/host-gcc-initial-6.4.0/build/./gcc/xgcc -B/usr/src/output/build/host-gcc-initial-6.4.0/build/./gcc/ -B/usr/src/output/host/arm-buildroot-linux-uclibcgnueabihf/bin/ -B/usr/src/output/host/arm-buildroot-linux-uclibcgnueabihf/lib/ -isystem /usr/src/output/host/arm-buildroot-linux-uclibcgnueabihf/include -isystem /usr/src/output/host/arm-buildroot-linux-uclibcgnueabihf/sys-include    -c -D_LARGEFILE_SOURCE -D_LARGEFILE64_SOURCE -D_FILE_OFFSET_BITS=64  -Os   conftest.c >&5
configure:4067: $? = 0
configure:4067:  /usr/src/output/build/host-gcc-initial-6.4.0/build/./gcc/xgcc -B/usr/src/output/build/host-gcc-initial-6.4.0/build/./gcc/ -B/usr/src/output/host/arm-buildroot-linux-uclibcgnueabihf/bin/ -B/usr/src/output/host/arm-buildroot-linux-uclibcgnueabihf/lib/ -isystem /usr/src/output/host/arm-buildroot-linux-uclibcgnueabihf/include -isystem /usr/src/output/host/arm-buildroot-linux-uclibcgnueabihf/sys-include    -c -D_LARGEFILE_SOURCE -D_LARGEFILE64_SOURCE -D_FILE_OFFSET_BITS=64  -Os   conftest.c >&5
configure:4067: $? = 0
configure:4067:  /usr/src/output/build/host-gcc-initial-6.4.0/build/./gcc/xgcc -B/usr/src/output/build/host-gcc-initial-6.4.0/build/./gcc/ -B/usr/src/output/host/arm-buildroot-linux-uclibcgnueabihf/bin/ -B/usr/src/output/host/arm-buildroot-linux-uclibcgnueabihf/lib/ -isystem /usr/src/output/host/arm-buildroot-linux-uclibcgnueabihf/include -isystem /usr/src/output/host/arm-buildroot-linux-uclibcgnueabihf/sys-include    -c -D_LARGEFILE_SOURCE -D_LARGEFILE64_SOURCE -D_FILE_OFFSET_BITS=64  -Os   conftest.c >&5
configure:4067: $? = 0
configure:4082: result: 8
configure:4096: checking size of long double
configure:4101:  /usr/src/output/build/host-gcc-initial-6.4.0/build/./gcc/xgcc -B/usr/src/output/build/host-gcc-initial-6.4.0/build/./gcc/ -B/usr/src/output/host/arm-buildroot-linux-uclibcgnueabihf/bin/ -B/usr/src/output/host/arm-buildroot-linux-uclibcgnueabihf/lib/ -isystem /usr/src/output/host/arm-buildroot-linux-uclibcgnueabihf/include -isystem /usr/src/output/host/arm-buildroot-linux-uclibcgnueabihf/sys-include    -c -D_LARGEFILE_SOURCE -D_LARGEFILE64_SOURCE -D_FILE_OFFSET_BITS=64  -Os   conftest.c >&5
configure:4101: $? = 0
configure:4101:  /usr/src/output/build/host-gcc-initial-6.4.0/build/./gcc/xgcc -B/usr/src/output/build/host-gcc-initial-6.4.0/build/./gcc/ -B/usr/src/output/host/arm-buildroot-linux-uclibcgnueabihf/bin/ -B/usr/src/output/host/arm-buildroot-linux-uclibcgnueabihf/lib/ -isystem /usr/src/output/host/arm-buildroot-linux-uclibcgnueabihf/include -isystem /usr/src/output/host/arm-buildroot-linux-uclibcgnueabihf/sys-include    -c -D_LARGEFILE_SOURCE -D_LARGEFILE64_SOURCE -D_FILE_OFFSET_BITS=64  -Os   conftest.c >&5
conftest.c: In function 'main':
conftest.c:14:12: error: size of array 'test_array' is negative
 static int test_array [1 - 2 * !(((long int) (sizeof (long double))) <= 0)];
            ^~~~~~~~~~
configure:4101: $? = 1
configure: failed program was:
| /* confdefs.h */
| #define PACKAGE_NAME "GNU C Runtime Library"
| #define PACKAGE_TARNAME "libgcc"
| #define PACKAGE_VERSION "1.0"
| #define PACKAGE_STRING "GNU C Runtime Library 1.0"
| #define PACKAGE_BUGREPORT ""
| #define PACKAGE_URL "http://www.gnu.org/software/libgcc/"
| #define SIZEOF_DOUBLE 8
| /* end confdefs.h.  */
| /* none */
| int
| main ()
| {
| static int test_array [1 - 2 * !(((long int) (sizeof (long double))) <= 0)];
| test_array [0] = 0
| 
|   ;
|   return 0;
| }
configure:4101:  /usr/src/output/build/host-gcc-initial-6.4.0/build/./gcc/xgcc -B/usr/src/output/build/host-gcc-initial-6.4.0/build/./gcc/ -B/usr/src/output/host/arm-buildroot-linux-uclibcgnueabihf/bin/ -B/usr/src/output/host/arm-buildroot-linux-uclibcgnueabihf/lib/ -isystem /usr/src/output/host/arm-buildroot-linux-uclibcgnueabihf/include -isystem /usr/src/output/host/arm-buildroot-linux-uclibcgnueabihf/sys-include    -c -D_LARGEFILE_SOURCE -D_LARGEFILE64_SOURCE -D_FILE_OFFSET_BITS=64  -Os   conftest.c >&5
conftest.c: In function 'main':
conftest.c:14:12: error: size of array 'test_array' is negative
 static int test_array [1 - 2 * !(((long int) (sizeof (long double))) <= 1)];
            ^~~~~~~~~~
configure:4101: $? = 1
configure: failed program was:
| /* confdefs.h */
| #define PACKAGE_NAME "GNU C Runtime Library"
| #define PACKAGE_TARNAME "libgcc"
| #define PACKAGE_VERSION "1.0"
| #define PACKAGE_STRING "GNU C Runtime Library 1.0"
| #define PACKAGE_BUGREPORT ""
| #define PACKAGE_URL "http://www.gnu.org/software/libgcc/"
| #define SIZEOF_DOUBLE 8
| /* end confdefs.h.  */
| /* none */
| int
| main ()
| {
| static int test_array [1 - 2 * !(((long int) (sizeof (long double))) <= 1)];
| test_array [0] = 0
| 
|   ;
|   return 0;
| }
configure:4101:  /usr/src/output/build/host-gcc-initial-6.4.0/build/./gcc/xgcc -B/usr/src/output/build/host-gcc-initial-6.4.0/build/./gcc/ -B/usr/src/output/host/arm-buildroot-linux-uclibcgnueabihf/bin/ -B/usr/src/output/host/arm-buildroot-linux-uclibcgnueabihf/lib/ -isystem /usr/src/output/host/arm-buildroot-linux-uclibcgnueabihf/include -isystem /usr/src/output/host/arm-buildroot-linux-uclibcgnueabihf/sys-include    -c -D_LARGEFILE_SOURCE -D_LARGEFILE64_SOURCE -D_FILE_OFFSET_BITS=64  -Os   conftest.c >&5
conftest.c: In function 'main':
conftest.c:14:12: error: size of array 'test_array' is negative
 static int test_array [1 - 2 * !(((long int) (sizeof (long double))) <= 3)];
            ^~~~~~~~~~
configure:4101: $? = 1
configure: failed program was:
| /* confdefs.h */
| #define PACKAGE_NAME "GNU C Runtime Library"
| #define PACKAGE_TARNAME "libgcc"
| #define PACKAGE_VERSION "1.0"
| #define PACKAGE_STRING "GNU C Runtime Library 1.0"
| #define PACKAGE_BUGREPORT ""
| #define PACKAGE_URL "http://www.gnu.org/software/libgcc/"
| #define SIZEOF_DOUBLE 8
| /* end confdefs.h.  */
| /* none */
| int
| main ()
| {
| static int test_array [1 - 2 * !(((long int) (sizeof (long double))) <= 3)];
| test_array [0] = 0
| 
|   ;
|   return 0;
| }
configure:4101:  /usr/src/output/build/host-gcc-initial-6.4.0/build/./gcc/xgcc -B/usr/src/output/build/host-gcc-initial-6.4.0/build/./gcc/ -B/usr/src/output/host/arm-buildroot-linux-uclibcgnueabihf/bin/ -B/usr/src/output/host/arm-buildroot-linux-uclibcgnueabihf/lib/ -isystem /usr/src/output/host/arm-buildroot-linux-uclibcgnueabihf/include -isystem /usr/src/output/host/arm-buildroot-linux-uclibcgnueabihf/sys-include    -c -D_LARGEFILE_SOURCE -D_LARGEFILE64_SOURCE -D_FILE_OFFSET_BITS=64  -Os   conftest.c >&5
conftest.c: In function 'main':
conftest.c:14:12: error: size of array 'test_array' is negative
 static int test_array [1 - 2 * !(((long int) (sizeof (long double))) <= 7)];
            ^~~~~~~~~~
configure:4101: $? = 1
configure: failed program was:
| /* confdefs.h */
| #define PACKAGE_NAME "GNU C Runtime Library"
| #define PACKAGE_TARNAME "libgcc"
| #define PACKAGE_VERSION "1.0"
| #define PACKAGE_STRING "GNU C Runtime Library 1.0"
| #define PACKAGE_BUGREPORT ""
| #define PACKAGE_URL "http://www.gnu.org/software/libgcc/"
| #define SIZEOF_DOUBLE 8
| /* end confdefs.h.  */
| /* none */
| int
| main ()
| {
| static int test_array [1 - 2 * !(((long int) (sizeof (long double))) <= 7)];
| test_array [0] = 0
| 
|   ;
|   return 0;
| }
configure:4101:  /usr/src/output/build/host-gcc-initial-6.4.0/build/./gcc/xgcc -B/usr/src/output/build/host-gcc-initial-6.4.0/build/./gcc/ -B/usr/src/output/host/arm-buildroot-linux-uclibcgnueabihf/bin/ -B/usr/src/output/host/arm-buildroot-linux-uclibcgnueabihf/lib/ -isystem /usr/src/output/host/arm-buildroot-linux-uclibcgnueabihf/include -isystem /usr/src/output/host/arm-buildroot-linux-uclibcgnueabihf/sys-include    -c -D_LARGEFILE_SOURCE -D_LARGEFILE64_SOURCE -D_FILE_OFFSET_BITS=64  -Os   conftest.c >&5
configure:4101: $? = 0
configure:4101:  /usr/src/output/build/host-gcc-initial-6.4.0/build/./gcc/xgcc -B/usr/src/output/build/host-gcc-initial-6.4.0/build/./gcc/ -B/usr/src/output/host/arm-buildroot-linux-uclibcgnueabihf/bin/ -B/usr/src/output/host/arm-buildroot-linux-uclibcgnueabihf/lib/ -isystem /usr/src/output/host/arm-buildroot-linux-uclibcgnueabihf/include -isystem /usr/src/output/host/arm-buildroot-linux-uclibcgnueabihf/sys-include    -c -D_LARGEFILE_SOURCE -D_LARGEFILE64_SOURCE -D_FILE_OFFSET_BITS=64  -Os   conftest.c >&5
configure:4101: $? = 0
configure:4101:  /usr/src/output/build/host-gcc-initial-6.4.0/build/./gcc/xgcc -B/usr/src/output/build/host-gcc-initial-6.4.0/build/./gcc/ -B/usr/src/output/host/arm-buildroot-linux-uclibcgnueabihf/bin/ -B/usr/src/output/host/arm-buildroot-linux-uclibcgnueabihf/lib/ -isystem /usr/src/output/host/arm-buildroot-linux-uclibcgnueabihf/include -isystem /usr/src/output/host/arm-buildroot-linux-uclibcgnueabihf/sys-include    -c -D_LARGEFILE_SOURCE -D_LARGEFILE64_SOURCE -D_FILE_OFFSET_BITS=64  -Os   conftest.c >&5
configure:4101: $? = 0
configure:4101:  /usr/src/output/build/host-gcc-initial-6.4.0/build/./gcc/xgcc -B/usr/src/output/build/host-gcc-initial-6.4.0/build/./gcc/ -B/usr/src/output/host/arm-buildroot-linux-uclibcgnueabihf/bin/ -B/usr/src/output/host/arm-buildroot-linux-uclibcgnueabihf/lib/ -isystem /usr/src/output/host/arm-buildroot-linux-uclibcgnueabihf/include -isystem /usr/src/output/host/arm-buildroot-linux-uclibcgnueabihf/sys-include    -c -D_LARGEFILE_SOURCE -D_LARGEFILE64_SOURCE -D_FILE_OFFSET_BITS=64  -Os   conftest.c >&5
configure:4101: $? = 0
configure:4116: result: 8
configure:4137: checking for inttypes.h
configure:4137:  /usr/src/output/build/host-gcc-initial-6.4.0/build/./gcc/xgcc -B/usr/src/output/build/host-gcc-initial-6.4.0/build/./gcc/ -B/usr/src/output/host/arm-buildroot-linux-uclibcgnueabihf/bin/ -B/usr/src/output/host/arm-buildroot-linux-uclibcgnueabihf/lib/ -isystem /usr/src/output/host/arm-buildroot-linux-uclibcgnueabihf/include -isystem /usr/src/output/host/arm-buildroot-linux-uclibcgnueabihf/sys-include    -E  conftest.c
conftest.c:11:22: fatal error: inttypes.h: No such file or directory
 #include <inttypes.h>
                      ^
compilation terminated.
configure:4137: $? = 1
configure: failed program was:
| /* confdefs.h */
| #define PACKAGE_NAME "GNU C Runtime Library"
| #define PACKAGE_TARNAME "libgcc"
| #define PACKAGE_VERSION "1.0"
| #define PACKAGE_STRING "GNU C Runtime Library 1.0"
| #define PACKAGE_BUGREPORT ""
| #define PACKAGE_URL "http://www.gnu.org/software/libgcc/"
| #define SIZEOF_DOUBLE 8
| #define SIZEOF_LONG_DOUBLE 8
| /* end confdefs.h.  */
| #include <inttypes.h>
configure:4137: result: no
configure:4137: checking for stdint.h
configure:4137:  /usr/src/output/build/host-gcc-initial-6.4.0/build/./gcc/xgcc -B/usr/src/output/build/host-gcc-initial-6.4.0/build/./gcc/ -B/usr/src/output/host/arm-buildroot-linux-uclibcgnueabihf/bin/ -B/usr/src/output/host/arm-buildroot-linux-uclibcgnueabihf/lib/ -isystem /usr/src/output/host/arm-buildroot-linux-uclibcgnueabihf/include -isystem /usr/src/output/host/arm-buildroot-linux-uclibcgnueabihf/sys-include    -E  conftest.c
In file included from conftest.c:11:0:
/usr/src/output/build/host-gcc-initial-6.4.0/build/gcc/include/stdint.h:9:26: fatal error: stdint.h: No such file or directory
 # include_next <stdint.h>
                          ^
compilation terminated.
configure:4137: $? = 1
configure: failed program was:
| /* confdefs.h */
| #define PACKAGE_NAME "GNU C Runtime Library"
| #define PACKAGE_TARNAME "libgcc"
| #define PACKAGE_VERSION "1.0"
| #define PACKAGE_STRING "GNU C Runtime Library 1.0"
| #define PACKAGE_BUGREPORT ""
| #define PACKAGE_URL "http://www.gnu.org/software/libgcc/"
| #define SIZEOF_DOUBLE 8
| #define SIZEOF_LONG_DOUBLE 8
| /* end confdefs.h.  */
| #include <stdint.h>
configure:4137: result: no
configure:4137: checking for stdlib.h
configure:4137:  /usr/src/output/build/host-gcc-initial-6.4.0/build/./gcc/xgcc -B/usr/src/output/build/host-gcc-initial-6.4.0/build/./gcc/ -B/usr/src/output/host/arm-buildroot-linux-uclibcgnueabihf/bin/ -B/usr/src/output/host/arm-buildroot-linux-uclibcgnueabihf/lib/ -isystem /usr/src/output/host/arm-buildroot-linux-uclibcgnueabihf/include -isystem /usr/src/output/host/arm-buildroot-linux-uclibcgnueabihf/sys-include    -E  conftest.c
conftest.c:11:20: fatal error: stdlib.h: No such file or directory
 #include <stdlib.h>
                    ^
compilation terminated.
configure:4137: $? = 1
configure: failed program was:
| /* confdefs.h */
| #define PACKAGE_NAME "GNU C Runtime Library"
| #define PACKAGE_TARNAME "libgcc"
| #define PACKAGE_VERSION "1.0"
| #define PACKAGE_STRING "GNU C Runtime Library 1.0"
| #define PACKAGE_BUGREPORT ""
| #define PACKAGE_URL "http://www.gnu.org/software/libgcc/"
| #define SIZEOF_DOUBLE 8
| #define SIZEOF_LONG_DOUBLE 8
| /* end confdefs.h.  */
| #include <stdlib.h>
configure:4137: result: no
configure:4137: checking for ftw.h
configure:4137:  /usr/src/output/build/host-gcc-initial-6.4.0/build/./gcc/xgcc -B/usr/src/output/build/host-gcc-initial-6.4.0/build/./gcc/ -B/usr/src/output/host/arm-buildroot-linux-uclibcgnueabihf/bin/ -B/usr/src/output/host/arm-buildroot-linux-uclibcgnueabihf/lib/ -isystem /usr/src/output/host/arm-buildroot-linux-uclibcgnueabihf/include -isystem /usr/src/output/host/arm-buildroot-linux-uclibcgnueabihf/sys-include    -E  conftest.c
conftest.c:11:17: fatal error: ftw.h: No such file or directory
 #include <ftw.h>
                 ^
compilation terminated.
configure:4137: $? = 1
configure: failed program was:
| /* confdefs.h */
| #define PACKAGE_NAME "GNU C Runtime Library"
| #define PACKAGE_TARNAME "libgcc"
| #define PACKAGE_VERSION "1.0"
| #define PACKAGE_STRING "GNU C Runtime Library 1.0"
| #define PACKAGE_BUGREPORT ""
| #define PACKAGE_URL "http://www.gnu.org/software/libgcc/"
| #define SIZEOF_DOUBLE 8
| #define SIZEOF_LONG_DOUBLE 8
| /* end confdefs.h.  */
| #include <ftw.h>
configure:4137: result: no
configure:4137: checking for unistd.h
configure:4137:  /usr/src/output/build/host-gcc-initial-6.4.0/build/./gcc/xgcc -B/usr/src/output/build/host-gcc-initial-6.4.0/build/./gcc/ -B/usr/src/output/host/arm-buildroot-linux-uclibcgnueabihf/bin/ -B/usr/src/output/host/arm-buildroot-linux-uclibcgnueabihf/lib/ -isystem /usr/src/output/host/arm-buildroot-linux-uclibcgnueabihf/include -isystem /usr/src/output/host/arm-buildroot-linux-uclibcgnueabihf/sys-include    -E  conftest.c
conftest.c:11:20: fatal error: unistd.h: No such file or directory
 #include <unistd.h>
                    ^
compilation terminated.
configure:4137: $? = 1
configure: failed program was:
| /* confdefs.h */
| #define PACKAGE_NAME "GNU C Runtime Library"
| #define PACKAGE_TARNAME "libgcc"
| #define PACKAGE_VERSION "1.0"
| #define PACKAGE_STRING "GNU C Runtime Library 1.0"
| #define PACKAGE_BUGREPORT ""
| #define PACKAGE_URL "http://www.gnu.org/software/libgcc/"
| #define SIZEOF_DOUBLE 8
| #define SIZEOF_LONG_DOUBLE 8
| /* end confdefs.h.  */
| #include <unistd.h>
configure:4137: result: no
configure:4137: checking for sys/stat.h
configure:4137:  /usr/src/output/build/host-gcc-initial-6.4.0/build/./gcc/xgcc -B/usr/src/output/build/host-gcc-initial-6.4.0/build/./gcc/ -B/usr/src/output/host/arm-buildroot-linux-uclibcgnueabihf/bin/ -B/usr/src/output/host/arm-buildroot-linux-uclibcgnueabihf/lib/ -isystem /usr/src/output/host/arm-buildroot-linux-uclibcgnueabihf/include -isystem /usr/src/output/host/arm-buildroot-linux-uclibcgnueabihf/sys-include    -E  conftest.c
conftest.c:11:22: fatal error: sys/stat.h: No such file or directory
 #include <sys/stat.h>
                      ^
compilation terminated.
configure:4137: $? = 1
configure: failed program was:
| /* confdefs.h */
| #define PACKAGE_NAME "GNU C Runtime Library"
| #define PACKAGE_TARNAME "libgcc"
| #define PACKAGE_VERSION "1.0"
| #define PACKAGE_STRING "GNU C Runtime Library 1.0"
| #define PACKAGE_BUGREPORT ""
| #define PACKAGE_URL "http://www.gnu.org/software/libgcc/"
| #define SIZEOF_DOUBLE 8
| #define SIZEOF_LONG_DOUBLE 8
| /* end confdefs.h.  */
| #include <sys/stat.h>
configure:4137: result: no
configure:4137: checking for sys/types.h
configure:4137:  /usr/src/output/build/host-gcc-initial-6.4.0/build/./gcc/xgcc -B/usr/src/output/build/host-gcc-initial-6.4.0/build/./gcc/ -B/usr/src/output/host/arm-buildroot-linux-uclibcgnueabihf/bin/ -B/usr/src/output/host/arm-buildroot-linux-uclibcgnueabihf/lib/ -isystem /usr/src/output/host/arm-buildroot-linux-uclibcgnueabihf/include -isystem /usr/src/output/host/arm-buildroot-linux-uclibcgnueabihf/sys-include    -E  conftest.c
conftest.c:11:23: fatal error: sys/types.h: No such file or directory
 #include <sys/types.h>
                       ^
compilation terminated.
configure:4137: $? = 1
configure: failed program was:
| /* confdefs.h */
| #define PACKAGE_NAME "GNU C Runtime Library"
| #define PACKAGE_TARNAME "libgcc"
| #define PACKAGE_VERSION "1.0"
| #define PACKAGE_STRING "GNU C Runtime Library 1.0"
| #define PACKAGE_BUGREPORT ""
| #define PACKAGE_URL "http://www.gnu.org/software/libgcc/"
| #define SIZEOF_DOUBLE 8
| #define SIZEOF_LONG_DOUBLE 8
| /* end confdefs.h.  */
| #include <sys/types.h>
configure:4137: result: no
configure:4137: checking for string.h
configure:4137:  /usr/src/output/build/host-gcc-initial-6.4.0/build/./gcc/xgcc -B/usr/src/output/build/host-gcc-initial-6.4.0/build/./gcc/ -B/usr/src/output/host/arm-buildroot-linux-uclibcgnueabihf/bin/ -B/usr/src/output/host/arm-buildroot-linux-uclibcgnueabihf/lib/ -isystem /usr/src/output/host/arm-buildroot-linux-uclibcgnueabihf/include -isystem /usr/src/output/host/arm-buildroot-linux-uclibcgnueabihf/sys-include    -E  conftest.c
conftest.c:11:20: fatal error: string.h: No such file or directory
 #include <string.h>
                    ^
compilation terminated.
configure:4137: $? = 1
configure: failed program was:
| /* confdefs.h */
| #define PACKAGE_NAME "GNU C Runtime Library"
| #define PACKAGE_TARNAME "libgcc"
| #define PACKAGE_VERSION "1.0"
| #define PACKAGE_STRING "GNU C Runtime Library 1.0"
| #define PACKAGE_BUGREPORT ""
| #define PACKAGE_URL "http://www.gnu.org/software/libgcc/"
| #define SIZEOF_DOUBLE 8
| #define SIZEOF_LONG_DOUBLE 8
| /* end confdefs.h.  */
| #include <string.h>
configure:4137: result: no
configure:4137: checking for strings.h
configure:4137:  /usr/src/output/build/host-gcc-initial-6.4.0/build/./gcc/xgcc -B/usr/src/output/build/host-gcc-initial-6.4.0/build/./gcc/ -B/usr/src/output/host/arm-buildroot-linux-uclibcgnueabihf/bin/ -B/usr/src/output/host/arm-buildroot-linux-uclibcgnueabihf/lib/ -isystem /usr/src/output/host/arm-buildroot-linux-uclibcgnueabihf/include -isystem /usr/src/output/host/arm-buildroot-linux-uclibcgnueabihf/sys-include    -E  conftest.c
conftest.c:11:21: fatal error: strings.h: No such file or directory
 #include <strings.h>
                     ^
compilation terminated.
configure:4137: $? = 1
configure: failed program was:
| /* confdefs.h */
| #define PACKAGE_NAME "GNU C Runtime Library"
| #define PACKAGE_TARNAME "libgcc"
| #define PACKAGE_VERSION "1.0"
| #define PACKAGE_STRING "GNU C Runtime Library 1.0"
| #define PACKAGE_BUGREPORT ""
| #define PACKAGE_URL "http://www.gnu.org/software/libgcc/"
| #define SIZEOF_DOUBLE 8
| #define SIZEOF_LONG_DOUBLE 8
| /* end confdefs.h.  */
| #include <strings.h>
configure:4137: result: no
configure:4137: checking for memory.h
configure:4137:  /usr/src/output/build/host-gcc-initial-6.4.0/build/./gcc/xgcc -B/usr/src/output/build/host-gcc-initial-6.4.0/build/./gcc/ -B/usr/src/output/host/arm-buildroot-linux-uclibcgnueabihf/bin/ -B/usr/src/output/host/arm-buildroot-linux-uclibcgnueabihf/lib/ -isystem /usr/src/output/host/arm-buildroot-linux-uclibcgnueabihf/include -isystem /usr/src/output/host/arm-buildroot-linux-uclibcgnueabihf/sys-include    -E  conftest.c
conftest.c:11:20: fatal error: memory.h: No such file or directory
 #include <memory.h>
                    ^
compilation terminated.
configure:4137: $? = 1
configure: failed program was:
| /* confdefs.h */
| #define PACKAGE_NAME "GNU C Runtime Library"
| #define PACKAGE_TARNAME "libgcc"
| #define PACKAGE_VERSION "1.0"
| #define PACKAGE_STRING "GNU C Runtime Library 1.0"
| #define PACKAGE_BUGREPORT ""
| #define PACKAGE_URL "http://www.gnu.org/software/libgcc/"
| #define SIZEOF_DOUBLE 8
| #define SIZEOF_LONG_DOUBLE 8
| /* end confdefs.h.  */
| #include <memory.h>
configure:4137: result: no
configure:4147: checking for grep that handles long lines and -e
configure:4205: result: /bin/grep
configure:4210: checking for egrep
configure:4272: result: /bin/grep -E
configure:4277: checking for ANSI C header files
configure:4297:  /usr/src/output/build/host-gcc-initial-6.4.0/build/./gcc/xgcc -B/usr/src/output/build/host-gcc-initial-6.4.0/build/./gcc/ -B/usr/src/output/host/arm-buildroot-linux-uclibcgnueabihf/bin/ -B/usr/src/output/host/arm-buildroot-linux-uclibcgnueabihf/lib/ -isystem /usr/src/output/host/arm-buildroot-linux-uclibcgnueabihf/include -isystem /usr/src/output/host/arm-buildroot-linux-uclibcgnueabihf/sys-include    -c -D_LARGEFILE_SOURCE -D_LARGEFILE64_SOURCE -D_FILE_OFFSET_BITS=64  -Os   conftest.c >&5
conftest.c:11:20: fatal error: stdlib.h: No such file or directory
 #include <stdlib.h>
                    ^
compilation terminated.
configure:4297: $? = 1
configure: failed program was:
| /* confdefs.h */
| #define PACKAGE_NAME "GNU C Runtime Library"
| #define PACKAGE_TARNAME "libgcc"
| #define PACKAGE_VERSION "1.0"
| #define PACKAGE_STRING "GNU C Runtime Library 1.0"
| #define PACKAGE_BUGREPORT ""
| #define PACKAGE_URL "http://www.gnu.org/software/libgcc/"
| #define SIZEOF_DOUBLE 8
| #define SIZEOF_LONG_DOUBLE 8
| /* end confdefs.h.  */
| #include <stdlib.h>
| #include <stdarg.h>
| #include <string.h>
| #include <float.h>
| 
| int
| main ()
| {
| 
|   ;
|   return 0;
| }
configure:4381: result: no
configure:4391: checking whether decimal floating point is supported
configure:4413:  /usr/src/output/build/host-gcc-initial-6.4.0/build/./gcc/xgcc -B/usr/src/output/build/host-gcc-initial-6.4.0/build/./gcc/ -B/usr/src/output/host/arm-buildroot-linux-uclibcgnueabihf/bin/ -B/usr/src/output/host/arm-buildroot-linux-uclibcgnueabihf/lib/ -isystem /usr/src/output/host/arm-buildroot-linux-uclibcgnueabihf/include -isystem /usr/src/output/host/arm-buildroot-linux-uclibcgnueabihf/sys-include    -c -D_LARGEFILE_SOURCE -D_LARGEFILE64_SOURCE -D_FILE_OFFSET_BITS=64  -Os   conftest.c >&5
conftest.c:12:18: fatal error: fenv.h: No such file or directory
 #include <fenv.h>
                  ^
compilation terminated.
configure:4413: $? = 1
configure: failed program was:
| /* confdefs.h */
| #define PACKAGE_NAME "GNU C Runtime Library"
| #define PACKAGE_TARNAME "libgcc"
| #define PACKAGE_VERSION "1.0"
| #define PACKAGE_STRING "GNU C Runtime Library 1.0"
| #define PACKAGE_BUGREPORT ""
| #define PACKAGE_URL "http://www.gnu.org/software/libgcc/"
| #define SIZEOF_DOUBLE 8
| #define SIZEOF_LONG_DOUBLE 8
| /* end confdefs.h.  */
| 
| #include <fenv.h>
| 
| int
| main ()
| {
| 
| _Decimal32 x;
| int fe_except =
|   FE_INVALID|FE_DIVBYZERO|FE_OVERFLOW|FE_UNDERFLOW|FE_INEXACT;
| 
|   ;
|   return 0;
| }
configure:4420: result: no
configure:4478: checking whether fixed-point is supported
configure:4487:  /usr/src/output/build/host-gcc-initial-6.4.0/build/./gcc/xgcc -B/usr/src/output/build/host-gcc-initial-6.4.0/build/./gcc/ -B/usr/src/output/host/arm-buildroot-linux-uclibcgnueabihf/bin/ -B/usr/src/output/host/arm-buildroot-linux-uclibcgnueabihf/lib/ -isystem /usr/src/output/host/arm-buildroot-linux-uclibcgnueabihf/include -isystem /usr/src/output/host/arm-buildroot-linux-uclibcgnueabihf/sys-include    -c -D_LARGEFILE_SOURCE -D_LARGEFILE64_SOURCE -D_FILE_OFFSET_BITS=64  -Os   conftest.c >&5
configure:4487: $? = 0
configure:4494: result: yes
configure:4540: checking whether the compiler is configured for setjmp/longjmp exceptions
configure:4558:  /usr/src/output/build/host-gcc-initial-6.4.0/build/./gcc/xgcc -B/usr/src/output/build/host-gcc-initial-6.4.0/build/./gcc/ -B/usr/src/output/host/arm-buildroot-linux-uclibcgnueabihf/bin/ -B/usr/src/output/host/arm-buildroot-linux-uclibcgnueabihf/lib/ -isystem /usr/src/output/host/arm-buildroot-linux-uclibcgnueabihf/include -isystem /usr/src/output/host/arm-buildroot-linux-uclibcgnueabihf/sys-include    -c -D_LARGEFILE_SOURCE -D_LARGEFILE64_SOURCE -D_FILE_OFFSET_BITS=64  -Os   conftest.c >&5
configure:4558: $? = 0
configure:4565: result: no
configure:4584: checking if the linker (/usr/src/output/build/host-gcc-initial-6.4.0/build/./gcc/collect-ld) is GNU ld
GNU ld (GNU Binutils) 2.29.1
configure:4596: result: yes
configure:4601: checking for thread model used by GCC
configure:4604: result: single
configure:4608: checking whether assembler supports CFI directives
configure:4621:  /usr/src/output/build/host-gcc-initial-6.4.0/build/./gcc/xgcc -B/usr/src/output/build/host-gcc-initial-6.4.0/build/./gcc/ -B/usr/src/output/host/arm-buildroot-linux-uclibcgnueabihf/bin/ -B/usr/src/output/host/arm-buildroot-linux-uclibcgnueabihf/lib/ -isystem /usr/src/output/host/arm-buildroot-linux-uclibcgnueabihf/include -isystem /usr/src/output/host/arm-buildroot-linux-uclibcgnueabihf/sys-include    -c -D_LARGEFILE_SOURCE -D_LARGEFILE64_SOURCE -D_FILE_OFFSET_BITS=64  -Os   conftest.c >&5
configure:4621: $? = 0
configure:4628: result: yes
configure:4701: checking for target glibc version
configure:4715:  /usr/src/output/build/host-gcc-initial-6.4.0/build/./gcc/xgcc -B/usr/src/output/build/host-gcc-initial-6.4.0/build/./gcc/ -B/usr/src/output/host/arm-buildroot-linux-uclibcgnueabihf/bin/ -B/usr/src/output/host/arm-buildroot-linux-uclibcgnueabihf/lib/ -isystem /usr/src/output/host/arm-buildroot-linux-uclibcgnueabihf/include -isystem /usr/src/output/host/arm-buildroot-linux-uclibcgnueabihf/sys-include    -c -D_LARGEFILE_SOURCE -D_LARGEFILE64_SOURCE -D_FILE_OFFSET_BITS=64  -Os   conftest.c >&5
conftest.c:12:22: fatal error: features.h: No such file or directory
 #include <features.h>
                      ^
compilation terminated.
configure:4715: $? = 1
configure: failed program was:
| /* confdefs.h */
| #define PACKAGE_NAME "GNU C Runtime Library"
| #define PACKAGE_TARNAME "libgcc"
| #define PACKAGE_VERSION "1.0"
| #define PACKAGE_STRING "GNU C Runtime Library 1.0"
| #define PACKAGE_BUGREPORT ""
| #define PACKAGE_URL "http://www.gnu.org/software/libgcc/"
| #define SIZEOF_DOUBLE 8
| #define SIZEOF_LONG_DOUBLE 8
| #define HAVE_GETIPINFO 1
| /* end confdefs.h.  */
| #include <features.h>
| int
| main ()
| {
| static int test_array [1 - 2 * !((__GLIBC__) >= 0)];
| test_array [0] = 0
| 
|   ;
|   return 0;
| }
configure:4715:  /usr/src/output/build/host-gcc-initial-6.4.0/build/./gcc/xgcc -B/usr/src/output/build/host-gcc-initial-6.4.0/build/./gcc/ -B/usr/src/output/host/arm-buildroot-linux-uclibcgnueabihf/bin/ -B/usr/src/output/host/arm-buildroot-linux-uclibcgnueabihf/lib/ -isystem /usr/src/output/host/arm-buildroot-linux-uclibcgnueabihf/include -isystem /usr/src/output/host/arm-buildroot-linux-uclibcgnueabihf/sys-include    -c -D_LARGEFILE_SOURCE -D_LARGEFILE64_SOURCE -D_FILE_OFFSET_BITS=64  -Os   conftest.c >&5
conftest.c:12:22: fatal error: features.h: No such file or directory
 #include <features.h>
                      ^
compilation terminated.
configure:4715: $? = 1
configure: failed program was:
| /* confdefs.h */
| #define PACKAGE_NAME "GNU C Runtime Library"
| #define PACKAGE_TARNAME "libgcc"
| #define PACKAGE_VERSION "1.0"
| #define PACKAGE_STRING "GNU C Runtime Library 1.0"
| #define PACKAGE_BUGREPORT ""
| #define PACKAGE_URL "http://www.gnu.org/software/libgcc/"
| #define SIZEOF_DOUBLE 8
| #define SIZEOF_LONG_DOUBLE 8
| #define HAVE_GETIPINFO 1
| /* end confdefs.h.  */
| #include <features.h>
| int
| main ()
| {
| static int test_array [1 - 2 * !((__GLIBC__) < 0)];
| test_array [0] = 0
| 
|   ;
|   return 0;
| }
configure:4721:  /usr/src/output/build/host-gcc-initial-6.4.0/build/./gcc/xgcc -B/usr/src/output/build/host-gcc-initial-6.4.0/build/./gcc/ -B/usr/src/output/host/arm-buildroot-linux-uclibcgnueabihf/bin/ -B/usr/src/output/host/arm-buildroot-linux-uclibcgnueabihf/lib/ -isystem /usr/src/output/host/arm-buildroot-linux-uclibcgnueabihf/include -isystem /usr/src/output/host/arm-buildroot-linux-uclibcgnueabihf/sys-include    -c -D_LARGEFILE_SOURCE -D_LARGEFILE64_SOURCE -D_FILE_OFFSET_BITS=64  -Os   conftest.c >&5
conftest.c:12:22: fatal error: features.h: No such file or directory
 #include <features.h>
                      ^
compilation terminated.
configure:4721: $? = 1
configure: failed program was:
| /* confdefs.h */
| #define PACKAGE_NAME "GNU C Runtime Library"
| #define PACKAGE_TARNAME "libgcc"
| #define PACKAGE_VERSION "1.0"
| #define PACKAGE_STRING "GNU C Runtime Library 1.0"
| #define PACKAGE_BUGREPORT ""
| #define PACKAGE_URL "http://www.gnu.org/software/libgcc/"
| #define SIZEOF_DOUBLE 8
| #define SIZEOF_LONG_DOUBLE 8
| #define HAVE_GETIPINFO 1
| /* end confdefs.h.  */
| #include <features.h>
| int
| main ()
| {
| static int test_array [1 - 2 * !((__GLIBC_MINOR__) >= 0)];
| test_array [0] = 0
| 
|   ;
|   return 0;
| }
configure:4721:  /usr/src/output/build/host-gcc-initial-6.4.0/build/./gcc/xgcc -B/usr/src/output/build/host-gcc-initial-6.4.0/build/./gcc/ -B/usr/src/output/host/arm-buildroot-linux-uclibcgnueabihf/bin/ -B/usr/src/output/host/arm-buildroot-linux-uclibcgnueabihf/lib/ -isystem /usr/src/output/host/arm-buildroot-linux-uclibcgnueabihf/include -isystem /usr/src/output/host/arm-buildroot-linux-uclibcgnueabihf/sys-include    -c -D_LARGEFILE_SOURCE -D_LARGEFILE64_SOURCE -D_FILE_OFFSET_BITS=64  -Os   conftest.c >&5
conftest.c:12:22: fatal error: features.h: No such file or directory
 #include <features.h>
                      ^
compilation terminated.
configure:4721: $? = 1
configure: failed program was:
| /* confdefs.h */
| #define PACKAGE_NAME "GNU C Runtime Library"
| #define PACKAGE_TARNAME "libgcc"
| #define PACKAGE_VERSION "1.0"
| #define PACKAGE_STRING "GNU C Runtime Library 1.0"
| #define PACKAGE_BUGREPORT ""
| #define PACKAGE_URL "http://www.gnu.org/software/libgcc/"
| #define SIZEOF_DOUBLE 8
| #define SIZEOF_LONG_DOUBLE 8
| #define HAVE_GETIPINFO 1
| /* end confdefs.h.  */
| #include <features.h>
| int
| main ()
| {
| static int test_array [1 - 2 * !((__GLIBC_MINOR__) < 0)];
| test_array [0] = 0
| 
|   ;
|   return 0;
| }
configure:4729: result: 0.0
configure:4891: checking for __attribute__((visibility("hidden")))
configure:4900:  /usr/src/output/build/host-gcc-initial-6.4.0/build/./gcc/xgcc -B/usr/src/output/build/host-gcc-initial-6.4.0/build/./gcc/ -B/usr/src/output/host/arm-buildroot-linux-uclibcgnueabihf/bin/ -B/usr/src/output/host/arm-buildroot-linux-uclibcgnueabihf/lib/ -isystem /usr/src/output/host/arm-buildroot-linux-uclibcgnueabihf/include -isystem /usr/src/output/host/arm-buildroot-linux-uclibcgnueabihf/sys-include    -Werror -S conftest.c -o conftest.s 1>&5
configure:4903: $? = 0
configure:4912: result: yes
configure:4940: checking whether the target assembler supports thread-local storage
configure:4950:  /usr/src/output/build/host-gcc-initial-6.4.0/build/./gcc/xgcc -B/usr/src/output/build/host-gcc-initial-6.4.0/build/./gcc/ -B/usr/src/output/host/arm-buildroot-linux-uclibcgnueabihf/bin/ -B/usr/src/output/host/arm-buildroot-linux-uclibcgnueabihf/lib/ -isystem /usr/src/output/host/arm-buildroot-linux-uclibcgnueabihf/include -isystem /usr/src/output/host/arm-buildroot-linux-uclibcgnueabihf/sys-include    -c -D_LARGEFILE_SOURCE -D_LARGEFILE64_SOURCE -D_FILE_OFFSET_BITS=64  -Os   conftest.c >&5
configure:4950: $? = 0
configure:4958: result: yes
configure:4968: checking whether the thread-local storage support is from emutls
configure:4977:  /usr/src/output/build/host-gcc-initial-6.4.0/build/./gcc/xgcc -B/usr/src/output/build/host-gcc-initial-6.4.0/build/./gcc/ -B/usr/src/output/host/arm-buildroot-linux-uclibcgnueabihf/bin/ -B/usr/src/output/host/arm-buildroot-linux-uclibcgnueabihf/lib/ -isystem /usr/src/output/host/arm-buildroot-linux-uclibcgnueabihf/include -isystem /usr/src/output/host/arm-buildroot-linux-uclibcgnueabihf/sys-include    -Werror -S -o conftest.s conftest.c 1>&5
configure:4980: $? = 0
configure:4989: result: no
configure:5002: checking for init priority support
configure:5019:  /usr/src/output/build/host-gcc-initial-6.4.0/build/./gcc/xgcc -B/usr/src/output/build/host-gcc-initial-6.4.0/build/./gcc/ -B/usr/src/output/host/arm-buildroot-linux-uclibcgnueabihf/bin/ -B/usr/src/output/host/arm-buildroot-linux-uclibcgnueabihf/lib/ -isystem /usr/src/output/host/arm-buildroot-linux-uclibcgnueabihf/include -isystem /usr/src/output/host/arm-buildroot-linux-uclibcgnueabihf/sys-include    -c -D_LARGEFILE_SOURCE -D_LARGEFILE64_SOURCE -D_FILE_OFFSET_BITS=64  -Os   conftest.c >&5
conftest.c: In function 'main':
conftest.c:16:1: warning: constructor priorities from 0 to 100 are reserved for the implementation
 void ip (void) __attribute__ ((constructor (1)));
 ^~~~
configure:5019: $? = 0
configure:5026: result: yes
configure:5169: updating cache ./config.cache
configure:5206: creating ./config.status

## ---------------------- ##
## Running config.status. ##
## ---------------------- ##

This file was extended by GNU C Runtime Library config.status 1.0, which was
generated by GNU Autoconf 2.64.  Invocation command line was

  CONFIG_FILES    = 
  CONFIG_HEADERS  = 
  CONFIG_LINKS    = 
  CONFIG_COMMANDS = 
  $ ./config.status 

on c37c58f94407

config.status:882: creating Makefile
config.status:882: creating auto-target.h
config.status:1067: linking ../../../libgcc/enable-execute-stack-empty.c to enable-execute-stack.c
config.status:1067: linking ../../../libgcc/config/arm/unwind-arm.h to unwind.h
config.status:1067: linking ../../../libgcc/config/no-unwind.h to md-unwind-support.h
config.status:1067: linking ../../../libgcc/config/arm/sfp-machine.h to sfp-machine.h
config.status:1067: linking ../../../libgcc/gthr-single.h to gthr-default.h
config.status:1086: executing default commands

## ---------------- ##
## Cache variables. ##
## ---------------- ##

ac_cv_build=x86_64-pc-linux-gnu
ac_cv_c_compiler_gnu=yes
ac_cv_env_CC_set=set
ac_cv_env_CC_value=' /usr/src/output/build/host-gcc-initial-6.4.0/build/./gcc/xgcc -B/usr/src/output/build/host-gcc-initial-6.4.0/build/./gcc/ -B/usr/src/output/host/arm-buildroot-linux-uclibcgnueabihf/bin/ -B/usr/src/output/host/arm-buildroot-linux-uclibcgnueabihf/lib/ -isystem /usr/src/output/host/arm-buildroot-linux-uclibcgnueabihf/include -isystem /usr/src/output/host/arm-buildroot-linux-uclibcgnueabihf/sys-include   '
ac_cv_env_CFLAGS_set=set
ac_cv_env_CFLAGS_value='-D_LARGEFILE_SOURCE -D_LARGEFILE64_SOURCE -D_FILE_OFFSET_BITS=64  -Os '
ac_cv_env_CPPFLAGS_set=set
ac_cv_env_CPPFLAGS_value=
ac_cv_env_CPP_set=
ac_cv_env_CPP_value=
ac_cv_env_LDFLAGS_set=set
ac_cv_env_LDFLAGS_value=
ac_cv_env_LIBS_set=
ac_cv_env_LIBS_value=
ac_cv_env_build_alias_set=set
ac_cv_env_build_alias_value=x86_64-pc-linux-gnu
ac_cv_env_host_alias_set=set
ac_cv_env_host_alias_value=arm-buildroot-linux-uclibcgnueabihf
ac_cv_env_target_alias_set=set
ac_cv_env_target_alias_value=arm-buildroot-linux-uclibcgnueabihf
ac_cv_header_ftw_h=no
ac_cv_header_inttypes_h=no
ac_cv_header_memory_h=no
ac_cv_header_stdc=no
ac_cv_header_stdint_h=no
ac_cv_header_stdlib_h=no
ac_cv_header_string_h=no
ac_cv_header_strings_h=no
ac_cv_header_sys_stat_h=no
ac_cv_header_sys_types_h=no
ac_cv_header_unistd_h=no
ac_cv_host=arm-buildroot-linux-uclibcgnueabihf
ac_cv_objext=o
ac_cv_path_EGREP='/bin/grep -E'
ac_cv_path_GREP=/bin/grep
ac_cv_path_install='/usr/bin/install -c'
ac_cv_prog_AR=/usr/src/output/host/arm-buildroot-linux-uclibcgnueabihf/bin/ar
ac_cv_prog_AWK=mawk
ac_cv_prog_CC=' /usr/src/output/build/host-gcc-initial-6.4.0/build/./gcc/xgcc -B/usr/src/output/build/host-gcc-initial-6.4.0/build/./gcc/ -B/usr/src/output/host/arm-buildroot-linux-uclibcgnueabihf/bin/ -B/usr/src/output/host/arm-buildroot-linux-uclibcgnueabihf/lib/ -isystem /usr/src/output/host/arm-buildroot-linux-uclibcgnueabihf/include -isystem /usr/src/output/host/arm-buildroot-linux-uclibcgnueabihf/sys-include   '
ac_cv_prog_CPP=' /usr/src/output/build/host-gcc-initial-6.4.0/build/./gcc/xgcc -B/usr/src/output/build/host-gcc-initial-6.4.0/build/./gcc/ -B/usr/src/output/host/arm-buildroot-linux-uclibcgnueabihf/bin/ -B/usr/src/output/host/arm-buildroot-linux-uclibcgnueabihf/lib/ -isystem /usr/src/output/host/arm-buildroot-linux-uclibcgnueabihf/include -isystem /usr/src/output/host/arm-buildroot-linux-uclibcgnueabihf/sys-include    -E'
ac_cv_prog_LIPO=arm-buildroot-linux-uclibcgnueabihf-lipo
ac_cv_prog_NM=/usr/src/output/build/host-gcc-initial-6.4.0/build/./gcc/nm
ac_cv_prog_RANLIB=/usr/src/output/host/arm-buildroot-linux-uclibcgnueabihf/bin/ranlib
ac_cv_prog_STRIP=/usr/src/output/host/arm-buildroot-linux-uclibcgnueabihf/bin/strip
ac_cv_prog_cc_c89=no
ac_cv_prog_cc_g=yes
ac_cv_sizeof_double=8
ac_cv_sizeof_long_double=8
ac_cv_sjlj_exceptions=no
acl_cv_prog_gnu_ld=yes
gcc_cv_have_cc_tls=yes
gcc_cv_libc_provides_ssp=no
gcc_cv_use_emutls=no
libgcc_cv_cfi=yes
libgcc_cv_dfp=no
libgcc_cv_fixed_point=yes
libgcc_cv_hidden_visibility_attribute=yes
libgcc_cv_init_priority=yes

## ----------------- ##
## Output variables. ##
## ----------------- ##

AR='/usr/src/output/host/arm-buildroot-linux-uclibcgnueabihf/bin/ar'
AWK='mawk'
CC=' /usr/src/output/build/host-gcc-initial-6.4.0/build/./gcc/xgcc -B/usr/src/output/build/host-gcc-initial-6.4.0/build/./gcc/ -B/usr/src/output/host/arm-buildroot-linux-uclibcgnueabihf/bin/ -B/usr/src/output/host/arm-buildroot-linux-uclibcgnueabihf/lib/ -isystem /usr/src/output/host/arm-buildroot-linux-uclibcgnueabihf/include -isystem /usr/src/output/host/arm-buildroot-linux-uclibcgnueabihf/sys-include   '
CFLAGS='-D_LARGEFILE_SOURCE -D_LARGEFILE64_SOURCE -D_FILE_OFFSET_BITS=64  -Os '
CPP=' /usr/src/output/build/host-gcc-initial-6.4.0/build/./gcc/xgcc -B/usr/src/output/build/host-gcc-initial-6.4.0/build/./gcc/ -B/usr/src/output/host/arm-buildroot-linux-uclibcgnueabihf/bin/ -B/usr/src/output/host/arm-buildroot-linux-uclibcgnueabihf/lib/ -isystem /usr/src/output/host/arm-buildroot-linux-uclibcgnueabihf/include -isystem /usr/src/output/host/arm-buildroot-linux-uclibcgnueabihf/sys-include    -E'
CPPFLAGS=''
DEFS='-DHAVE_CONFIG_H'
ECHO_C=''
ECHO_N='-n'
ECHO_T=''
EGREP='/bin/grep -E'
EXEEXT=''
GREP='/bin/grep'
INSTALL_DATA='${INSTALL} -m 644'
INSTALL_PROGRAM='${INSTALL}'
INSTALL_SCRIPT='${INSTALL}'
LDFLAGS=''
LIBOBJS=''
LIBS=''
LIPO='arm-buildroot-linux-uclibcgnueabihf-lipo'
LN_S='ln -s'
LTLIBOBJS=''
MAINT='#'
NM='/usr/src/output/build/host-gcc-initial-6.4.0/build/./gcc/nm'
OBJEXT='o'
PACKAGE_BUGREPORT=''
PACKAGE_NAME='GNU C Runtime Library'
PACKAGE_STRING='GNU C Runtime Library 1.0'
PACKAGE_TARNAME='libgcc'
PACKAGE_URL='http://www.gnu.org/software/libgcc/'
PACKAGE_VERSION='1.0'
PATH_SEPARATOR=':'
PICFLAG='-fPIC'
RANLIB='/usr/src/output/host/arm-buildroot-linux-uclibcgnueabihf/bin/ranlib'
SHELL='/bin/bash'
STRIP='/usr/src/output/host/arm-buildroot-linux-uclibcgnueabihf/bin/strip'
ac_ct_CC=''
accel_dir_suffix=''
asm_hidden_op='.hidden'
bindir='${exec_prefix}/bin'
build='x86_64-pc-linux-gnu'
build_alias='x86_64-pc-linux-gnu'
build_cpu='x86_64'
build_libsubdir='build-x86_64-pc-linux-gnu'
build_os='linux-gnu'
build_subdir='build-x86_64-pc-linux-gnu'
build_vendor='pc'
cpu_type='arm'
datadir='${datarootdir}'
datarootdir='${prefix}/share'
decimal_float='no'
docdir='${datarootdir}/doc/${PACKAGE_TARNAME}'
double_type_size='64'
dvidir='${docdir}'
enable_decimal_float='no'
enable_shared='no'
enable_vtable_verify='no'
exec_prefix='${prefix}'
extra_parts='crtbegin.o crtbeginS.o crtbeginT.o crtend.o crtendS.o crtfastmath.o'
fixed_point='yes'
force_explicit_eh_registry=''
host='arm-buildroot-linux-uclibcgnueabihf'
host_alias='arm-buildroot-linux-uclibcgnueabihf'
host_cpu='arm'
host_noncanonical='arm-buildroot-linux-uclibcgnueabihf'
host_os='linux-uclibcgnueabihf'
host_subdir='.'
host_vendor='buildroot'
htmldir='${docdir}'
includedir='${prefix}/include'
infodir='${datarootdir}/info'
libdir='${exec_prefix}/lib'
libexecdir='${exec_prefix}/libexec'
libgcc_topdir='../../../libgcc/..'
localedir='${datarootdir}/locale'
localstatedir='/usr/src/output/host/var'
long_double_type_size='64'
mandir='${datarootdir}/man'
oldincludedir='/usr/include'
pdfdir='${docdir}'
prefix='/usr/src/output/host'
program_transform_name='s&^&arm-buildroot-linux-uclibcgnueabihf-&'
psdir='${docdir}'
real_host_noncanonical='arm-buildroot-linux-uclibcgnueabihf'
sbindir='${exec_prefix}/sbin'
set_have_cc_tls='-DHAVE_CC_TLS'
set_use_emutls=''
sfp_machine_header='arm/sfp-machine.h'
sharedstatedir='${prefix}/com'
slibdir='$(exec_prefix)/$(host_noncanonical)/lib'
sysconfdir='/usr/src/output/host/etc'
target_alias='arm-buildroot-linux-uclibcgnueabihf'
target_noncanonical='arm-buildroot-linux-uclibcgnueabihf'
target_subdir='arm-buildroot-linux-uclibcgnueabihf'
thread_header='gthr-single.h'
tm_defines=''
tm_file=' $(srcdir)/config/arm/bpabi-lib.h'
tmake_file=' $(srcdir)/config/t-crtstuff-pic $(srcdir)/config/t-libgcc-pic $(srcdir)/config/t-eh-dw2-dip $(srcdir)/config/t-slibgcc $(srcdir)/config/t-slibgcc-gld $(srcdir)/config/t-slibgcc-elf-ver $(srcdir)/config/t-linux $(srcdir)/config/arm/t-arm $(srcdir)/config/t-fixedpoint-gnu-prefix $(srcdir)/config/t-crtfm $(srcdir)/config/arm/t-elf $(srcdir)/config/arm/t-bpabi $(srcdir)/config/arm/t-linux-eabi $(srcdir)/config/t-slibgcc-libgcc $(srcdir)/config/t-softfp-sfdf $(srcdir)/config/t-softfp-excl $(srcdir)/config/arm/t-softfp $(srcdir)/config/t-softfp'
toolexecdir='$(exec_prefix)/$(target_noncanonical)'
toolexeclibdir='$(toolexecdir)/lib'
vis_hide='-fvisibility=hidden -DHIDE_EXPORTS'
with_aix_soname='aix'

## ----------- ##
## confdefs.h. ##
## ----------- ##

/* confdefs.h */
#define PACKAGE_NAME "GNU C Runtime Library"
#define PACKAGE_TARNAME "libgcc"
#define PACKAGE_VERSION "1.0"
#define PACKAGE_STRING "GNU C Runtime Library 1.0"
#define PACKAGE_BUGREPORT ""
#define PACKAGE_URL "http://www.gnu.org/software/libgcc/"
#define SIZEOF_DOUBLE 8
#define SIZEOF_LONG_DOUBLE 8
#define HAVE_GETIPINFO 1
#define HAVE_INIT_PRIORITY 1

configure: exit 0
