This file contains any messages produced by compilers while
running configure, to aid debugging if configure makes a mistake.

It was created by configure, which was
generated by GNU Autoconf 2.64.  Invocation command line was

  $ ./configure --prefix=/usr/src/output/host --sysconfdir=/usr/src/output/host/etc --localstatedir=/usr/src/output/host/var --enable-shared --disable-static --disable-gtk-doc --disable-gtk-doc-html --disable-doc --disable-docs --disable-documentation --disable-debug --with-xmlto=no --with-fop=no --disable-dependency-tracking --disable-multilib --disable-werror --target=arm-buildroot-linux-uclibcgnueabihf --disable-shared --enable-static --with-sysroot=/usr/src/output/host/arm-buildroot-linux-uclibcgnueabihf/sysroot --enable-poison-system-directories --disable-sim --disable-gdb

## --------- ##
## Platform. ##
## --------- ##

hostname = c37c58f94407
uname -m = x86_64
uname -r = 4.15.0-42-generic
uname -s = Linux
uname -v = #45~16.04.1-Ubuntu SMP Mon Nov 19 13:02:27 UTC 2018

/usr/bin/uname -p = unknown
/bin/uname -X     = unknown

/bin/arch              = unknown
/usr/bin/arch -k       = unknown
/usr/convex/getsysinfo = unknown
/usr/bin/hostinfo      = unknown
/bin/machine           = unknown
/usr/bin/oslevel       = unknown
/bin/universe          = unknown

PATH: /usr/src/output/host/bin
PATH: /usr/src/output/host/sbin
PATH: /usr/local/sbin
PATH: /usr/local/bin
PATH: /usr/sbin
PATH: /usr/bin
PATH: /sbin
PATH: /bin


## ----------- ##
## Core tests. ##
## ----------- ##

configure:2146: loading site script /dev/null
configure:2301: checking build system type
configure:2315: result: x86_64-pc-linux-gnu
configure:2362: checking host system type
configure:2375: result: x86_64-pc-linux-gnu
configure:2395: checking target system type
configure:2408: result: arm-buildroot-linux-uclibcgnueabihf
configure:2462: checking for a BSD-compatible install
configure:2530: result: /usr/bin/install -c
configure:2541: checking whether ln works
configure:2563: result: yes
configure:2567: checking whether ln -s works
configure:2571: result: yes
configure:2578: checking for a sed that does not truncate output
configure:2642: result: /bin/sed
configure:2651: checking for gawk
configure:2681: result: no
configure:2651: checking for mawk
configure:2667: found /usr/bin/mawk
configure:2678: result: mawk
configure:4014: checking for gcc
configure:4041: result: /usr/bin/gcc
configure:4270: checking for C compiler version
configure:4279: /usr/bin/gcc --version >&5
gcc (Debian 6.3.0-18+deb9u1) 6.3.0 20170516
Copyright (C) 2016 Free Software Foundation, Inc.
This is free software; see the source for copying conditions.  There is NO
warranty; not even for MERCHANTABILITY or FITNESS FOR A PARTICULAR PURPOSE.

configure:4290: $? = 0
configure:4279: /usr/bin/gcc -v >&5
Using built-in specs.
COLLECT_GCC=/usr/bin/gcc
COLLECT_LTO_WRAPPER=/usr/lib/gcc/x86_64-linux-gnu/6/lto-wrapper
Target: x86_64-linux-gnu
Configured with: ../src/configure -v --with-pkgversion='Debian 6.3.0-18+deb9u1' --with-bugurl=file:///usr/share/doc/gcc-6/README.Bugs --enable-languages=c,ada,c++,java,go,d,fortran,objc,obj-c++ --prefix=/usr --program-suffix=-6 --program-prefix=x86_64-linux-gnu- --enable-shared --enable-linker-build-id --libexecdir=/usr/lib --without-included-gettext --enable-threads=posix --libdir=/usr/lib --enable-nls --with-sysroot=/ --enable-clocale=gnu --enable-libstdcxx-debug --enable-libstdcxx-time=yes --with-default-libstdcxx-abi=new --enable-gnu-unique-object --disable-vtable-verify --enable-libmpx --enable-plugin --enable-default-pie --with-system-zlib --disable-browser-plugin --enable-java-awt=gtk --enable-gtk-cairo --with-java-home=/usr/lib/jvm/java-1.5.0-gcj-6-amd64/jre --enable-java-home --with-jvm-root-dir=/usr/lib/jvm/java-1.5.0-gcj-6-amd64 --with-jvm-jar-dir=/usr/lib/jvm-exports/java-1.5.0-gcj-6-amd64 --with-arch-directory=amd64 --with-ecj-jar=/usr/share/java/eclipse-ecj.jar --with-target-system-zlib --enable-objc-gc=auto --enable-multiarch --with-arch-32=i686 --with-abi=m64 --with-multilib-list=m32,m64,mx32 --enable-multilib --with-tune=generic --enable-checking=release --build=x86_64-linux-gnu --host=x86_64-linux-gnu --target=x86_64-linux-gnu
Thread model: posix
gcc version 6.3.0 20170516 (Debian 6.3.0-18+deb9u1) 
configure:4290: $? = 0
configure:4279: /usr/bin/gcc -V >&5
gcc: error: unrecognized command line option '-V'
gcc: fatal error: no input files
compilation terminated.
configure:4290: $? = 1
configure:4279: /usr/bin/gcc -qversion >&5
gcc: error: unrecognized command line option '-qversion'; did you mean '--version'?
gcc: fatal error: no input files
compilation terminated.
configure:4290: $? = 1
configure:4310: checking for C compiler default output file name
configure:4332: /usr/bin/gcc -O2 -I/usr/src/output/host/include -I/usr/src/output/host/include -L/usr/src/output/host/lib -Wl,-rpath,/usr/src/output/host/lib conftest.c  >&5
configure:4336: $? = 0
configure:4373: result: a.out
configure:4389: checking whether the C compiler works
configure:4398: ./a.out
configure:4402: $? = 0
configure:4417: result: yes
configure:4424: checking whether we are cross compiling
configure:4426: result: no
configure:4429: checking for suffix of executables
configure:4436: /usr/bin/gcc -o conftest -O2 -I/usr/src/output/host/include -I/usr/src/output/host/include -L/usr/src/output/host/lib -Wl,-rpath,/usr/src/output/host/lib conftest.c  >&5
configure:4440: $? = 0
configure:4462: result: 
configure:4468: checking for suffix of object files
configure:4490: /usr/bin/gcc -c -O2 -I/usr/src/output/host/include -I/usr/src/output/host/include conftest.c >&5
configure:4494: $? = 0
configure:4515: result: o
configure:4519: checking whether we are using the GNU C compiler
configure:4538: /usr/bin/gcc -c -O2 -I/usr/src/output/host/include -I/usr/src/output/host/include conftest.c >&5
configure:4538: $? = 0
configure:4547: result: yes
configure:4556: checking whether /usr/bin/gcc accepts -g
configure:4576: /usr/bin/gcc -c -g -I/usr/src/output/host/include conftest.c >&5
configure:4576: $? = 0
configure:4617: result: yes
configure:4634: checking for /usr/bin/gcc option to accept ISO C89
configure:4698: /usr/bin/gcc  -c -O2 -I/usr/src/output/host/include -I/usr/src/output/host/include conftest.c >&5
configure:4698: $? = 0
configure:4711: result: none needed
configure:4843: checking for C++ compiler version
configure:4852: /usr/bin/g++ --version >&5
g++ (Debian 6.3.0-18+deb9u1) 6.3.0 20170516
Copyright (C) 2016 Free Software Foundation, Inc.
This is free software; see the source for copying conditions.  There is NO
warranty; not even for MERCHANTABILITY or FITNESS FOR A PARTICULAR PURPOSE.

configure:4863: $? = 0
configure:4852: /usr/bin/g++ -v >&5
Using built-in specs.
COLLECT_GCC=/usr/bin/g++
COLLECT_LTO_WRAPPER=/usr/lib/gcc/x86_64-linux-gnu/6/lto-wrapper
Target: x86_64-linux-gnu
Configured with: ../src/configure -v --with-pkgversion='Debian 6.3.0-18+deb9u1' --with-bugurl=file:///usr/share/doc/gcc-6/README.Bugs --enable-languages=c,ada,c++,java,go,d,fortran,objc,obj-c++ --prefix=/usr --program-suffix=-6 --program-prefix=x86_64-linux-gnu- --enable-shared --enable-linker-build-id --libexecdir=/usr/lib --without-included-gettext --enable-threads=posix --libdir=/usr/lib --enable-nls --with-sysroot=/ --enable-clocale=gnu --enable-libstdcxx-debug --enable-libstdcxx-time=yes --with-default-libstdcxx-abi=new --enable-gnu-unique-object --disable-vtable-verify --enable-libmpx --enable-plugin --enable-default-pie --with-system-zlib --disable-browser-plugin --enable-java-awt=gtk --enable-gtk-cairo --with-java-home=/usr/lib/jvm/java-1.5.0-gcj-6-amd64/jre --enable-java-home --with-jvm-root-dir=/usr/lib/jvm/java-1.5.0-gcj-6-amd64 --with-jvm-jar-dir=/usr/lib/jvm-exports/java-1.5.0-gcj-6-amd64 --with-arch-directory=amd64 --with-ecj-jar=/usr/share/java/eclipse-ecj.jar --with-target-system-zlib --enable-objc-gc=auto --enable-multiarch --with-arch-32=i686 --with-abi=m64 --with-multilib-list=m32,m64,mx32 --enable-multilib --with-tune=generic --enable-checking=release --build=x86_64-linux-gnu --host=x86_64-linux-gnu --target=x86_64-linux-gnu
Thread model: posix
gcc version 6.3.0 20170516 (Debian 6.3.0-18+deb9u1) 
configure:4863: $? = 0
configure:4852: /usr/bin/g++ -V >&5
g++: error: unrecognized command line option '-V'
g++: fatal error: no input files
compilation terminated.
configure:4863: $? = 1
configure:4852: /usr/bin/g++ -qversion >&5
g++: error: unrecognized command line option '-qversion'; did you mean '--version'?
g++: fatal error: no input files
compilation terminated.
configure:4863: $? = 1
configure:4867: checking whether we are using the GNU C++ compiler
configure:4886: /usr/bin/g++ -c -O2 -I/usr/src/output/host/include -I/usr/src/output/host/include conftest.cpp >&5
configure:4886: $? = 0
configure:4895: result: yes
configure:4904: checking whether /usr/bin/g++ accepts -g
configure:4924: /usr/bin/g++ -c -g -I/usr/src/output/host/include conftest.cpp >&5
configure:4924: $? = 0
configure:4965: result: yes
configure:5014: checking whether g++ accepts -static-libstdc++ -static-libgcc
configure:5031: /usr/bin/g++ -o conftest -O2 -I/usr/src/output/host/include -I/usr/src/output/host/include -L/usr/src/output/host/lib -Wl,-rpath,/usr/src/output/host/lib -static-libstdc++ -static-libgcc conftest.cpp  >&5
configure:5031: $? = 0
configure:5032: result: yes
configure:5096: checking for gnatbind
configure:5126: result: no
configure:5188: checking for gnatmake
configure:5218: result: no
configure:5237: checking whether compiler driver understands Ada
configure:5260: result: no
configure:5269: checking how to compare bootstrapped objects
configure:5294: result: cmp --ignore-initial=16 $$f1 $$f2
configure:5354: checking for objdir
configure:5369: result: .libs
configure:5917: checking for isl 0.16, 0.15, or deprecated 0.14
configure:5930: /usr/bin/gcc -o conftest -O2 -I/usr/src/output/host/include   -I/usr/src/output/host/include -L/usr/src/output/host/lib -Wl,-rpath,/usr/src/output/host/lib  -lisl -lmpc -lmpfr -lgmp conftest.c  -lisl -lgmp >&5
conftest.c:10:21: fatal error: isl/ctx.h: No such file or directory
 #include <isl/ctx.h>
                     ^
compilation terminated.
configure:5930: $? = 1
configure: failed program was:
| /* confdefs.h */
| #define PACKAGE_NAME ""
| #define PACKAGE_TARNAME ""
| #define PACKAGE_VERSION ""
| #define PACKAGE_STRING ""
| #define PACKAGE_BUGREPORT ""
| #define PACKAGE_URL ""
| #define LT_OBJDIR ".libs/"
| /* end confdefs.h.  */
| #include <isl/ctx.h>
| int
| main ()
| {
| isl_ctx_get_max_operations (isl_ctx_alloc ());
|   ;
|   return 0;
| }
configure:5937: result: no
configure:5941: result: recommended isl version is 0.16 or 0.15, the minimum required isl version 0.14 is deprecated
configure:5945: checking for isl 0.16 or 0.15
configure:5958: /usr/bin/gcc -o conftest -O2 -I/usr/src/output/host/include   -I/usr/src/output/host/include -L/usr/src/output/host/lib -Wl,-rpath,/usr/src/output/host/lib  -lisl -lmpc -lmpfr -lgmp conftest.c  -lisl -lgmp >&5
conftest.c:10:26: fatal error: isl/schedule.h: No such file or directory
 #include <isl/schedule.h>
                          ^
compilation terminated.
configure:5958: $? = 1
configure: failed program was:
| /* confdefs.h */
| #define PACKAGE_NAME ""
| #define PACKAGE_TARNAME ""
| #define PACKAGE_VERSION ""
| #define PACKAGE_STRING ""
| #define PACKAGE_BUGREPORT ""
| #define PACKAGE_URL ""
| #define LT_OBJDIR ".libs/"
| /* end confdefs.h.  */
| #include <isl/schedule.h>
| int
| main ()
| {
| isl_options_set_schedule_serialize_sccs (NULL, 0);
|   ;
|   return 0;
| }
configure:5965: result: no
configure:6979: checking for default BUILD_CONFIG
configure:7011: result: 
configure:7016: checking for --enable-vtable-verify
configure:7029: result: no
configure:7629: checking for bison
configure:7659: result: no
configure:7629: checking for byacc
configure:7659: result: no
configure:7629: checking for yacc
configure:7659: result: no
configure:7676: checking for bison
configure:7706: result: no
configure:7723: checking for gm4
configure:7753: result: no
configure:7723: checking for gnum4
configure:7753: result: no
configure:7723: checking for m4
configure:7753: result: no
configure:7770: checking for flex
configure:7800: result: no
configure:7770: checking for lex
configure:7800: result: no
configure:7818: checking for flex
configure:7848: result: no
configure:7865: checking for makeinfo
configure:7892: result: true
configure:7926: checking for expect
configure:7956: result: no
configure:7975: checking for runtest
configure:8005: result: no
configure:8039: checking for ar
configure:8066: result: /usr/bin/ar
configure:8180: checking for as
configure:8207: result: /usr/bin/as
configure:8402: checking for dlltool
configure:8432: result: no
configure:8462: checking for ld
configure:8489: result: /usr/bin/ld
configure:8684: checking for lipo
configure:8714: result: no
configure:8744: checking for nm
configure:8771: result: /usr/bin/nm
configure:8885: checking for ranlib
configure:8912: result: /usr/bin/ranlib
configure:9102: checking for strip
configure:9118: found /usr/bin/strip
configure:9129: result: strip
configure:9238: checking for windres
configure:9268: result: no
configure:9379: checking for windmc
configure:9409: result: no
configure:9439: checking for objcopy
configure:9466: result: /usr/bin/objcopy
configure:9661: checking for objdump
configure:9677: found /usr/bin/objdump
configure:9688: result: objdump
configure:9802: checking for readelf
configure:9818: found /usr/bin/readelf
configure:9829: result: readelf
configure:9943: checking for arm-buildroot-linux-uclibcgnueabihf-cc
configure:9973: result: no
configure:9943: checking for arm-buildroot-linux-uclibcgnueabihf-gcc
configure:9973: result: no
configure:10104: checking for arm-buildroot-linux-uclibcgnueabihf-c++
configure:10134: result: no
configure:10104: checking for arm-buildroot-linux-uclibcgnueabihf-g++
configure:10134: result: no
configure:10104: checking for arm-buildroot-linux-uclibcgnueabihf-cxx
configure:10134: result: no
configure:10104: checking for arm-buildroot-linux-uclibcgnueabihf-gxx
configure:10134: result: no
configure:10265: checking for arm-buildroot-linux-uclibcgnueabihf-gcc
configure:10295: result: no
configure:10421: checking for arm-buildroot-linux-uclibcgnueabihf-gfortran
configure:10451: result: no
configure:10582: checking for arm-buildroot-linux-uclibcgnueabihf-gccgo
configure:10612: result: no
configure:10823: checking for arm-buildroot-linux-uclibcgnueabihf-ar
configure:10853: result: no
configure:11053: checking for arm-buildroot-linux-uclibcgnueabihf-as
configure:11083: result: no
configure:11283: checking for arm-buildroot-linux-uclibcgnueabihf-dlltool
configure:11313: result: no
configure:11513: checking for arm-buildroot-linux-uclibcgnueabihf-ld
configure:11543: result: no
configure:11743: checking for arm-buildroot-linux-uclibcgnueabihf-lipo
configure:11773: result: no
configure:11973: checking for arm-buildroot-linux-uclibcgnueabihf-nm
configure:12003: result: no
configure:12203: checking for arm-buildroot-linux-uclibcgnueabihf-objcopy
configure:12233: result: no
configure:12433: checking for arm-buildroot-linux-uclibcgnueabihf-objdump
configure:12463: result: no
configure:12663: checking for arm-buildroot-linux-uclibcgnueabihf-ranlib
configure:12693: result: no
configure:12893: checking for arm-buildroot-linux-uclibcgnueabihf-readelf
configure:12923: result: no
configure:13123: checking for arm-buildroot-linux-uclibcgnueabihf-strip
configure:13153: result: no
configure:13353: checking for arm-buildroot-linux-uclibcgnueabihf-windres
configure:13383: result: no
configure:13583: checking for arm-buildroot-linux-uclibcgnueabihf-windmc
configure:13613: result: no
configure:13680: checking where to find the target ar
configure:13703: result: just compiled
configure:13722: checking where to find the target as
configure:13745: result: just compiled
configure:13764: checking where to find the target cc
configure:13801: result: pre-installed
configure:13806: checking where to find the target c++
configure:13846: result: pre-installed
configure:13851: checking where to find the target c++ for libstdc++
configure:13891: result: pre-installed
configure:13896: checking where to find the target dlltool
configure:13919: result: just compiled
configure:13938: checking where to find the target gcc
configure:13975: result: pre-installed
configure:13980: checking where to find the target gfortran
configure:14020: result: pre-installed
configure:14025: checking where to find the target gccgo
configure:14065: result: pre-installed
configure:14070: checking where to find the target ld
configure:14093: result: just compiled
configure:14112: checking where to find the target lipo
configure:14138: result: pre-installed
configure:14143: checking where to find the target nm
configure:14166: result: just compiled
configure:14185: checking where to find the target objcopy
configure:14208: result: just compiled
configure:14227: checking where to find the target objdump
configure:14250: result: just compiled
configure:14269: checking where to find the target ranlib
configure:14292: result: just compiled
configure:14311: checking where to find the target readelf
configure:14334: result: just compiled
configure:14353: checking where to find the target strip
configure:14376: result: just compiled
configure:14395: checking where to find the target windres
configure:14418: result: just compiled
configure:14437: checking where to find the target windmc
configure:14460: result: just compiled
configure:14507: checking whether to enable maintainer-specific portions of Makefiles
configure:14516: result: no
configure:14774: creating ./config.status

## ---------------------- ##
## Running config.status. ##
## ---------------------- ##

This file was extended by config.status, which was
generated by GNU Autoconf 2.64.  Invocation command line was

  CONFIG_FILES    = 
  CONFIG_HEADERS  = 
  CONFIG_LINKS    = 
  CONFIG_COMMANDS = 
  $ ./config.status 

on c37c58f94407

config.status:15615: creating Makefile

## ---------------- ##
## Cache variables. ##
## ---------------- ##

ac_cv_build='x86_64-pc-linux-gnu'
ac_cv_c_compiler_gnu='yes'
ac_cv_cxx_compiler_gnu='yes'
ac_cv_env_AR_FOR_TARGET_set=''
ac_cv_env_AR_FOR_TARGET_value=''
ac_cv_env_AR_set='set'
ac_cv_env_AR_value='/usr/bin/ar'
ac_cv_env_AS_FOR_TARGET_set=''
ac_cv_env_AS_FOR_TARGET_value=''
ac_cv_env_AS_set='set'
ac_cv_env_AS_value='/usr/bin/as'
ac_cv_env_CCC_set=''
ac_cv_env_CCC_value=''
ac_cv_env_CC_FOR_TARGET_set=''
ac_cv_env_CC_FOR_TARGET_value=''
ac_cv_env_CC_set='set'
ac_cv_env_CC_value='/usr/bin/gcc'
ac_cv_env_CFLAGS_set='set'
ac_cv_env_CFLAGS_value='-O2 -I/usr/src/output/host/include'
ac_cv_env_CPPFLAGS_set='set'
ac_cv_env_CPPFLAGS_value='-I/usr/src/output/host/include'
ac_cv_env_CXXFLAGS_set='set'
ac_cv_env_CXXFLAGS_value='-O2 -I/usr/src/output/host/include'
ac_cv_env_CXX_FOR_TARGET_set=''
ac_cv_env_CXX_FOR_TARGET_value=''
ac_cv_env_CXX_set='set'
ac_cv_env_CXX_value='/usr/bin/g++'
ac_cv_env_DLLTOOL_FOR_TARGET_set=''
ac_cv_env_DLLTOOL_FOR_TARGET_value=''
ac_cv_env_DLLTOOL_set=''
ac_cv_env_DLLTOOL_value=''
ac_cv_env_GCC_FOR_TARGET_set=''
ac_cv_env_GCC_FOR_TARGET_value=''
ac_cv_env_GFORTRAN_FOR_TARGET_set=''
ac_cv_env_GFORTRAN_FOR_TARGET_value=''
ac_cv_env_GOC_FOR_TARGET_set=''
ac_cv_env_GOC_FOR_TARGET_value=''
ac_cv_env_LDFLAGS_set='set'
ac_cv_env_LDFLAGS_value='-L/usr/src/output/host/lib -Wl,-rpath,/usr/src/output/host/lib'
ac_cv_env_LD_FOR_TARGET_set=''
ac_cv_env_LD_FOR_TARGET_value=''
ac_cv_env_LD_set='set'
ac_cv_env_LD_value='/usr/bin/ld'
ac_cv_env_LIBS_set=''
ac_cv_env_LIBS_value=''
ac_cv_env_LIPO_FOR_TARGET_set=''
ac_cv_env_LIPO_FOR_TARGET_value=''
ac_cv_env_LIPO_set=''
ac_cv_env_LIPO_value=''
ac_cv_env_NM_FOR_TARGET_set=''
ac_cv_env_NM_FOR_TARGET_value=''
ac_cv_env_NM_set='set'
ac_cv_env_NM_value='/usr/bin/nm'
ac_cv_env_OBJCOPY_FOR_TARGET_set=''
ac_cv_env_OBJCOPY_FOR_TARGET_value=''
ac_cv_env_OBJCOPY_set='set'
ac_cv_env_OBJCOPY_value='/usr/bin/objcopy'
ac_cv_env_OBJDUMP_FOR_TARGET_set=''
ac_cv_env_OBJDUMP_FOR_TARGET_value=''
ac_cv_env_OBJDUMP_set=''
ac_cv_env_OBJDUMP_value=''
ac_cv_env_RANLIB_FOR_TARGET_set=''
ac_cv_env_RANLIB_FOR_TARGET_value=''
ac_cv_env_RANLIB_set='set'
ac_cv_env_RANLIB_value='/usr/bin/ranlib'
ac_cv_env_READELF_FOR_TARGET_set=''
ac_cv_env_READELF_FOR_TARGET_value=''
ac_cv_env_READELF_set=''
ac_cv_env_READELF_value=''
ac_cv_env_STRIP_FOR_TARGET_set=''
ac_cv_env_STRIP_FOR_TARGET_value=''
ac_cv_env_STRIP_set=''
ac_cv_env_STRIP_value=''
ac_cv_env_WINDMC_FOR_TARGET_set=''
ac_cv_env_WINDMC_FOR_TARGET_value=''
ac_cv_env_WINDMC_set=''
ac_cv_env_WINDMC_value=''
ac_cv_env_WINDRES_FOR_TARGET_set=''
ac_cv_env_WINDRES_FOR_TARGET_value=''
ac_cv_env_WINDRES_set=''
ac_cv_env_WINDRES_value=''
ac_cv_env_build_alias_set=''
ac_cv_env_build_alias_value=''
ac_cv_env_build_configargs_set=''
ac_cv_env_build_configargs_value=''
ac_cv_env_host_alias_set=''
ac_cv_env_host_alias_value=''
ac_cv_env_host_configargs_set=''
ac_cv_env_host_configargs_value=''
ac_cv_env_target_alias_set='set'
ac_cv_env_target_alias_value='arm-buildroot-linux-uclibcgnueabihf'
ac_cv_env_target_configargs_set=''
ac_cv_env_target_configargs_value=''
ac_cv_host='x86_64-pc-linux-gnu'
ac_cv_objext='o'
ac_cv_path_SED='/bin/sed'
ac_cv_path_install='/usr/bin/install -c'
ac_cv_prog_AR='/usr/bin/ar'
ac_cv_prog_AS='/usr/bin/as'
ac_cv_prog_AWK='mawk'
ac_cv_prog_LD='/usr/bin/ld'
ac_cv_prog_MAKEINFO='true'
ac_cv_prog_NM='/usr/bin/nm'
ac_cv_prog_OBJCOPY='/usr/bin/objcopy'
ac_cv_prog_OBJDUMP='objdump'
ac_cv_prog_RANLIB='/usr/bin/ranlib'
ac_cv_prog_READELF='readelf'
ac_cv_prog_STRIP='strip'
ac_cv_prog_ac_ct_CC='/usr/bin/gcc'
ac_cv_prog_cc_c89=''
ac_cv_prog_cc_g='yes'
ac_cv_prog_cxx_g='yes'
ac_cv_target='arm-buildroot-linux-uclibcgnueabihf'
acx_cv_cc_gcc_supports_ada='no'
acx_cv_prog_LN='ln'
gcc_cv_isl='no'
gcc_cv_prog_cmp_skip='cmp --ignore-initial=16 $$f1 $$f2'
gcc_cv_tool_dirs=''
gcc_cv_tool_prefix='/usr/src/output/host'
lt_cv_objdir='.libs'

## ----------------- ##
## Output variables. ##
## ----------------- ##

AR='/usr/bin/ar'
AR_FOR_BUILD='$(AR)'
AR_FOR_TARGET='$$r/$(HOST_SUBDIR)/binutils/ar'
AS='/usr/bin/as'
AS_FOR_BUILD='$(AS)'
AS_FOR_TARGET='$$r/$(HOST_SUBDIR)/gas/as-new'
AWK='mawk'
BISON='/usr/src/output/build/host-binutils-2.29.1/missing bison'
BUILD_CONFIG=''
CC='/usr/bin/gcc'
CC_FOR_BUILD='$(CC)'
CC_FOR_TARGET='arm-buildroot-linux-uclibcgnueabihf-cc'
CFLAGS='-O2 -I/usr/src/output/host/include'
CFLAGS_FOR_BUILD='-O2 -I/usr/src/output/host/include'
CFLAGS_FOR_TARGET='-g -O2'
COMPILER_AS_FOR_TARGET='$(AS_FOR_TARGET)'
COMPILER_LD_FOR_TARGET='$(LD_FOR_TARGET)'
COMPILER_NM_FOR_TARGET='$(NM_FOR_TARGET)'
CONFIGURE_GDB_TK=''
CPPFLAGS='-I/usr/src/output/host/include'
CXX='/usr/bin/g++'
CXXFLAGS='-O2 -I/usr/src/output/host/include'
CXXFLAGS_FOR_BUILD='-O2 -I/usr/src/output/host/include'
CXXFLAGS_FOR_TARGET='-g -O2'
CXX_FOR_BUILD='$(CXX)'
CXX_FOR_TARGET='arm-buildroot-linux-uclibcgnueabihf-c++'
DEBUG_PREFIX_CFLAGS_FOR_TARGET=''
DEFS='-DPACKAGE_NAME=\"\" -DPACKAGE_TARNAME=\"\" -DPACKAGE_VERSION=\"\" -DPACKAGE_STRING=\"\" -DPACKAGE_BUGREPORT=\"\" -DPACKAGE_URL=\"\" -DLT_OBJDIR=\".libs/\"'
DLLTOOL='dlltool'
DLLTOOL_FOR_BUILD='$(DLLTOOL)'
DLLTOOL_FOR_TARGET='$$r/$(HOST_SUBDIR)/binutils/dlltool'
ECHO_C=''
ECHO_N='-n'
ECHO_T=''
EXEEXT=''
EXPECT='expect'
FLAGS_FOR_TARGET=' -L$$r/$(HOST_SUBDIR)/ld'
FLEX='/usr/src/output/build/host-binutils-2.29.1/missing flex'
GCC_FOR_TARGET='arm-buildroot-linux-uclibcgnueabihf-gcc'
GCC_SHLIB_SUBDIR=''
GDB_TK=''
GFORTRAN_FOR_BUILD='$(GFORTRAN)'
GFORTRAN_FOR_TARGET='arm-buildroot-linux-uclibcgnueabihf-gfortran'
GNATBIND='no'
GNATMAKE='no'
GOC_FOR_BUILD='$(GOC)'
GOC_FOR_TARGET='arm-buildroot-linux-uclibcgnueabihf-gccgo'
INSTALL_DATA='${INSTALL} -m 644'
INSTALL_GDB_TK=''
INSTALL_PROGRAM='${INSTALL}'
INSTALL_SCRIPT='${INSTALL}'
LD='/usr/bin/ld'
LDFLAGS='-L/usr/src/output/host/lib -Wl,-rpath,/usr/src/output/host/lib'
LDFLAGS_FOR_BUILD='-L/usr/src/output/host/lib -Wl,-rpath,/usr/src/output/host/lib'
LDFLAGS_FOR_TARGET=''
LD_FOR_BUILD='$(LD)'
LD_FOR_TARGET='$$r/$(HOST_SUBDIR)/ld/ld-new'
LEX='/usr/src/output/build/host-binutils-2.29.1/missing flex'
LIBOBJS=''
LIBS=''
LIPO='lipo'
LIPO_FOR_TARGET='arm-buildroot-linux-uclibcgnueabihf-lipo'
LN='ln'
LN_S='ln -s'
LTLIBOBJS=''
M4='/usr/src/output/build/host-binutils-2.29.1/missing m4'
MAINT='#'
MAINTAINER_MODE_FALSE=''
MAINTAINER_MODE_TRUE='#'
MAKEINFO='/usr/src/output/build/host-binutils-2.29.1/missing makeinfo'
NM='/usr/bin/nm'
NM_FOR_BUILD='$(NM)'
NM_FOR_TARGET='$$r/$(HOST_SUBDIR)/binutils/nm-new'
OBJCOPY='/usr/bin/objcopy'
OBJCOPY_FOR_TARGET='$$r/$(HOST_SUBDIR)/binutils/objcopy'
OBJDUMP='objdump'
OBJDUMP_FOR_TARGET='$$r/$(HOST_SUBDIR)/binutils/objdump'
OBJEXT='o'
PACKAGE_BUGREPORT=''
PACKAGE_NAME=''
PACKAGE_STRING=''
PACKAGE_TARNAME=''
PACKAGE_URL=''
PACKAGE_VERSION=''
PATH_SEPARATOR=':'
RANLIB='/usr/bin/ranlib'
RANLIB_FOR_BUILD='$(RANLIB)'
RANLIB_FOR_TARGET='$$r/$(HOST_SUBDIR)/binutils/ranlib'
RAW_CXX_FOR_TARGET='arm-buildroot-linux-uclibcgnueabihf-c++'
READELF='readelf'
READELF_FOR_TARGET='$$r/$(HOST_SUBDIR)/binutils/readelf'
RPATH_ENVVAR='LD_LIBRARY_PATH'
RUNTEST='runtest'
SED='/bin/sed'
SHELL='/bin/bash'
STRIP='strip'
STRIP_FOR_TARGET='$$r/$(HOST_SUBDIR)/binutils/strip-new'
SYSROOT_CFLAGS_FOR_TARGET=''
TOPLEVEL_CONFIGURE_ARGUMENTS='./configure --prefix=/usr/src/output/host --sysconfdir=/usr/src/output/host/etc --localstatedir=/usr/src/output/host/var --enable-shared --disable-static --disable-gtk-doc --disable-gtk-doc-html --disable-doc --disable-docs --disable-documentation --disable-debug --with-xmlto=no --with-fop=no --disable-dependency-tracking --disable-multilib --disable-werror --target=arm-buildroot-linux-uclibcgnueabihf --disable-shared --enable-static --with-sysroot=/usr/src/output/host/arm-buildroot-linux-uclibcgnueabihf/sysroot --enable-poison-system-directories --disable-sim --disable-gdb'
WINDMC='windmc'
WINDMC_FOR_BUILD='$(WINDMC)'
WINDMC_FOR_TARGET='$$r/$(HOST_SUBDIR)/binutils/windmc'
WINDRES='windres'
WINDRES_FOR_BUILD='$(WINDRES)'
WINDRES_FOR_TARGET='$$r/$(HOST_SUBDIR)/binutils/windres'
YACC='/usr/src/output/build/host-binutils-2.29.1/missing bison -y'
ac_ct_CC='/usr/bin/gcc'
ac_ct_CXX=''
bindir='${exec_prefix}/bin'
build='x86_64-pc-linux-gnu'
build_alias=''
build_configargs=' --cache-file=./config.cache '\''--prefix=/usr/src/output/host'\'' '\''--sysconfdir=/usr/src/output/host/etc'\'' '\''--localstatedir=/usr/src/output/host/var'\'' '\''--enable-shared'\'' '\''--disable-static'\'' '\''--disable-gtk-doc'\'' '\''--disable-gtk-doc-html'\'' '\''--disable-doc'\'' '\''--disable-docs'\'' '\''--disable-documentation'\'' '\''--disable-debug'\'' '\''--with-xmlto=no'\'' '\''--with-fop=no'\'' '\''--disable-dependency-tracking'\'' '\''--disable-multilib'\'' '\''--disable-werror'\'' '\''--disable-shared'\'' '\''--enable-static'\'' '\''--with-sysroot=/usr/src/output/host/arm-buildroot-linux-uclibcgnueabihf/sysroot'\'' '\''--enable-poison-system-directories'\'' '\''--disable-sim'\'' '\''--disable-gdb'\'' --program-transform-name='\''s&^&arm-buildroot-linux-uclibcgnueabihf-&'\'' --disable-option-checking'
build_configdirs=' libiberty'
build_cpu='x86_64'
build_libsubdir='build-x86_64-pc-linux-gnu'
build_noncanonical='x86_64-pc-linux-gnu'
build_os='linux-gnu'
build_subdir='build-x86_64-pc-linux-gnu'
build_tooldir='${exec_prefix}/arm-buildroot-linux-uclibcgnueabihf'
build_vendor='pc'
compare_exclusions='gcc/cc*-checksum$(objext) | gcc/ada/*tools/*'
configdirs=' intl libiberty opcodes bfd zlib binutils gas ld gprof etc'
datadir='${datarootdir}'
datarootdir='${prefix}/share'
do_compare='cmp --ignore-initial=16 $$f1 $$f2'
docdir='${datarootdir}/doc/${PACKAGE}'
dvidir='${docdir}'
exec_prefix='${prefix}'
extra_host_libiberty_configure_flags=''
extra_host_zlib_configure_flags=''
extra_isl_gmp_configure_flags=''
extra_liboffloadmic_configure_flags=''
extra_linker_plugin_configure_flags=''
extra_linker_plugin_flags=''
extra_mpc_gmp_configure_flags=''
extra_mpc_mpfr_configure_flags=''
extra_mpfr_configure_flags=''
gmpinc=''
gmplibs='-lmpc -lmpfr -lgmp'
host='x86_64-pc-linux-gnu'
host_alias=''
host_configargs=' --cache-file=./config.cache  --with-gnu-as --with-gnu-ld '\''--prefix=/usr/src/output/host'\'' '\''--sysconfdir=/usr/src/output/host/etc'\'' '\''--localstatedir=/usr/src/output/host/var'\'' '\''--enable-shared'\'' '\''--disable-static'\'' '\''--disable-gtk-doc'\'' '\''--disable-gtk-doc-html'\'' '\''--disable-doc'\'' '\''--disable-docs'\'' '\''--disable-documentation'\'' '\''--disable-debug'\'' '\''--with-xmlto=no'\'' '\''--with-fop=no'\'' '\''--disable-dependency-tracking'\'' '\''--disable-multilib'\'' '\''--disable-werror'\'' '\''--disable-shared'\'' '\''--enable-static'\'' '\''--with-sysroot=/usr/src/output/host/arm-buildroot-linux-uclibcgnueabihf/sysroot'\'' '\''--enable-poison-system-directories'\'' '\''--disable-sim'\'' '\''--disable-gdb'\'' --program-transform-name='\''s&^&arm-buildroot-linux-uclibcgnueabihf-&'\'' --disable-option-checking'
host_cpu='x86_64'
host_noncanonical='x86_64-pc-linux-gnu'
host_os='linux-gnu'
host_shared='no'
host_subdir='.'
host_vendor='pc'
htmldir='${docdir}'
includedir='${prefix}/include'
infodir='${datarootdir}/info'
islinc=''
isllibs=''
islver=''
libdir='${exec_prefix}/lib'
libexecdir='${exec_prefix}/libexec'
localedir='${datarootdir}/locale'
localstatedir='/usr/src/output/host/var'
mandir='${datarootdir}/man'
oldincludedir='/usr/include'
pdfdir='${docdir}'
poststage1_ldflags='-static-libstdc++ -static-libgcc'
poststage1_libs=''
prefix='/usr/src/output/host'
program_transform_name='s&^&arm-buildroot-linux-uclibcgnueabihf-&'
psdir='${docdir}'
sbindir='${exec_prefix}/sbin'
sharedstatedir='${prefix}/com'
stage1_cflags='-g'
stage1_checking='--enable-checking=yes,types'
stage1_languages=',c,'
stage1_ldflags='-static-libstdc++ -static-libgcc'
stage1_libs=''
stage2_werror_flag=''
sysconfdir='/usr/src/output/host/etc'
target='arm-buildroot-linux-uclibcgnueabihf'
target_alias='arm-buildroot-linux-uclibcgnueabihf'
target_configargs='--cache-file=./config.cache --with-cross-host=x86_64-pc-linux-gnu   '\''--prefix=/usr/src/output/host'\'' '\''--sysconfdir=/usr/src/output/host/etc'\'' '\''--localstatedir=/usr/src/output/host/var'\'' '\''--enable-shared'\'' '\''--disable-static'\'' '\''--disable-gtk-doc'\'' '\''--disable-gtk-doc-html'\'' '\''--disable-doc'\'' '\''--disable-docs'\'' '\''--disable-documentation'\'' '\''--disable-debug'\'' '\''--with-xmlto=no'\'' '\''--with-fop=no'\'' '\''--disable-dependency-tracking'\'' '\''--disable-multilib'\'' '\''--disable-werror'\'' '\''--disable-shared'\'' '\''--enable-static'\'' '\''--with-sysroot=/usr/src/output/host/arm-buildroot-linux-uclibcgnueabihf/sysroot'\'' '\''--enable-poison-system-directories'\'' '\''--disable-sim'\'' '\''--disable-gdb'\'' --program-transform-name='\''s&^&arm-buildroot-linux-uclibcgnueabihf-&'\'' --disable-option-checking'
target_configdirs=''
target_cpu='arm'
target_noncanonical='arm-buildroot-linux-uclibcgnueabihf'
target_os='linux-uclibcgnueabihf'
target_subdir='arm-buildroot-linux-uclibcgnueabihf'
target_vendor='buildroot'
tooldir='${exec_prefix}/arm-buildroot-linux-uclibcgnueabihf'

## ------------------- ##
## File substitutions. ##
## ------------------- ##

alphaieee_frag='/dev/null'
host_makefile_frag='/dev/null'
ospace_frag='/dev/null'
serialization_dependencies='serdep.tmp'
target_makefile_frag='./config/mt-gnu'

## ----------- ##
## confdefs.h. ##
## ----------- ##

/* confdefs.h */
#define PACKAGE_NAME ""
#define PACKAGE_TARNAME ""
#define PACKAGE_VERSION ""
#define PACKAGE_STRING ""
#define PACKAGE_BUGREPORT ""
#define PACKAGE_URL ""
#define LT_OBJDIR ".libs/"

configure: exit 0
