This file contains any messages produced by compilers while
running configure, to aid debugging if configure makes a mistake.

It was created by libcc1 configure version-unused, which was
generated by GNU Autoconf 2.64.  Invocation command line was

  $ /usr/src/output/build/host-gcc-final-6.4.0/libcc1/configure --srcdir=../../libcc1 --cache-file=./config.cache --prefix=/usr/src/output/host --sysconfdir=/usr/src/output/host/etc --enable-static --with-sysroot=/usr/src/output/host/arm-buildroot-linux-uclibcgnueabihf/sysroot --disable-__cxa_atexit --with-gnu-ld --disable-libssp --disable-multilib --with-gmp=/usr/src/output/host --with-mpc=/usr/src/output/host --with-mpfr=/usr/src/output/host --with-pkgversion=Buildroot 2018.02.1-gba7f6ed-dirty --with-bugurl=http://bugs.buildroot.net/ --disable-libquadmath --disable-libsanitizer --enable-tls --disable-libmudflap --enable-threads --without-isl --without-cloog --disable-decimal-float --with-abi=aapcs-linux --with-cpu=cortex-a7 --with-fpu=neon-vfpv4 --with-float=hard --with-mode=arm --with-build-time-tools=/usr/src/output/host/arm-buildroot-linux-uclibcgnueabihf/bin --enable-shared --disable-libgomp --enable-languages=c,c++,lto --program-transform-name=s&^&arm-buildroot-linux-uclibcgnueabihf-& --disable-option-checking --build=x86_64-pc-linux-gnu --host=x86_64-pc-linux-gnu --target=arm-buildroot-linux-uclibcgnueabihf --enable-shared

## --------- ##
## Platform. ##
## --------- ##

hostname = c37c58f94407
uname -m = x86_64
uname -r = 4.15.0-42-generic
uname -s = Linux
uname -v = #45~16.04.1-Ubuntu SMP Mon Nov 19 13:02:27 UTC 2018

/usr/bin/uname -p = unknown
/bin/uname -X     = unknown

/bin/arch              = unknown
/usr/bin/arch -k       = unknown
/usr/convex/getsysinfo = unknown
/usr/bin/hostinfo      = unknown
/bin/machine           = unknown
/usr/bin/oslevel       = unknown
/bin/universe          = unknown

PATH: /usr/src/output/host/bin
PATH: /usr/src/output/host/sbin
PATH: /usr/local/sbin
PATH: /usr/local/bin
PATH: /usr/sbin
PATH: /usr/bin
PATH: /sbin
PATH: /bin


## ----------- ##
## Core tests. ##
## ----------- ##

configure:2292: creating cache ./config.cache
configure:2399: checking build system type
configure:2413: result: x86_64-pc-linux-gnu
configure:2433: checking host system type
configure:2446: result: x86_64-pc-linux-gnu
configure:2466: checking target system type
configure:2479: result: arm-buildroot-linux-uclibcgnueabihf
configure:2514: checking for x86_64-pc-linux-gnu-gcc
configure:2541: result: /usr/bin/gcc
configure:2810: checking for C compiler version
configure:2819: /usr/bin/gcc --version >&5
gcc (Debian 6.3.0-18+deb9u1) 6.3.0 20170516
Copyright (C) 2016 Free Software Foundation, Inc.
This is free software; see the source for copying conditions.  There is NO
warranty; not even for MERCHANTABILITY or FITNESS FOR A PARTICULAR PURPOSE.

configure:2830: $? = 0
configure:2819: /usr/bin/gcc -v >&5
Using built-in specs.
COLLECT_GCC=/usr/bin/gcc
COLLECT_LTO_WRAPPER=/usr/lib/gcc/x86_64-linux-gnu/6/lto-wrapper
Target: x86_64-linux-gnu
Configured with: ../src/configure -v --with-pkgversion='Debian 6.3.0-18+deb9u1' --with-bugurl=file:///usr/share/doc/gcc-6/README.Bugs --enable-languages=c,ada,c++,java,go,d,fortran,objc,obj-c++ --prefix=/usr --program-suffix=-6 --program-prefix=x86_64-linux-gnu- --enable-shared --enable-linker-build-id --libexecdir=/usr/lib --without-included-gettext --enable-threads=posix --libdir=/usr/lib --enable-nls --with-sysroot=/ --enable-clocale=gnu --enable-libstdcxx-debug --enable-libstdcxx-time=yes --with-default-libstdcxx-abi=new --enable-gnu-unique-object --disable-vtable-verify --enable-libmpx --enable-plugin --enable-default-pie --with-system-zlib --disable-browser-plugin --enable-java-awt=gtk --enable-gtk-cairo --with-java-home=/usr/lib/jvm/java-1.5.0-gcj-6-amd64/jre --enable-java-home --with-jvm-root-dir=/usr/lib/jvm/java-1.5.0-gcj-6-amd64 --with-jvm-jar-dir=/usr/lib/jvm-exports/java-1.5.0-gcj-6-amd64 --with-arch-directory=amd64 --with-ecj-jar=/usr/share/java/eclipse-ecj.jar --with-target-system-zlib --enable-objc-gc=auto --enable-multiarch --with-arch-32=i686 --with-abi=m64 --with-multilib-list=m32,m64,mx32 --enable-multilib --with-tune=generic --enable-checking=release --build=x86_64-linux-gnu --host=x86_64-linux-gnu --target=x86_64-linux-gnu
Thread model: posix
gcc version 6.3.0 20170516 (Debian 6.3.0-18+deb9u1) 
configure:2830: $? = 0
configure:2819: /usr/bin/gcc -V >&5
gcc: error: unrecognized command line option '-V'
gcc: fatal error: no input files
compilation terminated.
configure:2830: $? = 1
configure:2819: /usr/bin/gcc -qversion >&5
gcc: error: unrecognized command line option '-qversion'; did you mean '--version'?
gcc: fatal error: no input files
compilation terminated.
configure:2830: $? = 1
configure:2850: checking for C compiler default output file name
configure:2872: /usr/bin/gcc -O2 -I/usr/src/output/host/include  -static-libstdc++ -static-libgcc -L/usr/src/output/host/lib -Wl,-rpath,/usr/src/output/host/lib conftest.c  >&5
configure:2876: $? = 0
configure:2913: result: a.out
configure:2929: checking whether the C compiler works
configure:2938: ./a.out
configure:2942: $? = 0
configure:2957: result: yes
configure:2964: checking whether we are cross compiling
configure:2966: result: no
configure:2969: checking for suffix of executables
configure:2976: /usr/bin/gcc -o conftest -O2 -I/usr/src/output/host/include  -static-libstdc++ -static-libgcc -L/usr/src/output/host/lib -Wl,-rpath,/usr/src/output/host/lib conftest.c  >&5
configure:2980: $? = 0
configure:3002: result: 
configure:3008: checking for suffix of object files
configure:3030: /usr/bin/gcc -c -O2 -I/usr/src/output/host/include  conftest.c >&5
configure:3034: $? = 0
configure:3055: result: o
configure:3059: checking whether we are using the GNU C compiler
configure:3078: /usr/bin/gcc -c -O2 -I/usr/src/output/host/include  conftest.c >&5
configure:3078: $? = 0
configure:3087: result: yes
configure:3096: checking whether /usr/bin/gcc accepts -g
configure:3116: /usr/bin/gcc -c -g  conftest.c >&5
configure:3116: $? = 0
configure:3157: result: yes
configure:3174: checking for /usr/bin/gcc option to accept ISO C89
configure:3238: /usr/bin/gcc  -c -O2 -I/usr/src/output/host/include  conftest.c >&5
configure:3238: $? = 0
configure:3251: result: none needed
configure:3277: checking how to run the C preprocessor
configure:3308: /usr/bin/gcc -E  conftest.c
configure:3308: $? = 0
configure:3322: /usr/bin/gcc -E  conftest.c
conftest.c:9:28: fatal error: ac_nonexistent.h: No such file or directory
 #include <ac_nonexistent.h>
                            ^
compilation terminated.
configure:3322: $? = 1
configure: failed program was:
| /* confdefs.h */
| #define PACKAGE_NAME "libcc1"
| #define PACKAGE_TARNAME "libcc1"
| #define PACKAGE_VERSION "version-unused"
| #define PACKAGE_STRING "libcc1 version-unused"
| #define PACKAGE_BUGREPORT ""
| #define PACKAGE_URL ""
| /* end confdefs.h.  */
| #include <ac_nonexistent.h>
configure:3347: result: /usr/bin/gcc -E
configure:3367: /usr/bin/gcc -E  conftest.c
configure:3367: $? = 0
configure:3381: /usr/bin/gcc -E  conftest.c
conftest.c:9:28: fatal error: ac_nonexistent.h: No such file or directory
 #include <ac_nonexistent.h>
                            ^
compilation terminated.
configure:3381: $? = 1
configure: failed program was:
| /* confdefs.h */
| #define PACKAGE_NAME "libcc1"
| #define PACKAGE_TARNAME "libcc1"
| #define PACKAGE_VERSION "version-unused"
| #define PACKAGE_STRING "libcc1 version-unused"
| #define PACKAGE_BUGREPORT ""
| #define PACKAGE_URL ""
| /* end confdefs.h.  */
| #include <ac_nonexistent.h>
configure:3410: checking for grep that handles long lines and -e
configure:3468: result: /bin/grep
configure:3473: checking for egrep
configure:3535: result: /bin/grep -E
configure:3540: checking for ANSI C header files
configure:3560: /usr/bin/gcc -c -O2 -I/usr/src/output/host/include  conftest.c >&5
configure:3560: $? = 0
configure:3633: /usr/bin/gcc -o conftest -O2 -I/usr/src/output/host/include  -static-libstdc++ -static-libgcc -L/usr/src/output/host/lib -Wl,-rpath,/usr/src/output/host/lib conftest.c  >&5
configure:3633: $? = 0
configure:3633: ./conftest
configure:3633: $? = 0
configure:3644: result: yes
configure:3657: checking for sys/types.h
configure:3657: /usr/bin/gcc -c -O2 -I/usr/src/output/host/include  conftest.c >&5
configure:3657: $? = 0
configure:3657: result: yes
configure:3657: checking for sys/stat.h
configure:3657: /usr/bin/gcc -c -O2 -I/usr/src/output/host/include  conftest.c >&5
configure:3657: $? = 0
configure:3657: result: yes
configure:3657: checking for stdlib.h
configure:3657: /usr/bin/gcc -c -O2 -I/usr/src/output/host/include  conftest.c >&5
configure:3657: $? = 0
configure:3657: result: yes
configure:3657: checking for string.h
configure:3657: /usr/bin/gcc -c -O2 -I/usr/src/output/host/include  conftest.c >&5
configure:3657: $? = 0
configure:3657: result: yes
configure:3657: checking for memory.h
configure:3657: /usr/bin/gcc -c -O2 -I/usr/src/output/host/include  conftest.c >&5
configure:3657: $? = 0
configure:3657: result: yes
configure:3657: checking for strings.h
configure:3657: /usr/bin/gcc -c -O2 -I/usr/src/output/host/include  conftest.c >&5
configure:3657: $? = 0
configure:3657: result: yes
configure:3657: checking for inttypes.h
configure:3657: /usr/bin/gcc -c -O2 -I/usr/src/output/host/include  conftest.c >&5
configure:3657: $? = 0
configure:3657: result: yes
configure:3657: checking for stdint.h
configure:3657: /usr/bin/gcc -c -O2 -I/usr/src/output/host/include  conftest.c >&5
configure:3657: $? = 0
configure:3657: result: yes
configure:3657: checking for unistd.h
configure:3657: /usr/bin/gcc -c -O2 -I/usr/src/output/host/include  conftest.c >&5
configure:3657: $? = 0
configure:3657: result: yes
configure:3671: checking minix/config.h usability
configure:3671: /usr/bin/gcc -c -O2 -I/usr/src/output/host/include  conftest.c >&5
conftest.c:52:26: fatal error: minix/config.h: No such file or directory
 #include <minix/config.h>
                          ^
compilation terminated.
configure:3671: $? = 1
configure: failed program was:
| /* confdefs.h */
| #define PACKAGE_NAME "libcc1"
| #define PACKAGE_TARNAME "libcc1"
| #define PACKAGE_VERSION "version-unused"
| #define PACKAGE_STRING "libcc1 version-unused"
| #define PACKAGE_BUGREPORT ""
| #define PACKAGE_URL ""
| #define STDC_HEADERS 1
| #define HAVE_SYS_TYPES_H 1
| #define HAVE_SYS_STAT_H 1
| #define HAVE_STDLIB_H 1
| #define HAVE_STRING_H 1
| #define HAVE_MEMORY_H 1
| #define HAVE_STRINGS_H 1
| #define HAVE_INTTYPES_H 1
| #define HAVE_STDINT_H 1
| #define HAVE_UNISTD_H 1
| /* end confdefs.h.  */
| #include <stdio.h>
| #ifdef HAVE_SYS_TYPES_H
| # include <sys/types.h>
| #endif
| #ifdef HAVE_SYS_STAT_H
| # include <sys/stat.h>
| #endif
| #ifdef STDC_HEADERS
| # include <stdlib.h>
| # include <stddef.h>
| #else
| # ifdef HAVE_STDLIB_H
| #  include <stdlib.h>
| # endif
| #endif
| #ifdef HAVE_STRING_H
| # if !defined STDC_HEADERS && defined HAVE_MEMORY_H
| #  include <memory.h>
| # endif
| # include <string.h>
| #endif
| #ifdef HAVE_STRINGS_H
| # include <strings.h>
| #endif
| #ifdef HAVE_INTTYPES_H
| # include <inttypes.h>
| #endif
| #ifdef HAVE_STDINT_H
| # include <stdint.h>
| #endif
| #ifdef HAVE_UNISTD_H
| # include <unistd.h>
| #endif
| #include <minix/config.h>
configure:3671: result: no
configure:3671: checking minix/config.h presence
configure:3671: /usr/bin/gcc -E  conftest.c
conftest.c:19:26: fatal error: minix/config.h: No such file or directory
 #include <minix/config.h>
                          ^
compilation terminated.
configure:3671: $? = 1
configure: failed program was:
| /* confdefs.h */
| #define PACKAGE_NAME "libcc1"
| #define PACKAGE_TARNAME "libcc1"
| #define PACKAGE_VERSION "version-unused"
| #define PACKAGE_STRING "libcc1 version-unused"
| #define PACKAGE_BUGREPORT ""
| #define PACKAGE_URL ""
| #define STDC_HEADERS 1
| #define HAVE_SYS_TYPES_H 1
| #define HAVE_SYS_STAT_H 1
| #define HAVE_STDLIB_H 1
| #define HAVE_STRING_H 1
| #define HAVE_MEMORY_H 1
| #define HAVE_STRINGS_H 1
| #define HAVE_INTTYPES_H 1
| #define HAVE_STDINT_H 1
| #define HAVE_UNISTD_H 1
| /* end confdefs.h.  */
| #include <minix/config.h>
configure:3671: result: no
configure:3671: checking for minix/config.h
configure:3671: result: no
configure:3692: checking whether it is safe to define __EXTENSIONS__
configure:3710: /usr/bin/gcc -c -O2 -I/usr/src/output/host/include  conftest.c >&5
configure:3710: $? = 0
configure:3717: result: yes
configure:3802: checking for a BSD-compatible install
configure:3870: result: /usr/bin/install -c
configure:3881: checking whether build environment is sane
configure:3931: result: yes
configure:4072: checking for a thread-safe mkdir -p
configure:4111: result: /bin/mkdir -p
configure:4124: checking for gawk
configure:4151: result: mawk
configure:4162: checking whether /usr/bin/make sets $(MAKE)
configure:4184: result: yes
configure:4214: checking for style of include used by /usr/bin/make
configure:4242: result: GNU
configure:4319: checking dependency style of /usr/bin/gcc
configure:4430: result: gcc3
configure:4447: checking whether to enable maintainer-specific portions of Makefiles
configure:4456: result: no
configure:4516: checking how to print strings
configure:4543: result: printf
configure:4564: checking for a sed that does not truncate output
configure:4628: result: /bin/sed
configure:4646: checking for fgrep
configure:4708: result: /bin/grep -F
configure:4743: checking for ld used by /usr/bin/gcc
configure:4810: result: /usr/bin/ld
configure:4817: checking if the linker (/usr/bin/ld) is GNU ld
configure:4832: result: yes
configure:4844: checking for BSD- or MS-compatible name lister (nm)
configure:4893: result: /usr/bin/nm
configure:5023: checking the name lister (/usr/bin/nm) interface
configure:5030: /usr/bin/gcc -c -O2 -I/usr/src/output/host/include  conftest.c >&5
configure:5033: /usr/bin/nm "conftest.o"
configure:5036: output
0000000000000000 B some_variable
configure:5043: result: BSD nm
configure:5046: checking whether ln -s works
configure:5050: result: yes
configure:5058: checking the maximum length of command line arguments
configure:5183: result: 1572864
configure:5200: checking whether the shell understands some XSI constructs
configure:5210: result: yes
configure:5214: checking whether the shell understands "+="
configure:5220: result: yes
configure:5255: checking for /usr/bin/ld option to reload object files
configure:5262: result: -r
configure:5291: checking for x86_64-pc-linux-gnu-objdump
configure:5318: result: objdump
configure:5390: checking how to recognize dependent libraries
configure:5591: result: pass_all
configure:5611: checking for x86_64-pc-linux-gnu-ar
configure:5638: result: /usr/bin/ar
configure:5716: checking for x86_64-pc-linux-gnu-strip
configure:5746: result: no
configure:5756: checking for strip
configure:5772: found /usr/bin/strip
configure:5783: result: strip
configure:5815: checking for x86_64-pc-linux-gnu-ranlib
configure:5842: result: /usr/bin/ranlib
configure:5984: checking command to parse /usr/bin/nm output from /usr/bin/gcc object
configure:6102: /usr/bin/gcc -c -O2 -I/usr/src/output/host/include  conftest.c >&5
configure:6105: $? = 0
configure:6109: /usr/bin/nm conftest.o \| sed -n -e 's/^.*[ ]\([ABCDGIRSTW][ABCDGIRSTW]*\)[ ][ ]*\([_A-Za-z][_A-Za-z0-9]*\)$/\1 \2 \2/p' \> conftest.nm
configure:6112: $? = 0
configure:6166: /usr/bin/gcc -o conftest -O2 -I/usr/src/output/host/include  -static-libstdc++ -static-libgcc -L/usr/src/output/host/lib -Wl,-rpath,/usr/src/output/host/lib conftest.c conftstm.o >&5
configure:6169: $? = 0
configure:6207: result: ok
configure:6302: /usr/bin/gcc -c -O2 -I/usr/src/output/host/include  conftest.c >&5
configure:6305: $? = 0
configure:7055: checking for dlfcn.h
configure:7055: /usr/bin/gcc -c -O2 -I/usr/src/output/host/include  conftest.c >&5
configure:7055: $? = 0
configure:7055: result: yes
configure:7241: checking for objdir
configure:7256: result: .libs
configure:7527: checking if /usr/bin/gcc supports -fno-rtti -fno-exceptions
configure:7545: /usr/bin/gcc -c -O2 -I/usr/src/output/host/include  -fno-rtti -fno-exceptions conftest.c >&5
cc1: warning: command line option '-fno-rtti' is valid for C++/ObjC++ but not for C
configure:7549: $? = 0
configure:7562: result: no
configure:7582: checking for /usr/bin/gcc option to produce PIC
configure:7868: result: -fPIC -DPIC
configure:7880: checking if /usr/bin/gcc PIC flag -fPIC -DPIC works
configure:7898: /usr/bin/gcc -c -O2 -I/usr/src/output/host/include  -fPIC -DPIC -DPIC conftest.c >&5
configure:7902: $? = 0
configure:7915: result: yes
configure:7939: checking if /usr/bin/gcc static flag -static works
configure:7967: result: yes
configure:7982: checking if /usr/bin/gcc supports -c -o file.o
configure:8003: /usr/bin/gcc -c -O2 -I/usr/src/output/host/include  -o out/conftest2.o conftest.c >&5
configure:8007: $? = 0
configure:8029: result: yes
configure:8037: checking if /usr/bin/gcc supports -c -o file.o
configure:8084: result: yes
configure:8117: checking whether the /usr/bin/gcc linker (/usr/bin/ld -m elf_x86_64) supports shared libraries
configure:9188: result: yes
configure:9225: checking whether -lc should be explicitly linked in
configure:9233: /usr/bin/gcc -c -O2 -I/usr/src/output/host/include  conftest.c >&5
configure:9236: $? = 0
configure:9251: /usr/bin/gcc -shared  -fPIC -DPIC conftest.o  -v -Wl,-soname -Wl,conftest -o conftest 2\>\&1 \| /bin/grep  -lc  \>/dev/null 2\>\&1
configure:9254: $? = 0
configure:9268: result: no
configure:9433: checking dynamic linker characteristics
configure:9884: /usr/bin/gcc -o conftest -O2 -I/usr/src/output/host/include  -static-libstdc++ -static-libgcc -L/usr/src/output/host/lib -Wl,-rpath,/usr/src/output/host/lib -Wl,-rpath -Wl,/foo conftest.c  >&5
configure:9884: $? = 0
configure:10106: result: GNU/Linux ld.so
configure:10213: checking how to hardcode library paths into programs
configure:10238: result: immediate
configure:10778: checking whether stripping libraries is possible
configure:10783: result: yes
configure:10818: checking if libtool supports shared libraries
configure:10820: result: yes
configure:10823: checking whether to build shared libraries
configure:10844: result: yes
configure:10847: checking whether to build static libraries
configure:10851: result: yes
configure:10999: checking for C++ compiler version
configure:11008: /usr/bin/g++ --version >&5
g++ (Debian 6.3.0-18+deb9u1) 6.3.0 20170516
Copyright (C) 2016 Free Software Foundation, Inc.
This is free software; see the source for copying conditions.  There is NO
warranty; not even for MERCHANTABILITY or FITNESS FOR A PARTICULAR PURPOSE.

configure:11019: $? = 0
configure:11008: /usr/bin/g++ -v >&5
Using built-in specs.
COLLECT_GCC=/usr/bin/g++
COLLECT_LTO_WRAPPER=/usr/lib/gcc/x86_64-linux-gnu/6/lto-wrapper
Target: x86_64-linux-gnu
Configured with: ../src/configure -v --with-pkgversion='Debian 6.3.0-18+deb9u1' --with-bugurl=file:///usr/share/doc/gcc-6/README.Bugs --enable-languages=c,ada,c++,java,go,d,fortran,objc,obj-c++ --prefix=/usr --program-suffix=-6 --program-prefix=x86_64-linux-gnu- --enable-shared --enable-linker-build-id --libexecdir=/usr/lib --without-included-gettext --enable-threads=posix --libdir=/usr/lib --enable-nls --with-sysroot=/ --enable-clocale=gnu --enable-libstdcxx-debug --enable-libstdcxx-time=yes --with-default-libstdcxx-abi=new --enable-gnu-unique-object --disable-vtable-verify --enable-libmpx --enable-plugin --enable-default-pie --with-system-zlib --disable-browser-plugin --enable-java-awt=gtk --enable-gtk-cairo --with-java-home=/usr/lib/jvm/java-1.5.0-gcj-6-amd64/jre --enable-java-home --with-jvm-root-dir=/usr/lib/jvm/java-1.5.0-gcj-6-amd64 --with-jvm-jar-dir=/usr/lib/jvm-exports/java-1.5.0-gcj-6-amd64 --with-arch-directory=amd64 --with-ecj-jar=/usr/share/java/eclipse-ecj.jar --with-target-system-zlib --enable-objc-gc=auto --enable-multiarch --with-arch-32=i686 --with-abi=m64 --with-multilib-list=m32,m64,mx32 --enable-multilib --with-tune=generic --enable-checking=release --build=x86_64-linux-gnu --host=x86_64-linux-gnu --target=x86_64-linux-gnu
Thread model: posix
gcc version 6.3.0 20170516 (Debian 6.3.0-18+deb9u1) 
configure:11019: $? = 0
configure:11008: /usr/bin/g++ -V >&5
g++: error: unrecognized command line option '-V'
g++: fatal error: no input files
compilation terminated.
configure:11019: $? = 1
configure:11008: /usr/bin/g++ -qversion >&5
g++: error: unrecognized command line option '-qversion'; did you mean '--version'?
g++: fatal error: no input files
compilation terminated.
configure:11019: $? = 1
configure:11023: checking whether we are using the GNU C++ compiler
configure:11042: /usr/bin/g++ -c -O2 -I/usr/src/output/host/include  conftest.cpp >&5
configure:11042: $? = 0
configure:11051: result: yes
configure:11060: checking whether /usr/bin/g++ accepts -g
configure:11080: /usr/bin/g++ -c -g  conftest.cpp >&5
configure:11080: $? = 0
configure:11121: result: yes
configure:11146: checking dependency style of /usr/bin/g++
configure:11257: result: gcc3
configure:11280: checking how to run the C++ preprocessor
configure:11307: /usr/bin/g++ -E  conftest.cpp
configure:11307: $? = 0
configure:11321: /usr/bin/g++ -E  conftest.cpp
conftest.cpp:26:28: fatal error: ac_nonexistent.h: No such file or directory
 #include <ac_nonexistent.h>
                            ^
compilation terminated.
configure:11321: $? = 1
configure: failed program was:
| /* confdefs.h */
| #define PACKAGE_NAME "libcc1"
| #define PACKAGE_TARNAME "libcc1"
| #define PACKAGE_VERSION "version-unused"
| #define PACKAGE_STRING "libcc1 version-unused"
| #define PACKAGE_BUGREPORT ""
| #define PACKAGE_URL ""
| #define STDC_HEADERS 1
| #define HAVE_SYS_TYPES_H 1
| #define HAVE_SYS_STAT_H 1
| #define HAVE_STDLIB_H 1
| #define HAVE_STRING_H 1
| #define HAVE_MEMORY_H 1
| #define HAVE_STRINGS_H 1
| #define HAVE_INTTYPES_H 1
| #define HAVE_STDINT_H 1
| #define HAVE_UNISTD_H 1
| #define __EXTENSIONS__ 1
| #define _ALL_SOURCE 1
| #define _GNU_SOURCE 1
| #define _POSIX_PTHREAD_SEMANTICS 1
| #define _TANDEM_SOURCE 1
| #define HAVE_DLFCN_H 1
| #define LT_OBJDIR ".libs/"
| /* end confdefs.h.  */
| #include <ac_nonexistent.h>
configure:11346: result: /usr/bin/g++ -E
configure:11366: /usr/bin/g++ -E  conftest.cpp
configure:11366: $? = 0
configure:11380: /usr/bin/g++ -E  conftest.cpp
conftest.cpp:26:28: fatal error: ac_nonexistent.h: No such file or directory
 #include <ac_nonexistent.h>
                            ^
compilation terminated.
configure:11380: $? = 1
configure: failed program was:
| /* confdefs.h */
| #define PACKAGE_NAME "libcc1"
| #define PACKAGE_TARNAME "libcc1"
| #define PACKAGE_VERSION "version-unused"
| #define PACKAGE_STRING "libcc1 version-unused"
| #define PACKAGE_BUGREPORT ""
| #define PACKAGE_URL ""
| #define STDC_HEADERS 1
| #define HAVE_SYS_TYPES_H 1
| #define HAVE_SYS_STAT_H 1
| #define HAVE_STDLIB_H 1
| #define HAVE_STRING_H 1
| #define HAVE_MEMORY_H 1
| #define HAVE_STRINGS_H 1
| #define HAVE_INTTYPES_H 1
| #define HAVE_STDINT_H 1
| #define HAVE_UNISTD_H 1
| #define __EXTENSIONS__ 1
| #define _ALL_SOURCE 1
| #define _GNU_SOURCE 1
| #define _POSIX_PTHREAD_SEMANTICS 1
| #define _TANDEM_SOURCE 1
| #define HAVE_DLFCN_H 1
| #define LT_OBJDIR ".libs/"
| /* end confdefs.h.  */
| #include <ac_nonexistent.h>
configure:11548: checking for ld used by /usr/bin/g++
configure:11615: result: /usr/bin/ld -m elf_x86_64
configure:11622: checking if the linker (/usr/bin/ld -m elf_x86_64) is GNU ld
configure:11637: result: yes
configure:11692: checking whether the /usr/bin/g++ linker (/usr/bin/ld -m elf_x86_64) supports shared libraries
configure:12624: result: yes
configure:12652: /usr/bin/g++ -c -O2 -I/usr/src/output/host/include  conftest.cpp >&5
configure:12655: $? = 0
configure:12837: checking for /usr/bin/g++ option to produce PIC
configure:13160: result: -fPIC -DPIC
configure:13169: checking if /usr/bin/g++ PIC flag -fPIC -DPIC works
configure:13187: /usr/bin/g++ -c -O2 -I/usr/src/output/host/include  -fPIC -DPIC -DPIC conftest.cpp >&5
configure:13191: $? = 0
configure:13204: result: yes
configure:13225: checking if /usr/bin/g++ static flag -static works
configure:13253: result: yes
configure:13265: checking if /usr/bin/g++ supports -c -o file.o
configure:13286: /usr/bin/g++ -c -O2 -I/usr/src/output/host/include  -o out/conftest2.o conftest.cpp >&5
configure:13290: $? = 0
configure:13312: result: yes
configure:13317: checking if /usr/bin/g++ supports -c -o file.o
configure:13364: result: yes
configure:13394: checking whether the /usr/bin/g++ linker (/usr/bin/ld -m elf_x86_64) supports shared libraries
configure:13422: result: yes
configure:13565: checking dynamic linker characteristics
configure:14172: result: GNU/Linux ld.so
configure:14225: checking how to hardcode library paths into programs
configure:14250: result: immediate
configure:14296: checking whether basename is declared
configure:14296: /usr/bin/gcc -c -O2 -I/usr/src/output/host/include  conftest.c >&5
configure:14296: $? = 0
configure:14296: result: yes
configure:14330: checking whether /usr/bin/gcc supports -W
configure:14347: /usr/bin/gcc -c -W  conftest.c >&5
configure:14347: $? = 0
configure:14356: result: yes
configure:14330: checking whether /usr/bin/gcc supports -Wall
configure:14347: /usr/bin/gcc -c -Wall  conftest.c >&5
configure:14347: $? = 0
configure:14356: result: yes
configure:14405: checking for socket libraries
configure:14412: checking for connect
configure:14412: /usr/bin/gcc -o conftest -O2 -I/usr/src/output/host/include  -static-libstdc++ -static-libgcc -L/usr/src/output/host/lib -Wl,-rpath,/usr/src/output/host/lib conftest.c  >&5
configure:14412: $? = 0
configure:14412: result: yes
configure:14473: checking for gethostbyname
configure:14473: /usr/bin/gcc -o conftest -O2 -I/usr/src/output/host/include  -static-libstdc++ -static-libgcc -L/usr/src/output/host/lib -Wl,-rpath,/usr/src/output/host/lib conftest.c  >&5
configure:14473: $? = 0
configure:14473: result: yes
configure:14517: result: 
configure:14557: checking for exported symbols
configure:14567: result: yes
configure:14569: checking for -rdynamic
configure:14579: result: yes
configure:14589: checking for library containing dlopen
configure:14620: /usr/bin/gcc -o conftest -O2 -I/usr/src/output/host/include  -static-libstdc++ -static-libgcc -L/usr/src/output/host/lib -Wl,-rpath,/usr/src/output/host/lib conftest.c   >&5
/tmp/cc35M0CC.o: In function `main':
conftest.c:(.text.startup+0x7): undefined reference to `dlopen'
collect2: error: ld returned 1 exit status
configure:14620: $? = 1
configure: failed program was:
| /* confdefs.h */
| #define PACKAGE_NAME "libcc1"
| #define PACKAGE_TARNAME "libcc1"
| #define PACKAGE_VERSION "version-unused"
| #define PACKAGE_STRING "libcc1 version-unused"
| #define PACKAGE_BUGREPORT ""
| #define PACKAGE_URL ""
| #define STDC_HEADERS 1
| #define HAVE_SYS_TYPES_H 1
| #define HAVE_SYS_STAT_H 1
| #define HAVE_STDLIB_H 1
| #define HAVE_STRING_H 1
| #define HAVE_MEMORY_H 1
| #define HAVE_STRINGS_H 1
| #define HAVE_INTTYPES_H 1
| #define HAVE_STDINT_H 1
| #define HAVE_UNISTD_H 1
| #define __EXTENSIONS__ 1
| #define _ALL_SOURCE 1
| #define _GNU_SOURCE 1
| #define _POSIX_PTHREAD_SEMANTICS 1
| #define _TANDEM_SOURCE 1
| #define HAVE_DLFCN_H 1
| #define LT_OBJDIR ".libs/"
| #define HAVE_DECL_BASENAME 1
| /* end confdefs.h.  */
| 
| /* Override any GCC internal prototype to avoid an error.
|    Use char because int might match the return type of a GCC
|    builtin and then its argument prototype would still apply.  */
| #ifdef __cplusplus
| extern "C"
| #endif
| char dlopen ();
| int
| main ()
| {
| return dlopen ();
|   ;
|   return 0;
| }
configure:14620: /usr/bin/gcc -o conftest -O2 -I/usr/src/output/host/include  -static-libstdc++ -static-libgcc -L/usr/src/output/host/lib -Wl,-rpath,/usr/src/output/host/lib conftest.c -ldl    >&5
configure:14620: $? = 0
configure:14637: result: -ldl
configure:14664: checking for -fPIC -shared
configure:14677: /usr/bin/gcc -o conftest -O2 -I/usr/src/output/host/include -fPIC  -static-libstdc++ -static-libgcc -L/usr/src/output/host/lib -Wl,-rpath,/usr/src/output/host/lib -fPIC -shared conftest.c   >&5
configure:14677: $? = 0
configure:14678: result: yes
configure:14703: checking for socketpair
configure:14703: /usr/bin/gcc -o conftest -O2 -I/usr/src/output/host/include  -static-libstdc++ -static-libgcc -L/usr/src/output/host/lib -Wl,-rpath,/usr/src/output/host/lib conftest.c   >&5
configure:14703: $? = 0
configure:14703: result: yes
configure:14710: checking for select
configure:14710: /usr/bin/gcc -o conftest -O2 -I/usr/src/output/host/include  -static-libstdc++ -static-libgcc -L/usr/src/output/host/lib -Wl,-rpath,/usr/src/output/host/lib conftest.c   >&5
configure:14710: $? = 0
configure:14710: result: yes
configure:14717: checking for fork
configure:14717: /usr/bin/gcc -o conftest -O2 -I/usr/src/output/host/include  -static-libstdc++ -static-libgcc -L/usr/src/output/host/lib -Wl,-rpath,/usr/src/output/host/lib conftest.c   >&5
conftest.c:50:6: warning: conflicting types for built-in function 'fork'
 char fork ();
      ^~~~
configure:14717: $? = 0
configure:14717: result: yes
configure:14800: updating cache ./config.cache
configure:14865: creating ./config.status

## ---------------------- ##
## Running config.status. ##
## ---------------------- ##

This file was extended by libcc1 config.status version-unused, which was
generated by GNU Autoconf 2.64.  Invocation command line was

  CONFIG_FILES    = 
  CONFIG_HEADERS  = 
  CONFIG_LINKS    = 
  CONFIG_COMMANDS = 
  $ ./config.status 

on c37c58f94407

config.status:1151: creating Makefile
config.status:1151: creating cc1plugin-config.h
config.status:1364: executing depfiles commands
config.status:1364: executing libtool commands

## ---------------- ##
## Cache variables. ##
## ---------------- ##

ac_cv_build=x86_64-pc-linux-gnu
ac_cv_c_compiler_gnu=yes
ac_cv_cxx_compiler_gnu=yes
ac_cv_env_CCC_set=
ac_cv_env_CCC_value=
ac_cv_env_CC_set=set
ac_cv_env_CC_value=/usr/bin/gcc
ac_cv_env_CFLAGS_set=set
ac_cv_env_CFLAGS_value='-O2 -I/usr/src/output/host/include'
ac_cv_env_CPPFLAGS_set=
ac_cv_env_CPPFLAGS_value=
ac_cv_env_CPP_set=
ac_cv_env_CPP_value=
ac_cv_env_CXXCPP_set=
ac_cv_env_CXXCPP_value=
ac_cv_env_CXXFLAGS_set=set
ac_cv_env_CXXFLAGS_value='-O2 -I/usr/src/output/host/include'
ac_cv_env_CXX_set=set
ac_cv_env_CXX_value=/usr/bin/g++
ac_cv_env_GMPINC_set=set
ac_cv_env_GMPINC_value='-I/usr/src/output/host/include -I/usr/src/output/host/include -I/usr/src/output/host/include '
ac_cv_env_LDFLAGS_set=set
ac_cv_env_LDFLAGS_value='-static-libstdc++ -static-libgcc -L/usr/src/output/host/lib -Wl,-rpath,/usr/src/output/host/lib'
ac_cv_env_LIBS_set=
ac_cv_env_LIBS_value=
ac_cv_env_build_alias_set=set
ac_cv_env_build_alias_value=x86_64-pc-linux-gnu
ac_cv_env_host_alias_set=set
ac_cv_env_host_alias_value=x86_64-pc-linux-gnu
ac_cv_env_target_alias_set=set
ac_cv_env_target_alias_value=arm-buildroot-linux-uclibcgnueabihf
ac_cv_func_connect=yes
ac_cv_func_fork=yes
ac_cv_func_select=yes
ac_cv_func_socketpair=yes
ac_cv_have_decl_basename=yes
ac_cv_header_dlfcn_h=yes
ac_cv_header_inttypes_h=yes
ac_cv_header_memory_h=yes
ac_cv_header_minix_config_h=no
ac_cv_header_stdc=yes
ac_cv_header_stdint_h=yes
ac_cv_header_stdlib_h=yes
ac_cv_header_string_h=yes
ac_cv_header_strings_h=yes
ac_cv_header_sys_stat_h=yes
ac_cv_header_sys_types_h=yes
ac_cv_header_unistd_h=yes
ac_cv_host=x86_64-pc-linux-gnu
ac_cv_objext=o
ac_cv_path_EGREP='/bin/grep -E'
ac_cv_path_FGREP='/bin/grep -F'
ac_cv_path_GREP=/bin/grep
ac_cv_path_SED=/bin/sed
ac_cv_path_mkdir=/bin/mkdir
ac_cv_prog_AR=/usr/bin/ar
ac_cv_prog_AWK=mawk
ac_cv_prog_CC=/usr/bin/gcc
ac_cv_prog_CPP='/usr/bin/gcc -E'
ac_cv_prog_CXXCPP='/usr/bin/g++ -E'
ac_cv_prog_OBJDUMP=objdump
ac_cv_prog_RANLIB=/usr/bin/ranlib
ac_cv_prog_ac_ct_STRIP=strip
ac_cv_prog_cc_c89=
ac_cv_prog_cc_g=yes
ac_cv_prog_cxx_g=yes
ac_cv_prog_make__usr_bin_make_set=yes
ac_cv_safe_to_define___extensions__=yes
ac_cv_search_dlopen=-ldl
ac_cv_target=arm-buildroot-linux-uclibcgnueabihf
acx_cv_prog_cc_warning__W=yes
acx_cv_prog_cc_warning__Wall=yes
am_cv_CC_dependencies_compiler_type=gcc3
am_cv_CXX_dependencies_compiler_type=gcc3
gcc_cv_libc_provides_ssp=no
libcc1_cv_lib_sockets=
lt_cv_archive_cmds_need_lc=no
lt_cv_deplibs_check_method=pass_all
lt_cv_file_magic_cmd='$MAGIC_CMD'
lt_cv_file_magic_test_file=
lt_cv_ld_reload_flag=-r
lt_cv_nm_interface='BSD nm'
lt_cv_objdir=.libs
lt_cv_path_LD=/usr/bin/ld
lt_cv_path_LDCXX='/usr/bin/ld -m elf_x86_64'
lt_cv_path_NM=/usr/bin/nm
lt_cv_prog_compiler_c_o=yes
lt_cv_prog_compiler_c_o_CXX=yes
lt_cv_prog_compiler_pic_works=yes
lt_cv_prog_compiler_pic_works_CXX=yes
lt_cv_prog_compiler_rtti_exceptions=no
lt_cv_prog_compiler_static_works=yes
lt_cv_prog_compiler_static_works_CXX=yes
lt_cv_prog_gnu_ld=yes
lt_cv_prog_gnu_ldcxx=yes
lt_cv_shlibpath_overrides_runpath=yes
lt_cv_sys_global_symbol_pipe='sed -n -e '\''s/^.*[	 ]\([ABCDGIRSTW][ABCDGIRSTW]*\)[	 ][	 ]*\([_A-Za-z][_A-Za-z0-9]*\)$/\1 \2 \2/p'\'''
lt_cv_sys_global_symbol_to_c_name_address='sed -n -e '\''s/^: \([^ ]*\) $/  {\"\1\", (void *) 0},/p'\'' -e '\''s/^[ABCDGIRSTW]* \([^ ]*\) \([^ ]*\)$/  {"\2", (void *) \&\2},/p'\'''
lt_cv_sys_global_symbol_to_c_name_address_lib_prefix='sed -n -e '\''s/^: \([^ ]*\) $/  {\"\1\", (void *) 0},/p'\'' -e '\''s/^[ABCDGIRSTW]* \([^ ]*\) \(lib[^ ]*\)$/  {"\2", (void *) \&\2},/p'\'' -e '\''s/^[ABCDGIRSTW]* \([^ ]*\) \([^ ]*\)$/  {"lib\2", (void *) \&\2},/p'\'''
lt_cv_sys_global_symbol_to_cdecl='sed -n -e '\''s/^T .* \(.*\)$/extern int \1();/p'\'' -e '\''s/^[ABCDGIRSTW]* .* \(.*\)$/extern char \1;/p'\'''
lt_cv_sys_max_cmd_len=1572864

## ----------------- ##
## Output variables. ##
## ----------------- ##

ACLOCAL='${SHELL} /usr/src/output/build/host-gcc-final-6.4.0/missing --run aclocal-1.11'
AMDEPBACKSLASH='\'
AMDEP_FALSE='#'
AMDEP_TRUE=''
AMTAR='$${TAR-tar}'
AR='/usr/bin/ar'
AUTOCONF='${SHELL} /usr/src/output/build/host-gcc-final-6.4.0/missing --run autoconf'
AUTOHEADER='${SHELL} /usr/src/output/build/host-gcc-final-6.4.0/missing --run autoheader'
AUTOMAKE='${SHELL} /usr/src/output/build/host-gcc-final-6.4.0/missing --run automake-1.11'
AWK='mawk'
CC='/usr/bin/gcc'
CCDEPMODE='depmode=gcc3'
CFLAGS='-O2 -I/usr/src/output/host/include'
CONFIG_STATUS_DEPENDENCIES='$(top_srcdir)/../gcc/BASE-VER'
CPP='/usr/bin/gcc -E'
CPPFLAGS=''
CXX='/usr/bin/g++'
CXXCPP='/usr/bin/g++ -E'
CXXDEPMODE='depmode=gcc3'
CXXFLAGS='-O2 -I/usr/src/output/host/include'
CYGPATH_W='echo'
DEFS='-DHAVE_CONFIG_H'
DEPDIR='.deps'
DSYMUTIL=''
DUMPBIN=''
ECHO_C=''
ECHO_N='-n'
ECHO_T=''
EGREP='/bin/grep -E'
ENABLE_PLUGIN_FALSE='#'
ENABLE_PLUGIN_TRUE=''
EXEEXT=''
FGREP='/bin/grep -F'
GMPINC='-I/usr/src/output/host/include -I/usr/src/output/host/include -I/usr/src/output/host/include '
GREP='/bin/grep'
INSTALL_DATA='/usr/bin/install -c -m 644'
INSTALL_PROGRAM='/usr/bin/install -c'
INSTALL_SCRIPT='/usr/bin/install -c'
INSTALL_STRIP_PROGRAM='$(install_sh) -c -s'
LD='/usr/bin/ld -m elf_x86_64'
LDFLAGS='-static-libstdc++ -static-libgcc -L/usr/src/output/host/lib -Wl,-rpath,/usr/src/output/host/lib'
LIBOBJS=''
LIBS=' '
LIBTOOL='$(SHELL) $(top_builddir)/libtool'
LIPO=''
LN_S='ln -s'
LTLIBOBJS=''
MAINT='#'
MAINTAINER_MODE_FALSE=''
MAINTAINER_MODE_TRUE='#'
MAKEINFO='/usr/src/output/build/host-gcc-final-6.4.0/missing makeinfo --split-size=5000000'
MKDIR_P='/bin/mkdir -p'
NM='/usr/bin/nm'
NMEDIT=''
OBJDUMP='objdump'
OBJEXT='o'
OTOOL64=''
OTOOL=''
PACKAGE='libcc1'
PACKAGE_BUGREPORT=''
PACKAGE_NAME='libcc1'
PACKAGE_STRING='libcc1 version-unused'
PACKAGE_TARNAME='libcc1'
PACKAGE_URL=''
PACKAGE_VERSION='version-unused'
PATH_SEPARATOR=':'
RANLIB='/usr/bin/ranlib'
SED='/bin/sed'
SET_MAKE=''
SHELL='/bin/bash'
STRIP='strip'
VERSION='version-unused'
WARN_FLAGS='-W -Wall'
WERROR=''
ac_ct_CC=''
ac_ct_CXX=''
ac_ct_DUMPBIN=''
am__EXEEXT_FALSE=''
am__EXEEXT_TRUE='#'
am__fastdepCC_FALSE='#'
am__fastdepCC_TRUE=''
am__fastdepCXX_FALSE='#'
am__fastdepCXX_TRUE=''
am__include='include'
am__isrc=' -I$(srcdir)'
am__leading_dot='.'
am__nodep='_no'
am__quote=''
am__tar='$${TAR-tar} chof - "$$tardir"'
am__untar='$${TAR-tar} xf -'
bindir='${exec_prefix}/bin'
build='x86_64-pc-linux-gnu'
build_alias='x86_64-pc-linux-gnu'
build_cpu='x86_64'
build_libsubdir='build-x86_64-pc-linux-gnu'
build_os='linux-gnu'
build_subdir='build-x86_64-pc-linux-gnu'
build_vendor='pc'
datadir='${datarootdir}'
datarootdir='${prefix}/share'
docdir='${datarootdir}/doc/${PACKAGE_TARNAME}'
dvidir='${docdir}'
exec_prefix='${prefix}'
gcc_version='6.4.0'
host='x86_64-pc-linux-gnu'
host_alias='x86_64-pc-linux-gnu'
host_cpu='x86_64'
host_os='linux-gnu'
host_subdir='.'
host_vendor='pc'
htmldir='${docdir}'
includedir='${prefix}/include'
infodir='${datarootdir}/info'
install_sh='${SHELL} /usr/src/output/build/host-gcc-final-6.4.0/install-sh'
libdir='${exec_prefix}/lib'
libexecdir='${exec_prefix}/libexec'
libsuffix='../lib'
localedir='${datarootdir}/locale'
localstatedir='${prefix}/var'
mandir='${datarootdir}/man'
mkdir_p='/bin/mkdir -p'
oldincludedir='/usr/include'
pdfdir='${docdir}'
prefix='/usr/src/output/host'
program_transform_name='s&^&arm-buildroot-linux-uclibcgnueabihf-&'
psdir='${docdir}'
sbindir='${exec_prefix}/sbin'
sharedstatedir='${prefix}/com'
sysconfdir='/usr/src/output/host/etc'
target='arm-buildroot-linux-uclibcgnueabihf'
target_alias='arm-buildroot-linux-uclibcgnueabihf'
target_cpu='arm'
target_noncanonical='arm-buildroot-linux-uclibcgnueabihf'
target_os='linux-uclibcgnueabihf'
target_subdir='arm-buildroot-linux-uclibcgnueabihf'
target_vendor='buildroot'
visibility='-fvisibility=hidden'

## ----------- ##
## confdefs.h. ##
## ----------- ##

/* confdefs.h */
#define PACKAGE_NAME "libcc1"
#define PACKAGE_TARNAME "libcc1"
#define PACKAGE_VERSION "version-unused"
#define PACKAGE_STRING "libcc1 version-unused"
#define PACKAGE_BUGREPORT ""
#define PACKAGE_URL ""
#define STDC_HEADERS 1
#define HAVE_SYS_TYPES_H 1
#define HAVE_SYS_STAT_H 1
#define HAVE_STDLIB_H 1
#define HAVE_STRING_H 1
#define HAVE_MEMORY_H 1
#define HAVE_STRINGS_H 1
#define HAVE_INTTYPES_H 1
#define HAVE_STDINT_H 1
#define HAVE_UNISTD_H 1
#define __EXTENSIONS__ 1
#define _ALL_SOURCE 1
#define _GNU_SOURCE 1
#define _POSIX_PTHREAD_SEMANTICS 1
#define _TANDEM_SOURCE 1
#define HAVE_DLFCN_H 1
#define LT_OBJDIR ".libs/"
#define HAVE_DECL_BASENAME 1

configure: exit 0
