This file contains any messages produced by compilers while
running configure, to aid debugging if configure makes a mistake.

It was created by genimage configure 9, which was
generated by GNU Autoconf 2.69.  Invocation command line was

  $ ./configure --prefix=/usr/src/output/host --sysconfdir=/usr/src/output/host/etc --localstatedir=/usr/src/output/host/var --enable-shared --disable-static --disable-gtk-doc --disable-gtk-doc-html --disable-doc --disable-docs --disable-documentation --disable-debug --with-xmlto=no --with-fop=no --disable-dependency-tracking

## --------- ##
## Platform. ##
## --------- ##

hostname = c37c58f94407
uname -m = x86_64
uname -r = 4.15.0-42-generic
uname -s = Linux
uname -v = #45~16.04.1-Ubuntu SMP Mon Nov 19 13:02:27 UTC 2018

/usr/bin/uname -p = unknown
/bin/uname -X     = unknown

/bin/arch              = unknown
/usr/bin/arch -k       = unknown
/usr/convex/getsysinfo = unknown
/usr/bin/hostinfo      = unknown
/bin/machine           = unknown
/usr/bin/oslevel       = unknown
/bin/universe          = unknown

PATH: /usr/src/output/host/bin
PATH: /usr/src/output/host/sbin
PATH: /usr/local/sbin
PATH: /usr/local/bin
PATH: /usr/sbin
PATH: /usr/bin
PATH: /sbin
PATH: /bin


## ----------- ##
## Core tests. ##
## ----------- ##

configure:2338: checking for a BSD-compatible install
configure:2406: result: /usr/bin/install -c
configure:2417: checking whether build environment is sane
configure:2472: result: yes
configure:2623: checking for a thread-safe mkdir -p
configure:2662: result: /bin/mkdir -p
configure:2669: checking for gawk
configure:2699: result: no
configure:2669: checking for mawk
configure:2685: found /usr/bin/mawk
configure:2696: result: mawk
configure:2707: checking whether make sets $(MAKE)
configure:2729: result: yes
configure:2758: checking whether make supports nested variables
configure:2775: result: yes
configure:2854: checking how to create a pax tar archive
configure:2865: tar --version
tar (GNU tar) 1.29
Copyright (C) 2015 Free Software Foundation, Inc.
License GPLv3+: GNU GPL version 3 or later <http://gnu.org/licenses/gpl.html>.
This is free software: you are free to change and redistribute it.
There is NO WARRANTY, to the extent permitted by law.

Written by John Gilmore and Jay Fenlason.
configure:2868: $? = 0
configure:2908: tardir=conftest.dir && eval tar --format=posix -chf - "$tardir" >conftest.tar
configure:2911: $? = 0
configure:2915: tar -xf - <conftest.tar
configure:2918: $? = 0
configure:2920: cat conftest.dir/file
GrepMe
configure:2923: $? = 0
configure:2936: result: gnutar
configure:2998: checking for style of include used by make
configure:3026: result: GNU
configure:3097: checking for gcc
configure:3124: result: /usr/bin/gcc
configure:3353: checking for C compiler version
configure:3362: /usr/bin/gcc --version >&5
gcc (Debian 6.3.0-18+deb9u1) 6.3.0 20170516
Copyright (C) 2016 Free Software Foundation, Inc.
This is free software; see the source for copying conditions.  There is NO
warranty; not even for MERCHANTABILITY or FITNESS FOR A PARTICULAR PURPOSE.

configure:3373: $? = 0
configure:3362: /usr/bin/gcc -v >&5
Using built-in specs.
COLLECT_GCC=/usr/bin/gcc
COLLECT_LTO_WRAPPER=/usr/lib/gcc/x86_64-linux-gnu/6/lto-wrapper
Target: x86_64-linux-gnu
Configured with: ../src/configure -v --with-pkgversion='Debian 6.3.0-18+deb9u1' --with-bugurl=file:///usr/share/doc/gcc-6/README.Bugs --enable-languages=c,ada,c++,java,go,d,fortran,objc,obj-c++ --prefix=/usr --program-suffix=-6 --program-prefix=x86_64-linux-gnu- --enable-shared --enable-linker-build-id --libexecdir=/usr/lib --without-included-gettext --enable-threads=posix --libdir=/usr/lib --enable-nls --with-sysroot=/ --enable-clocale=gnu --enable-libstdcxx-debug --enable-libstdcxx-time=yes --with-default-libstdcxx-abi=new --enable-gnu-unique-object --disable-vtable-verify --enable-libmpx --enable-plugin --enable-default-pie --with-system-zlib --disable-browser-plugin --enable-java-awt=gtk --enable-gtk-cairo --with-java-home=/usr/lib/jvm/java-1.5.0-gcj-6-amd64/jre --enable-java-home --with-jvm-root-dir=/usr/lib/jvm/java-1.5.0-gcj-6-amd64 --with-jvm-jar-dir=/usr/lib/jvm-exports/java-1.5.0-gcj-6-amd64 --with-arch-directory=amd64 --with-ecj-jar=/usr/share/java/eclipse-ecj.jar --with-target-system-zlib --enable-objc-gc=auto --enable-multiarch --with-arch-32=i686 --with-abi=m64 --with-multilib-list=m32,m64,mx32 --enable-multilib --with-tune=generic --enable-checking=release --build=x86_64-linux-gnu --host=x86_64-linux-gnu --target=x86_64-linux-gnu
Thread model: posix
gcc version 6.3.0 20170516 (Debian 6.3.0-18+deb9u1) 
configure:3373: $? = 0
configure:3362: /usr/bin/gcc -V >&5
gcc: error: unrecognized command line option '-V'
gcc: fatal error: no input files
compilation terminated.
configure:3373: $? = 1
configure:3362: /usr/bin/gcc -qversion >&5
gcc: error: unrecognized command line option '-qversion'; did you mean '--version'?
gcc: fatal error: no input files
compilation terminated.
configure:3373: $? = 1
configure:3393: checking whether the C compiler works
configure:3415: /usr/bin/gcc -O2 -I/usr/src/output/host/include -I/usr/src/output/host/include -L/usr/src/output/host/lib -Wl,-rpath,/usr/src/output/host/lib conftest.c  >&5
configure:3419: $? = 0
configure:3467: result: yes
configure:3470: checking for C compiler default output file name
configure:3472: result: a.out
configure:3478: checking for suffix of executables
configure:3485: /usr/bin/gcc -o conftest -O2 -I/usr/src/output/host/include -I/usr/src/output/host/include -L/usr/src/output/host/lib -Wl,-rpath,/usr/src/output/host/lib conftest.c  >&5
configure:3489: $? = 0
configure:3511: result: 
configure:3533: checking whether we are cross compiling
configure:3541: /usr/bin/gcc -o conftest -O2 -I/usr/src/output/host/include -I/usr/src/output/host/include -L/usr/src/output/host/lib -Wl,-rpath,/usr/src/output/host/lib conftest.c  >&5
configure:3545: $? = 0
configure:3552: ./conftest
configure:3556: $? = 0
configure:3571: result: no
configure:3576: checking for suffix of object files
configure:3598: /usr/bin/gcc -c -O2 -I/usr/src/output/host/include -I/usr/src/output/host/include conftest.c >&5
configure:3602: $? = 0
configure:3623: result: o
configure:3627: checking whether we are using the GNU C compiler
configure:3646: /usr/bin/gcc -c -O2 -I/usr/src/output/host/include -I/usr/src/output/host/include conftest.c >&5
configure:3646: $? = 0
configure:3655: result: yes
configure:3664: checking whether /usr/bin/gcc accepts -g
configure:3684: /usr/bin/gcc -c -g -I/usr/src/output/host/include conftest.c >&5
configure:3684: $? = 0
configure:3725: result: yes
configure:3742: checking for /usr/bin/gcc option to accept ISO C89
configure:3805: /usr/bin/gcc  -c -O2 -I/usr/src/output/host/include -I/usr/src/output/host/include conftest.c >&5
configure:3805: $? = 0
configure:3818: result: none needed
configure:3843: checking whether /usr/bin/gcc understands -c and -o together
configure:3865: /usr/bin/gcc -c conftest.c -o conftest2.o
configure:3868: $? = 0
configure:3865: /usr/bin/gcc -c conftest.c -o conftest2.o
configure:3868: $? = 0
configure:3880: result: yes
configure:3899: checking dependency style of /usr/bin/gcc
configure:4010: result: none
configure:4029: checking for /usr/bin/gcc option to accept ISO C99
configure:4178: /usr/bin/gcc  -c -O2 -I/usr/src/output/host/include -I/usr/src/output/host/include conftest.c >&5
configure:4178: $? = 0
configure:4191: result: none needed
configure:4299: checking for /usr/bin/gcc option to accept ISO Standard C
configure:4310: result: none needed
configure:4325: checking how to run the C preprocessor
configure:4395: result: /usr/bin/cpp
configure:4415: /usr/bin/cpp -I/usr/src/output/host/include conftest.c
configure:4415: $? = 0
configure:4429: /usr/bin/cpp -I/usr/src/output/host/include conftest.c
conftest.c:11:28: fatal error: ac_nonexistent.h: No such file or directory
 #include <ac_nonexistent.h>
                            ^
compilation terminated.
configure:4429: $? = 1
configure: failed program was:
| /* confdefs.h */
| #define PACKAGE_NAME "genimage"
| #define PACKAGE_TARNAME "genimage"
| #define PACKAGE_VERSION "9"
| #define PACKAGE_STRING "genimage 9"
| #define PACKAGE_BUGREPORT "s.hauer@pengutronix.de"
| #define PACKAGE_URL "http://www.pengutronix.de/genimage/"
| #define PACKAGE "genimage"
| #define VERSION "9"
| /* end confdefs.h.  */
| #include <ac_nonexistent.h>
configure:4458: checking for grep that handles long lines and -e
configure:4516: result: /bin/grep
configure:4521: checking for egrep
configure:4583: result: /bin/grep -E
configure:4588: checking for ANSI C header files
configure:4608: /usr/bin/gcc -c -O2 -I/usr/src/output/host/include -I/usr/src/output/host/include conftest.c >&5
configure:4608: $? = 0
configure:4681: /usr/bin/gcc -o conftest -O2 -I/usr/src/output/host/include -I/usr/src/output/host/include -L/usr/src/output/host/lib -Wl,-rpath,/usr/src/output/host/lib conftest.c  >&5
configure:4681: $? = 0
configure:4681: ./conftest
configure:4681: $? = 0
configure:4692: result: yes
configure:4705: checking for sys/types.h
configure:4705: /usr/bin/gcc -c -O2 -I/usr/src/output/host/include -I/usr/src/output/host/include conftest.c >&5
configure:4705: $? = 0
configure:4705: result: yes
configure:4705: checking for sys/stat.h
configure:4705: /usr/bin/gcc -c -O2 -I/usr/src/output/host/include -I/usr/src/output/host/include conftest.c >&5
configure:4705: $? = 0
configure:4705: result: yes
configure:4705: checking for stdlib.h
configure:4705: /usr/bin/gcc -c -O2 -I/usr/src/output/host/include -I/usr/src/output/host/include conftest.c >&5
configure:4705: $? = 0
configure:4705: result: yes
configure:4705: checking for string.h
configure:4705: /usr/bin/gcc -c -O2 -I/usr/src/output/host/include -I/usr/src/output/host/include conftest.c >&5
configure:4705: $? = 0
configure:4705: result: yes
configure:4705: checking for memory.h
configure:4705: /usr/bin/gcc -c -O2 -I/usr/src/output/host/include -I/usr/src/output/host/include conftest.c >&5
configure:4705: $? = 0
configure:4705: result: yes
configure:4705: checking for strings.h
configure:4705: /usr/bin/gcc -c -O2 -I/usr/src/output/host/include -I/usr/src/output/host/include conftest.c >&5
configure:4705: $? = 0
configure:4705: result: yes
configure:4705: checking for inttypes.h
configure:4705: /usr/bin/gcc -c -O2 -I/usr/src/output/host/include -I/usr/src/output/host/include conftest.c >&5
configure:4705: $? = 0
configure:4705: result: yes
configure:4705: checking for stdint.h
configure:4705: /usr/bin/gcc -c -O2 -I/usr/src/output/host/include -I/usr/src/output/host/include conftest.c >&5
configure:4705: $? = 0
configure:4705: result: yes
configure:4705: checking for unistd.h
configure:4705: /usr/bin/gcc -c -O2 -I/usr/src/output/host/include -I/usr/src/output/host/include conftest.c >&5
configure:4705: $? = 0
configure:4705: result: yes
configure:4718: checking minix/config.h usability
configure:4718: /usr/bin/gcc -c -O2 -I/usr/src/output/host/include -I/usr/src/output/host/include conftest.c >&5
conftest.c:54:26: fatal error: minix/config.h: No such file or directory
 #include <minix/config.h>
                          ^
compilation terminated.
configure:4718: $? = 1
configure: failed program was:
| /* confdefs.h */
| #define PACKAGE_NAME "genimage"
| #define PACKAGE_TARNAME "genimage"
| #define PACKAGE_VERSION "9"
| #define PACKAGE_STRING "genimage 9"
| #define PACKAGE_BUGREPORT "s.hauer@pengutronix.de"
| #define PACKAGE_URL "http://www.pengutronix.de/genimage/"
| #define PACKAGE "genimage"
| #define VERSION "9"
| #define STDC_HEADERS 1
| #define HAVE_SYS_TYPES_H 1
| #define HAVE_SYS_STAT_H 1
| #define HAVE_STDLIB_H 1
| #define HAVE_STRING_H 1
| #define HAVE_MEMORY_H 1
| #define HAVE_STRINGS_H 1
| #define HAVE_INTTYPES_H 1
| #define HAVE_STDINT_H 1
| #define HAVE_UNISTD_H 1
| /* end confdefs.h.  */
| #include <stdio.h>
| #ifdef HAVE_SYS_TYPES_H
| # include <sys/types.h>
| #endif
| #ifdef HAVE_SYS_STAT_H
| # include <sys/stat.h>
| #endif
| #ifdef STDC_HEADERS
| # include <stdlib.h>
| # include <stddef.h>
| #else
| # ifdef HAVE_STDLIB_H
| #  include <stdlib.h>
| # endif
| #endif
| #ifdef HAVE_STRING_H
| # if !defined STDC_HEADERS && defined HAVE_MEMORY_H
| #  include <memory.h>
| # endif
| # include <string.h>
| #endif
| #ifdef HAVE_STRINGS_H
| # include <strings.h>
| #endif
| #ifdef HAVE_INTTYPES_H
| # include <inttypes.h>
| #endif
| #ifdef HAVE_STDINT_H
| # include <stdint.h>
| #endif
| #ifdef HAVE_UNISTD_H
| # include <unistd.h>
| #endif
| #include <minix/config.h>
configure:4718: result: no
configure:4718: checking minix/config.h presence
configure:4718: /usr/bin/cpp -I/usr/src/output/host/include conftest.c
conftest.c:21:26: fatal error: minix/config.h: No such file or directory
 #include <minix/config.h>
                          ^
compilation terminated.
configure:4718: $? = 1
configure: failed program was:
| /* confdefs.h */
| #define PACKAGE_NAME "genimage"
| #define PACKAGE_TARNAME "genimage"
| #define PACKAGE_VERSION "9"
| #define PACKAGE_STRING "genimage 9"
| #define PACKAGE_BUGREPORT "s.hauer@pengutronix.de"
| #define PACKAGE_URL "http://www.pengutronix.de/genimage/"
| #define PACKAGE "genimage"
| #define VERSION "9"
| #define STDC_HEADERS 1
| #define HAVE_SYS_TYPES_H 1
| #define HAVE_SYS_STAT_H 1
| #define HAVE_STDLIB_H 1
| #define HAVE_STRING_H 1
| #define HAVE_MEMORY_H 1
| #define HAVE_STRINGS_H 1
| #define HAVE_INTTYPES_H 1
| #define HAVE_STDINT_H 1
| #define HAVE_UNISTD_H 1
| /* end confdefs.h.  */
| #include <minix/config.h>
configure:4718: result: no
configure:4718: checking for minix/config.h
configure:4718: result: no
configure:4739: checking whether it is safe to define __EXTENSIONS__
configure:4757: /usr/bin/gcc -c -O2 -I/usr/src/output/host/include -I/usr/src/output/host/include conftest.c >&5
configure:4757: $? = 0
configure:4764: result: yes
configure:4785: checking for special C compiler options needed for large files
configure:4830: result: no
configure:4836: checking for _FILE_OFFSET_BITS value needed for large files
configure:4861: /usr/bin/gcc -c -O2 -I/usr/src/output/host/include -I/usr/src/output/host/include conftest.c >&5
configure:4861: $? = 0
configure:4893: result: no
configure:4994: checking whether make supports nested variables
configure:5011: result: yes
configure:5029: checking for memset
configure:5029: /usr/bin/gcc -o conftest -O2 -I/usr/src/output/host/include -I/usr/src/output/host/include -L/usr/src/output/host/lib -Wl,-rpath,/usr/src/output/host/lib conftest.c  >&5
conftest.c:49:6: warning: conflicting types for built-in function 'memset'
 char memset ();
      ^~~~~~
configure:5029: $? = 0
configure:5029: result: yes
configure:5029: checking for setenv
configure:5029: /usr/bin/gcc -o conftest -O2 -I/usr/src/output/host/include -I/usr/src/output/host/include -L/usr/src/output/host/lib -Wl,-rpath,/usr/src/output/host/lib conftest.c  >&5
configure:5029: $? = 0
configure:5029: result: yes
configure:5029: checking for strdup
configure:5029: /usr/bin/gcc -o conftest -O2 -I/usr/src/output/host/include -I/usr/src/output/host/include -L/usr/src/output/host/lib -Wl,-rpath,/usr/src/output/host/lib conftest.c  >&5
conftest.c:51:6: warning: conflicting types for built-in function 'strdup'
 char strdup ();
      ^~~~~~
configure:5029: $? = 0
configure:5029: result: yes
configure:5029: checking for strcasecmp
configure:5029: /usr/bin/gcc -o conftest -O2 -I/usr/src/output/host/include -I/usr/src/output/host/include -L/usr/src/output/host/lib -Wl,-rpath,/usr/src/output/host/lib conftest.c  >&5
conftest.c:52:6: warning: conflicting types for built-in function 'strcasecmp'
 char strcasecmp ();
      ^~~~~~~~~~
configure:5029: $? = 0
configure:5029: result: yes
configure:5029: checking for strerror
configure:5029: /usr/bin/gcc -o conftest -O2 -I/usr/src/output/host/include -I/usr/src/output/host/include -L/usr/src/output/host/lib -Wl,-rpath,/usr/src/output/host/lib conftest.c  >&5
configure:5029: $? = 0
configure:5029: result: yes
configure:5029: checking for strstr
configure:5029: /usr/bin/gcc -o conftest -O2 -I/usr/src/output/host/include -I/usr/src/output/host/include -L/usr/src/output/host/lib -Wl,-rpath,/usr/src/output/host/lib conftest.c  >&5
conftest.c:54:6: warning: conflicting types for built-in function 'strstr'
 char strstr ();
      ^~~~~~
configure:5029: $? = 0
configure:5029: result: yes
configure:5029: checking for strtoull
configure:5029: /usr/bin/gcc -o conftest -O2 -I/usr/src/output/host/include -I/usr/src/output/host/include -L/usr/src/output/host/lib -Wl,-rpath,/usr/src/output/host/lib conftest.c  >&5
configure:5029: $? = 0
configure:5029: result: yes
configure:5039: checking for inline
configure:5055: /usr/bin/gcc -c -O2 -I/usr/src/output/host/include -I/usr/src/output/host/include conftest.c >&5
configure:5055: $? = 0
configure:5063: result: inline
configure:5081: checking for error_at_line
configure:5097: /usr/bin/gcc -o conftest -O2 -I/usr/src/output/host/include -I/usr/src/output/host/include -L/usr/src/output/host/lib -Wl,-rpath,/usr/src/output/host/lib conftest.c  >&5
configure:5097: $? = 0
configure:5105: result: yes
configure:5118: checking for stdlib.h
configure:5118: result: yes
configure:5128: checking for GNU libc compatible malloc
configure:5152: /usr/bin/gcc -o conftest -O2 -I/usr/src/output/host/include -I/usr/src/output/host/include -L/usr/src/output/host/lib -Wl,-rpath,/usr/src/output/host/lib conftest.c  >&5
configure:5152: $? = 0
configure:5152: ./conftest
configure:5152: $? = 0
configure:5162: result: yes
configure:5183: checking for size_t
configure:5183: /usr/bin/gcc -c -O2 -I/usr/src/output/host/include -I/usr/src/output/host/include conftest.c >&5
configure:5183: $? = 0
configure:5183: /usr/bin/gcc -c -O2 -I/usr/src/output/host/include -I/usr/src/output/host/include conftest.c >&5
conftest.c: In function 'main':
conftest.c:71:21: error: expected expression before ')' token
 if (sizeof ((size_t)))
                     ^
configure:5183: $? = 1
configure: failed program was:
| /* confdefs.h */
| #define PACKAGE_NAME "genimage"
| #define PACKAGE_TARNAME "genimage"
| #define PACKAGE_VERSION "9"
| #define PACKAGE_STRING "genimage 9"
| #define PACKAGE_BUGREPORT "s.hauer@pengutronix.de"
| #define PACKAGE_URL "http://www.pengutronix.de/genimage/"
| #define PACKAGE "genimage"
| #define VERSION "9"
| #define STDC_HEADERS 1
| #define HAVE_SYS_TYPES_H 1
| #define HAVE_SYS_STAT_H 1
| #define HAVE_STDLIB_H 1
| #define HAVE_STRING_H 1
| #define HAVE_MEMORY_H 1
| #define HAVE_STRINGS_H 1
| #define HAVE_INTTYPES_H 1
| #define HAVE_STDINT_H 1
| #define HAVE_UNISTD_H 1
| #define __EXTENSIONS__ 1
| #define _ALL_SOURCE 1
| #define _GNU_SOURCE 1
| #define _POSIX_PTHREAD_SEMANTICS 1
| #define _TANDEM_SOURCE 1
| #define HAVE_MEMSET 1
| #define HAVE_SETENV 1
| #define HAVE_STRDUP 1
| #define HAVE_STRCASECMP 1
| #define HAVE_STRERROR 1
| #define HAVE_STRSTR 1
| #define HAVE_STRTOULL 1
| #define HAVE_STDLIB_H 1
| #define HAVE_MALLOC 1
| /* end confdefs.h.  */
| #include <stdio.h>
| #ifdef HAVE_SYS_TYPES_H
| # include <sys/types.h>
| #endif
| #ifdef HAVE_SYS_STAT_H
| # include <sys/stat.h>
| #endif
| #ifdef STDC_HEADERS
| # include <stdlib.h>
| # include <stddef.h>
| #else
| # ifdef HAVE_STDLIB_H
| #  include <stdlib.h>
| # endif
| #endif
| #ifdef HAVE_STRING_H
| # if !defined STDC_HEADERS && defined HAVE_MEMORY_H
| #  include <memory.h>
| # endif
| # include <string.h>
| #endif
| #ifdef HAVE_STRINGS_H
| # include <strings.h>
| #endif
| #ifdef HAVE_INTTYPES_H
| # include <inttypes.h>
| #endif
| #ifdef HAVE_STDINT_H
| # include <stdint.h>
| #endif
| #ifdef HAVE_UNISTD_H
| # include <unistd.h>
| #endif
| int
| main ()
| {
| if (sizeof ((size_t)))
| 	    return 0;
|   ;
|   return 0;
| }
configure:5183: result: yes
configure:5194: checking for uint32_t
configure:5194: /usr/bin/gcc -c -O2 -I/usr/src/output/host/include -I/usr/src/output/host/include conftest.c >&5
configure:5194: $? = 0
configure:5194: result: yes
configure:5210: checking whether to enable debugging
configure:5219: result: no
configure:5223: checking whether to hide internal symbols
configure:5238: result: yes
configure:5257: /usr/bin/gcc -c -O2 -I/usr/src/output/host/include -pipe -I/usr/src/output/host/include conftest.c >&5
configure:5257: $? = 0
configure:5282: /usr/bin/gcc -c -O2 -I/usr/src/output/host/include -Wall -I/usr/src/output/host/include conftest.c >&5
configure:5282: $? = 0
configure:5307: /usr/bin/gcc -c -O2 -I/usr/src/output/host/include -Wextra -I/usr/src/output/host/include conftest.c >&5
configure:5307: $? = 0
configure:5332: /usr/bin/gcc -c -O2 -I/usr/src/output/host/include -Wmissing-declarations -I/usr/src/output/host/include conftest.c >&5
configure:5332: $? = 0
configure:5357: /usr/bin/gcc -c -O2 -I/usr/src/output/host/include -Wmissing-prototypes -I/usr/src/output/host/include conftest.c >&5
configure:5357: $? = 0
configure:5382: /usr/bin/gcc -c -O2 -I/usr/src/output/host/include -Wnested-externs -I/usr/src/output/host/include conftest.c >&5
configure:5382: $? = 0
configure:5407: /usr/bin/gcc -c -O2 -I/usr/src/output/host/include -Wpointer-arith -I/usr/src/output/host/include conftest.c >&5
configure:5407: $? = 0
configure:5432: /usr/bin/gcc -c -O2 -I/usr/src/output/host/include -Wsign-compare -I/usr/src/output/host/include conftest.c >&5
configure:5432: $? = 0
configure:5457: /usr/bin/gcc -c -O2 -I/usr/src/output/host/include -Wchar-subscripts -I/usr/src/output/host/include conftest.c >&5
configure:5457: $? = 0
configure:5482: /usr/bin/gcc -c -O2 -I/usr/src/output/host/include -Wstrict-prototypes -I/usr/src/output/host/include conftest.c >&5
configure:5482: $? = 0
configure:5507: /usr/bin/gcc -c -O2 -I/usr/src/output/host/include -Wshadow -I/usr/src/output/host/include conftest.c >&5
configure:5507: $? = 0
configure:5532: /usr/bin/gcc -c -O2 -I/usr/src/output/host/include -Wformat-security -I/usr/src/output/host/include conftest.c >&5
cc1: warning: -Wformat-security ignored without -Wformat [-Wformat-security]
configure:5532: $? = 0
configure:5557: /usr/bin/gcc -c -O2 -I/usr/src/output/host/include -Wtype-limits -I/usr/src/output/host/include conftest.c >&5
configure:5557: $? = 0
configure:5582: /usr/bin/gcc -c -O2 -I/usr/src/output/host/include -Wunused-parameter -I/usr/src/output/host/include conftest.c >&5
configure:5582: $? = 0
configure:5607: /usr/bin/gcc -c -O2 -I/usr/src/output/host/include -ffunction-sections -I/usr/src/output/host/include conftest.c >&5
configure:5607: $? = 0
configure:5632: /usr/bin/gcc -c -O2 -I/usr/src/output/host/include -fdata-sections -I/usr/src/output/host/include conftest.c >&5
configure:5632: $? = 0
configure:5650: checking if /usr/bin/gcc supports -Wl,--as-needed flag
configure:5661: /usr/bin/gcc -o conftest -O2 -I/usr/src/output/host/include -I/usr/src/output/host/include -L/usr/src/output/host/lib -Wl,-rpath,/usr/src/output/host/lib -Wl,--as-needed conftest.c  >&5
configure:5661: $? = 0
configure:5671: result: yes
configure:5679: checking if /usr/bin/gcc supports -Wl,--gc-sections flag
configure:5690: /usr/bin/gcc -o conftest -O2 -I/usr/src/output/host/include -I/usr/src/output/host/include -L/usr/src/output/host/lib -Wl,-rpath,/usr/src/output/host/lib -Wl,--gc-sections conftest.c  >&5
configure:5690: $? = 0
configure:5700: result: yes
configure:5817: checking pkg-config is at least version 0.9.0
configure:5820: result: yes
configure:5830: checking for CONFUSE
configure:5837: $PKG_CONFIG --exists --print-errors "libconfuse"
configure:5840: $? = 0
configure:5854: $PKG_CONFIG --exists --print-errors "libconfuse"
configure:5857: $? = 0
configure:5915: result: yes
configure:5932: checking whether the compiler supports -fvisibility=hidden
configure:5944: /usr/bin/gcc -c -O2 -I/usr/src/output/host/include -fvisibility=hidden -I/usr/src/output/host/include conftest.c >&5
configure:5944: $? = 0
configure:5969: result: yes
configure:6099: checking that generated files are newer than configure
configure:6105: result: done
configure:6132: creating ./config.status

## ---------------------- ##
## Running config.status. ##
## ---------------------- ##

This file was extended by genimage config.status 9, which was
generated by GNU Autoconf 2.69.  Invocation command line was

  CONFIG_FILES    = 
  CONFIG_HEADERS  = 
  CONFIG_LINKS    = 
  CONFIG_COMMANDS = 
  $ ./config.status 

on c37c58f94407

config.status:878: creating Makefile
config.status:878: creating config.h
config.status:1107: executing depfiles commands
configure:7445: WARNING: unrecognized options: --enable-shared, --disable-static, --disable-gtk-doc, --disable-gtk-doc-html, --disable-doc, --disable-docs, --disable-documentation, --with-xmlto, --with-fop
configure:7462: result:
        genimage 9
        =====

        prefix:                 /usr/src/output/host

        compiler:               /usr/bin/gcc
        cflags:                 -O2 -I/usr/src/output/host/include  -pipe -Wall -Wextra -Wmissing-declarations -Wmissing-prototypes -Wnested-externs -Wpointer-arith -Wsign-compare -Wchar-subscripts -Wstrict-prototypes -Wshadow -Wformat-security -Wtype-limits -Wno-unused-parameter -ffunction-sections -fdata-sections -fvisibility=hidden
        ldflags:                -L/usr/src/output/host/lib -Wl,-rpath,/usr/src/output/host/lib  -Wl,--as-needed -Wl,--gc-sections

        debug:                  no
        hide symbols:           yes
        libconfuse:             -L/usr/src/output/host/lib -lconfuse  


## ---------------- ##
## Cache variables. ##
## ---------------- ##

ac_cv_c_compiler_gnu=yes
ac_cv_c_inline=inline
ac_cv_c_uint32_t=yes
ac_cv_env_CC_set=set
ac_cv_env_CC_value=/usr/bin/gcc
ac_cv_env_CFLAGS_set=set
ac_cv_env_CFLAGS_value='-O2 -I/usr/src/output/host/include'
ac_cv_env_CONFUSE_CFLAGS_set=
ac_cv_env_CONFUSE_CFLAGS_value=
ac_cv_env_CONFUSE_LIBS_set=
ac_cv_env_CONFUSE_LIBS_value=
ac_cv_env_CPPFLAGS_set=set
ac_cv_env_CPPFLAGS_value=-I/usr/src/output/host/include
ac_cv_env_CPP_set=set
ac_cv_env_CPP_value=/usr/bin/cpp
ac_cv_env_LDFLAGS_set=set
ac_cv_env_LDFLAGS_value='-L/usr/src/output/host/lib -Wl,-rpath,/usr/src/output/host/lib'
ac_cv_env_LIBS_set=
ac_cv_env_LIBS_value=
ac_cv_env_PKG_CONFIG_LIBDIR_set=set
ac_cv_env_PKG_CONFIG_LIBDIR_value=/usr/src/output/host/lib/pkgconfig:/usr/src/output/host/share/pkgconfig
ac_cv_env_PKG_CONFIG_PATH_set=
ac_cv_env_PKG_CONFIG_PATH_value=
ac_cv_env_PKG_CONFIG_set=set
ac_cv_env_PKG_CONFIG_value=/usr/src/output/host/bin/pkg-config
ac_cv_env_build_alias_set=
ac_cv_env_build_alias_value=
ac_cv_env_host_alias_set=
ac_cv_env_host_alias_value=
ac_cv_env_target_alias_set=
ac_cv_env_target_alias_value=
ac_cv_func_malloc_0_nonnull=yes
ac_cv_func_memset=yes
ac_cv_func_setenv=yes
ac_cv_func_strcasecmp=yes
ac_cv_func_strdup=yes
ac_cv_func_strerror=yes
ac_cv_func_strstr=yes
ac_cv_func_strtoull=yes
ac_cv_header_inttypes_h=yes
ac_cv_header_memory_h=yes
ac_cv_header_minix_config_h=no
ac_cv_header_stdc=yes
ac_cv_header_stdint_h=yes
ac_cv_header_stdlib_h=yes
ac_cv_header_string_h=yes
ac_cv_header_strings_h=yes
ac_cv_header_sys_stat_h=yes
ac_cv_header_sys_types_h=yes
ac_cv_header_unistd_h=yes
ac_cv_lib_error_at_line=yes
ac_cv_objext=o
ac_cv_path_EGREP='/bin/grep -E'
ac_cv_path_GREP=/bin/grep
ac_cv_path_install='/usr/bin/install -c'
ac_cv_path_mkdir=/bin/mkdir
ac_cv_prog_AWK=mawk
ac_cv_prog_CPP=/usr/bin/cpp
ac_cv_prog_ac_ct_CC=/usr/bin/gcc
ac_cv_prog_cc_c89=
ac_cv_prog_cc_c99=
ac_cv_prog_cc_g=yes
ac_cv_prog_cc_stdc=
ac_cv_prog_make_make_set=yes
ac_cv_safe_to_define___extensions__=yes
ac_cv_sys_file_offset_bits=no
ac_cv_sys_largefile_CC=no
ac_cv_type_size_t=yes
am_cv_CC_dependencies_compiler_type=none
am_cv_make_support_nested_variables=yes
am_cv_prog_cc_c_o=yes
am_cv_prog_tar_pax=gnutar
cc_cv_cflags__Wall=yes
cc_cv_cflags__Wchar_subscripts=yes
cc_cv_cflags__Wextra=yes
cc_cv_cflags__Wformat_security=yes
cc_cv_cflags__Wmissing_declarations=yes
cc_cv_cflags__Wmissing_prototypes=yes
cc_cv_cflags__Wnested_externs=yes
cc_cv_cflags__Wpointer_arith=yes
cc_cv_cflags__Wshadow=yes
cc_cv_cflags__Wsign_compare=yes
cc_cv_cflags__Wstrict_prototypes=yes
cc_cv_cflags__Wtype_limits=yes
cc_cv_cflags__Wunused_parameter=yes
cc_cv_cflags__fdata_sections=yes
cc_cv_cflags__ffunction_sections=yes
cc_cv_cflags__fvisibility_hidden=yes
cc_cv_cflags__pipe=yes
cc_cv_ldflags__Wl___as_needed=yes
cc_cv_ldflags__Wl___gc_sections=yes
pkg_cv_CONFUSE_CFLAGS='-I/usr/src/output/host/include  '
pkg_cv_CONFUSE_LIBS='-L/usr/src/output/host/lib -lconfuse  '

## ----------------- ##
## Output variables. ##
## ----------------- ##

ACLOCAL='${SHELL} /usr/src/output/build/host-genimage-9/build-aux/missing aclocal-1.15'
AMDEPBACKSLASH=''
AMDEP_FALSE=''
AMDEP_TRUE='#'
AMTAR='$${TAR-tar}'
AM_BACKSLASH='\'
AM_CFLAGS=' -pipe -Wall -Wextra -Wmissing-declarations -Wmissing-prototypes -Wnested-externs -Wpointer-arith -Wsign-compare -Wchar-subscripts -Wstrict-prototypes -Wshadow -Wformat-security -Wtype-limits -Wno-unused-parameter -ffunction-sections -fdata-sections -fvisibility=hidden'
AM_DEFAULT_V='$(AM_DEFAULT_VERBOSITY)'
AM_DEFAULT_VERBOSITY='0'
AM_V='$(V)'
AUTOCONF='${SHELL} /usr/src/output/build/host-genimage-9/build-aux/missing autoconf'
AUTOHEADER='${SHELL} /usr/src/output/build/host-genimage-9/build-aux/missing autoheader'
AUTOMAKE='${SHELL} /usr/src/output/build/host-genimage-9/build-aux/missing automake-1.15'
AWK='mawk'
BUILD_SILENTLY_FALSE='#'
BUILD_SILENTLY_TRUE=''
CC='/usr/bin/gcc'
CCDEPMODE='depmode=none'
CFLAGS='-O2 -I/usr/src/output/host/include'
CONFUSE_CFLAGS='-I/usr/src/output/host/include  '
CONFUSE_LIBS='-L/usr/src/output/host/lib -lconfuse  '
CPP='/usr/bin/cpp'
CPPFLAGS='-I/usr/src/output/host/include'
CYGPATH_W='echo'
DEFS='-DHAVE_CONFIG_H'
DEPDIR='.deps'
ECHO_C=''
ECHO_N='-n'
ECHO_T=''
EGREP='/bin/grep -E'
EXEEXT=''
GREP='/bin/grep'
INSTALL_DATA='${INSTALL} -m 644'
INSTALL_PROGRAM='${INSTALL}'
INSTALL_SCRIPT='${INSTALL}'
INSTALL_STRIP_PROGRAM='$(install_sh) -c -s'
LDFLAGS='-L/usr/src/output/host/lib -Wl,-rpath,/usr/src/output/host/lib'
LIBOBJS=''
LIBS=''
LTLIBOBJS=''
MAKEINFO='${SHELL} /usr/src/output/build/host-genimage-9/build-aux/missing makeinfo'
MKDIR_P='/bin/mkdir -p'
OBJEXT='o'
PACKAGE='genimage'
PACKAGE_BUGREPORT='s.hauer@pengutronix.de'
PACKAGE_NAME='genimage'
PACKAGE_STRING='genimage 9'
PACKAGE_TARNAME='genimage'
PACKAGE_URL='http://www.pengutronix.de/genimage/'
PACKAGE_VERSION='9'
PATH_SEPARATOR=':'
PKG_CONFIG='/usr/src/output/host/bin/pkg-config'
PKG_CONFIG_LIBDIR='/usr/src/output/host/lib/pkgconfig:/usr/src/output/host/share/pkgconfig'
PKG_CONFIG_PATH=''
SET_MAKE=''
SHELL='/bin/bash'
STRIP=''
VERSION='9'
ac_ct_CC='/usr/bin/gcc'
am__EXEEXT_FALSE=''
am__EXEEXT_TRUE='#'
am__fastdepCC_FALSE=''
am__fastdepCC_TRUE='#'
am__include='include'
am__isrc=''
am__leading_dot='.'
am__nodep=''
am__quote=''
am__tar='tar --format=posix -chf - "$$tardir"'
am__untar='tar -xf -'
bindir='${exec_prefix}/bin'
build_alias=''
datadir='${datarootdir}'
datarootdir='${prefix}/share'
docdir='${datarootdir}/doc/${PACKAGE_TARNAME}'
dvidir='${docdir}'
exec_prefix='${prefix}'
host_alias=''
htmldir='${docdir}'
includedir='${prefix}/include'
infodir='${datarootdir}/info'
install_sh='${SHELL} /usr/src/output/build/host-genimage-9/build-aux/install-sh'
libdir='${exec_prefix}/lib'
libexecdir='${exec_prefix}/libexec'
localedir='${datarootdir}/locale'
localstatedir='/usr/src/output/host/var'
mandir='${datarootdir}/man'
mkdir_p='$(MKDIR_P)'
oldincludedir='/usr/include'
pdfdir='${docdir}'
prefix='/usr/src/output/host'
program_transform_name='s,x,x,'
psdir='${docdir}'
runstatedir='${localstatedir}/run'
sbindir='${exec_prefix}/sbin'
sharedstatedir='${prefix}/com'
sysconfdir='/usr/src/output/host/etc'
target_alias=''

## ----------- ##
## confdefs.h. ##
## ----------- ##

/* confdefs.h */
#define PACKAGE_NAME "genimage"
#define PACKAGE_TARNAME "genimage"
#define PACKAGE_VERSION "9"
#define PACKAGE_STRING "genimage 9"
#define PACKAGE_BUGREPORT "s.hauer@pengutronix.de"
#define PACKAGE_URL "http://www.pengutronix.de/genimage/"
#define PACKAGE "genimage"
#define VERSION "9"
#define STDC_HEADERS 1
#define HAVE_SYS_TYPES_H 1
#define HAVE_SYS_STAT_H 1
#define HAVE_STDLIB_H 1
#define HAVE_STRING_H 1
#define HAVE_MEMORY_H 1
#define HAVE_STRINGS_H 1
#define HAVE_INTTYPES_H 1
#define HAVE_STDINT_H 1
#define HAVE_UNISTD_H 1
#define __EXTENSIONS__ 1
#define _ALL_SOURCE 1
#define _GNU_SOURCE 1
#define _POSIX_PTHREAD_SEMANTICS 1
#define _TANDEM_SOURCE 1
#define HAVE_MEMSET 1
#define HAVE_SETENV 1
#define HAVE_STRDUP 1
#define HAVE_STRCASECMP 1
#define HAVE_STRERROR 1
#define HAVE_STRSTR 1
#define HAVE_STRTOULL 1
#define HAVE_STDLIB_H 1
#define HAVE_MALLOC 1
#define DSO_HIDDEN 1

configure: exit 0
