This file contains any messages produced by compilers while
running configure, to aid debugging if configure makes a mistake.

It was created by alsa-lib configure 1.1.5, which was
generated by GNU Autoconf 2.69.  Invocation command line was

  $ ./configure --target=arm-buildroot-linux-uclibcgnueabihf --host=arm-buildroot-linux-uclibcgnueabihf --build=x86_64-pc-linux-gnu --prefix=/usr --exec-prefix=/usr --sysconfdir=/etc --localstatedir=/var --program-prefix= --disable-gtk-doc --disable-gtk-doc-html --disable-doc --disable-docs --disable-documentation --with-xmlto=no --with-fop=no --disable-dependency-tracking --enable-ipv6 --disable-nls --disable-static --enable-shared --with-alsa-devdir=/dev/snd --with-pcm-plugins=all --with-ctl-plugins=all --without-versioned --enable-static=no --disable-python

## --------- ##
## Platform. ##
## --------- ##

hostname = c37c58f94407
uname -m = x86_64
uname -r = 4.15.0-42-generic
uname -s = Linux
uname -v = #45~16.04.1-Ubuntu SMP Mon Nov 19 13:02:27 UTC 2018

/usr/bin/uname -p = unknown
/bin/uname -X     = unknown

/bin/arch              = unknown
/usr/bin/arch -k       = unknown
/usr/convex/getsysinfo = unknown
/usr/bin/hostinfo      = unknown
/bin/machine           = unknown
/usr/bin/oslevel       = unknown
/bin/universe          = unknown

PATH: /usr/src/output/host/bin
PATH: /usr/src/output/host/sbin
PATH: /usr/local/sbin
PATH: /usr/local/bin
PATH: /usr/sbin
PATH: /usr/bin
PATH: /sbin
PATH: /bin


## ----------- ##
## Core tests. ##
## ----------- ##

configure:2479: checking build system type
configure:2493: result: x86_64-pc-linux-gnu
configure:2513: checking host system type
configure:2526: result: arm-buildroot-linux-uclibcgnueabihf
configure:2562: checking for a BSD-compatible install
configure:2630: result: /usr/bin/install -c
configure:2641: checking whether build environment is sane
configure:2696: result: yes
configure:2755: checking for arm-buildroot-linux-uclibcgnueabihf-strip
configure:2782: result: /usr/src/output/host/bin/arm-buildroot-linux-uclibcgnueabihf-strip
configure:2847: checking for a thread-safe mkdir -p
configure:2886: result: /bin/mkdir -p
configure:2893: checking for gawk
configure:2923: result: no
configure:2893: checking for mawk
configure:2909: found /usr/bin/mawk
configure:2920: result: mawk
configure:2931: checking whether make sets $(MAKE)
configure:2953: result: yes
configure:2982: checking whether make supports nested variables
configure:2999: result: yes
configure:3136: checking whether to enable maintainer-specific portions of Makefiles
configure:3145: result: yes
configure:3171: checking whether make supports nested variables
configure:3188: result: yes
configure:3211: checking for arm-buildroot-linux-uclibcgnueabihf-gcc
configure:3238: result: /usr/src/output/host/bin/arm-buildroot-linux-uclibcgnueabihf-gcc
configure:3507: checking for C compiler version
configure:3516: /usr/src/output/host/bin/arm-buildroot-linux-uclibcgnueabihf-gcc --version >&5
arm-buildroot-linux-uclibcgnueabihf-gcc.br_real (Buildroot 2018.02.1-gba7f6ed-dirty) 6.4.0
Copyright (C) 2017 Free Software Foundation, Inc.
This is free software; see the source for copying conditions.  There is NO
warranty; not even for MERCHANTABILITY or FITNESS FOR A PARTICULAR PURPOSE.

configure:3527: $? = 0
configure:3516: /usr/src/output/host/bin/arm-buildroot-linux-uclibcgnueabihf-gcc -v >&5
Using built-in specs.
COLLECT_GCC=/usr/src/output/host/bin/arm-buildroot-linux-uclibcgnueabihf-gcc.br_real
COLLECT_LTO_WRAPPER=/usr/src/output/host/libexec/gcc/arm-buildroot-linux-uclibcgnueabihf/6.4.0/lto-wrapper
Target: arm-buildroot-linux-uclibcgnueabihf
Configured with: ./configure --prefix=/usr/src/output/host --sysconfdir=/usr/src/output/host/etc --enable-static --target=arm-buildroot-linux-uclibcgnueabihf --with-sysroot=/usr/src/output/host/arm-buildroot-linux-uclibcgnueabihf/sysroot --disable-__cxa_atexit --with-gnu-ld --disable-libssp --disable-multilib --with-gmp=/usr/src/output/host --with-mpc=/usr/src/output/host --with-mpfr=/usr/src/output/host --with-pkgversion='Buildroot 2018.02.1-gba7f6ed-dirty' --with-bugurl=http://bugs.buildroot.net/ --disable-libquadmath --disable-libsanitizer --enable-tls --disable-libmudflap --enable-threads --without-isl --without-cloog --disable-decimal-float --with-abi=aapcs-linux --with-cpu=cortex-a7 --with-fpu=neon-vfpv4 --with-float=hard --with-mode=arm --enable-languages=c,c++ --with-build-time-tools=/usr/src/output/host/arm-buildroot-linux-uclibcgnueabihf/bin --enable-shared --disable-libgomp
Thread model: posix
gcc version 6.4.0 (Buildroot 2018.02.1-gba7f6ed-dirty) 
configure:3527: $? = 0
configure:3516: /usr/src/output/host/bin/arm-buildroot-linux-uclibcgnueabihf-gcc -V >&5
arm-buildroot-linux-uclibcgnueabihf-gcc.br_real: error: unrecognized command line option '-V'
arm-buildroot-linux-uclibcgnueabihf-gcc.br_real: fatal error: no input files
compilation terminated.
configure:3527: $? = 1
configure:3516: /usr/src/output/host/bin/arm-buildroot-linux-uclibcgnueabihf-gcc -qversion >&5
arm-buildroot-linux-uclibcgnueabihf-gcc.br_real: error: unrecognized command line option '-qversion'; did you mean '--version'?
arm-buildroot-linux-uclibcgnueabihf-gcc.br_real: fatal error: no input files
compilation terminated.
configure:3527: $? = 1
configure:3547: checking whether the C compiler works
configure:3569: /usr/src/output/host/bin/arm-buildroot-linux-uclibcgnueabihf-gcc -D_LARGEFILE_SOURCE -D_LARGEFILE64_SOURCE -D_FILE_OFFSET_BITS=64  -Os  -D_LARGEFILE_SOURCE -D_LARGEFILE64_SOURCE -D_FILE_OFFSET_BITS=64  -lm conftest.c  >&5
configure:3573: $? = 0
configure:3621: result: yes
configure:3624: checking for C compiler default output file name
configure:3626: result: a.out
configure:3632: checking for suffix of executables
configure:3639: /usr/src/output/host/bin/arm-buildroot-linux-uclibcgnueabihf-gcc -o conftest -D_LARGEFILE_SOURCE -D_LARGEFILE64_SOURCE -D_FILE_OFFSET_BITS=64  -Os  -D_LARGEFILE_SOURCE -D_LARGEFILE64_SOURCE -D_FILE_OFFSET_BITS=64  -lm conftest.c  >&5
configure:3643: $? = 0
configure:3665: result: 
configure:3687: checking whether we are cross compiling
configure:3725: result: yes
configure:3730: checking for suffix of object files
configure:3752: /usr/src/output/host/bin/arm-buildroot-linux-uclibcgnueabihf-gcc -c -D_LARGEFILE_SOURCE -D_LARGEFILE64_SOURCE -D_FILE_OFFSET_BITS=64  -Os  -D_LARGEFILE_SOURCE -D_LARGEFILE64_SOURCE -D_FILE_OFFSET_BITS=64 conftest.c >&5
configure:3756: $? = 0
configure:3777: result: o
configure:3781: checking whether we are using the GNU C compiler
configure:3800: /usr/src/output/host/bin/arm-buildroot-linux-uclibcgnueabihf-gcc -c -D_LARGEFILE_SOURCE -D_LARGEFILE64_SOURCE -D_FILE_OFFSET_BITS=64  -Os  -D_LARGEFILE_SOURCE -D_LARGEFILE64_SOURCE -D_FILE_OFFSET_BITS=64 conftest.c >&5
configure:3800: $? = 0
configure:3809: result: yes
configure:3818: checking whether /usr/src/output/host/bin/arm-buildroot-linux-uclibcgnueabihf-gcc accepts -g
configure:3838: /usr/src/output/host/bin/arm-buildroot-linux-uclibcgnueabihf-gcc -c -g -D_LARGEFILE_SOURCE -D_LARGEFILE64_SOURCE -D_FILE_OFFSET_BITS=64 conftest.c >&5
configure:3838: $? = 0
configure:3879: result: yes
configure:3896: checking for /usr/src/output/host/bin/arm-buildroot-linux-uclibcgnueabihf-gcc option to accept ISO C89
configure:3959: /usr/src/output/host/bin/arm-buildroot-linux-uclibcgnueabihf-gcc  -c -D_LARGEFILE_SOURCE -D_LARGEFILE64_SOURCE -D_FILE_OFFSET_BITS=64  -Os  -D_LARGEFILE_SOURCE -D_LARGEFILE64_SOURCE -D_FILE_OFFSET_BITS=64 conftest.c >&5
configure:3959: $? = 0
configure:3972: result: none needed
configure:3997: checking whether /usr/src/output/host/bin/arm-buildroot-linux-uclibcgnueabihf-gcc understands -c and -o together
configure:4019: /usr/src/output/host/bin/arm-buildroot-linux-uclibcgnueabihf-gcc -c conftest.c -o conftest2.o
configure:4022: $? = 0
configure:4019: /usr/src/output/host/bin/arm-buildroot-linux-uclibcgnueabihf-gcc -c conftest.c -o conftest2.o
configure:4022: $? = 0
configure:4034: result: yes
configure:4062: checking for style of include used by make
configure:4090: result: GNU
configure:4116: checking dependency style of /usr/src/output/host/bin/arm-buildroot-linux-uclibcgnueabihf-gcc
configure:4227: result: none
configure:4247: checking how to run the C preprocessor
configure:4317: result: /usr/src/output/host/bin/arm-buildroot-linux-uclibcgnueabihf-cpp
configure:4337: /usr/src/output/host/bin/arm-buildroot-linux-uclibcgnueabihf-cpp -D_LARGEFILE_SOURCE -D_LARGEFILE64_SOURCE -D_FILE_OFFSET_BITS=64 conftest.c
configure:4337: $? = 0
configure:4351: /usr/src/output/host/bin/arm-buildroot-linux-uclibcgnueabihf-cpp -D_LARGEFILE_SOURCE -D_LARGEFILE64_SOURCE -D_FILE_OFFSET_BITS=64 conftest.c
conftest.c:11:28: fatal error: ac_nonexistent.h: No such file or directory
 #include <ac_nonexistent.h>
                            ^
compilation terminated.
configure:4351: $? = 1
configure: failed program was:
| /* confdefs.h */
| #define PACKAGE_NAME "alsa-lib"
| #define PACKAGE_TARNAME "alsa-lib"
| #define PACKAGE_VERSION "1.1.5"
| #define PACKAGE_STRING "alsa-lib 1.1.5"
| #define PACKAGE_BUGREPORT ""
| #define PACKAGE_URL ""
| #define PACKAGE "alsa-lib"
| #define VERSION "1.1.5"
| /* end confdefs.h.  */
| #include <ac_nonexistent.h>
configure:4381: checking for grep that handles long lines and -e
configure:4439: result: /bin/grep
configure:4444: checking for egrep
configure:4506: result: /bin/grep -E
configure:4511: checking for ANSI C header files
configure:4531: /usr/src/output/host/bin/arm-buildroot-linux-uclibcgnueabihf-gcc -c -D_LARGEFILE_SOURCE -D_LARGEFILE64_SOURCE -D_FILE_OFFSET_BITS=64  -Os  -D_LARGEFILE_SOURCE -D_LARGEFILE64_SOURCE -D_FILE_OFFSET_BITS=64 conftest.c >&5
configure:4531: $? = 0
configure:4615: result: yes
configure:4628: checking for sys/types.h
configure:4628: /usr/src/output/host/bin/arm-buildroot-linux-uclibcgnueabihf-gcc -c -D_LARGEFILE_SOURCE -D_LARGEFILE64_SOURCE -D_FILE_OFFSET_BITS=64  -Os  -D_LARGEFILE_SOURCE -D_LARGEFILE64_SOURCE -D_FILE_OFFSET_BITS=64 conftest.c >&5
configure:4628: $? = 0
configure:4628: result: yes
configure:4628: checking for sys/stat.h
configure:4628: /usr/src/output/host/bin/arm-buildroot-linux-uclibcgnueabihf-gcc -c -D_LARGEFILE_SOURCE -D_LARGEFILE64_SOURCE -D_FILE_OFFSET_BITS=64  -Os  -D_LARGEFILE_SOURCE -D_LARGEFILE64_SOURCE -D_FILE_OFFSET_BITS=64 conftest.c >&5
configure:4628: $? = 0
configure:4628: result: yes
configure:4628: checking for stdlib.h
configure:4628: /usr/src/output/host/bin/arm-buildroot-linux-uclibcgnueabihf-gcc -c -D_LARGEFILE_SOURCE -D_LARGEFILE64_SOURCE -D_FILE_OFFSET_BITS=64  -Os  -D_LARGEFILE_SOURCE -D_LARGEFILE64_SOURCE -D_FILE_OFFSET_BITS=64 conftest.c >&5
configure:4628: $? = 0
configure:4628: result: yes
configure:4628: checking for string.h
configure:4628: /usr/src/output/host/bin/arm-buildroot-linux-uclibcgnueabihf-gcc -c -D_LARGEFILE_SOURCE -D_LARGEFILE64_SOURCE -D_FILE_OFFSET_BITS=64  -Os  -D_LARGEFILE_SOURCE -D_LARGEFILE64_SOURCE -D_FILE_OFFSET_BITS=64 conftest.c >&5
configure:4628: $? = 0
configure:4628: result: yes
configure:4628: checking for memory.h
configure:4628: /usr/src/output/host/bin/arm-buildroot-linux-uclibcgnueabihf-gcc -c -D_LARGEFILE_SOURCE -D_LARGEFILE64_SOURCE -D_FILE_OFFSET_BITS=64  -Os  -D_LARGEFILE_SOURCE -D_LARGEFILE64_SOURCE -D_FILE_OFFSET_BITS=64 conftest.c >&5
configure:4628: $? = 0
configure:4628: result: yes
configure:4628: checking for strings.h
configure:4628: /usr/src/output/host/bin/arm-buildroot-linux-uclibcgnueabihf-gcc -c -D_LARGEFILE_SOURCE -D_LARGEFILE64_SOURCE -D_FILE_OFFSET_BITS=64  -Os  -D_LARGEFILE_SOURCE -D_LARGEFILE64_SOURCE -D_FILE_OFFSET_BITS=64 conftest.c >&5
configure:4628: $? = 0
configure:4628: result: yes
configure:4628: checking for inttypes.h
configure:4628: /usr/src/output/host/bin/arm-buildroot-linux-uclibcgnueabihf-gcc -c -D_LARGEFILE_SOURCE -D_LARGEFILE64_SOURCE -D_FILE_OFFSET_BITS=64  -Os  -D_LARGEFILE_SOURCE -D_LARGEFILE64_SOURCE -D_FILE_OFFSET_BITS=64 conftest.c >&5
configure:4628: $? = 0
configure:4628: result: yes
configure:4628: checking for stdint.h
configure:4628: /usr/src/output/host/bin/arm-buildroot-linux-uclibcgnueabihf-gcc -c -D_LARGEFILE_SOURCE -D_LARGEFILE64_SOURCE -D_FILE_OFFSET_BITS=64  -Os  -D_LARGEFILE_SOURCE -D_LARGEFILE64_SOURCE -D_FILE_OFFSET_BITS=64 conftest.c >&5
configure:4628: $? = 0
configure:4628: result: yes
configure:4628: checking for unistd.h
configure:4628: /usr/src/output/host/bin/arm-buildroot-linux-uclibcgnueabihf-gcc -c -D_LARGEFILE_SOURCE -D_LARGEFILE64_SOURCE -D_FILE_OFFSET_BITS=64  -Os  -D_LARGEFILE_SOURCE -D_LARGEFILE64_SOURCE -D_FILE_OFFSET_BITS=64 conftest.c >&5
configure:4628: $? = 0
configure:4628: result: yes
configure:4641: checking minix/config.h usability
configure:4641: /usr/src/output/host/bin/arm-buildroot-linux-uclibcgnueabihf-gcc -c -D_LARGEFILE_SOURCE -D_LARGEFILE64_SOURCE -D_FILE_OFFSET_BITS=64  -Os  -D_LARGEFILE_SOURCE -D_LARGEFILE64_SOURCE -D_FILE_OFFSET_BITS=64 conftest.c >&5
conftest.c:54:26: fatal error: minix/config.h: No such file or directory
 #include <minix/config.h>
                          ^
compilation terminated.
configure:4641: $? = 1
configure: failed program was:
| /* confdefs.h */
| #define PACKAGE_NAME "alsa-lib"
| #define PACKAGE_TARNAME "alsa-lib"
| #define PACKAGE_VERSION "1.1.5"
| #define PACKAGE_STRING "alsa-lib 1.1.5"
| #define PACKAGE_BUGREPORT ""
| #define PACKAGE_URL ""
| #define PACKAGE "alsa-lib"
| #define VERSION "1.1.5"
| #define STDC_HEADERS 1
| #define HAVE_SYS_TYPES_H 1
| #define HAVE_SYS_STAT_H 1
| #define HAVE_STDLIB_H 1
| #define HAVE_STRING_H 1
| #define HAVE_MEMORY_H 1
| #define HAVE_STRINGS_H 1
| #define HAVE_INTTYPES_H 1
| #define HAVE_STDINT_H 1
| #define HAVE_UNISTD_H 1
| /* end confdefs.h.  */
| #include <stdio.h>
| #ifdef HAVE_SYS_TYPES_H
| # include <sys/types.h>
| #endif
| #ifdef HAVE_SYS_STAT_H
| # include <sys/stat.h>
| #endif
| #ifdef STDC_HEADERS
| # include <stdlib.h>
| # include <stddef.h>
| #else
| # ifdef HAVE_STDLIB_H
| #  include <stdlib.h>
| # endif
| #endif
| #ifdef HAVE_STRING_H
| # if !defined STDC_HEADERS && defined HAVE_MEMORY_H
| #  include <memory.h>
| # endif
| # include <string.h>
| #endif
| #ifdef HAVE_STRINGS_H
| # include <strings.h>
| #endif
| #ifdef HAVE_INTTYPES_H
| # include <inttypes.h>
| #endif
| #ifdef HAVE_STDINT_H
| # include <stdint.h>
| #endif
| #ifdef HAVE_UNISTD_H
| # include <unistd.h>
| #endif
| #include <minix/config.h>
configure:4641: result: no
configure:4641: checking minix/config.h presence
configure:4641: /usr/src/output/host/bin/arm-buildroot-linux-uclibcgnueabihf-cpp -D_LARGEFILE_SOURCE -D_LARGEFILE64_SOURCE -D_FILE_OFFSET_BITS=64 conftest.c
conftest.c:21:26: fatal error: minix/config.h: No such file or directory
 #include <minix/config.h>
                          ^
compilation terminated.
configure:4641: $? = 1
configure: failed program was:
| /* confdefs.h */
| #define PACKAGE_NAME "alsa-lib"
| #define PACKAGE_TARNAME "alsa-lib"
| #define PACKAGE_VERSION "1.1.5"
| #define PACKAGE_STRING "alsa-lib 1.1.5"
| #define PACKAGE_BUGREPORT ""
| #define PACKAGE_URL ""
| #define PACKAGE "alsa-lib"
| #define VERSION "1.1.5"
| #define STDC_HEADERS 1
| #define HAVE_SYS_TYPES_H 1
| #define HAVE_SYS_STAT_H 1
| #define HAVE_STDLIB_H 1
| #define HAVE_STRING_H 1
| #define HAVE_MEMORY_H 1
| #define HAVE_STRINGS_H 1
| #define HAVE_INTTYPES_H 1
| #define HAVE_STDINT_H 1
| #define HAVE_UNISTD_H 1
| /* end confdefs.h.  */
| #include <minix/config.h>
configure:4641: result: no
configure:4641: checking for minix/config.h
configure:4641: result: no
configure:4662: checking whether it is safe to define __EXTENSIONS__
configure:4680: /usr/src/output/host/bin/arm-buildroot-linux-uclibcgnueabihf-gcc -c -D_LARGEFILE_SOURCE -D_LARGEFILE64_SOURCE -D_FILE_OFFSET_BITS=64  -Os  -D_LARGEFILE_SOURCE -D_LARGEFILE64_SOURCE -D_FILE_OFFSET_BITS=64 conftest.c >&5
configure:4680: $? = 0
configure:4687: result: yes
configure:4702: checking whether ln -s works
configure:4706: result: yes
configure:4794: checking how to print strings
configure:4821: result: printf
configure:4842: checking for a sed that does not truncate output
configure:4906: result: /bin/sed
configure:4924: checking for fgrep
configure:4986: result: /bin/grep -F
configure:5021: checking for ld used by /usr/src/output/host/bin/arm-buildroot-linux-uclibcgnueabihf-gcc
configure:5088: result: /usr/src/output/host/bin/arm-buildroot-linux-uclibcgnueabihf-ld
configure:5095: checking if the linker (/usr/src/output/host/bin/arm-buildroot-linux-uclibcgnueabihf-ld) is GNU ld
configure:5110: result: yes
configure:5122: checking for BSD- or MS-compatible name lister (nm)
configure:5176: result: /usr/src/output/host/bin/arm-buildroot-linux-uclibcgnueabihf-nm
configure:5306: checking the name lister (/usr/src/output/host/bin/arm-buildroot-linux-uclibcgnueabihf-nm) interface
configure:5313: /usr/src/output/host/bin/arm-buildroot-linux-uclibcgnueabihf-gcc -c -D_LARGEFILE_SOURCE -D_LARGEFILE64_SOURCE -D_FILE_OFFSET_BITS=64  -Os  -D_LARGEFILE_SOURCE -D_LARGEFILE64_SOURCE -D_FILE_OFFSET_BITS=64 conftest.c >&5
configure:5316: /usr/src/output/host/bin/arm-buildroot-linux-uclibcgnueabihf-nm "conftest.o"
configure:5319: output
00000000 B some_variable
configure:5326: result: BSD nm
configure:5330: checking the maximum length of command line arguments
configure:5461: result: 1572864
configure:5509: checking how to convert x86_64-pc-linux-gnu file names to arm-buildroot-linux-uclibcgnueabihf format
configure:5549: result: func_convert_file_noop
configure:5556: checking how to convert x86_64-pc-linux-gnu file names to toolchain format
configure:5576: result: func_convert_file_noop
configure:5583: checking for /usr/src/output/host/bin/arm-buildroot-linux-uclibcgnueabihf-ld option to reload object files
configure:5590: result: -r
configure:5624: checking for arm-buildroot-linux-uclibcgnueabihf-objdump
configure:5651: result: /usr/src/output/host/bin/arm-buildroot-linux-uclibcgnueabihf-objdump
configure:5723: checking how to recognize dependent libraries
configure:5923: result: pass_all
configure:5968: checking for arm-buildroot-linux-uclibcgnueabihf-dlltool
configure:5998: result: no
configure:6008: checking for dlltool
configure:6038: result: no
configure:6068: checking how to associate runtime and link libraries
configure:6095: result: printf %s\n
configure:6111: checking for arm-buildroot-linux-uclibcgnueabihf-ar
configure:6138: result: /usr/src/output/host/bin/arm-buildroot-linux-uclibcgnueabihf-ar
configure:6219: checking for archiver @FILE support
configure:6236: /usr/src/output/host/bin/arm-buildroot-linux-uclibcgnueabihf-gcc -c -D_LARGEFILE_SOURCE -D_LARGEFILE64_SOURCE -D_FILE_OFFSET_BITS=64  -Os  -D_LARGEFILE_SOURCE -D_LARGEFILE64_SOURCE -D_FILE_OFFSET_BITS=64 conftest.c >&5
configure:6236: $? = 0
configure:6239: /usr/src/output/host/bin/arm-buildroot-linux-uclibcgnueabihf-ar cru libconftest.a @conftest.lst >&5
configure:6242: $? = 0
configure:6247: /usr/src/output/host/bin/arm-buildroot-linux-uclibcgnueabihf-ar cru libconftest.a @conftest.lst >&5
/usr/src/output/host/bin/arm-buildroot-linux-uclibcgnueabihf-ar: conftest.o: No such file or directory
configure:6250: $? = 1
configure:6262: result: @
configure:6280: checking for arm-buildroot-linux-uclibcgnueabihf-strip
configure:6307: result: /usr/src/output/host/bin/arm-buildroot-linux-uclibcgnueabihf-strip
configure:6379: checking for arm-buildroot-linux-uclibcgnueabihf-ranlib
configure:6406: result: /usr/src/output/host/bin/arm-buildroot-linux-uclibcgnueabihf-ranlib
configure:6548: checking command to parse /usr/src/output/host/bin/arm-buildroot-linux-uclibcgnueabihf-nm output from /usr/src/output/host/bin/arm-buildroot-linux-uclibcgnueabihf-gcc object
configure:6701: /usr/src/output/host/bin/arm-buildroot-linux-uclibcgnueabihf-gcc -c -D_LARGEFILE_SOURCE -D_LARGEFILE64_SOURCE -D_FILE_OFFSET_BITS=64  -Os  -D_LARGEFILE_SOURCE -D_LARGEFILE64_SOURCE -D_FILE_OFFSET_BITS=64 conftest.c >&5
configure:6704: $? = 0
configure:6708: /usr/src/output/host/bin/arm-buildroot-linux-uclibcgnueabihf-nm conftest.o \| sed -n -e 's/^.*[ ]\([ABCDGIRSTW][ABCDGIRSTW]*\)[ ][ ]*\([_A-Za-z][_A-Za-z0-9]*\)$/\1 \2 \2/p' | sed '/ __gnu_lto/d' \> conftest.nm
configure:6711: $? = 0
configure:6777: /usr/src/output/host/bin/arm-buildroot-linux-uclibcgnueabihf-gcc -o conftest -D_LARGEFILE_SOURCE -D_LARGEFILE64_SOURCE -D_FILE_OFFSET_BITS=64  -Os  -D_LARGEFILE_SOURCE -D_LARGEFILE64_SOURCE -D_FILE_OFFSET_BITS=64  -lm conftest.c conftstm.o >&5
configure:6780: $? = 0
configure:6818: result: ok
configure:6865: checking for sysroot
configure:6895: result: no
configure:6902: checking for a working dd
configure:6940: result: /bin/dd
configure:6944: checking how to truncate binary pipes
configure:6959: result: /bin/dd bs=4096 count=1
configure:7248: checking for arm-buildroot-linux-uclibcgnueabihf-mt
configure:7278: result: no
configure:7288: checking for mt
configure:7304: found /bin/mt
configure:7315: result: mt
configure:7327: WARNING: using cross tools not prefixed with host triplet
configure:7338: checking if mt is a manifest tool
configure:7344: mt '-?'
configure:7352: result: no
configure:8026: checking for dlfcn.h
configure:8026: /usr/src/output/host/bin/arm-buildroot-linux-uclibcgnueabihf-gcc -c -D_LARGEFILE_SOURCE -D_LARGEFILE64_SOURCE -D_FILE_OFFSET_BITS=64  -Os  -D_LARGEFILE_SOURCE -D_LARGEFILE64_SOURCE -D_FILE_OFFSET_BITS=64 conftest.c >&5
configure:8026: $? = 0
configure:8026: result: yes
configure:8250: checking for objdir
configure:8265: result: .libs
configure:8525: checking if /usr/src/output/host/bin/arm-buildroot-linux-uclibcgnueabihf-gcc supports -fno-rtti -fno-exceptions
configure:8543: /usr/src/output/host/bin/arm-buildroot-linux-uclibcgnueabihf-gcc -c -D_LARGEFILE_SOURCE -D_LARGEFILE64_SOURCE -D_FILE_OFFSET_BITS=64  -Os  -D_LARGEFILE_SOURCE -D_LARGEFILE64_SOURCE -D_FILE_OFFSET_BITS=64 -fno-rtti -fno-exceptions conftest.c >&5
cc1: warning: command line option '-fno-rtti' is valid for C++/ObjC++ but not for C
configure:8547: $? = 0
configure:8560: result: no
configure:8918: checking for /usr/src/output/host/bin/arm-buildroot-linux-uclibcgnueabihf-gcc option to produce PIC
configure:8925: result: -fPIC -DPIC
configure:8933: checking if /usr/src/output/host/bin/arm-buildroot-linux-uclibcgnueabihf-gcc PIC flag -fPIC -DPIC works
configure:8951: /usr/src/output/host/bin/arm-buildroot-linux-uclibcgnueabihf-gcc -c -D_LARGEFILE_SOURCE -D_LARGEFILE64_SOURCE -D_FILE_OFFSET_BITS=64  -Os  -D_LARGEFILE_SOURCE -D_LARGEFILE64_SOURCE -D_FILE_OFFSET_BITS=64 -fPIC -DPIC -DPIC conftest.c >&5
configure:8955: $? = 0
configure:8968: result: yes
configure:8997: checking if /usr/src/output/host/bin/arm-buildroot-linux-uclibcgnueabihf-gcc static flag -static works
configure:9025: result: yes
configure:9040: checking if /usr/src/output/host/bin/arm-buildroot-linux-uclibcgnueabihf-gcc supports -c -o file.o
configure:9061: /usr/src/output/host/bin/arm-buildroot-linux-uclibcgnueabihf-gcc -c -D_LARGEFILE_SOURCE -D_LARGEFILE64_SOURCE -D_FILE_OFFSET_BITS=64  -Os  -D_LARGEFILE_SOURCE -D_LARGEFILE64_SOURCE -D_FILE_OFFSET_BITS=64 -o out/conftest2.o conftest.c >&5
configure:9065: $? = 0
configure:9087: result: yes
configure:9095: checking if /usr/src/output/host/bin/arm-buildroot-linux-uclibcgnueabihf-gcc supports -c -o file.o
configure:9142: result: yes
configure:9175: checking whether the /usr/src/output/host/bin/arm-buildroot-linux-uclibcgnueabihf-gcc linker (/usr/src/output/host/bin/arm-buildroot-linux-uclibcgnueabihf-ld) supports shared libraries
configure:10434: result: yes
configure:10471: checking whether -lc should be explicitly linked in
configure:10479: /usr/src/output/host/bin/arm-buildroot-linux-uclibcgnueabihf-gcc -c -D_LARGEFILE_SOURCE -D_LARGEFILE64_SOURCE -D_FILE_OFFSET_BITS=64  -Os  -D_LARGEFILE_SOURCE -D_LARGEFILE64_SOURCE -D_FILE_OFFSET_BITS=64 conftest.c >&5
configure:10482: $? = 0
configure:10497: /usr/src/output/host/bin/arm-buildroot-linux-uclibcgnueabihf-gcc -shared  -fPIC -DPIC conftest.o  -v -Wl,-soname -Wl,conftest -o conftest 2\>\&1 \| /bin/grep  -lc  \>/dev/null 2\>\&1
configure:10500: $? = 0
configure:10514: result: no
configure:10674: checking dynamic linker characteristics
configure:11255: /usr/src/output/host/bin/arm-buildroot-linux-uclibcgnueabihf-gcc -o conftest -D_LARGEFILE_SOURCE -D_LARGEFILE64_SOURCE -D_FILE_OFFSET_BITS=64  -Os  -D_LARGEFILE_SOURCE -D_LARGEFILE64_SOURCE -D_FILE_OFFSET_BITS=64  -lm -Wl,-rpath -Wl,/foo conftest.c  >&5
configure:11255: $? = 0
configure:11492: result: GNU/Linux ld.so
configure:11614: checking how to hardcode library paths into programs
configure:11639: result: immediate
configure:11741: checking for shl_load
configure:11741: /usr/src/output/host/bin/arm-buildroot-linux-uclibcgnueabihf-gcc -o conftest -D_LARGEFILE_SOURCE -D_LARGEFILE64_SOURCE -D_FILE_OFFSET_BITS=64  -Os  -D_LARGEFILE_SOURCE -D_LARGEFILE64_SOURCE -D_FILE_OFFSET_BITS=64  -lm conftest.c  >&5
/tmp/cckJvKjk.o: In function `main':
conftest.c:(.text.startup+0x4): undefined reference to `shl_load'
collect2: error: ld returned 1 exit status
configure:11741: $? = 1
configure: failed program was:
| /* confdefs.h */
| #define PACKAGE_NAME "alsa-lib"
| #define PACKAGE_TARNAME "alsa-lib"
| #define PACKAGE_VERSION "1.1.5"
| #define PACKAGE_STRING "alsa-lib 1.1.5"
| #define PACKAGE_BUGREPORT ""
| #define PACKAGE_URL ""
| #define PACKAGE "alsa-lib"
| #define VERSION "1.1.5"
| #define STDC_HEADERS 1
| #define HAVE_SYS_TYPES_H 1
| #define HAVE_SYS_STAT_H 1
| #define HAVE_STDLIB_H 1
| #define HAVE_STRING_H 1
| #define HAVE_MEMORY_H 1
| #define HAVE_STRINGS_H 1
| #define HAVE_INTTYPES_H 1
| #define HAVE_STDINT_H 1
| #define HAVE_UNISTD_H 1
| #define __EXTENSIONS__ 1
| #define _ALL_SOURCE 1
| #define _GNU_SOURCE 1
| #define _POSIX_PTHREAD_SEMANTICS 1
| #define _TANDEM_SOURCE 1
| #define HAVE_DLFCN_H 1
| #define LT_OBJDIR ".libs/"
| /* end confdefs.h.  */
| /* Define shl_load to an innocuous variant, in case <limits.h> declares shl_load.
|    For example, HP-UX 11i <limits.h> declares gettimeofday.  */
| #define shl_load innocuous_shl_load
| 
| /* System header to define __stub macros and hopefully few prototypes,
|     which can conflict with char shl_load (); below.
|     Prefer <limits.h> to <assert.h> if __STDC__ is defined, since
|     <limits.h> exists even on freestanding compilers.  */
| 
| #ifdef __STDC__
| # include <limits.h>
| #else
| # include <assert.h>
| #endif
| 
| #undef shl_load
| 
| /* Override any GCC internal prototype to avoid an error.
|    Use char because int might match the return type of a GCC
|    builtin and then its argument prototype would still apply.  */
| #ifdef __cplusplus
| extern "C"
| #endif
| char shl_load ();
| /* The GNU C library defines this for functions which it implements
|     to always fail with ENOSYS.  Some functions are actually named
|     something starting with __ and the normal name is an alias.  */
| #if defined __stub_shl_load || defined __stub___shl_load
| choke me
| #endif
| 
| int
| main ()
| {
| return shl_load ();
|   ;
|   return 0;
| }
configure:11741: result: no
configure:11745: checking for shl_load in -ldld
configure:11770: /usr/src/output/host/bin/arm-buildroot-linux-uclibcgnueabihf-gcc -o conftest -D_LARGEFILE_SOURCE -D_LARGEFILE64_SOURCE -D_FILE_OFFSET_BITS=64  -Os  -D_LARGEFILE_SOURCE -D_LARGEFILE64_SOURCE -D_FILE_OFFSET_BITS=64  -lm conftest.c -ldld   >&5
/usr/src/output/host/lib/gcc/arm-buildroot-linux-uclibcgnueabihf/6.4.0/../../../../arm-buildroot-linux-uclibcgnueabihf/bin/ld: cannot find -ldld
collect2: error: ld returned 1 exit status
configure:11770: $? = 1
configure: failed program was:
| /* confdefs.h */
| #define PACKAGE_NAME "alsa-lib"
| #define PACKAGE_TARNAME "alsa-lib"
| #define PACKAGE_VERSION "1.1.5"
| #define PACKAGE_STRING "alsa-lib 1.1.5"
| #define PACKAGE_BUGREPORT ""
| #define PACKAGE_URL ""
| #define PACKAGE "alsa-lib"
| #define VERSION "1.1.5"
| #define STDC_HEADERS 1
| #define HAVE_SYS_TYPES_H 1
| #define HAVE_SYS_STAT_H 1
| #define HAVE_STDLIB_H 1
| #define HAVE_STRING_H 1
| #define HAVE_MEMORY_H 1
| #define HAVE_STRINGS_H 1
| #define HAVE_INTTYPES_H 1
| #define HAVE_STDINT_H 1
| #define HAVE_UNISTD_H 1
| #define __EXTENSIONS__ 1
| #define _ALL_SOURCE 1
| #define _GNU_SOURCE 1
| #define _POSIX_PTHREAD_SEMANTICS 1
| #define _TANDEM_SOURCE 1
| #define HAVE_DLFCN_H 1
| #define LT_OBJDIR ".libs/"
| /* end confdefs.h.  */
| 
| /* Override any GCC internal prototype to avoid an error.
|    Use char because int might match the return type of a GCC
|    builtin and then its argument prototype would still apply.  */
| #ifdef __cplusplus
| extern "C"
| #endif
| char shl_load ();
| int
| main ()
| {
| return shl_load ();
|   ;
|   return 0;
| }
configure:11779: result: no
configure:11784: checking for dlopen
configure:11784: /usr/src/output/host/bin/arm-buildroot-linux-uclibcgnueabihf-gcc -o conftest -D_LARGEFILE_SOURCE -D_LARGEFILE64_SOURCE -D_FILE_OFFSET_BITS=64  -Os  -D_LARGEFILE_SOURCE -D_LARGEFILE64_SOURCE -D_FILE_OFFSET_BITS=64  -lm conftest.c  >&5
configure:11784: $? = 0
configure:11784: result: yes
configure:11941: checking whether a program can dlopen itself
configure:12042: result: cross
configure:12187: checking whether stripping libraries is possible
configure:12192: result: yes
configure:12227: checking if libtool supports shared libraries
configure:12229: result: yes
configure:12232: checking whether to build shared libraries
configure:12257: result: yes
configure:12260: checking whether to build static libraries
configure:12264: result: no
configure:12310: checking if /usr/src/output/host/bin/arm-buildroot-linux-uclibcgnueabihf-gcc supports -Wl,--no-undefined flag
configure:12321: /usr/src/output/host/bin/arm-buildroot-linux-uclibcgnueabihf-gcc -o conftest -D_LARGEFILE_SOURCE -D_LARGEFILE64_SOURCE -D_FILE_OFFSET_BITS=64  -Os  -D_LARGEFILE_SOURCE -D_LARGEFILE64_SOURCE -D_FILE_OFFSET_BITS=64  -lm -Wl,--no-undefined conftest.c  >&5
configure:12321: $? = 0
configure:12332: result: yes
configure:12347: checking for ANSI C header files
configure:12451: result: yes
configure:12462: checking for an ANSI C-conforming const
configure:12528: /usr/src/output/host/bin/arm-buildroot-linux-uclibcgnueabihf-gcc -c -D_LARGEFILE_SOURCE -D_LARGEFILE64_SOURCE -D_FILE_OFFSET_BITS=64  -Os  -D_LARGEFILE_SOURCE -D_LARGEFILE64_SOURCE -D_FILE_OFFSET_BITS=64 conftest.c >&5
configure:12528: $? = 0
configure:12535: result: yes
configure:12543: checking for inline
configure:12559: /usr/src/output/host/bin/arm-buildroot-linux-uclibcgnueabihf-gcc -c -D_LARGEFILE_SOURCE -D_LARGEFILE64_SOURCE -D_FILE_OFFSET_BITS=64  -Os  -D_LARGEFILE_SOURCE -D_LARGEFILE64_SOURCE -D_FILE_OFFSET_BITS=64 conftest.c >&5
configure:12559: $? = 0
configure:12567: result: inline
configure:12585: checking whether time.h and sys/time.h may both be included
configure:12605: /usr/src/output/host/bin/arm-buildroot-linux-uclibcgnueabihf-gcc -c -D_LARGEFILE_SOURCE -D_LARGEFILE64_SOURCE -D_FILE_OFFSET_BITS=64  -Os  -D_LARGEFILE_SOURCE -D_LARGEFILE64_SOURCE -D_FILE_OFFSET_BITS=64 conftest.c >&5
configure:12605: $? = 0
configure:12612: result: yes
configure:12622: checking whether /usr/src/output/host/bin/arm-buildroot-linux-uclibcgnueabihf-gcc needs -traditional
In file included from conftest.c:30:0:
/usr/src/output/host/arm-buildroot-linux-uclibcgnueabihf/sysroot/usr/include/sgtty.h:21:2: warning: #warning useless header on uClibc [-Wcpp]
 #warning useless header on uClibc
  ^~~~~~~
configure:12656: result: no
configure:12665: checking for uselocale
configure:12665: /usr/src/output/host/bin/arm-buildroot-linux-uclibcgnueabihf-gcc -o conftest -D_LARGEFILE_SOURCE -D_LARGEFILE64_SOURCE -D_FILE_OFFSET_BITS=64  -Os  -D_LARGEFILE_SOURCE -D_LARGEFILE64_SOURCE -D_FILE_OFFSET_BITS=64  -lm conftest.c  >&5
/tmp/cclRBbZJ.o: In function `main':
conftest.c:(.text.startup+0x4): undefined reference to `uselocale'
collect2: error: ld returned 1 exit status
configure:12665: $? = 1
configure: failed program was:
| /* confdefs.h */
| #define PACKAGE_NAME "alsa-lib"
| #define PACKAGE_TARNAME "alsa-lib"
| #define PACKAGE_VERSION "1.1.5"
| #define PACKAGE_STRING "alsa-lib 1.1.5"
| #define PACKAGE_BUGREPORT ""
| #define PACKAGE_URL ""
| #define PACKAGE "alsa-lib"
| #define VERSION "1.1.5"
| #define STDC_HEADERS 1
| #define HAVE_SYS_TYPES_H 1
| #define HAVE_SYS_STAT_H 1
| #define HAVE_STDLIB_H 1
| #define HAVE_STRING_H 1
| #define HAVE_MEMORY_H 1
| #define HAVE_STRINGS_H 1
| #define HAVE_INTTYPES_H 1
| #define HAVE_STDINT_H 1
| #define HAVE_UNISTD_H 1
| #define __EXTENSIONS__ 1
| #define _ALL_SOURCE 1
| #define _GNU_SOURCE 1
| #define _POSIX_PTHREAD_SEMANTICS 1
| #define _TANDEM_SOURCE 1
| #define HAVE_DLFCN_H 1
| #define LT_OBJDIR ".libs/"
| #define STDC_HEADERS 1
| #define TIME_WITH_SYS_TIME 1
| /* end confdefs.h.  */
| /* Define uselocale to an innocuous variant, in case <limits.h> declares uselocale.
|    For example, HP-UX 11i <limits.h> declares gettimeofday.  */
| #define uselocale innocuous_uselocale
| 
| /* System header to define __stub macros and hopefully few prototypes,
|     which can conflict with char uselocale (); below.
|     Prefer <limits.h> to <assert.h> if __STDC__ is defined, since
|     <limits.h> exists even on freestanding compilers.  */
| 
| #ifdef __STDC__
| # include <limits.h>
| #else
| # include <assert.h>
| #endif
| 
| #undef uselocale
| 
| /* Override any GCC internal prototype to avoid an error.
|    Use char because int might match the return type of a GCC
|    builtin and then its argument prototype would still apply.  */
| #ifdef __cplusplus
| extern "C"
| #endif
| char uselocale ();
| /* The GNU C library defines this for functions which it implements
|     to always fail with ENOSYS.  Some functions are actually named
|     something starting with __ and the normal name is an alias.  */
| #if defined __stub_uselocale || defined __stub___uselocale
| choke me
| #endif
| 
| int
| main ()
| {
| return uselocale ();
|   ;
|   return 0;
| }
configure:12665: result: no
configure:12675: checking for fork
configure:12675: /usr/src/output/host/bin/arm-buildroot-linux-uclibcgnueabihf-gcc -o conftest -D_LARGEFILE_SOURCE -D_LARGEFILE64_SOURCE -D_FILE_OFFSET_BITS=64  -Os  -D_LARGEFILE_SOURCE -D_LARGEFILE64_SOURCE -D_FILE_OFFSET_BITS=64  -lm conftest.c  >&5
conftest.c:53:6: warning: conflicting types for built-in function 'fork'
 char fork ();
      ^~~~
configure:12675: $? = 0
configure:12675: result: yes
configure:12682: checking for library version
configure:12707: result: major 1 minor 1 subminor 5 extrastr  extraver 1000000
configure:12798: checking for versioned symbols
configure:12832: result: no
configure:12844: checking for symbolic-functions
configure:12863: result: no
configure:12875: checking for custom symbol prefixes
configure:12888: result: 
configure:12891: checking for debug
configure:12902: result: yes
configure:12913: checking for debug assert
configure:12929: result: no
configure:12934: checking for tmpdir
configure:12944: result: /tmp
configure:12952: checking for softfloat
configure:12970: result: no
configure:12979: checking for libdl
configure:12991: checking for dlsym in -ldl
configure:13016: /usr/src/output/host/bin/arm-buildroot-linux-uclibcgnueabihf-gcc -o conftest -D_LARGEFILE_SOURCE -D_LARGEFILE64_SOURCE -D_FILE_OFFSET_BITS=64  -Os  -D_LARGEFILE_SOURCE -D_LARGEFILE64_SOURCE -D_FILE_OFFSET_BITS=64  -lm conftest.c -ldl   >&5
configure:13016: $? = 0
configure:13025: result: yes
configure:13050: checking for pthread
configure:13061: checking for pthread_join in -lpthread
configure:13086: /usr/src/output/host/bin/arm-buildroot-linux-uclibcgnueabihf-gcc -o conftest -D_LARGEFILE_SOURCE -D_LARGEFILE64_SOURCE -D_FILE_OFFSET_BITS=64  -Os  -D_LARGEFILE_SOURCE -D_LARGEFILE64_SOURCE -D_FILE_OFFSET_BITS=64  -lm conftest.c -lpthread   >&5
configure:13086: $? = 0
configure:13095: result: yes
configure:13113: checking whether PTHREAD_MUTEX_RECURSIVE is declared
configure:13113: /usr/src/output/host/bin/arm-buildroot-linux-uclibcgnueabihf-gcc -c -D_LARGEFILE_SOURCE -D_LARGEFILE64_SOURCE -D_FILE_OFFSET_BITS=64  -Os  -D_LARGEFILE_SOURCE -D_LARGEFILE64_SOURCE -D_FILE_OFFSET_BITS=64 conftest.c >&5
configure:13113: $? = 0
configure:13113: result: yes
configure:13123: checking for __thread
configure:13138: /usr/src/output/host/bin/arm-buildroot-linux-uclibcgnueabihf-gcc -o conftest -D_LARGEFILE_SOURCE -D_LARGEFILE64_SOURCE -D_FILE_OFFSET_BITS=64  -Os  -D_LARGEFILE_SOURCE -D_LARGEFILE64_SOURCE -D_FILE_OFFSET_BITS=64  -lm conftest.c  >&5
configure:13138: $? = 0
configure:13142: result: yes
configure:13151: checking for librt
configure:13162: checking for clock_gettime in -lrt
configure:13187: /usr/src/output/host/bin/arm-buildroot-linux-uclibcgnueabihf-gcc -o conftest -D_LARGEFILE_SOURCE -D_LARGEFILE64_SOURCE -D_FILE_OFFSET_BITS=64  -Os  -D_LARGEFILE_SOURCE -D_LARGEFILE64_SOURCE -D_FILE_OFFSET_BITS=64  -lm conftest.c -lrt   >&5
configure:13187: $? = 0
configure:13196: result: yes
configure:13218: checking for use of wordexp
configure:13244: result: no
configure:13251: checking endian.h usability
configure:13251: /usr/src/output/host/bin/arm-buildroot-linux-uclibcgnueabihf-gcc -c -D_LARGEFILE_SOURCE -D_LARGEFILE64_SOURCE -D_FILE_OFFSET_BITS=64  -Os  -D_LARGEFILE_SOURCE -D_LARGEFILE64_SOURCE -D_FILE_OFFSET_BITS=64 conftest.c >&5
configure:13251: $? = 0
configure:13251: result: yes
configure:13251: checking endian.h presence
configure:13251: /usr/src/output/host/bin/arm-buildroot-linux-uclibcgnueabihf-cpp -D_LARGEFILE_SOURCE -D_LARGEFILE64_SOURCE -D_FILE_OFFSET_BITS=64 conftest.c
configure:13251: $? = 0
configure:13251: result: yes
configure:13251: checking for endian.h
configure:13251: result: yes
configure:13251: checking sys/endian.h usability
configure:13251: /usr/src/output/host/bin/arm-buildroot-linux-uclibcgnueabihf-gcc -c -D_LARGEFILE_SOURCE -D_LARGEFILE64_SOURCE -D_FILE_OFFSET_BITS=64  -Os  -D_LARGEFILE_SOURCE -D_LARGEFILE64_SOURCE -D_FILE_OFFSET_BITS=64 conftest.c >&5
conftest.c:76:24: fatal error: sys/endian.h: No such file or directory
 #include <sys/endian.h>
                        ^
compilation terminated.
configure:13251: $? = 1
configure: failed program was:
| /* confdefs.h */
| #define PACKAGE_NAME "alsa-lib"
| #define PACKAGE_TARNAME "alsa-lib"
| #define PACKAGE_VERSION "1.1.5"
| #define PACKAGE_STRING "alsa-lib 1.1.5"
| #define PACKAGE_BUGREPORT ""
| #define PACKAGE_URL ""
| #define PACKAGE "alsa-lib"
| #define VERSION "1.1.5"
| #define STDC_HEADERS 1
| #define HAVE_SYS_TYPES_H 1
| #define HAVE_SYS_STAT_H 1
| #define HAVE_STDLIB_H 1
| #define HAVE_STRING_H 1
| #define HAVE_MEMORY_H 1
| #define HAVE_STRINGS_H 1
| #define HAVE_INTTYPES_H 1
| #define HAVE_STDINT_H 1
| #define HAVE_UNISTD_H 1
| #define __EXTENSIONS__ 1
| #define _ALL_SOURCE 1
| #define _GNU_SOURCE 1
| #define _POSIX_PTHREAD_SEMANTICS 1
| #define _TANDEM_SOURCE 1
| #define HAVE_DLFCN_H 1
| #define LT_OBJDIR ".libs/"
| #define STDC_HEADERS 1
| #define TIME_WITH_SYS_TIME 1
| #define VERSION "1.1.5"
| #define ALSA_CONFIG_DIR "/usr/share/alsa"
| #define ALSA_PLUGIN_DIR "/usr/lib/alsa-lib"
| #define ALSA_PKGCONF_DIR "/usr/lib/pkgconfig"
| #define __SYMBOL_PREFIX ""
| #define TMPDIR "/tmp"
| #define HAVE_LIBDL 1
| #define HAVE_LIBPTHREAD 1
| #define HAVE_PTHREAD_MUTEX_RECURSIVE /**/
| #define HAVE___THREAD 1
| #define HAVE_LIBRT 1
| #define HAVE_CLOCK_GETTIME 1
| #define HAVE_ENDIAN_H 1
| /* end confdefs.h.  */
| #include <stdio.h>
| #ifdef HAVE_SYS_TYPES_H
| # include <sys/types.h>
| #endif
| #ifdef HAVE_SYS_STAT_H
| # include <sys/stat.h>
| #endif
| #ifdef STDC_HEADERS
| # include <stdlib.h>
| # include <stddef.h>
| #else
| # ifdef HAVE_STDLIB_H
| #  include <stdlib.h>
| # endif
| #endif
| #ifdef HAVE_STRING_H
| # if !defined STDC_HEADERS && defined HAVE_MEMORY_H
| #  include <memory.h>
| # endif
| # include <string.h>
| #endif
| #ifdef HAVE_STRINGS_H
| # include <strings.h>
| #endif
| #ifdef HAVE_INTTYPES_H
| # include <inttypes.h>
| #endif
| #ifdef HAVE_STDINT_H
| # include <stdint.h>
| #endif
| #ifdef HAVE_UNISTD_H
| # include <unistd.h>
| #endif
| #include <sys/endian.h>
configure:13251: result: no
configure:13251: checking sys/endian.h presence
configure:13251: /usr/src/output/host/bin/arm-buildroot-linux-uclibcgnueabihf-cpp -D_LARGEFILE_SOURCE -D_LARGEFILE64_SOURCE -D_FILE_OFFSET_BITS=64 conftest.c
conftest.c:43:24: fatal error: sys/endian.h: No such file or directory
 #include <sys/endian.h>
                        ^
compilation terminated.
configure:13251: $? = 1
configure: failed program was:
| /* confdefs.h */
| #define PACKAGE_NAME "alsa-lib"
| #define PACKAGE_TARNAME "alsa-lib"
| #define PACKAGE_VERSION "1.1.5"
| #define PACKAGE_STRING "alsa-lib 1.1.5"
| #define PACKAGE_BUGREPORT ""
| #define PACKAGE_URL ""
| #define PACKAGE "alsa-lib"
| #define VERSION "1.1.5"
| #define STDC_HEADERS 1
| #define HAVE_SYS_TYPES_H 1
| #define HAVE_SYS_STAT_H 1
| #define HAVE_STDLIB_H 1
| #define HAVE_STRING_H 1
| #define HAVE_MEMORY_H 1
| #define HAVE_STRINGS_H 1
| #define HAVE_INTTYPES_H 1
| #define HAVE_STDINT_H 1
| #define HAVE_UNISTD_H 1
| #define __EXTENSIONS__ 1
| #define _ALL_SOURCE 1
| #define _GNU_SOURCE 1
| #define _POSIX_PTHREAD_SEMANTICS 1
| #define _TANDEM_SOURCE 1
| #define HAVE_DLFCN_H 1
| #define LT_OBJDIR ".libs/"
| #define STDC_HEADERS 1
| #define TIME_WITH_SYS_TIME 1
| #define VERSION "1.1.5"
| #define ALSA_CONFIG_DIR "/usr/share/alsa"
| #define ALSA_PLUGIN_DIR "/usr/lib/alsa-lib"
| #define ALSA_PKGCONF_DIR "/usr/lib/pkgconfig"
| #define __SYMBOL_PREFIX ""
| #define TMPDIR "/tmp"
| #define HAVE_LIBDL 1
| #define HAVE_LIBPTHREAD 1
| #define HAVE_PTHREAD_MUTEX_RECURSIVE /**/
| #define HAVE___THREAD 1
| #define HAVE_LIBRT 1
| #define HAVE_CLOCK_GETTIME 1
| #define HAVE_ENDIAN_H 1
| /* end confdefs.h.  */
| #include <sys/endian.h>
configure:13251: result: no
configure:13251: checking for sys/endian.h
configure:13251: result: no
configure:13251: checking sys/shm.h usability
configure:13251: /usr/src/output/host/bin/arm-buildroot-linux-uclibcgnueabihf-gcc -c -D_LARGEFILE_SOURCE -D_LARGEFILE64_SOURCE -D_FILE_OFFSET_BITS=64  -Os  -D_LARGEFILE_SOURCE -D_LARGEFILE64_SOURCE -D_FILE_OFFSET_BITS=64 conftest.c >&5
configure:13251: $? = 0
configure:13251: result: yes
configure:13251: checking sys/shm.h presence
configure:13251: /usr/src/output/host/bin/arm-buildroot-linux-uclibcgnueabihf-cpp -D_LARGEFILE_SOURCE -D_LARGEFILE64_SOURCE -D_FILE_OFFSET_BITS=64 conftest.c
configure:13251: $? = 0
configure:13251: result: yes
configure:13251: checking for sys/shm.h
configure:13251: result: yes
configure:13262: checking for resmgr support
configure:13271: result: no
configure:13326: checking for aload* support
configure:13335: result: yes
configure:13343: checking for ALSA device file directory
configure:13361: result: /dev/snd/
configure:13364: checking for aload* device file directory
configure:13382: result: /dev/
configure:13621: checking whether GCC supports builtin atomic intrinsics
configure:13639: /usr/src/output/host/bin/arm-buildroot-linux-uclibcgnueabihf-gcc -o conftest -D_LARGEFILE_SOURCE -D_LARGEFILE64_SOURCE -D_FILE_OFFSET_BITS=64  -Os  -D_LARGEFILE_SOURCE -D_LARGEFILE64_SOURCE -D_FILE_OFFSET_BITS=64  -lm conftest.c  >&5
configure:13639: $? = 0
configure:13647: result: yes
configure:14037: checking for max number of cards
configure:14047: result: 32
configure:14062: checking for thread-safe API functions
configure:14072: result: yes
configure:14200: checking that generated files are newer than configure
configure:14206: result: done
configure:14413: creating ./config.status

## ---------------------- ##
## Running config.status. ##
## ---------------------- ##

This file was extended by alsa-lib config.status 1.1.5, which was
generated by GNU Autoconf 2.69.  Invocation command line was

  CONFIG_FILES    = 
  CONFIG_HEADERS  = 
  CONFIG_LINKS    = 
  CONFIG_COMMANDS = 
  $ ./config.status 

on c37c58f94407

config.status:1281: creating Makefile
config.status:1281: creating doc/Makefile
config.status:1281: creating doc/pictures/Makefile
config.status:1281: creating doc/doxygen.cfg
config.status:1281: creating include/Makefile
config.status:1281: creating include/sound/Makefile
config.status:1281: creating src/Versions
config.status:1281: creating src/Makefile
config.status:1281: creating src/control/Makefile
config.status:1281: creating src/mixer/Makefile
config.status:1281: creating src/pcm/Makefile
config.status:1281: creating src/pcm/scopes/Makefile
config.status:1281: creating src/rawmidi/Makefile
config.status:1281: creating src/timer/Makefile
config.status:1281: creating src/hwdep/Makefile
config.status:1281: creating src/seq/Makefile
config.status:1281: creating src/ucm/Makefile
config.status:1281: creating src/alisp/Makefile
config.status:1281: creating src/topology/Makefile
config.status:1281: creating src/conf/Makefile
config.status:1281: creating src/conf/alsa.conf.d/Makefile
config.status:1281: creating src/conf/cards/Makefile
config.status:1281: creating src/conf/pcm/Makefile
config.status:1281: creating src/conf/ucm/Makefile
config.status:1281: creating src/conf/ucm/DAISY-I2S/Makefile
config.status:1281: creating src/conf/ucm/PandaBoard/Makefile
config.status:1281: creating src/conf/ucm/PandaBoardES/Makefile
config.status:1281: creating src/conf/ucm/SDP4430/Makefile
config.status:1281: creating src/conf/ucm/tegraalc5632/Makefile
config.status:1281: creating src/conf/ucm/PAZ00/Makefile
config.status:1281: creating src/conf/ucm/GoogleNyan/Makefile
config.status:1281: creating src/conf/ucm/broadwell-rt286/Makefile
config.status:1281: creating src/conf/ucm/skylake-rt286/Makefile
config.status:1281: creating src/conf/ucm/VEYRON-I2S/Makefile
config.status:1281: creating src/conf/ucm/chtrt5645/Makefile
config.status:1281: creating src/conf/ucm/DB410c/Makefile
config.status:1281: creating src/conf/ucm/bytcr-rt5651/Makefile
config.status:1281: creating src/conf/topology/Makefile
config.status:1281: creating src/conf/topology/broadwell/Makefile
config.status:1281: creating modules/Makefile
config.status:1281: creating modules/mixer/Makefile
config.status:1281: creating modules/mixer/simple/Makefile
config.status:1281: creating src/conf/topology/sklrt286/Makefile
config.status:1281: creating src/conf/topology/bxtrt298/Makefile
config.status:1281: creating alsalisp/Makefile
config.status:1281: creating aserver/Makefile
config.status:1281: creating test/Makefile
config.status:1281: creating test/lsb/Makefile
config.status:1281: creating src/conf/ucm/broxton-rt298/Makefile
config.status:1281: creating utils/Makefile
config.status:1281: creating utils/alsa-lib.spec
config.status:1281: creating utils/alsa.pc
config.status:1281: creating include/config.h
config.status:1510: executing depfiles commands
config.status:1510: executing libtool commands
configure:16603: WARNING: unrecognized options: --disable-gtk-doc, --disable-gtk-doc-html, --disable-doc, --disable-docs, --disable-documentation, --with-xmlto, --with-fop, --enable-ipv6, --disable-nls

## ---------------- ##
## Cache variables. ##
## ---------------- ##

ac_cv_build=x86_64-pc-linux-gnu
ac_cv_c_bigendian=no
ac_cv_c_compiler_gnu=yes
ac_cv_c_const=yes
ac_cv_c_inline=inline
ac_cv_env_CC_set=set
ac_cv_env_CC_value=/usr/src/output/host/bin/arm-buildroot-linux-uclibcgnueabihf-gcc
ac_cv_env_CFLAGS_set=set
ac_cv_env_CFLAGS_value='-D_LARGEFILE_SOURCE -D_LARGEFILE64_SOURCE -D_FILE_OFFSET_BITS=64  -Os '
ac_cv_env_CPPFLAGS_set=set
ac_cv_env_CPPFLAGS_value='-D_LARGEFILE_SOURCE -D_LARGEFILE64_SOURCE -D_FILE_OFFSET_BITS=64'
ac_cv_env_CPP_set=set
ac_cv_env_CPP_value=/usr/src/output/host/bin/arm-buildroot-linux-uclibcgnueabihf-cpp
ac_cv_env_LDFLAGS_set=set
ac_cv_env_LDFLAGS_value=' -lm'
ac_cv_env_LIBS_set=
ac_cv_env_LIBS_value=
ac_cv_env_LT_SYS_LIBRARY_PATH_set=
ac_cv_env_LT_SYS_LIBRARY_PATH_value=
ac_cv_env_build_alias_set=set
ac_cv_env_build_alias_value=x86_64-pc-linux-gnu
ac_cv_env_host_alias_set=set
ac_cv_env_host_alias_value=arm-buildroot-linux-uclibcgnueabihf
ac_cv_env_target_alias_set=set
ac_cv_env_target_alias_value=arm-buildroot-linux-uclibcgnueabihf
ac_cv_func_calloc_0_nonnull=yes
ac_cv_func_dlopen=yes
ac_cv_func_fork=yes
ac_cv_func_malloc_0_nonnull=yes
ac_cv_func_memcmp_working=yes
ac_cv_func_mmap_fixed_mapped=yes
ac_cv_func_realloc_0_nonnull=yes
ac_cv_func_shl_load=no
ac_cv_func_uselocale=no
ac_cv_have_decl_PTHREAD_MUTEX_RECURSIVE=yes
ac_cv_have_decl_malloc=yes
ac_cv_header_dlfcn_h=yes
ac_cv_header_endian_h=yes
ac_cv_header_inttypes_h=yes
ac_cv_header_memory_h=yes
ac_cv_header_minix_config_h=no
ac_cv_header_stdc=yes
ac_cv_header_stdint_h=yes
ac_cv_header_stdlib_h=yes
ac_cv_header_string_h=yes
ac_cv_header_strings_h=yes
ac_cv_header_sys_endian_h=no
ac_cv_header_sys_shm_h=yes
ac_cv_header_sys_stat_h=yes
ac_cv_header_sys_types_h=yes
ac_cv_header_time=yes
ac_cv_header_unistd_h=yes
ac_cv_host=arm-buildroot-linux-uclibcgnueabihf
ac_cv_lbl_unaligned_fail=yes
ac_cv_lib_dl_dlsym=yes
ac_cv_lib_dld_shl_load=no
ac_cv_lib_pthread_pthread_join=yes
ac_cv_lib_rt_clock_gettime=yes
ac_cv_objext=o
ac_cv_path_EGREP='/bin/grep -E'
ac_cv_path_FGREP='/bin/grep -F'
ac_cv_path_GREP=/bin/grep
ac_cv_path_SED=/bin/sed
ac_cv_path_install='/usr/bin/install -c'
ac_cv_path_lt_DD=/bin/dd
ac_cv_path_mkdir=/bin/mkdir
ac_cv_prog_AR=/usr/src/output/host/bin/arm-buildroot-linux-uclibcgnueabihf-ar
ac_cv_prog_AWK=mawk
ac_cv_prog_CC=/usr/src/output/host/bin/arm-buildroot-linux-uclibcgnueabihf-gcc
ac_cv_prog_CPP=/usr/src/output/host/bin/arm-buildroot-linux-uclibcgnueabihf-cpp
ac_cv_prog_OBJDUMP=/usr/src/output/host/bin/arm-buildroot-linux-uclibcgnueabihf-objdump
ac_cv_prog_RANLIB=/usr/src/output/host/bin/arm-buildroot-linux-uclibcgnueabihf-ranlib
ac_cv_prog_STRIP=/usr/src/output/host/bin/arm-buildroot-linux-uclibcgnueabihf-strip
ac_cv_prog_ac_ct_MANIFEST_TOOL=mt
ac_cv_prog_cc_c89=
ac_cv_prog_cc_g=yes
ac_cv_prog_gcc_traditional=no
ac_cv_prog_make_make_set=yes
ac_cv_safe_to_define___extensions__=yes
am_cv_CC_dependencies_compiler_type=none
am_cv_make_support_nested_variables=yes
am_cv_prog_cc_c_o=yes
cc_cv_ldflags__Wl___no_undefined=yes
gl_cv_func_malloc_0_nonnull=yes
lt_cv_ar_at_file=@
lt_cv_archive_cmds_need_lc=no
lt_cv_deplibs_check_method=pass_all
lt_cv_dlopen=dlopen
lt_cv_dlopen_libs=
lt_cv_dlopen_self=cross
lt_cv_file_magic_cmd='$MAGIC_CMD'
lt_cv_file_magic_test_file=
lt_cv_ld_reload_flag=-r
lt_cv_nm_interface='BSD nm'
lt_cv_objdir=.libs
lt_cv_path_LD=/usr/src/output/host/bin/arm-buildroot-linux-uclibcgnueabihf-ld
lt_cv_path_NM=/usr/src/output/host/bin/arm-buildroot-linux-uclibcgnueabihf-nm
lt_cv_path_mainfest_tool=no
lt_cv_prog_compiler_c_o=yes
lt_cv_prog_compiler_pic='-fPIC -DPIC'
lt_cv_prog_compiler_pic_works=yes
lt_cv_prog_compiler_rtti_exceptions=no
lt_cv_prog_compiler_static_works=yes
lt_cv_prog_gnu_ld=yes
lt_cv_sharedlib_from_linklib_cmd='printf %s\n'
lt_cv_shlibpath_overrides_runpath=no
lt_cv_sys_global_symbol_pipe='sed -n -e '\''s/^.*[	 ]\([ABCDGIRSTW][ABCDGIRSTW]*\)[	 ][	 ]*\([_A-Za-z][_A-Za-z0-9]*\)$/\1 \2 \2/p'\'' | sed '\''/ __gnu_lto/d'\'''
lt_cv_sys_global_symbol_to_c_name_address='sed -n -e '\''s/^: \(.*\) .*$/  {"\1", (void *) 0},/p'\'' -e '\''s/^[ABCDGIRSTW][ABCDGIRSTW]* .* \(.*\)$/  {"\1", (void *) \&\1},/p'\'''
lt_cv_sys_global_symbol_to_c_name_address_lib_prefix='sed -n -e '\''s/^: \(.*\) .*$/  {"\1", (void *) 0},/p'\'' -e '\''s/^[ABCDGIRSTW][ABCDGIRSTW]* .* \(lib.*\)$/  {"\1", (void *) \&\1},/p'\'' -e '\''s/^[ABCDGIRSTW][ABCDGIRSTW]* .* \(.*\)$/  {"lib\1", (void *) \&\1},/p'\'''
lt_cv_sys_global_symbol_to_cdecl='sed -n -e '\''s/^T .* \(.*\)$/extern int \1();/p'\'' -e '\''s/^[ABCDGIRSTW][ABCDGIRSTW]* .* \(.*\)$/extern char \1;/p'\'''
lt_cv_sys_global_symbol_to_import=
lt_cv_sys_lib_search_path_spec=
lt_cv_sys_max_cmd_len=1572864
lt_cv_to_host_file_cmd=func_convert_file_noop
lt_cv_to_tool_file_cmd=func_convert_file_noop
lt_cv_truncate_bin='/bin/dd bs=4096 count=1'

## ----------------- ##
## Output variables. ##
## ----------------- ##

ACLOCAL='${SHELL} /usr/src/output/build/alsa-lib-1.1.5/missing aclocal-1.15'
ALSA_CONFIG_DIR='/usr/share/alsa'
ALSA_DEPLIBS='-lm -ldl -lpthread -lrt'
ALSA_PKGCONF_DIR='/usr/lib/pkgconfig'
ALSA_PLUGIN_DIR='/usr/lib/alsa-lib'
AMDEPBACKSLASH=''
AMDEP_FALSE=''
AMDEP_TRUE='#'
AMTAR='$${TAR-tar}'
AM_BACKSLASH='\'
AM_DEFAULT_V='$(AM_DEFAULT_VERBOSITY)'
AM_DEFAULT_VERBOSITY='0'
AM_V='$(V)'
AR='/usr/src/output/host/bin/arm-buildroot-linux-uclibcgnueabihf-ar'
AUTOCONF='${SHELL} /usr/src/output/build/alsa-lib-1.1.5/missing autoconf'
AUTOHEADER='${SHELL} /usr/src/output/build/alsa-lib-1.1.5/missing autoheader'
AUTOMAKE='${SHELL} /usr/src/output/build/alsa-lib-1.1.5/missing automake-1.15'
AWK='mawk'
BUILD_ALISP_FALSE='#'
BUILD_ALISP_TRUE=''
BUILD_CTL_PLUGIN_EXT_FALSE='#'
BUILD_CTL_PLUGIN_EXT_TRUE=''
BUILD_CTL_PLUGIN_FALSE='#'
BUILD_CTL_PLUGIN_SHM_FALSE='#'
BUILD_CTL_PLUGIN_SHM_TRUE=''
BUILD_CTL_PLUGIN_TRUE=''
BUILD_HWDEP_FALSE='#'
BUILD_HWDEP_TRUE=''
BUILD_MIXER_FALSE='#'
BUILD_MIXER_TRUE=''
BUILD_MODULES_FALSE='#'
BUILD_MODULES_TRUE=''
BUILD_PCM_FALSE='#'
BUILD_PCM_PLUGIN_ADPCM_FALSE='#'
BUILD_PCM_PLUGIN_ADPCM_TRUE=''
BUILD_PCM_PLUGIN_ALAW_FALSE='#'
BUILD_PCM_PLUGIN_ALAW_TRUE=''
BUILD_PCM_PLUGIN_ASYM_FALSE='#'
BUILD_PCM_PLUGIN_ASYM_TRUE=''
BUILD_PCM_PLUGIN_COPY_FALSE='#'
BUILD_PCM_PLUGIN_COPY_TRUE=''
BUILD_PCM_PLUGIN_DMIX_FALSE='#'
BUILD_PCM_PLUGIN_DMIX_TRUE=''
BUILD_PCM_PLUGIN_DSHARE_FALSE='#'
BUILD_PCM_PLUGIN_DSHARE_TRUE=''
BUILD_PCM_PLUGIN_DSNOOP_FALSE='#'
BUILD_PCM_PLUGIN_DSNOOP_TRUE=''
BUILD_PCM_PLUGIN_EMPTY_FALSE='#'
BUILD_PCM_PLUGIN_EMPTY_TRUE=''
BUILD_PCM_PLUGIN_EXTPLUG_FALSE='#'
BUILD_PCM_PLUGIN_EXTPLUG_TRUE=''
BUILD_PCM_PLUGIN_FALSE='#'
BUILD_PCM_PLUGIN_FILE_FALSE='#'
BUILD_PCM_PLUGIN_FILE_TRUE=''
BUILD_PCM_PLUGIN_HOOKS_FALSE='#'
BUILD_PCM_PLUGIN_HOOKS_TRUE=''
BUILD_PCM_PLUGIN_IEC958_FALSE='#'
BUILD_PCM_PLUGIN_IEC958_TRUE=''
BUILD_PCM_PLUGIN_IOPLUG_FALSE='#'
BUILD_PCM_PLUGIN_IOPLUG_TRUE=''
BUILD_PCM_PLUGIN_LADSPA_FALSE='#'
BUILD_PCM_PLUGIN_LADSPA_TRUE=''
BUILD_PCM_PLUGIN_LFLOAT_FALSE='#'
BUILD_PCM_PLUGIN_LFLOAT_TRUE=''
BUILD_PCM_PLUGIN_LINEAR_FALSE='#'
BUILD_PCM_PLUGIN_LINEAR_TRUE=''
BUILD_PCM_PLUGIN_METER_FALSE='#'
BUILD_PCM_PLUGIN_METER_TRUE=''
BUILD_PCM_PLUGIN_MMAP_EMUL_FALSE='#'
BUILD_PCM_PLUGIN_MMAP_EMUL_TRUE=''
BUILD_PCM_PLUGIN_MULAW_FALSE='#'
BUILD_PCM_PLUGIN_MULAW_TRUE=''
BUILD_PCM_PLUGIN_MULTI_FALSE='#'
BUILD_PCM_PLUGIN_MULTI_TRUE=''
BUILD_PCM_PLUGIN_NULL_FALSE='#'
BUILD_PCM_PLUGIN_NULL_TRUE=''
BUILD_PCM_PLUGIN_PLUG_FALSE='#'
BUILD_PCM_PLUGIN_PLUG_TRUE=''
BUILD_PCM_PLUGIN_RATE_FALSE='#'
BUILD_PCM_PLUGIN_RATE_TRUE=''
BUILD_PCM_PLUGIN_ROUTE_FALSE='#'
BUILD_PCM_PLUGIN_ROUTE_TRUE=''
BUILD_PCM_PLUGIN_SHARE_FALSE='#'
BUILD_PCM_PLUGIN_SHARE_TRUE=''
BUILD_PCM_PLUGIN_SHM_FALSE='#'
BUILD_PCM_PLUGIN_SHM_TRUE=''
BUILD_PCM_PLUGIN_SOFTVOL_FALSE='#'
BUILD_PCM_PLUGIN_SOFTVOL_TRUE=''
BUILD_PCM_PLUGIN_TRUE=''
BUILD_PCM_TRUE=''
BUILD_PYTHON_FALSE=''
BUILD_PYTHON_TRUE='#'
BUILD_RAWMIDI_FALSE='#'
BUILD_RAWMIDI_TRUE=''
BUILD_SEQ_FALSE='#'
BUILD_SEQ_TRUE=''
BUILD_TOPOLOGY_FALSE='#'
BUILD_TOPOLOGY_TRUE=''
BUILD_UCM_FALSE='#'
BUILD_UCM_TRUE=''
CC='/usr/src/output/host/bin/arm-buildroot-linux-uclibcgnueabihf-gcc'
CCDEPMODE='depmode=none'
CFLAGS='-D_LARGEFILE_SOURCE -D_LARGEFILE64_SOURCE -D_FILE_OFFSET_BITS=64  -Os '
CPP='/usr/src/output/host/bin/arm-buildroot-linux-uclibcgnueabihf-cpp'
CPPFLAGS='-D_LARGEFILE_SOURCE -D_LARGEFILE64_SOURCE -D_FILE_OFFSET_BITS=64'
CYGPATH_W='echo'
DEFS='-DHAVE_CONFIG_H'
DEPDIR='.deps'
DLLTOOL='false'
DSYMUTIL=''
DUMPBIN=''
ECHO_C=''
ECHO_N='-n'
ECHO_T=''
EGREP='/bin/grep -E'
EXEEXT=''
FGREP='/bin/grep -F'
GREP='/bin/grep'
INSTALL_DATA='${INSTALL} -m 644'
INSTALL_M4_FALSE='#'
INSTALL_M4_TRUE=''
INSTALL_PROGRAM='${INSTALL}'
INSTALL_SCRIPT='${INSTALL}'
INSTALL_STRIP_PROGRAM='$(install_sh) -c -s'
KEEP_OLD_SYMBOLS_FALSE='#'
KEEP_OLD_SYMBOLS_TRUE=''
LD='/usr/src/output/host/bin/arm-buildroot-linux-uclibcgnueabihf-ld'
LDFLAGS=' -lm'
LDFLAGS_NOUNDEFINED='-Wl,--no-undefined'
LIBOBJS=''
LIBS=''
LIBTOOL='$(SHELL) $(top_builddir)/libtool'
LIBTOOL_VERSION_INFO='2:0:0'
LIPO=''
LN_S='ln -s'
LTLIBOBJS=''
LT_SYS_LIBRARY_PATH=''
MAINT=''
MAINTAINER_MODE_FALSE='#'
MAINTAINER_MODE_TRUE=''
MAKEINFO='${SHELL} /usr/src/output/build/alsa-lib-1.1.5/missing makeinfo'
MANIFEST_TOOL=':'
MKDIR_P='/bin/mkdir -p'
NM='/usr/src/output/host/bin/arm-buildroot-linux-uclibcgnueabihf-nm'
NMEDIT=''
OBJDUMP='/usr/src/output/host/bin/arm-buildroot-linux-uclibcgnueabihf-objdump'
OBJEXT='o'
OTOOL64=''
OTOOL=''
PACKAGE='alsa-lib'
PACKAGE_BUGREPORT=''
PACKAGE_NAME='alsa-lib'
PACKAGE_STRING='alsa-lib 1.1.5'
PACKAGE_TARNAME='alsa-lib'
PACKAGE_URL=''
PACKAGE_VERSION='1.1.5'
PATH_SEPARATOR=':'
PYTHON_INCLUDES=''
PYTHON_LIBS=''
RANLIB='/usr/src/output/host/bin/arm-buildroot-linux-uclibcgnueabihf-ranlib'
SED='/bin/sed'
SET_MAKE=''
SHELL='/bin/bash'
SND_LIB_EXTRAVER='1000000'
SND_LIB_MAJOR='1'
SND_LIB_MINOR='1'
SND_LIB_SUBMINOR='5'
SND_LIB_VERSION='1.1.5'
STRIP='/usr/src/output/host/bin/arm-buildroot-linux-uclibcgnueabihf-strip'
SYMBOLIC_FUNCTIONS_FALSE=''
SYMBOLIC_FUNCTIONS_TRUE='#'
SYMBOL_PREFIX=''
VERSION='1.1.5'
VERSIONED_SYMBOLS_FALSE=''
VERSIONED_SYMBOLS_TRUE='#'
ac_ct_AR=''
ac_ct_CC=''
ac_ct_DUMPBIN=''
am__EXEEXT_FALSE=''
am__EXEEXT_TRUE='#'
am__fastdepCC_FALSE=''
am__fastdepCC_TRUE='#'
am__include='include'
am__isrc=''
am__leading_dot='.'
am__nodep=''
am__quote=''
am__tar='$${TAR-tar} chof - "$$tardir"'
am__untar='$${TAR-tar} xf -'
bindir='${exec_prefix}/bin'
build='x86_64-pc-linux-gnu'
build_alias='x86_64-pc-linux-gnu'
build_cpu='x86_64'
build_os='linux-gnu'
build_vendor='pc'
datadir='${datarootdir}'
datarootdir='${prefix}/share'
docdir='${datarootdir}/doc/${PACKAGE_TARNAME}'
dvidir='${docdir}'
exec_prefix='/usr'
host='arm-buildroot-linux-uclibcgnueabihf'
host_alias='arm-buildroot-linux-uclibcgnueabihf'
host_cpu='arm'
host_os='linux-uclibcgnueabihf'
host_vendor='buildroot'
htmldir='${docdir}'
includedir='${prefix}/include'
infodir='${datarootdir}/info'
install_sh='${SHELL} /usr/src/output/build/alsa-lib-1.1.5/install-sh'
libdir='${exec_prefix}/lib'
libexecdir='${exec_prefix}/libexec'
localedir='${datarootdir}/locale'
localstatedir='/var'
mandir='${datarootdir}/man'
mkdir_p='$(MKDIR_P)'
oldincludedir='/usr/include'
pdfdir='${docdir}'
prefix='/usr'
program_transform_name='s&^&&'
psdir='${docdir}'
sbindir='${exec_prefix}/sbin'
sharedstatedir='${prefix}/com'
sysconfdir='/etc'
target_alias='arm-buildroot-linux-uclibcgnueabihf'

## ----------- ##
## confdefs.h. ##
## ----------- ##

/* confdefs.h */
#define PACKAGE_NAME "alsa-lib"
#define PACKAGE_TARNAME "alsa-lib"
#define PACKAGE_VERSION "1.1.5"
#define PACKAGE_STRING "alsa-lib 1.1.5"
#define PACKAGE_BUGREPORT ""
#define PACKAGE_URL ""
#define PACKAGE "alsa-lib"
#define VERSION "1.1.5"
#define STDC_HEADERS 1
#define HAVE_SYS_TYPES_H 1
#define HAVE_SYS_STAT_H 1
#define HAVE_STDLIB_H 1
#define HAVE_STRING_H 1
#define HAVE_MEMORY_H 1
#define HAVE_STRINGS_H 1
#define HAVE_INTTYPES_H 1
#define HAVE_STDINT_H 1
#define HAVE_UNISTD_H 1
#define __EXTENSIONS__ 1
#define _ALL_SOURCE 1
#define _GNU_SOURCE 1
#define _POSIX_PTHREAD_SEMANTICS 1
#define _TANDEM_SOURCE 1
#define HAVE_DLFCN_H 1
#define LT_OBJDIR ".libs/"
#define STDC_HEADERS 1
#define TIME_WITH_SYS_TIME 1
#define VERSION "1.1.5"
#define ALSA_CONFIG_DIR "/usr/share/alsa"
#define ALSA_PLUGIN_DIR "/usr/lib/alsa-lib"
#define ALSA_PKGCONF_DIR "/usr/lib/pkgconfig"
#define __SYMBOL_PREFIX ""
#define TMPDIR "/tmp"
#define HAVE_LIBDL 1
#define HAVE_LIBPTHREAD 1
#define HAVE_PTHREAD_MUTEX_RECURSIVE /**/
#define HAVE___THREAD 1
#define HAVE_LIBRT 1
#define HAVE_CLOCK_GETTIME 1
#define HAVE_ENDIAN_H 1
#define HAVE_SYS_SHM_H 1
#define SUPPORT_ALOAD "1"
#define ALSA_DEVICE_DIRECTORY "/dev/snd/"
#define ALOAD_DEVICE_DIRECTORY "/dev/"
#define BUILD_MIXER "1"
#define BUILD_PCM "1"
#define BUILD_RAWMIDI "1"
#define BUILD_HWDEP "1"
#define BUILD_SEQ "1"
#define BUILD_UCM "1"
#define BUILD_TOPOLOGY "1"
#define BUILD_PCM_PLUGIN_RATE "1"
#define BUILD_PCM_PLUGIN_ROUTE "1"
#define BUILD_PCM_PLUGIN_LFLOAT "1"
#define BUILD_PCM_PLUGIN_ADPCM "1"
#define BUILD_PCM_PLUGIN_MULAW "1"
#define BUILD_PCM_PLUGIN_ALAW "1"
#define BUILD_PCM_PLUGIN_MMAP_EMUL "1"
#define SND_MAX_CARDS 32
#define THREAD_SAFE_API "1"

configure: exit 0
